[2026-04-29T13:25:10.397+0000] {local_task_job_runner.py:123} INFO - ::group::Pre task execution logs
[2026-04-29T13:25:10.428+0000] {taskinstance.py:2614} INFO - Dependencies all met for dep_context=non-requeueable deps ti=<TaskInstance: medallion_retail_pipeline.bronze_layer.bronze_customer manual__2026-04-29T13:24:41.570421+00:00 [queued]>
[2026-04-29T13:25:10.440+0000] {taskinstance.py:2614} INFO - Dependencies all met for dep_context=requeueable deps ti=<TaskInstance: medallion_retail_pipeline.bronze_layer.bronze_customer manual__2026-04-29T13:24:41.570421+00:00 [queued]>
[2026-04-29T13:25:10.441+0000] {taskinstance.py:2867} INFO - Starting attempt 1 of 1
[2026-04-29T13:25:10.456+0000] {taskinstance.py:2890} INFO - Executing <Task(BashOperator): bronze_layer.bronze_customer> on 2026-04-29 13:24:41.570421+00:00
[2026-04-29T13:25:10.462+0000] {standard_task_runner.py:72} INFO - Started process 65 to run task
[2026-04-29T13:25:10.467+0000] {standard_task_runner.py:104} INFO - Running: ['***', 'tasks', 'run', 'medallion_retail_pipeline', 'bronze_layer.bronze_customer', 'manual__2026-04-29T13:24:41.570421+00:00', '--job-id', '6', '--raw', '--subdir', 'DAGS_FOLDER/medallion_retail_pipeline.py', '--cfg-path', '/tmp/tmp37i9vw0d']
[2026-04-29T13:25:10.472+0000] {standard_task_runner.py:105} INFO - Job 6: Subtask bronze_layer.bronze_customer
[2026-04-29T13:25:10.561+0000] {task_command.py:467} INFO - Running <TaskInstance: medallion_retail_pipeline.bronze_layer.bronze_customer manual__2026-04-29T13:24:41.570421+00:00 [running]> on host 20b20d764db8
[2026-04-29T13:25:10.672+0000] {taskinstance.py:3134} INFO - Exporting env vars: AIRFLOW_CTX_DAG_OWNER='***' AIRFLOW_CTX_DAG_ID='medallion_retail_pipeline' AIRFLOW_CTX_TASK_ID='bronze_layer.bronze_customer' AIRFLOW_CTX_EXECUTION_DATE='2026-04-29T13:24:41.570421+00:00' AIRFLOW_CTX_TRY_NUMBER='1' AIRFLOW_CTX_DAG_RUN_ID='manual__2026-04-29T13:24:41.570421+00:00'
[2026-04-29T13:25:10.676+0000] {taskinstance.py:732} INFO - ::endgroup::
[2026-04-29T13:25:10.708+0000] {subprocess.py:78} INFO - Tmp dir root location: /tmp
[2026-04-29T13:25:10.710+0000] {subprocess.py:88} INFO - Running command: ['/usr/bin/bash', '-c', "\n    docker exec spark-iceberg bash -c '\n      cd /home/iceberg/project &&\n      spark-submit         --packages com.microsoft.sqlserver:mssql-jdbc:12.6.3.jre11         src/jobs/run_bronze.py saleslt_customer\n    '\n    "]
[2026-04-29T13:25:10.723+0000] {subprocess.py:99} INFO - Output:
[2026-04-29T13:25:12.775+0000] {subprocess.py:106} INFO - :: loading settings :: url = jar:file:/opt/spark/jars/ivy-2.5.1.jar!/org/apache/ivy/core/settings/ivysettings.xml
[2026-04-29T13:25:12.862+0000] {subprocess.py:106} INFO - Ivy Default Cache set to: /root/.ivy2/cache
[2026-04-29T13:25:12.863+0000] {subprocess.py:106} INFO - The jars for the packages stored in: /root/.ivy2/jars
[2026-04-29T13:25:12.872+0000] {subprocess.py:106} INFO - com.microsoft.sqlserver#mssql-jdbc added as a dependency
[2026-04-29T13:25:12.874+0000] {subprocess.py:106} INFO - :: resolving dependencies :: org.apache.spark#spark-submit-parent-6d45c9de-7f1e-4d31-89bd-89bb6f8d51c5;1.0
[2026-04-29T13:25:12.875+0000] {subprocess.py:106} INFO - 	confs: [default]
[2026-04-29T13:25:13.018+0000] {subprocess.py:106} INFO - 	found com.microsoft.sqlserver#mssql-jdbc;12.6.3.jre11 in central
[2026-04-29T13:25:13.039+0000] {subprocess.py:106} INFO - :: resolution report :: resolve 161ms :: artifacts dl 6ms
[2026-04-29T13:25:13.041+0000] {subprocess.py:106} INFO - 	:: modules in use:
[2026-04-29T13:25:13.042+0000] {subprocess.py:106} INFO - 	com.microsoft.sqlserver#mssql-jdbc;12.6.3.jre11 from central in [default]
[2026-04-29T13:25:13.043+0000] {subprocess.py:106} INFO - 	---------------------------------------------------------------------
[2026-04-29T13:25:13.044+0000] {subprocess.py:106} INFO - 	|                  |            modules            ||   artifacts   |
[2026-04-29T13:25:13.045+0000] {subprocess.py:106} INFO - 	|       conf       | number| search|dwnlded|evicted|| number|dwnlded|
[2026-04-29T13:25:13.046+0000] {subprocess.py:106} INFO - 	---------------------------------------------------------------------
[2026-04-29T13:25:13.047+0000] {subprocess.py:106} INFO - 	|      default     |   1   |   0   |   0   |   0   ||   1   |   0   |
[2026-04-29T13:25:13.047+0000] {subprocess.py:106} INFO - 	---------------------------------------------------------------------
[2026-04-29T13:25:13.048+0000] {subprocess.py:106} INFO - :: retrieving :: org.apache.spark#spark-submit-parent-6d45c9de-7f1e-4d31-89bd-89bb6f8d51c5
[2026-04-29T13:25:13.049+0000] {subprocess.py:106} INFO - 	confs: [default]
[2026-04-29T13:25:13.053+0000] {subprocess.py:106} INFO - 	0 artifacts copied, 1 already retrieved (0kB/5ms)
[2026-04-29T13:25:13.511+0000] {subprocess.py:106} INFO - 26/04/29 13:25:13 WARN NativeCodeLoader: Unable to load native-hadoop library for your platform... using builtin-java classes where applicable
[2026-04-29T13:25:15.073+0000] {subprocess.py:106} INFO - 26/04/29 13:25:15 INFO SparkContext: Running Spark version 3.5.5
[2026-04-29T13:25:15.074+0000] {subprocess.py:106} INFO - 26/04/29 13:25:15 INFO SparkContext: OS info Linux, 6.6.87.2-microsoft-standard-WSL2, amd64
[2026-04-29T13:25:15.076+0000] {subprocess.py:106} INFO - 26/04/29 13:25:15 INFO SparkContext: Java version 17.0.14
[2026-04-29T13:25:15.112+0000] {subprocess.py:106} INFO - 26/04/29 13:25:15 INFO ResourceUtils: ==============================================================
[2026-04-29T13:25:15.113+0000] {subprocess.py:106} INFO - 26/04/29 13:25:15 INFO ResourceUtils: No custom resources configured for spark.driver.
[2026-04-29T13:25:15.114+0000] {subprocess.py:106} INFO - 26/04/29 13:25:15 INFO ResourceUtils: ==============================================================
[2026-04-29T13:25:15.115+0000] {subprocess.py:106} INFO - 26/04/29 13:25:15 INFO SparkContext: Submitted application: bronze-saleslt_customer
[2026-04-29T13:25:15.146+0000] {subprocess.py:106} INFO - 26/04/29 13:25:15 INFO ResourceProfile: Default ResourceProfile created, executor resources: Map(cores -> name: cores, amount: 1, script: , vendor: , memory -> name: memory, amount: 1024, script: , vendor: , offHeap -> name: offHeap, amount: 0, script: , vendor: ), task resources: Map(cpus -> name: cpus, amount: 1.0)
[2026-04-29T13:25:15.163+0000] {subprocess.py:106} INFO - 26/04/29 13:25:15 INFO ResourceProfile: Limiting resource is cpu
[2026-04-29T13:25:15.165+0000] {subprocess.py:106} INFO - 26/04/29 13:25:15 INFO ResourceProfileManager: Added ResourceProfile id: 0
[2026-04-29T13:25:15.226+0000] {subprocess.py:106} INFO - 26/04/29 13:25:15 INFO SecurityManager: Changing view acls to: root
[2026-04-29T13:25:15.227+0000] {subprocess.py:106} INFO - 26/04/29 13:25:15 INFO SecurityManager: Changing modify acls to: root
[2026-04-29T13:25:15.228+0000] {subprocess.py:106} INFO - 26/04/29 13:25:15 INFO SecurityManager: Changing view acls groups to:
[2026-04-29T13:25:15.229+0000] {subprocess.py:106} INFO - 26/04/29 13:25:15 INFO SecurityManager: Changing modify acls groups to:
[2026-04-29T13:25:15.230+0000] {subprocess.py:106} INFO - 26/04/29 13:25:15 INFO SecurityManager: SecurityManager: authentication disabled; ui acls disabled; users with view permissions: root; groups with view permissions: EMPTY; users with modify permissions: root; groups with modify permissions: EMPTY
[2026-04-29T13:25:15.534+0000] {subprocess.py:106} INFO - 26/04/29 13:25:15 INFO Utils: Successfully started service 'sparkDriver' on port 42987.
[2026-04-29T13:25:15.584+0000] {subprocess.py:106} INFO - 26/04/29 13:25:15 INFO SparkEnv: Registering MapOutputTracker
[2026-04-29T13:25:15.624+0000] {subprocess.py:106} INFO - 26/04/29 13:25:15 INFO SparkEnv: Registering BlockManagerMaster
[2026-04-29T13:25:15.641+0000] {subprocess.py:106} INFO - 26/04/29 13:25:15 INFO BlockManagerMasterEndpoint: Using org.apache.spark.storage.DefaultTopologyMapper for getting topology information
[2026-04-29T13:25:15.642+0000] {subprocess.py:106} INFO - 26/04/29 13:25:15 INFO BlockManagerMasterEndpoint: BlockManagerMasterEndpoint up
[2026-04-29T13:25:15.655+0000] {subprocess.py:106} INFO - 26/04/29 13:25:15 INFO SparkEnv: Registering BlockManagerMasterHeartbeat
[2026-04-29T13:25:15.687+0000] {subprocess.py:106} INFO - 26/04/29 13:25:15 INFO DiskBlockManager: Created local directory at /tmp/blockmgr-41162c3e-45ce-4249-a8f1-da49b1850b56
[2026-04-29T13:25:15.705+0000] {subprocess.py:106} INFO - 26/04/29 13:25:15 INFO MemoryStore: MemoryStore started with capacity 434.4 MiB
[2026-04-29T13:25:15.722+0000] {subprocess.py:106} INFO - 26/04/29 13:25:15 INFO SparkEnv: Registering OutputCommitCoordinator
[2026-04-29T13:25:15.844+0000] {subprocess.py:106} INFO - 26/04/29 13:25:15 INFO JettyUtils: Start Jetty 0.0.0.0:4040 for SparkUI
[2026-04-29T13:25:15.899+0000] {subprocess.py:106} INFO - 26/04/29 13:25:15 WARN Utils: Service 'SparkUI' could not bind on port 4040. Attempting port 4041.
[2026-04-29T13:25:15.909+0000] {subprocess.py:106} INFO - 26/04/29 13:25:15 INFO Utils: Successfully started service 'SparkUI' on port 4041.
[2026-04-29T13:25:15.949+0000] {subprocess.py:106} INFO - 26/04/29 13:25:15 INFO SparkContext: Added JAR file:///root/.ivy2/jars/com.microsoft.sqlserver_mssql-jdbc-12.6.3.jre11.jar at spark://e4e26910a088:42987/jars/com.microsoft.sqlserver_mssql-jdbc-12.6.3.jre11.jar with timestamp 1777469115053
[2026-04-29T13:25:15.953+0000] {subprocess.py:106} INFO - 26/04/29 13:25:15 INFO SparkContext: Added file file:///root/.ivy2/jars/com.microsoft.sqlserver_mssql-jdbc-12.6.3.jre11.jar at file:///root/.ivy2/jars/com.microsoft.sqlserver_mssql-jdbc-12.6.3.jre11.jar with timestamp 1777469115053
[2026-04-29T13:25:15.957+0000] {subprocess.py:106} INFO - 26/04/29 13:25:15 INFO Utils: Copying /root/.ivy2/jars/com.microsoft.sqlserver_mssql-jdbc-12.6.3.jre11.jar to /tmp/spark-406a2d21-6dca-4722-9c0b-4a3288d4727b/userFiles-c969bb58-c8fa-4227-be30-933ea10d31da/com.microsoft.sqlserver_mssql-jdbc-12.6.3.jre11.jar
[2026-04-29T13:25:16.043+0000] {subprocess.py:106} INFO - 26/04/29 13:25:16 INFO Executor: Starting executor ID driver on host e4e26910a088
[2026-04-29T13:25:16.044+0000] {subprocess.py:106} INFO - 26/04/29 13:25:16 INFO Executor: OS info Linux, 6.6.87.2-microsoft-standard-WSL2, amd64
[2026-04-29T13:25:16.045+0000] {subprocess.py:106} INFO - 26/04/29 13:25:16 INFO Executor: Java version 17.0.14
[2026-04-29T13:25:16.053+0000] {subprocess.py:106} INFO - 26/04/29 13:25:16 INFO Executor: Starting executor with user classpath (userClassPathFirst = false): ''
[2026-04-29T13:25:16.054+0000] {subprocess.py:106} INFO - 26/04/29 13:25:16 INFO Executor: Created or updated repl class loader org.apache.spark.util.MutableURLClassLoader@25d1cd9 for default.
[2026-04-29T13:25:16.075+0000] {subprocess.py:106} INFO - 26/04/29 13:25:16 INFO Executor: Fetching file:///root/.ivy2/jars/com.microsoft.sqlserver_mssql-jdbc-12.6.3.jre11.jar with timestamp 1777469115053
[2026-04-29T13:25:16.099+0000] {subprocess.py:106} INFO - 26/04/29 13:25:16 INFO Utils: /root/.ivy2/jars/com.microsoft.sqlserver_mssql-jdbc-12.6.3.jre11.jar has been previously copied to /tmp/spark-406a2d21-6dca-4722-9c0b-4a3288d4727b/userFiles-c969bb58-c8fa-4227-be30-933ea10d31da/com.microsoft.sqlserver_mssql-jdbc-12.6.3.jre11.jar
[2026-04-29T13:25:16.108+0000] {subprocess.py:106} INFO - 26/04/29 13:25:16 INFO Executor: Fetching spark://e4e26910a088:42987/jars/com.microsoft.sqlserver_mssql-jdbc-12.6.3.jre11.jar with timestamp 1777469115053
[2026-04-29T13:25:16.146+0000] {subprocess.py:106} INFO - 26/04/29 13:25:16 INFO TransportClientFactory: Successfully created connection to e4e26910a088/172.18.0.5:42987 after 26 ms (0 ms spent in bootstraps)
[2026-04-29T13:25:16.152+0000] {subprocess.py:106} INFO - 26/04/29 13:25:16 INFO Utils: Fetching spark://e4e26910a088:42987/jars/com.microsoft.sqlserver_mssql-jdbc-12.6.3.jre11.jar to /tmp/spark-406a2d21-6dca-4722-9c0b-4a3288d4727b/userFiles-c969bb58-c8fa-4227-be30-933ea10d31da/fetchFileTemp18411144661994764936.tmp
[2026-04-29T13:25:16.203+0000] {subprocess.py:106} INFO - 26/04/29 13:25:16 INFO Utils: /tmp/spark-406a2d21-6dca-4722-9c0b-4a3288d4727b/userFiles-c969bb58-c8fa-4227-be30-933ea10d31da/fetchFileTemp18411144661994764936.tmp has been previously copied to /tmp/spark-406a2d21-6dca-4722-9c0b-4a3288d4727b/userFiles-c969bb58-c8fa-4227-be30-933ea10d31da/com.microsoft.sqlserver_mssql-jdbc-12.6.3.jre11.jar
[2026-04-29T13:25:16.213+0000] {subprocess.py:106} INFO - 26/04/29 13:25:16 INFO Executor: Adding file:/tmp/spark-406a2d21-6dca-4722-9c0b-4a3288d4727b/userFiles-c969bb58-c8fa-4227-be30-933ea10d31da/com.microsoft.sqlserver_mssql-jdbc-12.6.3.jre11.jar to class loader default
[2026-04-29T13:25:16.226+0000] {subprocess.py:106} INFO - 26/04/29 13:25:16 INFO Utils: Successfully started service 'org.apache.spark.network.netty.NettyBlockTransferService' on port 41603.
[2026-04-29T13:25:16.227+0000] {subprocess.py:106} INFO - 26/04/29 13:25:16 INFO NettyBlockTransferService: Server created on e4e26910a088:41603
[2026-04-29T13:25:16.230+0000] {subprocess.py:106} INFO - 26/04/29 13:25:16 INFO BlockManager: Using org.apache.spark.storage.RandomBlockReplicationPolicy for block replication policy
[2026-04-29T13:25:16.239+0000] {subprocess.py:106} INFO - 26/04/29 13:25:16 INFO BlockManagerMaster: Registering BlockManager BlockManagerId(driver, e4e26910a088, 41603, None)
[2026-04-29T13:25:16.243+0000] {subprocess.py:106} INFO - 26/04/29 13:25:16 INFO BlockManagerMasterEndpoint: Registering block manager e4e26910a088:41603 with 434.4 MiB RAM, BlockManagerId(driver, e4e26910a088, 41603, None)
[2026-04-29T13:25:16.246+0000] {subprocess.py:106} INFO - 26/04/29 13:25:16 INFO BlockManagerMaster: Registered BlockManager BlockManagerId(driver, e4e26910a088, 41603, None)
[2026-04-29T13:25:16.249+0000] {subprocess.py:106} INFO - 26/04/29 13:25:16 INFO BlockManager: Initialized BlockManager: BlockManagerId(driver, e4e26910a088, 41603, None)
[2026-04-29T13:25:16.410+0000] {subprocess.py:106} INFO - 26/04/29 13:25:16 INFO SingleEventLogFileWriter: Logging events to file:/home/iceberg/spark-events/local-1777469116000.inprogress
[2026-04-29T13:25:19.151+0000] {subprocess.py:106} INFO - Running bronze pipeline for table_id=saleslt_customer
[2026-04-29T13:25:19.153+0000] {subprocess.py:106} INFO - Strategy: incremental_upsert
[2026-04-29T13:25:19.154+0000] {subprocess.py:106} INFO - Target bronze table: demo.bronze.saleslt_customer
[2026-04-29T13:25:19.157+0000] {subprocess.py:106} INFO - Using watermark: 2026-04-23 17:50:05
[2026-04-29T13:25:19.859+0000] {subprocess.py:106} INFO - Testing source read...
[2026-04-29T13:25:22.462+0000] {subprocess.py:106} INFO - +----------+---------+-----+---------+----------+--------+------+------------------------+----------------------+--------------------------+------------+--------------------------------------------+------------+------------------------------------+-----------------------+
[2026-04-29T13:25:22.463+0000] {subprocess.py:106} INFO - |CustomerID|NameStyle|Title|FirstName|MiddleName|LastName|Suffix|CompanyName             |SalesPerson           |EmailAddress              |Phone       |PasswordHash                                |PasswordSalt|rowguid                             |ModifiedDate           |
[2026-04-29T13:25:22.464+0000] {subprocess.py:106} INFO - +----------+---------+-----+---------+----------+--------+------+------------------------+----------------------+--------------------------+------------+--------------------------------------------+------------+------------------------------------+-----------------------+
[2026-04-29T13:25:22.464+0000] {subprocess.py:106} INFO - |2         |false    |Mr.  |Keith    |NULL      |Harris  |NULL  | A bike store modified 2|adventure-works\david8|keith0@adventure-works.com|170-555-0127|YPdtRdvqeAhj6wyxEsFdshBDNXxkCXn+CRgbvJItknw=|fs1ZGhY=    |E552F657-A9AF-4A7D-A645-C429D6E02491|2026-04-23 17:50:05.877|
[2026-04-29T13:25:22.465+0000] {subprocess.py:106} INFO - +----------+---------+-----+---------+----------+--------+------+------------------------+----------------------+--------------------------+------------+--------------------------------------------+------------+------------------------------------+-----------------------+
[2026-04-29T13:25:22.466+0000] {subprocess.py:106} INFO - 
[2026-04-29T13:25:23.664+0000] {subprocess.py:106} INFO - Appending data to bronze table: demo.bronze.saleslt_customer
[2026-04-29T13:25:23.854+0000] {subprocess.py:106} INFO - 26/04/29 13:25:23 WARN SparkStringUtils: Truncated the string representation of a plan since it was too large. This behavior can be adjusted by setting 'spark.sql.debug.maxToStringFields'.
[2026-04-29T13:25:27.970+0000] {subprocess.py:106} INFO - Updated watermark saved: 2026-04-23 17:50:05
[2026-04-29T13:25:28.231+0000] {subprocess.py:106} INFO - Bronze load completed successfully. Rows processed: 1
[2026-04-29T13:25:28.931+0000] {subprocess.py:110} INFO - Command exited with return code 0
[2026-04-29T13:25:28.976+0000] {taskinstance.py:341} INFO - ::group::Post task execution logs
[2026-04-29T13:25:28.977+0000] {taskinstance.py:353} INFO - Marking task as SUCCESS. dag_id=medallion_retail_pipeline, task_id=bronze_layer.bronze_customer, run_id=manual__2026-04-29T13:24:41.570421+00:00, execution_date=20260429T132441, start_date=20260429T132510, end_date=20260429T132528
[2026-04-29T13:25:29.039+0000] {local_task_job_runner.py:266} INFO - Task exited with return code 0
[2026-04-29T13:25:29.080+0000] {taskinstance.py:3901} INFO - 0 downstream tasks scheduled from follow-on schedule check
[2026-04-29T13:25:29.087+0000] {local_task_job_runner.py:245} INFO - ::endgroup::
