[2026-04-29T13:34:46.437+0000] {local_task_job_runner.py:123} INFO - ::group::Pre task execution logs
[2026-04-29T13:34:46.474+0000] {taskinstance.py:2614} INFO - Dependencies all met for dep_context=non-requeueable deps ti=<TaskInstance: medallion_retail_pipeline.bronze_layer.bronze_customeraddress manual__2026-04-29T13:33:23.017238+00:00 [queued]>
[2026-04-29T13:34:46.492+0000] {taskinstance.py:2614} INFO - Dependencies all met for dep_context=requeueable deps ti=<TaskInstance: medallion_retail_pipeline.bronze_layer.bronze_customeraddress manual__2026-04-29T13:33:23.017238+00:00 [queued]>
[2026-04-29T13:34:46.493+0000] {taskinstance.py:2867} INFO - Starting attempt 1 of 1
[2026-04-29T13:34:46.545+0000] {taskinstance.py:2890} INFO - Executing <Task(BashOperator): bronze_layer.bronze_customeraddress> on 2026-04-29 13:33:23.017238+00:00
[2026-04-29T13:34:46.552+0000] {standard_task_runner.py:72} INFO - Started process 114 to run task
[2026-04-29T13:34:46.558+0000] {standard_task_runner.py:104} INFO - Running: ['***', 'tasks', 'run', 'medallion_retail_pipeline', 'bronze_layer.bronze_customeraddress', 'manual__2026-04-29T13:33:23.017238+00:00', '--job-id', '19', '--raw', '--subdir', 'DAGS_FOLDER/medallion_retail_pipeline.py', '--cfg-path', '/tmp/tmp_g95d0u4']
[2026-04-29T13:34:46.561+0000] {standard_task_runner.py:105} INFO - Job 19: Subtask bronze_layer.bronze_customeraddress
[2026-04-29T13:34:46.717+0000] {task_command.py:467} INFO - Running <TaskInstance: medallion_retail_pipeline.bronze_layer.bronze_customeraddress manual__2026-04-29T13:33:23.017238+00:00 [running]> on host 20b20d764db8
[2026-04-29T13:34:46.894+0000] {taskinstance.py:3134} INFO - Exporting env vars: AIRFLOW_CTX_DAG_OWNER='***' AIRFLOW_CTX_DAG_ID='medallion_retail_pipeline' AIRFLOW_CTX_TASK_ID='bronze_layer.bronze_customeraddress' AIRFLOW_CTX_EXECUTION_DATE='2026-04-29T13:33:23.017238+00:00' AIRFLOW_CTX_TRY_NUMBER='1' AIRFLOW_CTX_DAG_RUN_ID='manual__2026-04-29T13:33:23.017238+00:00'
[2026-04-29T13:34:46.897+0000] {taskinstance.py:732} INFO - ::endgroup::
[2026-04-29T13:34:46.916+0000] {subprocess.py:78} INFO - Tmp dir root location: /tmp
[2026-04-29T13:34:46.918+0000] {subprocess.py:88} INFO - Running command: ['/usr/bin/bash', '-c', "\n    docker exec spark-iceberg bash -c '\n      cd /home/iceberg/project &&\n      spark-submit         --packages com.microsoft.sqlserver:mssql-jdbc:12.6.3.jre11         src/jobs/run_bronze.py saleslt_customeraddress\n    '\n    "]
[2026-04-29T13:34:46.928+0000] {subprocess.py:99} INFO - Output:
[2026-04-29T13:34:49.337+0000] {subprocess.py:106} INFO - :: loading settings :: url = jar:file:/opt/spark/jars/ivy-2.5.1.jar!/org/apache/ivy/core/settings/ivysettings.xml
[2026-04-29T13:34:49.448+0000] {subprocess.py:106} INFO - Ivy Default Cache set to: /root/.ivy2/cache
[2026-04-29T13:34:49.449+0000] {subprocess.py:106} INFO - The jars for the packages stored in: /root/.ivy2/jars
[2026-04-29T13:34:49.456+0000] {subprocess.py:106} INFO - com.microsoft.sqlserver#mssql-jdbc added as a dependency
[2026-04-29T13:34:49.461+0000] {subprocess.py:106} INFO - :: resolving dependencies :: org.apache.spark#spark-submit-parent-5cf50601-206e-4f48-8cbd-79bfa81f5c78;1.0
[2026-04-29T13:34:49.462+0000] {subprocess.py:106} INFO - 	confs: [default]
[2026-04-29T13:34:49.609+0000] {subprocess.py:106} INFO - 	found com.microsoft.sqlserver#mssql-jdbc;12.6.3.jre11 in central
[2026-04-29T13:34:49.634+0000] {subprocess.py:106} INFO - :: resolution report :: resolve 168ms :: artifacts dl 5ms
[2026-04-29T13:34:49.636+0000] {subprocess.py:106} INFO - 	:: modules in use:
[2026-04-29T13:34:49.637+0000] {subprocess.py:106} INFO - 	com.microsoft.sqlserver#mssql-jdbc;12.6.3.jre11 from central in [default]
[2026-04-29T13:34:49.638+0000] {subprocess.py:106} INFO - 	---------------------------------------------------------------------
[2026-04-29T13:34:49.639+0000] {subprocess.py:106} INFO - 	|                  |            modules            ||   artifacts   |
[2026-04-29T13:34:49.640+0000] {subprocess.py:106} INFO - 	|       conf       | number| search|dwnlded|evicted|| number|dwnlded|
[2026-04-29T13:34:49.641+0000] {subprocess.py:106} INFO - 	---------------------------------------------------------------------
[2026-04-29T13:34:49.642+0000] {subprocess.py:106} INFO - 	|      default     |   1   |   0   |   0   |   0   ||   1   |   0   |
[2026-04-29T13:34:49.643+0000] {subprocess.py:106} INFO - 	---------------------------------------------------------------------
[2026-04-29T13:34:49.645+0000] {subprocess.py:106} INFO - :: retrieving :: org.apache.spark#spark-submit-parent-5cf50601-206e-4f48-8cbd-79bfa81f5c78
[2026-04-29T13:34:49.646+0000] {subprocess.py:106} INFO - 	confs: [default]
[2026-04-29T13:34:49.648+0000] {subprocess.py:106} INFO - 	0 artifacts copied, 1 already retrieved (0kB/7ms)
[2026-04-29T13:34:49.952+0000] {subprocess.py:106} INFO - 26/04/29 13:34:49 WARN NativeCodeLoader: Unable to load native-hadoop library for your platform... using builtin-java classes where applicable
[2026-04-29T13:34:52.114+0000] {subprocess.py:106} INFO - 26/04/29 13:34:52 INFO SparkContext: Running Spark version 3.5.5
[2026-04-29T13:34:52.115+0000] {subprocess.py:106} INFO - 26/04/29 13:34:52 INFO SparkContext: OS info Linux, 6.6.87.2-microsoft-standard-WSL2, amd64
[2026-04-29T13:34:52.119+0000] {subprocess.py:106} INFO - 26/04/29 13:34:52 INFO SparkContext: Java version 17.0.14
[2026-04-29T13:34:52.146+0000] {subprocess.py:106} INFO - 26/04/29 13:34:52 INFO ResourceUtils: ==============================================================
[2026-04-29T13:34:52.148+0000] {subprocess.py:106} INFO - 26/04/29 13:34:52 INFO ResourceUtils: No custom resources configured for spark.driver.
[2026-04-29T13:34:52.149+0000] {subprocess.py:106} INFO - 26/04/29 13:34:52 INFO ResourceUtils: ==============================================================
[2026-04-29T13:34:52.150+0000] {subprocess.py:106} INFO - 26/04/29 13:34:52 INFO SparkContext: Submitted application: bronze-saleslt_customeraddress
[2026-04-29T13:34:52.181+0000] {subprocess.py:106} INFO - 26/04/29 13:34:52 INFO ResourceProfile: Default ResourceProfile created, executor resources: Map(cores -> name: cores, amount: 1, script: , vendor: , memory -> name: memory, amount: 1024, script: , vendor: , offHeap -> name: offHeap, amount: 0, script: , vendor: ), task resources: Map(cpus -> name: cpus, amount: 1.0)
[2026-04-29T13:34:52.193+0000] {subprocess.py:106} INFO - 26/04/29 13:34:52 INFO ResourceProfile: Limiting resource is cpu
[2026-04-29T13:34:52.194+0000] {subprocess.py:106} INFO - 26/04/29 13:34:52 INFO ResourceProfileManager: Added ResourceProfile id: 0
[2026-04-29T13:34:52.281+0000] {subprocess.py:106} INFO - 26/04/29 13:34:52 INFO SecurityManager: Changing view acls to: root
[2026-04-29T13:34:52.282+0000] {subprocess.py:106} INFO - 26/04/29 13:34:52 INFO SecurityManager: Changing modify acls to: root
[2026-04-29T13:34:52.285+0000] {subprocess.py:106} INFO - 26/04/29 13:34:52 INFO SecurityManager: Changing view acls groups to:
[2026-04-29T13:34:52.287+0000] {subprocess.py:106} INFO - 26/04/29 13:34:52 INFO SecurityManager: Changing modify acls groups to:
[2026-04-29T13:34:52.288+0000] {subprocess.py:106} INFO - 26/04/29 13:34:52 INFO SecurityManager: SecurityManager: authentication disabled; ui acls disabled; users with view permissions: root; groups with view permissions: EMPTY; users with modify permissions: root; groups with modify permissions: EMPTY
[2026-04-29T13:34:52.582+0000] {subprocess.py:106} INFO - 26/04/29 13:34:52 INFO Utils: Successfully started service 'sparkDriver' on port 42013.
[2026-04-29T13:34:52.626+0000] {subprocess.py:106} INFO - 26/04/29 13:34:52 INFO SparkEnv: Registering MapOutputTracker
[2026-04-29T13:34:52.688+0000] {subprocess.py:106} INFO - 26/04/29 13:34:52 INFO SparkEnv: Registering BlockManagerMaster
[2026-04-29T13:34:52.738+0000] {subprocess.py:106} INFO - 26/04/29 13:34:52 INFO BlockManagerMasterEndpoint: Using org.apache.spark.storage.DefaultTopologyMapper for getting topology information
[2026-04-29T13:34:52.742+0000] {subprocess.py:106} INFO - 26/04/29 13:34:52 INFO BlockManagerMasterEndpoint: BlockManagerMasterEndpoint up
[2026-04-29T13:34:52.761+0000] {subprocess.py:106} INFO - 26/04/29 13:34:52 INFO SparkEnv: Registering BlockManagerMasterHeartbeat
[2026-04-29T13:34:52.805+0000] {subprocess.py:106} INFO - 26/04/29 13:34:52 INFO DiskBlockManager: Created local directory at /tmp/blockmgr-aecb3446-2eed-4f1e-a641-9b67ef6377df
[2026-04-29T13:34:52.836+0000] {subprocess.py:106} INFO - 26/04/29 13:34:52 INFO MemoryStore: MemoryStore started with capacity 434.4 MiB
[2026-04-29T13:34:52.868+0000] {subprocess.py:106} INFO - 26/04/29 13:34:52 INFO SparkEnv: Registering OutputCommitCoordinator
[2026-04-29T13:34:53.111+0000] {subprocess.py:106} INFO - 26/04/29 13:34:53 INFO JettyUtils: Start Jetty 0.0.0.0:4040 for SparkUI
[2026-04-29T13:34:53.205+0000] {subprocess.py:106} INFO - 26/04/29 13:34:53 WARN Utils: Service 'SparkUI' could not bind on port 4040. Attempting port 4041.
[2026-04-29T13:34:53.221+0000] {subprocess.py:106} INFO - 26/04/29 13:34:53 INFO Utils: Successfully started service 'SparkUI' on port 4041.
[2026-04-29T13:34:53.304+0000] {subprocess.py:106} INFO - 26/04/29 13:34:53 INFO SparkContext: Added JAR file:///root/.ivy2/jars/com.microsoft.sqlserver_mssql-jdbc-12.6.3.jre11.jar at spark://e4e26910a088:42013/jars/com.microsoft.sqlserver_mssql-jdbc-12.6.3.jre11.jar with timestamp 1777469692104
[2026-04-29T13:34:53.311+0000] {subprocess.py:106} INFO - 26/04/29 13:34:53 INFO SparkContext: Added file file:///root/.ivy2/jars/com.microsoft.sqlserver_mssql-jdbc-12.6.3.jre11.jar at file:///root/.ivy2/jars/com.microsoft.sqlserver_mssql-jdbc-12.6.3.jre11.jar with timestamp 1777469692104
[2026-04-29T13:34:53.314+0000] {subprocess.py:106} INFO - 26/04/29 13:34:53 INFO Utils: Copying /root/.ivy2/jars/com.microsoft.sqlserver_mssql-jdbc-12.6.3.jre11.jar to /tmp/spark-3d2cab29-0158-4786-b4a9-8baa46434a0b/userFiles-ee25f5e4-25c4-4308-95de-8d1ebf3b57a8/com.microsoft.sqlserver_mssql-jdbc-12.6.3.jre11.jar
[2026-04-29T13:34:53.446+0000] {subprocess.py:106} INFO - 26/04/29 13:34:53 INFO Executor: Starting executor ID driver on host e4e26910a088
[2026-04-29T13:34:53.447+0000] {subprocess.py:106} INFO - 26/04/29 13:34:53 INFO Executor: OS info Linux, 6.6.87.2-microsoft-standard-WSL2, amd64
[2026-04-29T13:34:53.449+0000] {subprocess.py:106} INFO - 26/04/29 13:34:53 INFO Executor: Java version 17.0.14
[2026-04-29T13:34:53.466+0000] {subprocess.py:106} INFO - 26/04/29 13:34:53 INFO Executor: Starting executor with user classpath (userClassPathFirst = false): ''
[2026-04-29T13:34:53.469+0000] {subprocess.py:106} INFO - 26/04/29 13:34:53 INFO Executor: Created or updated repl class loader org.apache.spark.util.MutableURLClassLoader@2361e3d2 for default.
[2026-04-29T13:34:53.498+0000] {subprocess.py:106} INFO - 26/04/29 13:34:53 INFO Executor: Fetching file:///root/.ivy2/jars/com.microsoft.sqlserver_mssql-jdbc-12.6.3.jre11.jar with timestamp 1777469692104
[2026-04-29T13:34:53.570+0000] {subprocess.py:106} INFO - 26/04/29 13:34:53 INFO Utils: /root/.ivy2/jars/com.microsoft.sqlserver_mssql-jdbc-12.6.3.jre11.jar has been previously copied to /tmp/spark-3d2cab29-0158-4786-b4a9-8baa46434a0b/userFiles-ee25f5e4-25c4-4308-95de-8d1ebf3b57a8/com.microsoft.sqlserver_mssql-jdbc-12.6.3.jre11.jar
[2026-04-29T13:34:53.601+0000] {subprocess.py:106} INFO - 26/04/29 13:34:53 INFO Executor: Fetching spark://e4e26910a088:42013/jars/com.microsoft.sqlserver_mssql-jdbc-12.6.3.jre11.jar with timestamp 1777469692104
[2026-04-29T13:34:53.704+0000] {subprocess.py:106} INFO - 26/04/29 13:34:53 INFO TransportClientFactory: Successfully created connection to e4e26910a088/172.18.0.5:42013 after 73 ms (0 ms spent in bootstraps)
[2026-04-29T13:34:53.718+0000] {subprocess.py:106} INFO - 26/04/29 13:34:53 INFO Utils: Fetching spark://e4e26910a088:42013/jars/com.microsoft.sqlserver_mssql-jdbc-12.6.3.jre11.jar to /tmp/spark-3d2cab29-0158-4786-b4a9-8baa46434a0b/userFiles-ee25f5e4-25c4-4308-95de-8d1ebf3b57a8/fetchFileTemp17577425384677069389.tmp
[2026-04-29T13:34:53.821+0000] {subprocess.py:106} INFO - 26/04/29 13:34:53 INFO Utils: /tmp/spark-3d2cab29-0158-4786-b4a9-8baa46434a0b/userFiles-ee25f5e4-25c4-4308-95de-8d1ebf3b57a8/fetchFileTemp17577425384677069389.tmp has been previously copied to /tmp/spark-3d2cab29-0158-4786-b4a9-8baa46434a0b/userFiles-ee25f5e4-25c4-4308-95de-8d1ebf3b57a8/com.microsoft.sqlserver_mssql-jdbc-12.6.3.jre11.jar
[2026-04-29T13:34:53.830+0000] {subprocess.py:106} INFO - 26/04/29 13:34:53 INFO Executor: Adding file:/tmp/spark-3d2cab29-0158-4786-b4a9-8baa46434a0b/userFiles-ee25f5e4-25c4-4308-95de-8d1ebf3b57a8/com.microsoft.sqlserver_mssql-jdbc-12.6.3.jre11.jar to class loader default
[2026-04-29T13:34:53.850+0000] {subprocess.py:106} INFO - 26/04/29 13:34:53 INFO Utils: Successfully started service 'org.apache.spark.network.netty.NettyBlockTransferService' on port 33783.
[2026-04-29T13:34:53.852+0000] {subprocess.py:106} INFO - 26/04/29 13:34:53 INFO NettyBlockTransferService: Server created on e4e26910a088:33783
[2026-04-29T13:34:53.855+0000] {subprocess.py:106} INFO - 26/04/29 13:34:53 INFO BlockManager: Using org.apache.spark.storage.RandomBlockReplicationPolicy for block replication policy
[2026-04-29T13:34:53.865+0000] {subprocess.py:106} INFO - 26/04/29 13:34:53 INFO BlockManagerMaster: Registering BlockManager BlockManagerId(driver, e4e26910a088, 33783, None)
[2026-04-29T13:34:53.872+0000] {subprocess.py:106} INFO - 26/04/29 13:34:53 INFO BlockManagerMasterEndpoint: Registering block manager e4e26910a088:33783 with 434.4 MiB RAM, BlockManagerId(driver, e4e26910a088, 33783, None)
[2026-04-29T13:34:53.877+0000] {subprocess.py:106} INFO - 26/04/29 13:34:53 INFO BlockManagerMaster: Registered BlockManager BlockManagerId(driver, e4e26910a088, 33783, None)
[2026-04-29T13:34:53.879+0000] {subprocess.py:106} INFO - 26/04/29 13:34:53 INFO BlockManager: Initialized BlockManager: BlockManagerId(driver, e4e26910a088, 33783, None)
[2026-04-29T13:34:54.094+0000] {subprocess.py:106} INFO - 26/04/29 13:34:54 INFO SingleEventLogFileWriter: Logging events to file:/home/iceberg/spark-events/local-1777469693386.inprogress
[2026-04-29T13:34:57.397+0000] {subprocess.py:106} INFO - Running bronze pipeline for table_id=saleslt_customeraddress
[2026-04-29T13:34:57.398+0000] {subprocess.py:106} INFO - Strategy: full_snapshot
[2026-04-29T13:34:57.399+0000] {subprocess.py:106} INFO - Target bronze table: demo.bronze.saleslt_customeraddress
[2026-04-29T13:34:58.066+0000] {subprocess.py:106} INFO - Testing source read...
[2026-04-29T13:35:00.767+0000] {subprocess.py:106} INFO - +----------+---------+-----------+
[2026-04-29T13:35:00.768+0000] {subprocess.py:106} INFO - |CustomerID|AddressID|AddressType|
[2026-04-29T13:35:00.770+0000] {subprocess.py:106} INFO - +----------+---------+-----------+
[2026-04-29T13:35:00.772+0000] {subprocess.py:106} INFO - |29485     |1086     |Main Office|
[2026-04-29T13:35:00.774+0000] {subprocess.py:106} INFO - |29486     |621      |Main Office|
[2026-04-29T13:35:00.775+0000] {subprocess.py:106} INFO - |29489     |1069     |Main Office|
[2026-04-29T13:35:00.776+0000] {subprocess.py:106} INFO - |29490     |887      |Main Office|
[2026-04-29T13:35:00.777+0000] {subprocess.py:106} INFO - |29492     |618      |Main Office|
[2026-04-29T13:35:00.777+0000] {subprocess.py:106} INFO - +----------+---------+-----------+
[2026-04-29T13:35:00.778+0000] {subprocess.py:106} INFO - 
[2026-04-29T13:35:02.202+0000] {subprocess.py:106} INFO - Replacing bronze table with full snapshot: demo.bronze.saleslt_customeraddress
[2026-04-29T13:35:06.027+0000] {subprocess.py:106} INFO - Bronze load completed successfully. Rows processed: 417
[2026-04-29T13:35:06.568+0000] {subprocess.py:110} INFO - Command exited with return code 0
[2026-04-29T13:35:06.613+0000] {taskinstance.py:341} INFO - ::group::Post task execution logs
[2026-04-29T13:35:06.614+0000] {taskinstance.py:353} INFO - Marking task as SUCCESS. dag_id=medallion_retail_pipeline, task_id=bronze_layer.bronze_customeraddress, run_id=manual__2026-04-29T13:33:23.017238+00:00, execution_date=20260429T133323, start_date=20260429T133446, end_date=20260429T133506
[2026-04-29T13:35:06.702+0000] {local_task_job_runner.py:266} INFO - Task exited with return code 0
[2026-04-29T13:35:06.786+0000] {taskinstance.py:3901} INFO - 0 downstream tasks scheduled from follow-on schedule check
[2026-04-29T13:35:06.790+0000] {local_task_job_runner.py:245} INFO - ::endgroup::
