[2026-04-29T13:27:27.323+0000] {local_task_job_runner.py:123} INFO - ::group::Pre task execution logs
[2026-04-29T13:27:27.358+0000] {taskinstance.py:2614} INFO - Dependencies all met for dep_context=non-requeueable deps ti=<TaskInstance: medallion_retail_pipeline.silver_layer.silver_salesorderheader manual__2026-04-29T13:24:41.570421+00:00 [queued]>
[2026-04-29T13:27:27.375+0000] {taskinstance.py:2614} INFO - Dependencies all met for dep_context=requeueable deps ti=<TaskInstance: medallion_retail_pipeline.silver_layer.silver_salesorderheader manual__2026-04-29T13:24:41.570421+00:00 [queued]>
[2026-04-29T13:27:27.375+0000] {taskinstance.py:2867} INFO - Starting attempt 1 of 1
[2026-04-29T13:27:27.391+0000] {taskinstance.py:2890} INFO - Executing <Task(BashOperator): silver_layer.silver_salesorderheader> on 2026-04-29 13:24:41.570421+00:00
[2026-04-29T13:27:27.397+0000] {standard_task_runner.py:72} INFO - Started process 205 to run task
[2026-04-29T13:27:27.401+0000] {standard_task_runner.py:104} INFO - Running: ['***', 'tasks', 'run', 'medallion_retail_pipeline', 'silver_layer.silver_salesorderheader', 'manual__2026-04-29T13:24:41.570421+00:00', '--job-id', '12', '--raw', '--subdir', 'DAGS_FOLDER/medallion_retail_pipeline.py', '--cfg-path', '/tmp/tmpw6uertjt']
[2026-04-29T13:27:27.404+0000] {standard_task_runner.py:105} INFO - Job 12: Subtask silver_layer.silver_salesorderheader
[2026-04-29T13:27:27.485+0000] {task_command.py:467} INFO - Running <TaskInstance: medallion_retail_pipeline.silver_layer.silver_salesorderheader manual__2026-04-29T13:24:41.570421+00:00 [running]> on host 20b20d764db8
[2026-04-29T13:27:27.595+0000] {taskinstance.py:3134} INFO - Exporting env vars: AIRFLOW_CTX_DAG_OWNER='***' AIRFLOW_CTX_DAG_ID='medallion_retail_pipeline' AIRFLOW_CTX_TASK_ID='silver_layer.silver_salesorderheader' AIRFLOW_CTX_EXECUTION_DATE='2026-04-29T13:24:41.570421+00:00' AIRFLOW_CTX_TRY_NUMBER='1' AIRFLOW_CTX_DAG_RUN_ID='manual__2026-04-29T13:24:41.570421+00:00'
[2026-04-29T13:27:27.596+0000] {taskinstance.py:732} INFO - ::endgroup::
[2026-04-29T13:27:27.615+0000] {subprocess.py:78} INFO - Tmp dir root location: /tmp
[2026-04-29T13:27:27.617+0000] {subprocess.py:88} INFO - Running command: ['/usr/bin/bash', '-c', "\n    docker exec spark-iceberg bash -c '\n      cd /home/iceberg/project &&\n      spark-submit         --packages com.microsoft.sqlserver:mssql-jdbc:12.6.3.jre11         src/jobs/run_silver.py saleslt_salesorderheader\n    '\n    "]
[2026-04-29T13:27:27.629+0000] {subprocess.py:99} INFO - Output:
[2026-04-29T13:27:29.756+0000] {subprocess.py:106} INFO - :: loading settings :: url = jar:file:/opt/spark/jars/ivy-2.5.1.jar!/org/apache/ivy/core/settings/ivysettings.xml
[2026-04-29T13:27:29.844+0000] {subprocess.py:106} INFO - Ivy Default Cache set to: /root/.ivy2/cache
[2026-04-29T13:27:29.845+0000] {subprocess.py:106} INFO - The jars for the packages stored in: /root/.ivy2/jars
[2026-04-29T13:27:29.849+0000] {subprocess.py:106} INFO - com.microsoft.sqlserver#mssql-jdbc added as a dependency
[2026-04-29T13:27:29.850+0000] {subprocess.py:106} INFO - :: resolving dependencies :: org.apache.spark#spark-submit-parent-4c2865b5-a74c-4631-a1aa-cbf429f4d403;1.0
[2026-04-29T13:27:29.851+0000] {subprocess.py:106} INFO - 	confs: [default]
[2026-04-29T13:27:29.966+0000] {subprocess.py:106} INFO - 	found com.microsoft.sqlserver#mssql-jdbc;12.6.3.jre11 in central
[2026-04-29T13:27:29.983+0000] {subprocess.py:106} INFO - :: resolution report :: resolve 129ms :: artifacts dl 4ms
[2026-04-29T13:27:29.984+0000] {subprocess.py:106} INFO - 	:: modules in use:
[2026-04-29T13:27:29.986+0000] {subprocess.py:106} INFO - 	com.microsoft.sqlserver#mssql-jdbc;12.6.3.jre11 from central in [default]
[2026-04-29T13:27:29.987+0000] {subprocess.py:106} INFO - 	---------------------------------------------------------------------
[2026-04-29T13:27:29.988+0000] {subprocess.py:106} INFO - 	|                  |            modules            ||   artifacts   |
[2026-04-29T13:27:29.989+0000] {subprocess.py:106} INFO - 	|       conf       | number| search|dwnlded|evicted|| number|dwnlded|
[2026-04-29T13:27:29.990+0000] {subprocess.py:106} INFO - 	---------------------------------------------------------------------
[2026-04-29T13:27:29.991+0000] {subprocess.py:106} INFO - 	|      default     |   1   |   0   |   0   |   0   ||   1   |   0   |
[2026-04-29T13:27:29.993+0000] {subprocess.py:106} INFO - 	---------------------------------------------------------------------
[2026-04-29T13:27:29.994+0000] {subprocess.py:106} INFO - :: retrieving :: org.apache.spark#spark-submit-parent-4c2865b5-a74c-4631-a1aa-cbf429f4d403
[2026-04-29T13:27:29.994+0000] {subprocess.py:106} INFO - 	confs: [default]
[2026-04-29T13:27:29.998+0000] {subprocess.py:106} INFO - 	0 artifacts copied, 1 already retrieved (0kB/6ms)
[2026-04-29T13:27:30.228+0000] {subprocess.py:106} INFO - 26/04/29 13:27:30 WARN NativeCodeLoader: Unable to load native-hadoop library for your platform... using builtin-java classes where applicable
[2026-04-29T13:27:31.827+0000] {subprocess.py:106} INFO - 26/04/29 13:27:31 INFO SparkContext: Running Spark version 3.5.5
[2026-04-29T13:27:31.828+0000] {subprocess.py:106} INFO - 26/04/29 13:27:31 INFO SparkContext: OS info Linux, 6.6.87.2-microsoft-standard-WSL2, amd64
[2026-04-29T13:27:31.829+0000] {subprocess.py:106} INFO - 26/04/29 13:27:31 INFO SparkContext: Java version 17.0.14
[2026-04-29T13:27:31.855+0000] {subprocess.py:106} INFO - 26/04/29 13:27:31 INFO ResourceUtils: ==============================================================
[2026-04-29T13:27:31.856+0000] {subprocess.py:106} INFO - 26/04/29 13:27:31 INFO ResourceUtils: No custom resources configured for spark.driver.
[2026-04-29T13:27:31.857+0000] {subprocess.py:106} INFO - 26/04/29 13:27:31 INFO ResourceUtils: ==============================================================
[2026-04-29T13:27:31.858+0000] {subprocess.py:106} INFO - 26/04/29 13:27:31 INFO SparkContext: Submitted application: silver-saleslt_salesorderheader
[2026-04-29T13:27:31.885+0000] {subprocess.py:106} INFO - 26/04/29 13:27:31 INFO ResourceProfile: Default ResourceProfile created, executor resources: Map(cores -> name: cores, amount: 1, script: , vendor: , memory -> name: memory, amount: 1024, script: , vendor: , offHeap -> name: offHeap, amount: 0, script: , vendor: ), task resources: Map(cpus -> name: cpus, amount: 1.0)
[2026-04-29T13:27:31.903+0000] {subprocess.py:106} INFO - 26/04/29 13:27:31 INFO ResourceProfile: Limiting resource is cpu
[2026-04-29T13:27:31.905+0000] {subprocess.py:106} INFO - 26/04/29 13:27:31 INFO ResourceProfileManager: Added ResourceProfile id: 0
[2026-04-29T13:27:31.990+0000] {subprocess.py:106} INFO - 26/04/29 13:27:31 INFO SecurityManager: Changing view acls to: root
[2026-04-29T13:27:31.996+0000] {subprocess.py:106} INFO - 26/04/29 13:27:31 INFO SecurityManager: Changing modify acls to: root
[2026-04-29T13:27:31.997+0000] {subprocess.py:106} INFO - 26/04/29 13:27:31 INFO SecurityManager: Changing view acls groups to:
[2026-04-29T13:27:31.997+0000] {subprocess.py:106} INFO - 26/04/29 13:27:31 INFO SecurityManager: Changing modify acls groups to:
[2026-04-29T13:27:31.998+0000] {subprocess.py:106} INFO - 26/04/29 13:27:31 INFO SecurityManager: SecurityManager: authentication disabled; ui acls disabled; users with view permissions: root; groups with view permissions: EMPTY; users with modify permissions: root; groups with modify permissions: EMPTY
[2026-04-29T13:27:32.236+0000] {subprocess.py:106} INFO - 26/04/29 13:27:32 INFO Utils: Successfully started service 'sparkDriver' on port 38207.
[2026-04-29T13:27:32.291+0000] {subprocess.py:106} INFO - 26/04/29 13:27:32 INFO SparkEnv: Registering MapOutputTracker
[2026-04-29T13:27:32.345+0000] {subprocess.py:106} INFO - 26/04/29 13:27:32 INFO SparkEnv: Registering BlockManagerMaster
[2026-04-29T13:27:32.366+0000] {subprocess.py:106} INFO - 26/04/29 13:27:32 INFO BlockManagerMasterEndpoint: Using org.apache.spark.storage.DefaultTopologyMapper for getting topology information
[2026-04-29T13:27:32.367+0000] {subprocess.py:106} INFO - 26/04/29 13:27:32 INFO BlockManagerMasterEndpoint: BlockManagerMasterEndpoint up
[2026-04-29T13:27:32.374+0000] {subprocess.py:106} INFO - 26/04/29 13:27:32 INFO SparkEnv: Registering BlockManagerMasterHeartbeat
[2026-04-29T13:27:32.408+0000] {subprocess.py:106} INFO - 26/04/29 13:27:32 INFO DiskBlockManager: Created local directory at /tmp/blockmgr-f4c912a0-163b-4d27-bddd-3755f0b69e64
[2026-04-29T13:27:32.434+0000] {subprocess.py:106} INFO - 26/04/29 13:27:32 INFO MemoryStore: MemoryStore started with capacity 434.4 MiB
[2026-04-29T13:27:32.460+0000] {subprocess.py:106} INFO - 26/04/29 13:27:32 INFO SparkEnv: Registering OutputCommitCoordinator
[2026-04-29T13:27:32.660+0000] {subprocess.py:106} INFO - 26/04/29 13:27:32 INFO JettyUtils: Start Jetty 0.0.0.0:4040 for SparkUI
[2026-04-29T13:27:32.731+0000] {subprocess.py:106} INFO - 26/04/29 13:27:32 WARN Utils: Service 'SparkUI' could not bind on port 4040. Attempting port 4041.
[2026-04-29T13:27:32.742+0000] {subprocess.py:106} INFO - 26/04/29 13:27:32 INFO Utils: Successfully started service 'SparkUI' on port 4041.
[2026-04-29T13:27:32.791+0000] {subprocess.py:106} INFO - 26/04/29 13:27:32 INFO SparkContext: Added JAR file:///root/.ivy2/jars/com.microsoft.sqlserver_mssql-jdbc-12.6.3.jre11.jar at spark://e4e26910a088:38207/jars/com.microsoft.sqlserver_mssql-jdbc-12.6.3.jre11.jar with timestamp 1777469251819
[2026-04-29T13:27:32.796+0000] {subprocess.py:106} INFO - 26/04/29 13:27:32 INFO SparkContext: Added file file:///root/.ivy2/jars/com.microsoft.sqlserver_mssql-jdbc-12.6.3.jre11.jar at file:///root/.ivy2/jars/com.microsoft.sqlserver_mssql-jdbc-12.6.3.jre11.jar with timestamp 1777469251819
[2026-04-29T13:27:32.798+0000] {subprocess.py:106} INFO - 26/04/29 13:27:32 INFO Utils: Copying /root/.ivy2/jars/com.microsoft.sqlserver_mssql-jdbc-12.6.3.jre11.jar to /tmp/spark-cfd5e92d-c069-47a0-83c7-7c72359944ff/userFiles-b4486377-f94d-4b41-a529-53e52f1c684b/com.microsoft.sqlserver_mssql-jdbc-12.6.3.jre11.jar
[2026-04-29T13:27:32.872+0000] {subprocess.py:106} INFO - 26/04/29 13:27:32 INFO Executor: Starting executor ID driver on host e4e26910a088
[2026-04-29T13:27:32.873+0000] {subprocess.py:106} INFO - 26/04/29 13:27:32 INFO Executor: OS info Linux, 6.6.87.2-microsoft-standard-WSL2, amd64
[2026-04-29T13:27:32.874+0000] {subprocess.py:106} INFO - 26/04/29 13:27:32 INFO Executor: Java version 17.0.14
[2026-04-29T13:27:32.880+0000] {subprocess.py:106} INFO - 26/04/29 13:27:32 INFO Executor: Starting executor with user classpath (userClassPathFirst = false): ''
[2026-04-29T13:27:32.881+0000] {subprocess.py:106} INFO - 26/04/29 13:27:32 INFO Executor: Created or updated repl class loader org.apache.spark.util.MutableURLClassLoader@3b3d1581 for default.
[2026-04-29T13:27:32.896+0000] {subprocess.py:106} INFO - 26/04/29 13:27:32 INFO Executor: Fetching file:///root/.ivy2/jars/com.microsoft.sqlserver_mssql-jdbc-12.6.3.jre11.jar with timestamp 1777469251819
[2026-04-29T13:27:32.920+0000] {subprocess.py:106} INFO - 26/04/29 13:27:32 INFO Utils: /root/.ivy2/jars/com.microsoft.sqlserver_mssql-jdbc-12.6.3.jre11.jar has been previously copied to /tmp/spark-cfd5e92d-c069-47a0-83c7-7c72359944ff/userFiles-b4486377-f94d-4b41-a529-53e52f1c684b/com.microsoft.sqlserver_mssql-jdbc-12.6.3.jre11.jar
[2026-04-29T13:27:32.928+0000] {subprocess.py:106} INFO - 26/04/29 13:27:32 INFO Executor: Fetching spark://e4e26910a088:38207/jars/com.microsoft.sqlserver_mssql-jdbc-12.6.3.jre11.jar with timestamp 1777469251819
[2026-04-29T13:27:32.962+0000] {subprocess.py:106} INFO - 26/04/29 13:27:32 INFO TransportClientFactory: Successfully created connection to e4e26910a088/172.18.0.5:38207 after 21 ms (0 ms spent in bootstraps)
[2026-04-29T13:27:32.968+0000] {subprocess.py:106} INFO - 26/04/29 13:27:32 INFO Utils: Fetching spark://e4e26910a088:38207/jars/com.microsoft.sqlserver_mssql-jdbc-12.6.3.jre11.jar to /tmp/spark-cfd5e92d-c069-47a0-83c7-7c72359944ff/userFiles-b4486377-f94d-4b41-a529-53e52f1c684b/fetchFileTemp13938583454520175020.tmp
[2026-04-29T13:27:33.003+0000] {subprocess.py:106} INFO - 26/04/29 13:27:33 INFO Utils: /tmp/spark-cfd5e92d-c069-47a0-83c7-7c72359944ff/userFiles-b4486377-f94d-4b41-a529-53e52f1c684b/fetchFileTemp13938583454520175020.tmp has been previously copied to /tmp/spark-cfd5e92d-c069-47a0-83c7-7c72359944ff/userFiles-b4486377-f94d-4b41-a529-53e52f1c684b/com.microsoft.sqlserver_mssql-jdbc-12.6.3.jre11.jar
[2026-04-29T13:27:33.009+0000] {subprocess.py:106} INFO - 26/04/29 13:27:33 INFO Executor: Adding file:/tmp/spark-cfd5e92d-c069-47a0-83c7-7c72359944ff/userFiles-b4486377-f94d-4b41-a529-53e52f1c684b/com.microsoft.sqlserver_mssql-jdbc-12.6.3.jre11.jar to class loader default
[2026-04-29T13:27:33.019+0000] {subprocess.py:106} INFO - 26/04/29 13:27:33 INFO Utils: Successfully started service 'org.apache.spark.network.netty.NettyBlockTransferService' on port 42735.
[2026-04-29T13:27:33.020+0000] {subprocess.py:106} INFO - 26/04/29 13:27:33 INFO NettyBlockTransferService: Server created on e4e26910a088:42735
[2026-04-29T13:27:33.022+0000] {subprocess.py:106} INFO - 26/04/29 13:27:33 INFO BlockManager: Using org.apache.spark.storage.RandomBlockReplicationPolicy for block replication policy
[2026-04-29T13:27:33.027+0000] {subprocess.py:106} INFO - 26/04/29 13:27:33 INFO BlockManagerMaster: Registering BlockManager BlockManagerId(driver, e4e26910a088, 42735, None)
[2026-04-29T13:27:33.031+0000] {subprocess.py:106} INFO - 26/04/29 13:27:33 INFO BlockManagerMasterEndpoint: Registering block manager e4e26910a088:42735 with 434.4 MiB RAM, BlockManagerId(driver, e4e26910a088, 42735, None)
[2026-04-29T13:27:33.033+0000] {subprocess.py:106} INFO - 26/04/29 13:27:33 INFO BlockManagerMaster: Registered BlockManager BlockManagerId(driver, e4e26910a088, 42735, None)
[2026-04-29T13:27:33.035+0000] {subprocess.py:106} INFO - 26/04/29 13:27:33 INFO BlockManager: Initialized BlockManager: BlockManagerId(driver, e4e26910a088, 42735, None)
[2026-04-29T13:27:33.165+0000] {subprocess.py:106} INFO - 26/04/29 13:27:33 INFO SingleEventLogFileWriter: Logging events to file:/home/iceberg/spark-events/local-1777469252834.inprogress
[2026-04-29T13:27:41.937+0000] {subprocess.py:106} INFO - Running silver append versioned load for: saleslt_salesorderheader
[2026-04-29T13:27:42.768+0000] {subprocess.py:106} INFO - 26/04/29 13:27:42 WARN SparkStringUtils: Truncated the string representation of a plan since it was too large. This behavior can be adjusted by setting 'spark.sql.debug.maxToStringFields'.
[2026-04-29T13:27:46.781+0000] {subprocess.py:106} INFO - Silver incremental upsert completed successfully.
[2026-04-29T13:27:47.240+0000] {subprocess.py:110} INFO - Command exited with return code 0
[2026-04-29T13:27:47.285+0000] {taskinstance.py:341} INFO - ::group::Post task execution logs
[2026-04-29T13:27:47.286+0000] {taskinstance.py:353} INFO - Marking task as SUCCESS. dag_id=medallion_retail_pipeline, task_id=silver_layer.silver_salesorderheader, run_id=manual__2026-04-29T13:24:41.570421+00:00, execution_date=20260429T132441, start_date=20260429T132727, end_date=20260429T132747
[2026-04-29T13:27:47.351+0000] {local_task_job_runner.py:266} INFO - Task exited with return code 0
[2026-04-29T13:27:47.382+0000] {taskinstance.py:3901} INFO - 0 downstream tasks scheduled from follow-on schedule check
[2026-04-29T13:27:47.385+0000] {local_task_job_runner.py:245} INFO - ::endgroup::
[2026-04-29T13:27:47.405+0000] {standard_task_runner.py:217} INFO - Process not found (most likely exited), stop collecting metrics
