[2026-04-29T13:37:55.680+0000] {local_task_job_runner.py:123} INFO - ::group::Pre task execution logs
[2026-04-29T13:37:55.749+0000] {taskinstance.py:2614} INFO - Dependencies all met for dep_context=non-requeueable deps ti=<TaskInstance: medallion_retail_pipeline.silver_layer.silver_salesorderheader manual__2026-04-29T13:33:23.017238+00:00 [queued]>
[2026-04-29T13:37:55.778+0000] {taskinstance.py:2614} INFO - Dependencies all met for dep_context=requeueable deps ti=<TaskInstance: medallion_retail_pipeline.silver_layer.silver_salesorderheader manual__2026-04-29T13:33:23.017238+00:00 [queued]>
[2026-04-29T13:37:55.779+0000] {taskinstance.py:2867} INFO - Starting attempt 1 of 1
[2026-04-29T13:37:55.818+0000] {taskinstance.py:2890} INFO - Executing <Task(BashOperator): silver_layer.silver_salesorderheader> on 2026-04-29 13:33:23.017238+00:00
[2026-04-29T13:37:55.825+0000] {standard_task_runner.py:72} INFO - Started process 305 to run task
[2026-04-29T13:37:55.830+0000] {standard_task_runner.py:104} INFO - Running: ['***', 'tasks', 'run', 'medallion_retail_pipeline', 'silver_layer.silver_salesorderheader', 'manual__2026-04-29T13:33:23.017238+00:00', '--job-id', '27', '--raw', '--subdir', 'DAGS_FOLDER/medallion_retail_pipeline.py', '--cfg-path', '/tmp/tmpy_637r7c']
[2026-04-29T13:37:55.835+0000] {standard_task_runner.py:105} INFO - Job 27: Subtask silver_layer.silver_salesorderheader
[2026-04-29T13:37:55.950+0000] {task_command.py:467} INFO - Running <TaskInstance: medallion_retail_pipeline.silver_layer.silver_salesorderheader manual__2026-04-29T13:33:23.017238+00:00 [running]> on host 20b20d764db8
[2026-04-29T13:37:56.098+0000] {taskinstance.py:3134} INFO - Exporting env vars: AIRFLOW_CTX_DAG_OWNER='***' AIRFLOW_CTX_DAG_ID='medallion_retail_pipeline' AIRFLOW_CTX_TASK_ID='silver_layer.silver_salesorderheader' AIRFLOW_CTX_EXECUTION_DATE='2026-04-29T13:33:23.017238+00:00' AIRFLOW_CTX_TRY_NUMBER='1' AIRFLOW_CTX_DAG_RUN_ID='manual__2026-04-29T13:33:23.017238+00:00'
[2026-04-29T13:37:56.099+0000] {taskinstance.py:732} INFO - ::endgroup::
[2026-04-29T13:37:56.119+0000] {subprocess.py:78} INFO - Tmp dir root location: /tmp
[2026-04-29T13:37:56.121+0000] {subprocess.py:88} INFO - Running command: ['/usr/bin/bash', '-c', "\n    docker exec spark-iceberg bash -c '\n      cd /home/iceberg/project &&\n      spark-submit         --packages com.microsoft.sqlserver:mssql-jdbc:12.6.3.jre11         src/jobs/run_silver.py saleslt_salesorderheader\n    '\n    "]
[2026-04-29T13:37:56.132+0000] {subprocess.py:99} INFO - Output:
[2026-04-29T13:37:58.395+0000] {subprocess.py:106} INFO - :: loading settings :: url = jar:file:/opt/spark/jars/ivy-2.5.1.jar!/org/apache/ivy/core/settings/ivysettings.xml
[2026-04-29T13:37:58.497+0000] {subprocess.py:106} INFO - Ivy Default Cache set to: /root/.ivy2/cache
[2026-04-29T13:37:58.498+0000] {subprocess.py:106} INFO - The jars for the packages stored in: /root/.ivy2/jars
[2026-04-29T13:37:58.507+0000] {subprocess.py:106} INFO - com.microsoft.sqlserver#mssql-jdbc added as a dependency
[2026-04-29T13:37:58.509+0000] {subprocess.py:106} INFO - :: resolving dependencies :: org.apache.spark#spark-submit-parent-71a86980-7580-4be6-9f63-d6ecfe28d237;1.0
[2026-04-29T13:37:58.510+0000] {subprocess.py:106} INFO - 	confs: [default]
[2026-04-29T13:37:58.677+0000] {subprocess.py:106} INFO - 	found com.microsoft.sqlserver#mssql-jdbc;12.6.3.jre11 in central
[2026-04-29T13:37:58.704+0000] {subprocess.py:106} INFO - :: resolution report :: resolve 186ms :: artifacts dl 6ms
[2026-04-29T13:37:58.706+0000] {subprocess.py:106} INFO - 	:: modules in use:
[2026-04-29T13:37:58.707+0000] {subprocess.py:106} INFO - 	com.microsoft.sqlserver#mssql-jdbc;12.6.3.jre11 from central in [default]
[2026-04-29T13:37:58.708+0000] {subprocess.py:106} INFO - 	---------------------------------------------------------------------
[2026-04-29T13:37:58.709+0000] {subprocess.py:106} INFO - 	|                  |            modules            ||   artifacts   |
[2026-04-29T13:37:58.711+0000] {subprocess.py:106} INFO - 	|       conf       | number| search|dwnlded|evicted|| number|dwnlded|
[2026-04-29T13:37:58.712+0000] {subprocess.py:106} INFO - 	---------------------------------------------------------------------
[2026-04-29T13:37:58.713+0000] {subprocess.py:106} INFO - 	|      default     |   1   |   0   |   0   |   0   ||   1   |   0   |
[2026-04-29T13:37:58.714+0000] {subprocess.py:106} INFO - 	---------------------------------------------------------------------
[2026-04-29T13:37:58.716+0000] {subprocess.py:106} INFO - :: retrieving :: org.apache.spark#spark-submit-parent-71a86980-7580-4be6-9f63-d6ecfe28d237
[2026-04-29T13:37:58.719+0000] {subprocess.py:106} INFO - 	confs: [default]
[2026-04-29T13:37:58.726+0000] {subprocess.py:106} INFO - 	0 artifacts copied, 1 already retrieved (0kB/12ms)
[2026-04-29T13:37:59.045+0000] {subprocess.py:106} INFO - 26/04/29 13:37:59 WARN NativeCodeLoader: Unable to load native-hadoop library for your platform... using builtin-java classes where applicable
[2026-04-29T13:38:00.672+0000] {subprocess.py:106} INFO - 26/04/29 13:38:00 INFO SparkContext: Running Spark version 3.5.5
[2026-04-29T13:38:00.673+0000] {subprocess.py:106} INFO - 26/04/29 13:38:00 INFO SparkContext: OS info Linux, 6.6.87.2-microsoft-standard-WSL2, amd64
[2026-04-29T13:38:00.674+0000] {subprocess.py:106} INFO - 26/04/29 13:38:00 INFO SparkContext: Java version 17.0.14
[2026-04-29T13:38:00.702+0000] {subprocess.py:106} INFO - 26/04/29 13:38:00 INFO ResourceUtils: ==============================================================
[2026-04-29T13:38:00.703+0000] {subprocess.py:106} INFO - 26/04/29 13:38:00 INFO ResourceUtils: No custom resources configured for spark.driver.
[2026-04-29T13:38:00.705+0000] {subprocess.py:106} INFO - 26/04/29 13:38:00 INFO ResourceUtils: ==============================================================
[2026-04-29T13:38:00.706+0000] {subprocess.py:106} INFO - 26/04/29 13:38:00 INFO SparkContext: Submitted application: silver-saleslt_salesorderheader
[2026-04-29T13:38:00.735+0000] {subprocess.py:106} INFO - 26/04/29 13:38:00 INFO ResourceProfile: Default ResourceProfile created, executor resources: Map(cores -> name: cores, amount: 1, script: , vendor: , memory -> name: memory, amount: 1024, script: , vendor: , offHeap -> name: offHeap, amount: 0, script: , vendor: ), task resources: Map(cpus -> name: cpus, amount: 1.0)
[2026-04-29T13:38:00.750+0000] {subprocess.py:106} INFO - 26/04/29 13:38:00 INFO ResourceProfile: Limiting resource is cpu
[2026-04-29T13:38:00.751+0000] {subprocess.py:106} INFO - 26/04/29 13:38:00 INFO ResourceProfileManager: Added ResourceProfile id: 0
[2026-04-29T13:38:00.822+0000] {subprocess.py:106} INFO - 26/04/29 13:38:00 INFO SecurityManager: Changing view acls to: root
[2026-04-29T13:38:00.823+0000] {subprocess.py:106} INFO - 26/04/29 13:38:00 INFO SecurityManager: Changing modify acls to: root
[2026-04-29T13:38:00.824+0000] {subprocess.py:106} INFO - 26/04/29 13:38:00 INFO SecurityManager: Changing view acls groups to:
[2026-04-29T13:38:00.826+0000] {subprocess.py:106} INFO - 26/04/29 13:38:00 INFO SecurityManager: Changing modify acls groups to:
[2026-04-29T13:38:00.827+0000] {subprocess.py:106} INFO - 26/04/29 13:38:00 INFO SecurityManager: SecurityManager: authentication disabled; ui acls disabled; users with view permissions: root; groups with view permissions: EMPTY; users with modify permissions: root; groups with modify permissions: EMPTY
[2026-04-29T13:38:01.111+0000] {subprocess.py:106} INFO - 26/04/29 13:38:01 INFO Utils: Successfully started service 'sparkDriver' on port 45939.
[2026-04-29T13:38:01.146+0000] {subprocess.py:106} INFO - 26/04/29 13:38:01 INFO SparkEnv: Registering MapOutputTracker
[2026-04-29T13:38:01.189+0000] {subprocess.py:106} INFO - 26/04/29 13:38:01 INFO SparkEnv: Registering BlockManagerMaster
[2026-04-29T13:38:01.217+0000] {subprocess.py:106} INFO - 26/04/29 13:38:01 INFO BlockManagerMasterEndpoint: Using org.apache.spark.storage.DefaultTopologyMapper for getting topology information
[2026-04-29T13:38:01.218+0000] {subprocess.py:106} INFO - 26/04/29 13:38:01 INFO BlockManagerMasterEndpoint: BlockManagerMasterEndpoint up
[2026-04-29T13:38:01.228+0000] {subprocess.py:106} INFO - 26/04/29 13:38:01 INFO SparkEnv: Registering BlockManagerMasterHeartbeat
[2026-04-29T13:38:01.252+0000] {subprocess.py:106} INFO - 26/04/29 13:38:01 INFO DiskBlockManager: Created local directory at /tmp/blockmgr-d616abd9-d51e-420b-9541-103623e2f822
[2026-04-29T13:38:01.273+0000] {subprocess.py:106} INFO - 26/04/29 13:38:01 INFO MemoryStore: MemoryStore started with capacity 434.4 MiB
[2026-04-29T13:38:01.436+0000] {subprocess.py:106} INFO - 26/04/29 13:38:01 INFO SparkEnv: Registering OutputCommitCoordinator
[2026-04-29T13:38:01.740+0000] {subprocess.py:106} INFO - 26/04/29 13:38:01 INFO JettyUtils: Start Jetty 0.0.0.0:4040 for SparkUI
[2026-04-29T13:38:01.838+0000] {subprocess.py:106} INFO - 26/04/29 13:38:01 WARN Utils: Service 'SparkUI' could not bind on port 4040. Attempting port 4041.
[2026-04-29T13:38:01.849+0000] {subprocess.py:106} INFO - 26/04/29 13:38:01 INFO Utils: Successfully started service 'SparkUI' on port 4041.
[2026-04-29T13:38:01.905+0000] {subprocess.py:106} INFO - 26/04/29 13:38:01 INFO SparkContext: Added JAR file:///root/.ivy2/jars/com.microsoft.sqlserver_mssql-jdbc-12.6.3.jre11.jar at spark://e4e26910a088:45939/jars/com.microsoft.sqlserver_mssql-jdbc-12.6.3.jre11.jar with timestamp 1777469880662
[2026-04-29T13:38:01.910+0000] {subprocess.py:106} INFO - 26/04/29 13:38:01 INFO SparkContext: Added file file:///root/.ivy2/jars/com.microsoft.sqlserver_mssql-jdbc-12.6.3.jre11.jar at file:///root/.ivy2/jars/com.microsoft.sqlserver_mssql-jdbc-12.6.3.jre11.jar with timestamp 1777469880662
[2026-04-29T13:38:01.912+0000] {subprocess.py:106} INFO - 26/04/29 13:38:01 INFO Utils: Copying /root/.ivy2/jars/com.microsoft.sqlserver_mssql-jdbc-12.6.3.jre11.jar to /tmp/spark-0b5d65b0-1277-49ac-8592-4c358947d3f2/userFiles-1c1b28ee-1f57-471f-ac1e-def172ebe9cd/com.microsoft.sqlserver_mssql-jdbc-12.6.3.jre11.jar
[2026-04-29T13:38:02.027+0000] {subprocess.py:106} INFO - 26/04/29 13:38:02 INFO Executor: Starting executor ID driver on host e4e26910a088
[2026-04-29T13:38:02.028+0000] {subprocess.py:106} INFO - 26/04/29 13:38:02 INFO Executor: OS info Linux, 6.6.87.2-microsoft-standard-WSL2, amd64
[2026-04-29T13:38:02.029+0000] {subprocess.py:106} INFO - 26/04/29 13:38:02 INFO Executor: Java version 17.0.14
[2026-04-29T13:38:02.038+0000] {subprocess.py:106} INFO - 26/04/29 13:38:02 INFO Executor: Starting executor with user classpath (userClassPathFirst = false): ''
[2026-04-29T13:38:02.039+0000] {subprocess.py:106} INFO - 26/04/29 13:38:02 INFO Executor: Created or updated repl class loader org.apache.spark.util.MutableURLClassLoader@3b3d1581 for default.
[2026-04-29T13:38:02.056+0000] {subprocess.py:106} INFO - 26/04/29 13:38:02 INFO Executor: Fetching file:///root/.ivy2/jars/com.microsoft.sqlserver_mssql-jdbc-12.6.3.jre11.jar with timestamp 1777469880662
[2026-04-29T13:38:02.086+0000] {subprocess.py:106} INFO - 26/04/29 13:38:02 INFO Utils: /root/.ivy2/jars/com.microsoft.sqlserver_mssql-jdbc-12.6.3.jre11.jar has been previously copied to /tmp/spark-0b5d65b0-1277-49ac-8592-4c358947d3f2/userFiles-1c1b28ee-1f57-471f-ac1e-def172ebe9cd/com.microsoft.sqlserver_mssql-jdbc-12.6.3.jre11.jar
[2026-04-29T13:38:02.093+0000] {subprocess.py:106} INFO - 26/04/29 13:38:02 INFO Executor: Fetching spark://e4e26910a088:45939/jars/com.microsoft.sqlserver_mssql-jdbc-12.6.3.jre11.jar with timestamp 1777469880662
[2026-04-29T13:38:02.127+0000] {subprocess.py:106} INFO - 26/04/29 13:38:02 INFO TransportClientFactory: Successfully created connection to e4e26910a088/172.18.0.5:45939 after 23 ms (0 ms spent in bootstraps)
[2026-04-29T13:38:02.134+0000] {subprocess.py:106} INFO - 26/04/29 13:38:02 INFO Utils: Fetching spark://e4e26910a088:45939/jars/com.microsoft.sqlserver_mssql-jdbc-12.6.3.jre11.jar to /tmp/spark-0b5d65b0-1277-49ac-8592-4c358947d3f2/userFiles-1c1b28ee-1f57-471f-ac1e-def172ebe9cd/fetchFileTemp14062603491468771881.tmp
[2026-04-29T13:38:02.168+0000] {subprocess.py:106} INFO - 26/04/29 13:38:02 INFO Utils: /tmp/spark-0b5d65b0-1277-49ac-8592-4c358947d3f2/userFiles-1c1b28ee-1f57-471f-ac1e-def172ebe9cd/fetchFileTemp14062603491468771881.tmp has been previously copied to /tmp/spark-0b5d65b0-1277-49ac-8592-4c358947d3f2/userFiles-1c1b28ee-1f57-471f-ac1e-def172ebe9cd/com.microsoft.sqlserver_mssql-jdbc-12.6.3.jre11.jar
[2026-04-29T13:38:02.175+0000] {subprocess.py:106} INFO - 26/04/29 13:38:02 INFO Executor: Adding file:/tmp/spark-0b5d65b0-1277-49ac-8592-4c358947d3f2/userFiles-1c1b28ee-1f57-471f-ac1e-def172ebe9cd/com.microsoft.sqlserver_mssql-jdbc-12.6.3.jre11.jar to class loader default
[2026-04-29T13:38:02.188+0000] {subprocess.py:106} INFO - 26/04/29 13:38:02 INFO Utils: Successfully started service 'org.apache.spark.network.netty.NettyBlockTransferService' on port 44155.
[2026-04-29T13:38:02.189+0000] {subprocess.py:106} INFO - 26/04/29 13:38:02 INFO NettyBlockTransferService: Server created on e4e26910a088:44155
[2026-04-29T13:38:02.190+0000] {subprocess.py:106} INFO - 26/04/29 13:38:02 INFO BlockManager: Using org.apache.spark.storage.RandomBlockReplicationPolicy for block replication policy
[2026-04-29T13:38:02.197+0000] {subprocess.py:106} INFO - 26/04/29 13:38:02 INFO BlockManagerMaster: Registering BlockManager BlockManagerId(driver, e4e26910a088, 44155, None)
[2026-04-29T13:38:02.201+0000] {subprocess.py:106} INFO - 26/04/29 13:38:02 INFO BlockManagerMasterEndpoint: Registering block manager e4e26910a088:44155 with 434.4 MiB RAM, BlockManagerId(driver, e4e26910a088, 44155, None)
[2026-04-29T13:38:02.204+0000] {subprocess.py:106} INFO - 26/04/29 13:38:02 INFO BlockManagerMaster: Registered BlockManager BlockManagerId(driver, e4e26910a088, 44155, None)
[2026-04-29T13:38:02.208+0000] {subprocess.py:106} INFO - 26/04/29 13:38:02 INFO BlockManager: Initialized BlockManager: BlockManagerId(driver, e4e26910a088, 44155, None)
[2026-04-29T13:38:02.370+0000] {subprocess.py:106} INFO - 26/04/29 13:38:02 INFO SingleEventLogFileWriter: Logging events to file:/home/iceberg/spark-events/local-1777469881974.inprogress
[2026-04-29T13:38:11.514+0000] {subprocess.py:106} INFO - Running silver append versioned load for: saleslt_salesorderheader
[2026-04-29T13:38:12.441+0000] {subprocess.py:106} INFO - 26/04/29 13:38:12 WARN SparkStringUtils: Truncated the string representation of a plan since it was too large. This behavior can be adjusted by setting 'spark.sql.debug.maxToStringFields'.
[2026-04-29T13:38:15.716+0000] {subprocess.py:106} INFO - Silver incremental upsert completed successfully.
[2026-04-29T13:38:16.269+0000] {subprocess.py:110} INFO - Command exited with return code 0
[2026-04-29T13:38:16.313+0000] {taskinstance.py:341} INFO - ::group::Post task execution logs
[2026-04-29T13:38:16.314+0000] {taskinstance.py:353} INFO - Marking task as SUCCESS. dag_id=medallion_retail_pipeline, task_id=silver_layer.silver_salesorderheader, run_id=manual__2026-04-29T13:33:23.017238+00:00, execution_date=20260429T133323, start_date=20260429T133755, end_date=20260429T133816
[2026-04-29T13:38:16.370+0000] {local_task_job_runner.py:266} INFO - Task exited with return code 0
[2026-04-29T13:38:16.420+0000] {taskinstance.py:3901} INFO - 0 downstream tasks scheduled from follow-on schedule check
[2026-04-29T13:38:16.423+0000] {local_task_job_runner.py:245} INFO - ::endgroup::
