[2026-04-29T13:28:17.207+0000] {local_task_job_runner.py:123} INFO - ::group::Pre task execution logs
[2026-04-29T13:28:17.241+0000] {taskinstance.py:2614} INFO - Dependencies all met for dep_context=non-requeueable deps ti=<TaskInstance: medallion_retail_pipeline.gold_layer.gold_all manual__2026-04-29T13:24:41.570421+00:00 [queued]>
[2026-04-29T13:28:17.259+0000] {taskinstance.py:2614} INFO - Dependencies all met for dep_context=requeueable deps ti=<TaskInstance: medallion_retail_pipeline.gold_layer.gold_all manual__2026-04-29T13:24:41.570421+00:00 [queued]>
[2026-04-29T13:28:17.260+0000] {taskinstance.py:2867} INFO - Starting attempt 1 of 1
[2026-04-29T13:28:17.278+0000] {taskinstance.py:2890} INFO - Executing <Task(BashOperator): gold_layer.gold_all> on 2026-04-29 13:24:41.570421+00:00
[2026-04-29T13:28:17.287+0000] {standard_task_runner.py:72} INFO - Started process 255 to run task
[2026-04-29T13:28:17.291+0000] {standard_task_runner.py:104} INFO - Running: ['***', 'tasks', 'run', 'medallion_retail_pipeline', 'gold_layer.gold_all', 'manual__2026-04-29T13:24:41.570421+00:00', '--job-id', '14', '--raw', '--subdir', 'DAGS_FOLDER/medallion_retail_pipeline.py', '--cfg-path', '/tmp/tmpfwqhi11b']
[2026-04-29T13:28:17.294+0000] {standard_task_runner.py:105} INFO - Job 14: Subtask gold_layer.gold_all
[2026-04-29T13:28:17.376+0000] {task_command.py:467} INFO - Running <TaskInstance: medallion_retail_pipeline.gold_layer.gold_all manual__2026-04-29T13:24:41.570421+00:00 [running]> on host 20b20d764db8
[2026-04-29T13:28:17.478+0000] {taskinstance.py:3134} INFO - Exporting env vars: AIRFLOW_CTX_DAG_OWNER='***' AIRFLOW_CTX_DAG_ID='medallion_retail_pipeline' AIRFLOW_CTX_TASK_ID='gold_layer.gold_all' AIRFLOW_CTX_EXECUTION_DATE='2026-04-29T13:24:41.570421+00:00' AIRFLOW_CTX_TRY_NUMBER='1' AIRFLOW_CTX_DAG_RUN_ID='manual__2026-04-29T13:24:41.570421+00:00'
[2026-04-29T13:28:17.479+0000] {taskinstance.py:732} INFO - ::endgroup::
[2026-04-29T13:28:17.497+0000] {subprocess.py:78} INFO - Tmp dir root location: /tmp
[2026-04-29T13:28:17.499+0000] {subprocess.py:88} INFO - Running command: ['/usr/bin/bash', '-c', "\n    docker exec spark-iceberg bash -c '\n      cd /home/iceberg/project &&\n      spark-submit         --packages com.microsoft.sqlserver:mssql-jdbc:12.6.3.jre11         src/jobs/run_gold.py\n    '\n    "]
[2026-04-29T13:28:17.510+0000] {subprocess.py:99} INFO - Output:
[2026-04-29T13:28:19.612+0000] {subprocess.py:106} INFO - :: loading settings :: url = jar:file:/opt/spark/jars/ivy-2.5.1.jar!/org/apache/ivy/core/settings/ivysettings.xml
[2026-04-29T13:28:19.695+0000] {subprocess.py:106} INFO - Ivy Default Cache set to: /root/.ivy2/cache
[2026-04-29T13:28:19.695+0000] {subprocess.py:106} INFO - The jars for the packages stored in: /root/.ivy2/jars
[2026-04-29T13:28:19.700+0000] {subprocess.py:106} INFO - com.microsoft.sqlserver#mssql-jdbc added as a dependency
[2026-04-29T13:28:19.701+0000] {subprocess.py:106} INFO - :: resolving dependencies :: org.apache.spark#spark-submit-parent-95d7fd16-6ba3-45a9-8944-4138108db843;1.0
[2026-04-29T13:28:19.702+0000] {subprocess.py:106} INFO - 	confs: [default]
[2026-04-29T13:28:19.826+0000] {subprocess.py:106} INFO - 	found com.microsoft.sqlserver#mssql-jdbc;12.6.3.jre11 in central
[2026-04-29T13:28:19.855+0000] {subprocess.py:106} INFO - :: resolution report :: resolve 147ms :: artifacts dl 6ms
[2026-04-29T13:28:19.857+0000] {subprocess.py:106} INFO - 	:: modules in use:
[2026-04-29T13:28:19.861+0000] {subprocess.py:106} INFO - 	com.microsoft.sqlserver#mssql-jdbc;12.6.3.jre11 from central in [default]
[2026-04-29T13:28:19.862+0000] {subprocess.py:106} INFO - 	---------------------------------------------------------------------
[2026-04-29T13:28:19.863+0000] {subprocess.py:106} INFO - 	|                  |            modules            ||   artifacts   |
[2026-04-29T13:28:19.865+0000] {subprocess.py:106} INFO - 	|       conf       | number| search|dwnlded|evicted|| number|dwnlded|
[2026-04-29T13:28:19.866+0000] {subprocess.py:106} INFO - 	---------------------------------------------------------------------
[2026-04-29T13:28:19.867+0000] {subprocess.py:106} INFO - 	|      default     |   1   |   0   |   0   |   0   ||   1   |   0   |
[2026-04-29T13:28:19.867+0000] {subprocess.py:106} INFO - 	---------------------------------------------------------------------
[2026-04-29T13:28:19.868+0000] {subprocess.py:106} INFO - :: retrieving :: org.apache.spark#spark-submit-parent-95d7fd16-6ba3-45a9-8944-4138108db843
[2026-04-29T13:28:19.869+0000] {subprocess.py:106} INFO - 	confs: [default]
[2026-04-29T13:28:19.870+0000] {subprocess.py:106} INFO - 	0 artifacts copied, 1 already retrieved (0kB/5ms)
[2026-04-29T13:28:20.107+0000] {subprocess.py:106} INFO - 26/04/29 13:28:20 WARN NativeCodeLoader: Unable to load native-hadoop library for your platform... using builtin-java classes where applicable
[2026-04-29T13:28:21.604+0000] {subprocess.py:106} INFO - Traceback (most recent call last):
[2026-04-29T13:28:21.605+0000] {subprocess.py:106} INFO -   File "/home/iceberg/project/src/jobs/run_gold.py", line 14, in <module>
[2026-04-29T13:28:21.610+0000] {subprocess.py:106} INFO -     main()
[2026-04-29T13:28:21.610+0000] {subprocess.py:106} INFO -   File "/home/iceberg/project/src/jobs/run_gold.py", line 8, in main
[2026-04-29T13:28:21.615+0000] {subprocess.py:106} INFO -     raise ValueError("Usage: spark-submit src/jobs/run_gold.py <sql_file>")
[2026-04-29T13:28:21.616+0000] {subprocess.py:106} INFO - ValueError: Usage: spark-submit src/jobs/run_gold.py <sql_file>
[2026-04-29T13:28:21.660+0000] {subprocess.py:106} INFO - 26/04/29 13:28:21 INFO ShutdownHookManager: Shutdown hook called
[2026-04-29T13:28:21.661+0000] {subprocess.py:106} INFO - 26/04/29 13:28:21 INFO ShutdownHookManager: Deleting directory /tmp/spark-a100473c-e8cd-4161-9c73-907c8b8aa390
[2026-04-29T13:28:21.713+0000] {subprocess.py:110} INFO - Command exited with return code 1
[2026-04-29T13:28:21.731+0000] {taskinstance.py:3313} ERROR - Task failed with exception
Traceback (most recent call last):
  File "/home/airflow/.local/lib/python3.12/site-packages/airflow/models/taskinstance.py", line 768, in _execute_task
    result = _execute_callable(context=context, **execute_callable_kwargs)
             ^^^^^^^^^^^^^^^^^^^^^^^^^^^^^^^^^^^^^^^^^^^^^^^^^^^^^^^^^^^^^
  File "/home/airflow/.local/lib/python3.12/site-packages/airflow/models/taskinstance.py", line 734, in _execute_callable
    return ExecutionCallableRunner(
           ^^^^^^^^^^^^^^^^^^^^^^^^
  File "/home/airflow/.local/lib/python3.12/site-packages/airflow/utils/operator_helpers.py", line 252, in run
    return self.func(*args, **kwargs)
           ^^^^^^^^^^^^^^^^^^^^^^^^^^
  File "/home/airflow/.local/lib/python3.12/site-packages/airflow/models/baseoperator.py", line 424, in wrapper
    return func(self, *args, **kwargs)
           ^^^^^^^^^^^^^^^^^^^^^^^^^^^
  File "/home/airflow/.local/lib/python3.12/site-packages/airflow/operators/bash.py", line 276, in execute
    raise AirflowException(
airflow.exceptions.AirflowException: Bash command failed. The command returned a non-zero exit code 1.
[2026-04-29T13:28:21.736+0000] {taskinstance.py:1226} INFO - Marking task as FAILED. dag_id=medallion_retail_pipeline, task_id=gold_layer.gold_all, run_id=manual__2026-04-29T13:24:41.570421+00:00, execution_date=20260429T132441, start_date=20260429T132817, end_date=20260429T132821
[2026-04-29T13:28:21.779+0000] {taskinstance.py:341} INFO - ::group::Post task execution logs
[2026-04-29T13:28:21.780+0000] {standard_task_runner.py:124} ERROR - Failed to execute job 14 for task gold_layer.gold_all (Bash command failed. The command returned a non-zero exit code 1.; 255)
Traceback (most recent call last):
  File "/home/airflow/.local/lib/python3.12/site-packages/airflow/task/task_runner/standard_task_runner.py", line 117, in _start_by_fork
    ret = args.func(args, dag=self.dag)
          ^^^^^^^^^^^^^^^^^^^^^^^^^^^^^
  File "/home/airflow/.local/lib/python3.12/site-packages/airflow/cli/cli_config.py", line 49, in command
    return func(*args, **kwargs)
           ^^^^^^^^^^^^^^^^^^^^^
  File "/home/airflow/.local/lib/python3.12/site-packages/airflow/utils/cli.py", line 116, in wrapper
    return f(*args, **kwargs)
           ^^^^^^^^^^^^^^^^^^
  File "/home/airflow/.local/lib/python3.12/site-packages/airflow/cli/commands/task_command.py", line 483, in task_run
    task_return_code = _run_task_by_selected_method(args, _dag, ti)
                       ^^^^^^^^^^^^^^^^^^^^^^^^^^^^^^^^^^^^^^^^^^^^
  File "/home/airflow/.local/lib/python3.12/site-packages/airflow/cli/commands/task_command.py", line 256, in _run_task_by_selected_method
    return _run_raw_task(args, ti)
           ^^^^^^^^^^^^^^^^^^^^^^^
  File "/home/airflow/.local/lib/python3.12/site-packages/airflow/cli/commands/task_command.py", line 341, in _run_raw_task
    return ti._run_raw_task(
           ^^^^^^^^^^^^^^^^^
  File "/home/airflow/.local/lib/python3.12/site-packages/airflow/utils/session.py", line 97, in wrapper
    return func(*args, session=session, **kwargs)
           ^^^^^^^^^^^^^^^^^^^^^^^^^^^^^^^^^^^^^^
  File "/home/airflow/.local/lib/python3.12/site-packages/airflow/models/taskinstance.py", line 3006, in _run_raw_task
    return _run_raw_task(
           ^^^^^^^^^^^^^^
  File "/home/airflow/.local/lib/python3.12/site-packages/airflow/models/taskinstance.py", line 274, in _run_raw_task
    TaskInstance._execute_task_with_callbacks(
  File "/home/airflow/.local/lib/python3.12/site-packages/airflow/models/taskinstance.py", line 3161, in _execute_task_with_callbacks
    result = self._execute_task(context, task_orig)
             ^^^^^^^^^^^^^^^^^^^^^^^^^^^^^^^^^^^^^^
  File "/home/airflow/.local/lib/python3.12/site-packages/airflow/models/taskinstance.py", line 3185, in _execute_task
    return _execute_task(self, context, task_orig)
           ^^^^^^^^^^^^^^^^^^^^^^^^^^^^^^^^^^^^^^^
  File "/home/airflow/.local/lib/python3.12/site-packages/airflow/models/taskinstance.py", line 768, in _execute_task
    result = _execute_callable(context=context, **execute_callable_kwargs)
             ^^^^^^^^^^^^^^^^^^^^^^^^^^^^^^^^^^^^^^^^^^^^^^^^^^^^^^^^^^^^^
  File "/home/airflow/.local/lib/python3.12/site-packages/airflow/models/taskinstance.py", line 734, in _execute_callable
    return ExecutionCallableRunner(
           ^^^^^^^^^^^^^^^^^^^^^^^^
  File "/home/airflow/.local/lib/python3.12/site-packages/airflow/utils/operator_helpers.py", line 252, in run
    return self.func(*args, **kwargs)
           ^^^^^^^^^^^^^^^^^^^^^^^^^^
  File "/home/airflow/.local/lib/python3.12/site-packages/airflow/models/baseoperator.py", line 424, in wrapper
    return func(self, *args, **kwargs)
           ^^^^^^^^^^^^^^^^^^^^^^^^^^^
  File "/home/airflow/.local/lib/python3.12/site-packages/airflow/operators/bash.py", line 276, in execute
    raise AirflowException(
airflow.exceptions.AirflowException: Bash command failed. The command returned a non-zero exit code 1.
[2026-04-29T13:28:21.804+0000] {local_task_job_runner.py:266} INFO - Task exited with return code 1
[2026-04-29T13:28:21.827+0000] {taskinstance.py:3901} INFO - 0 downstream tasks scheduled from follow-on schedule check
[2026-04-29T13:28:21.830+0000] {local_task_job_runner.py:245} INFO - ::endgroup::
