[2026-04-29T13:22:37.731+0000] {processor.py:186} INFO - Started process (PID=48) to work on /opt/airflow/dags/init_salesorderdetail_snapshot.py
[2026-04-29T13:22:37.732+0000] {processor.py:914} INFO - Processing file /opt/airflow/dags/init_salesorderdetail_snapshot.py for tasks to queue
[2026-04-29T13:22:37.735+0000] {logging_mixin.py:190} INFO - [2026-04-29T13:22:37.735+0000] {dagbag.py:588} INFO - Filling up the DagBag from /opt/airflow/dags/init_salesorderdetail_snapshot.py
[2026-04-29T13:22:37.768+0000] {processor.py:925} INFO - DAG(s) 'init_salesorderdetail_snapshot' retrieved from /opt/airflow/dags/init_salesorderdetail_snapshot.py
[2026-04-29T13:22:37.915+0000] {logging_mixin.py:190} INFO - [2026-04-29T13:22:37.915+0000] {override.py:1912} INFO - Created Permission View: can edit on DAG:init_salesorderdetail_snapshot
[2026-04-29T13:22:37.931+0000] {logging_mixin.py:190} INFO - [2026-04-29T13:22:37.930+0000] {override.py:1912} INFO - Created Permission View: can read on DAG:init_salesorderdetail_snapshot
[2026-04-29T13:22:37.940+0000] {logging_mixin.py:190} INFO - [2026-04-29T13:22:37.940+0000] {override.py:1912} INFO - Created Permission View: can delete on DAG:init_salesorderdetail_snapshot
[2026-04-29T13:22:37.952+0000] {logging_mixin.py:190} INFO - [2026-04-29T13:22:37.952+0000] {override.py:1912} INFO - Created Permission View: menu access on DAG Run:init_salesorderdetail_snapshot
[2026-04-29T13:22:37.962+0000] {logging_mixin.py:190} INFO - [2026-04-29T13:22:37.961+0000] {override.py:1912} INFO - Created Permission View: can create on DAG Run:init_salesorderdetail_snapshot
[2026-04-29T13:22:37.971+0000] {logging_mixin.py:190} INFO - [2026-04-29T13:22:37.971+0000] {override.py:1912} INFO - Created Permission View: can read on DAG Run:init_salesorderdetail_snapshot
[2026-04-29T13:22:37.982+0000] {logging_mixin.py:190} INFO - [2026-04-29T13:22:37.982+0000] {override.py:1912} INFO - Created Permission View: can delete on DAG Run:init_salesorderdetail_snapshot
[2026-04-29T13:22:37.983+0000] {logging_mixin.py:190} INFO - [2026-04-29T13:22:37.983+0000] {dag.py:3239} INFO - Sync 1 DAGs
[2026-04-29T13:22:38.000+0000] {logging_mixin.py:190} INFO - [2026-04-29T13:22:38.000+0000] {dag.py:3262} INFO - Creating ORM DAG for init_salesorderdetail_snapshot
[2026-04-29T13:22:38.001+0000] {logging_mixin.py:190} INFO - [2026-04-29T13:22:38.001+0000] {dag.py:4180} INFO - Setting next_dagrun for init_salesorderdetail_snapshot to None, run_after=None
[2026-04-29T13:22:38.030+0000] {processor.py:208} INFO - Processing /opt/airflow/dags/init_salesorderdetail_snapshot.py took 0.307 seconds
[2026-04-29T13:23:08.162+0000] {processor.py:186} INFO - Started process (PID=50) to work on /opt/airflow/dags/init_salesorderdetail_snapshot.py
[2026-04-29T13:23:08.163+0000] {processor.py:914} INFO - Processing file /opt/airflow/dags/init_salesorderdetail_snapshot.py for tasks to queue
[2026-04-29T13:23:08.166+0000] {logging_mixin.py:190} INFO - [2026-04-29T13:23:08.166+0000] {dagbag.py:588} INFO - Filling up the DagBag from /opt/airflow/dags/init_salesorderdetail_snapshot.py
[2026-04-29T13:23:08.187+0000] {processor.py:925} INFO - DAG(s) 'init_salesorderdetail_snapshot' retrieved from /opt/airflow/dags/init_salesorderdetail_snapshot.py
[2026-04-29T13:23:08.226+0000] {logging_mixin.py:190} INFO - [2026-04-29T13:23:08.226+0000] {dag.py:3239} INFO - Sync 1 DAGs
[2026-04-29T13:23:08.246+0000] {logging_mixin.py:190} INFO - [2026-04-29T13:23:08.246+0000] {dag.py:4180} INFO - Setting next_dagrun for init_salesorderdetail_snapshot to None, run_after=None
[2026-04-29T13:23:08.273+0000] {processor.py:208} INFO - Processing /opt/airflow/dags/init_salesorderdetail_snapshot.py took 0.119 seconds
[2026-04-29T13:23:38.633+0000] {processor.py:186} INFO - Started process (PID=53) to work on /opt/airflow/dags/init_salesorderdetail_snapshot.py
[2026-04-29T13:23:38.635+0000] {processor.py:914} INFO - Processing file /opt/airflow/dags/init_salesorderdetail_snapshot.py for tasks to queue
[2026-04-29T13:23:38.638+0000] {logging_mixin.py:190} INFO - [2026-04-29T13:23:38.638+0000] {dagbag.py:588} INFO - Filling up the DagBag from /opt/airflow/dags/init_salesorderdetail_snapshot.py
[2026-04-29T13:23:38.662+0000] {processor.py:925} INFO - DAG(s) 'init_salesorderdetail_snapshot' retrieved from /opt/airflow/dags/init_salesorderdetail_snapshot.py
[2026-04-29T13:23:38.703+0000] {logging_mixin.py:190} INFO - [2026-04-29T13:23:38.702+0000] {dag.py:3239} INFO - Sync 1 DAGs
[2026-04-29T13:23:38.723+0000] {logging_mixin.py:190} INFO - [2026-04-29T13:23:38.723+0000] {dag.py:4180} INFO - Setting next_dagrun for init_salesorderdetail_snapshot to None, run_after=None
[2026-04-29T13:23:38.755+0000] {processor.py:208} INFO - Processing /opt/airflow/dags/init_salesorderdetail_snapshot.py took 0.130 seconds
[2026-04-29T13:24:00.488+0000] {processor.py:186} INFO - Started process (PID=29) to work on /opt/airflow/dags/init_salesorderdetail_snapshot.py
[2026-04-29T13:24:00.490+0000] {processor.py:914} INFO - Processing file /opt/airflow/dags/init_salesorderdetail_snapshot.py for tasks to queue
[2026-04-29T13:24:00.493+0000] {logging_mixin.py:190} INFO - [2026-04-29T13:24:00.493+0000] {dagbag.py:588} INFO - Filling up the DagBag from /opt/airflow/dags/init_salesorderdetail_snapshot.py
[2026-04-29T13:24:00.513+0000] {processor.py:925} INFO - DAG(s) 'init_salesorderdetail_snapshot' retrieved from /opt/airflow/dags/init_salesorderdetail_snapshot.py
[2026-04-29T13:24:00.553+0000] {logging_mixin.py:190} INFO - [2026-04-29T13:24:00.552+0000] {dag.py:3239} INFO - Sync 1 DAGs
[2026-04-29T13:24:00.572+0000] {logging_mixin.py:190} INFO - [2026-04-29T13:24:00.572+0000] {dag.py:4180} INFO - Setting next_dagrun for init_salesorderdetail_snapshot to None, run_after=None
[2026-04-29T13:24:00.602+0000] {processor.py:208} INFO - Processing /opt/airflow/dags/init_salesorderdetail_snapshot.py took 0.121 seconds
[2026-04-29T13:24:30.910+0000] {processor.py:186} INFO - Started process (PID=31) to work on /opt/airflow/dags/init_salesorderdetail_snapshot.py
[2026-04-29T13:24:30.911+0000] {processor.py:914} INFO - Processing file /opt/airflow/dags/init_salesorderdetail_snapshot.py for tasks to queue
[2026-04-29T13:24:30.914+0000] {logging_mixin.py:190} INFO - [2026-04-29T13:24:30.914+0000] {dagbag.py:588} INFO - Filling up the DagBag from /opt/airflow/dags/init_salesorderdetail_snapshot.py
[2026-04-29T13:24:30.947+0000] {processor.py:925} INFO - DAG(s) 'init_salesorderdetail_snapshot' retrieved from /opt/airflow/dags/init_salesorderdetail_snapshot.py
[2026-04-29T13:24:31.008+0000] {logging_mixin.py:190} INFO - [2026-04-29T13:24:31.008+0000] {dag.py:3239} INFO - Sync 1 DAGs
[2026-04-29T13:24:31.043+0000] {logging_mixin.py:190} INFO - [2026-04-29T13:24:31.042+0000] {dag.py:4180} INFO - Setting next_dagrun for init_salesorderdetail_snapshot to None, run_after=None
[2026-04-29T13:24:31.082+0000] {processor.py:208} INFO - Processing /opt/airflow/dags/init_salesorderdetail_snapshot.py took 0.184 seconds
[2026-04-29T13:25:01.618+0000] {processor.py:186} INFO - Started process (PID=55) to work on /opt/airflow/dags/init_salesorderdetail_snapshot.py
[2026-04-29T13:25:01.619+0000] {processor.py:914} INFO - Processing file /opt/airflow/dags/init_salesorderdetail_snapshot.py for tasks to queue
[2026-04-29T13:25:01.626+0000] {logging_mixin.py:190} INFO - [2026-04-29T13:25:01.625+0000] {dagbag.py:588} INFO - Filling up the DagBag from /opt/airflow/dags/init_salesorderdetail_snapshot.py
[2026-04-29T13:25:01.686+0000] {processor.py:925} INFO - DAG(s) 'init_salesorderdetail_snapshot' retrieved from /opt/airflow/dags/init_salesorderdetail_snapshot.py
[2026-04-29T13:25:01.861+0000] {logging_mixin.py:190} INFO - [2026-04-29T13:25:01.860+0000] {dag.py:3239} INFO - Sync 1 DAGs
[2026-04-29T13:25:02.022+0000] {logging_mixin.py:190} INFO - [2026-04-29T13:25:02.021+0000] {dag.py:4180} INFO - Setting next_dagrun for init_salesorderdetail_snapshot to None, run_after=None
[2026-04-29T13:25:02.106+0000] {processor.py:208} INFO - Processing /opt/airflow/dags/init_salesorderdetail_snapshot.py took 0.551 seconds
[2026-04-29T13:25:32.494+0000] {processor.py:186} INFO - Started process (PID=79) to work on /opt/airflow/dags/init_salesorderdetail_snapshot.py
[2026-04-29T13:25:32.495+0000] {processor.py:914} INFO - Processing file /opt/airflow/dags/init_salesorderdetail_snapshot.py for tasks to queue
[2026-04-29T13:25:32.499+0000] {logging_mixin.py:190} INFO - [2026-04-29T13:25:32.498+0000] {dagbag.py:588} INFO - Filling up the DagBag from /opt/airflow/dags/init_salesorderdetail_snapshot.py
[2026-04-29T13:25:32.524+0000] {processor.py:925} INFO - DAG(s) 'init_salesorderdetail_snapshot' retrieved from /opt/airflow/dags/init_salesorderdetail_snapshot.py
[2026-04-29T13:25:32.584+0000] {logging_mixin.py:190} INFO - [2026-04-29T13:25:32.584+0000] {dag.py:3239} INFO - Sync 1 DAGs
[2026-04-29T13:25:32.630+0000] {logging_mixin.py:190} INFO - [2026-04-29T13:25:32.630+0000] {dag.py:4180} INFO - Setting next_dagrun for init_salesorderdetail_snapshot to None, run_after=None
[2026-04-29T13:25:32.668+0000] {processor.py:208} INFO - Processing /opt/airflow/dags/init_salesorderdetail_snapshot.py took 0.184 seconds
[2026-04-29T13:26:02.854+0000] {processor.py:186} INFO - Started process (PID=126) to work on /opt/airflow/dags/init_salesorderdetail_snapshot.py
[2026-04-29T13:26:02.855+0000] {processor.py:914} INFO - Processing file /opt/airflow/dags/init_salesorderdetail_snapshot.py for tasks to queue
[2026-04-29T13:26:02.861+0000] {logging_mixin.py:190} INFO - [2026-04-29T13:26:02.860+0000] {dagbag.py:588} INFO - Filling up the DagBag from /opt/airflow/dags/init_salesorderdetail_snapshot.py
[2026-04-29T13:26:02.897+0000] {processor.py:925} INFO - DAG(s) 'init_salesorderdetail_snapshot' retrieved from /opt/airflow/dags/init_salesorderdetail_snapshot.py
[2026-04-29T13:26:02.963+0000] {logging_mixin.py:190} INFO - [2026-04-29T13:26:02.962+0000] {dag.py:3239} INFO - Sync 1 DAGs
[2026-04-29T13:26:03.001+0000] {logging_mixin.py:190} INFO - [2026-04-29T13:26:03.000+0000] {dag.py:4180} INFO - Setting next_dagrun for init_salesorderdetail_snapshot to None, run_after=None
[2026-04-29T13:26:03.056+0000] {processor.py:208} INFO - Processing /opt/airflow/dags/init_salesorderdetail_snapshot.py took 0.214 seconds
[2026-04-29T13:26:33.383+0000] {processor.py:186} INFO - Started process (PID=150) to work on /opt/airflow/dags/init_salesorderdetail_snapshot.py
[2026-04-29T13:26:33.385+0000] {processor.py:914} INFO - Processing file /opt/airflow/dags/init_salesorderdetail_snapshot.py for tasks to queue
[2026-04-29T13:26:33.392+0000] {logging_mixin.py:190} INFO - [2026-04-29T13:26:33.391+0000] {dagbag.py:588} INFO - Filling up the DagBag from /opt/airflow/dags/init_salesorderdetail_snapshot.py
[2026-04-29T13:26:33.461+0000] {processor.py:925} INFO - DAG(s) 'init_salesorderdetail_snapshot' retrieved from /opt/airflow/dags/init_salesorderdetail_snapshot.py
[2026-04-29T13:26:33.532+0000] {logging_mixin.py:190} INFO - [2026-04-29T13:26:33.531+0000] {dag.py:3239} INFO - Sync 1 DAGs
[2026-04-29T13:26:33.562+0000] {logging_mixin.py:190} INFO - [2026-04-29T13:26:33.562+0000] {dag.py:4180} INFO - Setting next_dagrun for init_salesorderdetail_snapshot to None, run_after=None
[2026-04-29T13:26:33.594+0000] {processor.py:208} INFO - Processing /opt/airflow/dags/init_salesorderdetail_snapshot.py took 0.232 seconds
[2026-04-29T13:27:03.951+0000] {processor.py:186} INFO - Started process (PID=195) to work on /opt/airflow/dags/init_salesorderdetail_snapshot.py
[2026-04-29T13:27:03.953+0000] {processor.py:914} INFO - Processing file /opt/airflow/dags/init_salesorderdetail_snapshot.py for tasks to queue
[2026-04-29T13:27:03.957+0000] {logging_mixin.py:190} INFO - [2026-04-29T13:27:03.957+0000] {dagbag.py:588} INFO - Filling up the DagBag from /opt/airflow/dags/init_salesorderdetail_snapshot.py
[2026-04-29T13:27:03.990+0000] {processor.py:925} INFO - DAG(s) 'init_salesorderdetail_snapshot' retrieved from /opt/airflow/dags/init_salesorderdetail_snapshot.py
[2026-04-29T13:27:04.056+0000] {logging_mixin.py:190} INFO - [2026-04-29T13:27:04.056+0000] {dag.py:3239} INFO - Sync 1 DAGs
[2026-04-29T13:27:04.124+0000] {logging_mixin.py:190} INFO - [2026-04-29T13:27:04.124+0000] {dag.py:4180} INFO - Setting next_dagrun for init_salesorderdetail_snapshot to None, run_after=None
[2026-04-29T13:27:04.160+0000] {processor.py:208} INFO - Processing /opt/airflow/dags/init_salesorderdetail_snapshot.py took 0.222 seconds
[2026-04-29T13:27:34.310+0000] {processor.py:186} INFO - Started process (PID=220) to work on /opt/airflow/dags/init_salesorderdetail_snapshot.py
[2026-04-29T13:27:34.312+0000] {processor.py:914} INFO - Processing file /opt/airflow/dags/init_salesorderdetail_snapshot.py for tasks to queue
[2026-04-29T13:27:34.318+0000] {logging_mixin.py:190} INFO - [2026-04-29T13:27:34.317+0000] {dagbag.py:588} INFO - Filling up the DagBag from /opt/airflow/dags/init_salesorderdetail_snapshot.py
[2026-04-29T13:27:34.353+0000] {processor.py:925} INFO - DAG(s) 'init_salesorderdetail_snapshot' retrieved from /opt/airflow/dags/init_salesorderdetail_snapshot.py
[2026-04-29T13:27:34.424+0000] {logging_mixin.py:190} INFO - [2026-04-29T13:27:34.424+0000] {dag.py:3239} INFO - Sync 1 DAGs
[2026-04-29T13:27:34.678+0000] {logging_mixin.py:190} INFO - [2026-04-29T13:27:34.677+0000] {dag.py:4180} INFO - Setting next_dagrun for init_salesorderdetail_snapshot to None, run_after=None
[2026-04-29T13:27:34.730+0000] {processor.py:208} INFO - Processing /opt/airflow/dags/init_salesorderdetail_snapshot.py took 0.433 seconds
[2026-04-29T13:28:04.920+0000] {processor.py:186} INFO - Started process (PID=245) to work on /opt/airflow/dags/init_salesorderdetail_snapshot.py
[2026-04-29T13:28:04.922+0000] {processor.py:914} INFO - Processing file /opt/airflow/dags/init_salesorderdetail_snapshot.py for tasks to queue
[2026-04-29T13:28:04.930+0000] {logging_mixin.py:190} INFO - [2026-04-29T13:28:04.928+0000] {dagbag.py:588} INFO - Filling up the DagBag from /opt/airflow/dags/init_salesorderdetail_snapshot.py
[2026-04-29T13:28:04.990+0000] {processor.py:925} INFO - DAG(s) 'init_salesorderdetail_snapshot' retrieved from /opt/airflow/dags/init_salesorderdetail_snapshot.py
[2026-04-29T13:28:05.056+0000] {logging_mixin.py:190} INFO - [2026-04-29T13:28:05.056+0000] {dag.py:3239} INFO - Sync 1 DAGs
[2026-04-29T13:28:05.101+0000] {logging_mixin.py:190} INFO - [2026-04-29T13:28:05.100+0000] {dag.py:4180} INFO - Setting next_dagrun for init_salesorderdetail_snapshot to None, run_after=None
[2026-04-29T13:28:05.149+0000] {processor.py:208} INFO - Processing /opt/airflow/dags/init_salesorderdetail_snapshot.py took 0.259 seconds
[2026-04-29T13:28:35.384+0000] {processor.py:186} INFO - Started process (PID=270) to work on /opt/airflow/dags/init_salesorderdetail_snapshot.py
[2026-04-29T13:28:35.387+0000] {processor.py:914} INFO - Processing file /opt/airflow/dags/init_salesorderdetail_snapshot.py for tasks to queue
[2026-04-29T13:28:35.391+0000] {logging_mixin.py:190} INFO - [2026-04-29T13:28:35.391+0000] {dagbag.py:588} INFO - Filling up the DagBag from /opt/airflow/dags/init_salesorderdetail_snapshot.py
[2026-04-29T13:28:35.416+0000] {processor.py:925} INFO - DAG(s) 'init_salesorderdetail_snapshot' retrieved from /opt/airflow/dags/init_salesorderdetail_snapshot.py
[2026-04-29T13:28:35.457+0000] {logging_mixin.py:190} INFO - [2026-04-29T13:28:35.456+0000] {dag.py:3239} INFO - Sync 1 DAGs
[2026-04-29T13:28:35.477+0000] {logging_mixin.py:190} INFO - [2026-04-29T13:28:35.477+0000] {dag.py:4180} INFO - Setting next_dagrun for init_salesorderdetail_snapshot to None, run_after=None
[2026-04-29T13:28:35.503+0000] {processor.py:208} INFO - Processing /opt/airflow/dags/init_salesorderdetail_snapshot.py took 0.128 seconds
[2026-04-29T13:29:05.783+0000] {processor.py:186} INFO - Started process (PID=272) to work on /opt/airflow/dags/init_salesorderdetail_snapshot.py
[2026-04-29T13:29:05.784+0000] {processor.py:914} INFO - Processing file /opt/airflow/dags/init_salesorderdetail_snapshot.py for tasks to queue
[2026-04-29T13:29:05.788+0000] {logging_mixin.py:190} INFO - [2026-04-29T13:29:05.787+0000] {dagbag.py:588} INFO - Filling up the DagBag from /opt/airflow/dags/init_salesorderdetail_snapshot.py
[2026-04-29T13:29:05.809+0000] {processor.py:925} INFO - DAG(s) 'init_salesorderdetail_snapshot' retrieved from /opt/airflow/dags/init_salesorderdetail_snapshot.py
[2026-04-29T13:29:05.849+0000] {logging_mixin.py:190} INFO - [2026-04-29T13:29:05.848+0000] {dag.py:3239} INFO - Sync 1 DAGs
[2026-04-29T13:29:05.868+0000] {logging_mixin.py:190} INFO - [2026-04-29T13:29:05.867+0000] {dag.py:4180} INFO - Setting next_dagrun for init_salesorderdetail_snapshot to None, run_after=None
[2026-04-29T13:29:05.895+0000] {processor.py:208} INFO - Processing /opt/airflow/dags/init_salesorderdetail_snapshot.py took 0.121 seconds
[2026-04-29T13:29:36.154+0000] {processor.py:186} INFO - Started process (PID=274) to work on /opt/airflow/dags/init_salesorderdetail_snapshot.py
[2026-04-29T13:29:36.155+0000] {processor.py:914} INFO - Processing file /opt/airflow/dags/init_salesorderdetail_snapshot.py for tasks to queue
[2026-04-29T13:29:36.159+0000] {logging_mixin.py:190} INFO - [2026-04-29T13:29:36.159+0000] {dagbag.py:588} INFO - Filling up the DagBag from /opt/airflow/dags/init_salesorderdetail_snapshot.py
[2026-04-29T13:29:36.179+0000] {processor.py:925} INFO - DAG(s) 'init_salesorderdetail_snapshot' retrieved from /opt/airflow/dags/init_salesorderdetail_snapshot.py
[2026-04-29T13:29:36.215+0000] {logging_mixin.py:190} INFO - [2026-04-29T13:29:36.215+0000] {dag.py:3239} INFO - Sync 1 DAGs
[2026-04-29T13:29:36.236+0000] {logging_mixin.py:190} INFO - [2026-04-29T13:29:36.236+0000] {dag.py:4180} INFO - Setting next_dagrun for init_salesorderdetail_snapshot to None, run_after=None
[2026-04-29T13:29:36.262+0000] {processor.py:208} INFO - Processing /opt/airflow/dags/init_salesorderdetail_snapshot.py took 0.118 seconds
[2026-04-29T13:30:06.585+0000] {processor.py:186} INFO - Started process (PID=276) to work on /opt/airflow/dags/init_salesorderdetail_snapshot.py
[2026-04-29T13:30:06.587+0000] {processor.py:914} INFO - Processing file /opt/airflow/dags/init_salesorderdetail_snapshot.py for tasks to queue
[2026-04-29T13:30:06.590+0000] {logging_mixin.py:190} INFO - [2026-04-29T13:30:06.589+0000] {dagbag.py:588} INFO - Filling up the DagBag from /opt/airflow/dags/init_salesorderdetail_snapshot.py
[2026-04-29T13:30:06.617+0000] {processor.py:925} INFO - DAG(s) 'init_salesorderdetail_snapshot' retrieved from /opt/airflow/dags/init_salesorderdetail_snapshot.py
[2026-04-29T13:30:06.656+0000] {logging_mixin.py:190} INFO - [2026-04-29T13:30:06.656+0000] {dag.py:3239} INFO - Sync 1 DAGs
[2026-04-29T13:30:06.675+0000] {logging_mixin.py:190} INFO - [2026-04-29T13:30:06.675+0000] {dag.py:4180} INFO - Setting next_dagrun for init_salesorderdetail_snapshot to None, run_after=None
[2026-04-29T13:30:06.701+0000] {processor.py:208} INFO - Processing /opt/airflow/dags/init_salesorderdetail_snapshot.py took 0.126 seconds
[2026-04-29T13:30:36.998+0000] {processor.py:186} INFO - Started process (PID=278) to work on /opt/airflow/dags/init_salesorderdetail_snapshot.py
[2026-04-29T13:30:36.999+0000] {processor.py:914} INFO - Processing file /opt/airflow/dags/init_salesorderdetail_snapshot.py for tasks to queue
[2026-04-29T13:30:37.002+0000] {logging_mixin.py:190} INFO - [2026-04-29T13:30:37.002+0000] {dagbag.py:588} INFO - Filling up the DagBag from /opt/airflow/dags/init_salesorderdetail_snapshot.py
[2026-04-29T13:30:37.026+0000] {processor.py:925} INFO - DAG(s) 'init_salesorderdetail_snapshot' retrieved from /opt/airflow/dags/init_salesorderdetail_snapshot.py
[2026-04-29T13:30:37.063+0000] {logging_mixin.py:190} INFO - [2026-04-29T13:30:37.062+0000] {dag.py:3239} INFO - Sync 1 DAGs
[2026-04-29T13:30:37.082+0000] {logging_mixin.py:190} INFO - [2026-04-29T13:30:37.081+0000] {dag.py:4180} INFO - Setting next_dagrun for init_salesorderdetail_snapshot to None, run_after=None
[2026-04-29T13:30:37.107+0000] {processor.py:208} INFO - Processing /opt/airflow/dags/init_salesorderdetail_snapshot.py took 0.116 seconds
[2026-04-29T13:31:07.424+0000] {processor.py:186} INFO - Started process (PID=280) to work on /opt/airflow/dags/init_salesorderdetail_snapshot.py
[2026-04-29T13:31:07.425+0000] {processor.py:914} INFO - Processing file /opt/airflow/dags/init_salesorderdetail_snapshot.py for tasks to queue
[2026-04-29T13:31:07.428+0000] {logging_mixin.py:190} INFO - [2026-04-29T13:31:07.428+0000] {dagbag.py:588} INFO - Filling up the DagBag from /opt/airflow/dags/init_salesorderdetail_snapshot.py
[2026-04-29T13:31:07.452+0000] {processor.py:925} INFO - DAG(s) 'init_salesorderdetail_snapshot' retrieved from /opt/airflow/dags/init_salesorderdetail_snapshot.py
[2026-04-29T13:31:07.500+0000] {logging_mixin.py:190} INFO - [2026-04-29T13:31:07.500+0000] {dag.py:3239} INFO - Sync 1 DAGs
[2026-04-29T13:31:07.520+0000] {logging_mixin.py:190} INFO - [2026-04-29T13:31:07.520+0000] {dag.py:4180} INFO - Setting next_dagrun for init_salesorderdetail_snapshot to None, run_after=None
[2026-04-29T13:31:07.546+0000] {processor.py:208} INFO - Processing /opt/airflow/dags/init_salesorderdetail_snapshot.py took 0.132 seconds
[2026-04-29T13:31:37.869+0000] {processor.py:186} INFO - Started process (PID=282) to work on /opt/airflow/dags/init_salesorderdetail_snapshot.py
[2026-04-29T13:31:37.870+0000] {processor.py:914} INFO - Processing file /opt/airflow/dags/init_salesorderdetail_snapshot.py for tasks to queue
[2026-04-29T13:31:37.873+0000] {logging_mixin.py:190} INFO - [2026-04-29T13:31:37.873+0000] {dagbag.py:588} INFO - Filling up the DagBag from /opt/airflow/dags/init_salesorderdetail_snapshot.py
[2026-04-29T13:31:37.899+0000] {processor.py:925} INFO - DAG(s) 'init_salesorderdetail_snapshot' retrieved from /opt/airflow/dags/init_salesorderdetail_snapshot.py
[2026-04-29T13:31:37.940+0000] {logging_mixin.py:190} INFO - [2026-04-29T13:31:37.940+0000] {dag.py:3239} INFO - Sync 1 DAGs
[2026-04-29T13:31:37.965+0000] {logging_mixin.py:190} INFO - [2026-04-29T13:31:37.965+0000] {dag.py:4180} INFO - Setting next_dagrun for init_salesorderdetail_snapshot to None, run_after=None
[2026-04-29T13:31:37.993+0000] {processor.py:208} INFO - Processing /opt/airflow/dags/init_salesorderdetail_snapshot.py took 0.132 seconds
[2026-04-29T13:32:08.320+0000] {processor.py:186} INFO - Started process (PID=284) to work on /opt/airflow/dags/init_salesorderdetail_snapshot.py
[2026-04-29T13:32:08.321+0000] {processor.py:914} INFO - Processing file /opt/airflow/dags/init_salesorderdetail_snapshot.py for tasks to queue
[2026-04-29T13:32:08.325+0000] {logging_mixin.py:190} INFO - [2026-04-29T13:32:08.324+0000] {dagbag.py:588} INFO - Filling up the DagBag from /opt/airflow/dags/init_salesorderdetail_snapshot.py
[2026-04-29T13:32:08.347+0000] {processor.py:925} INFO - DAG(s) 'init_salesorderdetail_snapshot' retrieved from /opt/airflow/dags/init_salesorderdetail_snapshot.py
[2026-04-29T13:32:08.384+0000] {logging_mixin.py:190} INFO - [2026-04-29T13:32:08.384+0000] {dag.py:3239} INFO - Sync 1 DAGs
[2026-04-29T13:32:08.402+0000] {logging_mixin.py:190} INFO - [2026-04-29T13:32:08.401+0000] {dag.py:4180} INFO - Setting next_dagrun for init_salesorderdetail_snapshot to None, run_after=None
[2026-04-29T13:32:08.429+0000] {processor.py:208} INFO - Processing /opt/airflow/dags/init_salesorderdetail_snapshot.py took 0.118 seconds
[2026-04-29T13:32:38.926+0000] {processor.py:186} INFO - Started process (PID=287) to work on /opt/airflow/dags/init_salesorderdetail_snapshot.py
[2026-04-29T13:32:38.928+0000] {processor.py:914} INFO - Processing file /opt/airflow/dags/init_salesorderdetail_snapshot.py for tasks to queue
[2026-04-29T13:32:38.931+0000] {logging_mixin.py:190} INFO - [2026-04-29T13:32:38.930+0000] {dagbag.py:588} INFO - Filling up the DagBag from /opt/airflow/dags/init_salesorderdetail_snapshot.py
[2026-04-29T13:32:38.957+0000] {processor.py:925} INFO - DAG(s) 'init_salesorderdetail_snapshot' retrieved from /opt/airflow/dags/init_salesorderdetail_snapshot.py
[2026-04-29T13:32:38.994+0000] {logging_mixin.py:190} INFO - [2026-04-29T13:32:38.993+0000] {dag.py:3239} INFO - Sync 1 DAGs
[2026-04-29T13:32:39.014+0000] {logging_mixin.py:190} INFO - [2026-04-29T13:32:39.014+0000] {dag.py:4180} INFO - Setting next_dagrun for init_salesorderdetail_snapshot to None, run_after=None
[2026-04-29T13:32:39.041+0000] {processor.py:208} INFO - Processing /opt/airflow/dags/init_salesorderdetail_snapshot.py took 0.122 seconds
[2026-04-29T13:32:53.906+0000] {processor.py:186} INFO - Started process (PID=29) to work on /opt/airflow/dags/init_salesorderdetail_snapshot.py
[2026-04-29T13:32:53.908+0000] {processor.py:914} INFO - Processing file /opt/airflow/dags/init_salesorderdetail_snapshot.py for tasks to queue
[2026-04-29T13:32:53.915+0000] {logging_mixin.py:190} INFO - [2026-04-29T13:32:53.912+0000] {dagbag.py:588} INFO - Filling up the DagBag from /opt/airflow/dags/init_salesorderdetail_snapshot.py
[2026-04-29T13:32:53.948+0000] {processor.py:925} INFO - DAG(s) 'init_salesorderdetail_snapshot' retrieved from /opt/airflow/dags/init_salesorderdetail_snapshot.py
[2026-04-29T13:32:53.996+0000] {logging_mixin.py:190} INFO - [2026-04-29T13:32:53.995+0000] {dag.py:3239} INFO - Sync 1 DAGs
[2026-04-29T13:32:54.026+0000] {logging_mixin.py:190} INFO - [2026-04-29T13:32:54.026+0000] {dag.py:4180} INFO - Setting next_dagrun for init_salesorderdetail_snapshot to None, run_after=None
[2026-04-29T13:32:54.056+0000] {processor.py:208} INFO - Processing /opt/airflow/dags/init_salesorderdetail_snapshot.py took 0.159 seconds
[2026-04-29T13:33:24.372+0000] {processor.py:186} INFO - Started process (PID=32) to work on /opt/airflow/dags/init_salesorderdetail_snapshot.py
[2026-04-29T13:33:24.373+0000] {processor.py:914} INFO - Processing file /opt/airflow/dags/init_salesorderdetail_snapshot.py for tasks to queue
[2026-04-29T13:33:24.377+0000] {logging_mixin.py:190} INFO - [2026-04-29T13:33:24.376+0000] {dagbag.py:588} INFO - Filling up the DagBag from /opt/airflow/dags/init_salesorderdetail_snapshot.py
[2026-04-29T13:33:24.404+0000] {processor.py:925} INFO - DAG(s) 'init_salesorderdetail_snapshot' retrieved from /opt/airflow/dags/init_salesorderdetail_snapshot.py
[2026-04-29T13:33:24.469+0000] {logging_mixin.py:190} INFO - [2026-04-29T13:33:24.469+0000] {dag.py:3239} INFO - Sync 1 DAGs
[2026-04-29T13:33:24.490+0000] {logging_mixin.py:190} INFO - [2026-04-29T13:33:24.490+0000] {dag.py:4180} INFO - Setting next_dagrun for init_salesorderdetail_snapshot to None, run_after=None
[2026-04-29T13:33:24.515+0000] {processor.py:208} INFO - Processing /opt/airflow/dags/init_salesorderdetail_snapshot.py took 0.156 seconds
[2026-04-29T13:33:54.919+0000] {processor.py:186} INFO - Started process (PID=79) to work on /opt/airflow/dags/init_salesorderdetail_snapshot.py
[2026-04-29T13:33:54.921+0000] {processor.py:914} INFO - Processing file /opt/airflow/dags/init_salesorderdetail_snapshot.py for tasks to queue
[2026-04-29T13:33:54.936+0000] {logging_mixin.py:190} INFO - [2026-04-29T13:33:54.933+0000] {dagbag.py:588} INFO - Filling up the DagBag from /opt/airflow/dags/init_salesorderdetail_snapshot.py
[2026-04-29T13:33:55.010+0000] {processor.py:925} INFO - DAG(s) 'init_salesorderdetail_snapshot' retrieved from /opt/airflow/dags/init_salesorderdetail_snapshot.py
[2026-04-29T13:33:55.140+0000] {logging_mixin.py:190} INFO - [2026-04-29T13:33:55.140+0000] {dag.py:3239} INFO - Sync 1 DAGs
[2026-04-29T13:33:55.206+0000] {logging_mixin.py:190} INFO - [2026-04-29T13:33:55.205+0000] {dag.py:4180} INFO - Setting next_dagrun for init_salesorderdetail_snapshot to None, run_after=None
[2026-04-29T13:33:55.270+0000] {processor.py:208} INFO - Processing /opt/airflow/dags/init_salesorderdetail_snapshot.py took 0.385 seconds
[2026-04-29T13:34:25.747+0000] {processor.py:186} INFO - Started process (PID=104) to work on /opt/airflow/dags/init_salesorderdetail_snapshot.py
[2026-04-29T13:34:25.749+0000] {processor.py:914} INFO - Processing file /opt/airflow/dags/init_salesorderdetail_snapshot.py for tasks to queue
[2026-04-29T13:34:25.757+0000] {logging_mixin.py:190} INFO - [2026-04-29T13:34:25.755+0000] {dagbag.py:588} INFO - Filling up the DagBag from /opt/airflow/dags/init_salesorderdetail_snapshot.py
[2026-04-29T13:34:25.792+0000] {processor.py:925} INFO - DAG(s) 'init_salesorderdetail_snapshot' retrieved from /opt/airflow/dags/init_salesorderdetail_snapshot.py
[2026-04-29T13:34:25.864+0000] {logging_mixin.py:190} INFO - [2026-04-29T13:34:25.863+0000] {dag.py:3239} INFO - Sync 1 DAGs
[2026-04-29T13:34:25.899+0000] {logging_mixin.py:190} INFO - [2026-04-29T13:34:25.899+0000] {dag.py:4180} INFO - Setting next_dagrun for init_salesorderdetail_snapshot to None, run_after=None
[2026-04-29T13:34:25.938+0000] {processor.py:208} INFO - Processing /opt/airflow/dags/init_salesorderdetail_snapshot.py took 0.212 seconds
[2026-04-29T13:34:56.123+0000] {processor.py:186} INFO - Started process (PID=128) to work on /opt/airflow/dags/init_salesorderdetail_snapshot.py
[2026-04-29T13:34:56.126+0000] {processor.py:914} INFO - Processing file /opt/airflow/dags/init_salesorderdetail_snapshot.py for tasks to queue
[2026-04-29T13:34:56.131+0000] {logging_mixin.py:190} INFO - [2026-04-29T13:34:56.131+0000] {dagbag.py:588} INFO - Filling up the DagBag from /opt/airflow/dags/init_salesorderdetail_snapshot.py
[2026-04-29T13:34:56.177+0000] {processor.py:925} INFO - DAG(s) 'init_salesorderdetail_snapshot' retrieved from /opt/airflow/dags/init_salesorderdetail_snapshot.py
[2026-04-29T13:34:56.241+0000] {logging_mixin.py:190} INFO - [2026-04-29T13:34:56.240+0000] {dag.py:3239} INFO - Sync 1 DAGs
[2026-04-29T13:34:56.284+0000] {logging_mixin.py:190} INFO - [2026-04-29T13:34:56.283+0000] {dag.py:4180} INFO - Setting next_dagrun for init_salesorderdetail_snapshot to None, run_after=None
[2026-04-29T13:34:56.333+0000] {processor.py:208} INFO - Processing /opt/airflow/dags/init_salesorderdetail_snapshot.py took 0.223 seconds
[2026-04-29T13:35:26.485+0000] {processor.py:186} INFO - Started process (PID=152) to work on /opt/airflow/dags/init_salesorderdetail_snapshot.py
[2026-04-29T13:35:26.487+0000] {processor.py:914} INFO - Processing file /opt/airflow/dags/init_salesorderdetail_snapshot.py for tasks to queue
[2026-04-29T13:35:26.495+0000] {logging_mixin.py:190} INFO - [2026-04-29T13:35:26.495+0000] {dagbag.py:588} INFO - Filling up the DagBag from /opt/airflow/dags/init_salesorderdetail_snapshot.py
[2026-04-29T13:35:26.531+0000] {processor.py:925} INFO - DAG(s) 'init_salesorderdetail_snapshot' retrieved from /opt/airflow/dags/init_salesorderdetail_snapshot.py
[2026-04-29T13:35:26.606+0000] {logging_mixin.py:190} INFO - [2026-04-29T13:35:26.606+0000] {dag.py:3239} INFO - Sync 1 DAGs
[2026-04-29T13:35:26.647+0000] {logging_mixin.py:190} INFO - [2026-04-29T13:35:26.646+0000] {dag.py:4180} INFO - Setting next_dagrun for init_salesorderdetail_snapshot to None, run_after=None
[2026-04-29T13:35:26.683+0000] {processor.py:208} INFO - Processing /opt/airflow/dags/init_salesorderdetail_snapshot.py took 0.211 seconds
[2026-04-29T13:35:57.112+0000] {processor.py:186} INFO - Started process (PID=188) to work on /opt/airflow/dags/init_salesorderdetail_snapshot.py
[2026-04-29T13:35:57.114+0000] {processor.py:914} INFO - Processing file /opt/airflow/dags/init_salesorderdetail_snapshot.py for tasks to queue
[2026-04-29T13:35:57.119+0000] {logging_mixin.py:190} INFO - [2026-04-29T13:35:57.118+0000] {dagbag.py:588} INFO - Filling up the DagBag from /opt/airflow/dags/init_salesorderdetail_snapshot.py
[2026-04-29T13:35:57.153+0000] {processor.py:925} INFO - DAG(s) 'init_salesorderdetail_snapshot' retrieved from /opt/airflow/dags/init_salesorderdetail_snapshot.py
[2026-04-29T13:35:57.207+0000] {logging_mixin.py:190} INFO - [2026-04-29T13:35:57.206+0000] {dag.py:3239} INFO - Sync 1 DAGs
[2026-04-29T13:35:57.229+0000] {logging_mixin.py:190} INFO - [2026-04-29T13:35:57.229+0000] {dag.py:4180} INFO - Setting next_dagrun for init_salesorderdetail_snapshot to None, run_after=None
[2026-04-29T13:35:57.260+0000] {processor.py:208} INFO - Processing /opt/airflow/dags/init_salesorderdetail_snapshot.py took 0.160 seconds
[2026-04-29T13:36:27.790+0000] {processor.py:186} INFO - Started process (PID=225) to work on /opt/airflow/dags/init_salesorderdetail_snapshot.py
[2026-04-29T13:36:27.799+0000] {processor.py:914} INFO - Processing file /opt/airflow/dags/init_salesorderdetail_snapshot.py for tasks to queue
[2026-04-29T13:36:27.808+0000] {logging_mixin.py:190} INFO - [2026-04-29T13:36:27.808+0000] {dagbag.py:588} INFO - Filling up the DagBag from /opt/airflow/dags/init_salesorderdetail_snapshot.py
[2026-04-29T13:36:27.848+0000] {processor.py:925} INFO - DAG(s) 'init_salesorderdetail_snapshot' retrieved from /opt/airflow/dags/init_salesorderdetail_snapshot.py
[2026-04-29T13:36:27.931+0000] {logging_mixin.py:190} INFO - [2026-04-29T13:36:27.931+0000] {dag.py:3239} INFO - Sync 1 DAGs
[2026-04-29T13:36:27.972+0000] {logging_mixin.py:190} INFO - [2026-04-29T13:36:27.971+0000] {dag.py:4180} INFO - Setting next_dagrun for init_salesorderdetail_snapshot to None, run_after=None
[2026-04-29T13:36:28.019+0000] {processor.py:208} INFO - Processing /opt/airflow/dags/init_salesorderdetail_snapshot.py took 0.249 seconds
[2026-04-29T13:36:58.439+0000] {processor.py:186} INFO - Started process (PID=249) to work on /opt/airflow/dags/init_salesorderdetail_snapshot.py
[2026-04-29T13:36:58.441+0000] {processor.py:914} INFO - Processing file /opt/airflow/dags/init_salesorderdetail_snapshot.py for tasks to queue
[2026-04-29T13:36:58.450+0000] {logging_mixin.py:190} INFO - [2026-04-29T13:36:58.449+0000] {dagbag.py:588} INFO - Filling up the DagBag from /opt/airflow/dags/init_salesorderdetail_snapshot.py
[2026-04-29T13:36:58.515+0000] {processor.py:925} INFO - DAG(s) 'init_salesorderdetail_snapshot' retrieved from /opt/airflow/dags/init_salesorderdetail_snapshot.py
[2026-04-29T13:36:58.606+0000] {logging_mixin.py:190} INFO - [2026-04-29T13:36:58.605+0000] {dag.py:3239} INFO - Sync 1 DAGs
[2026-04-29T13:36:58.646+0000] {logging_mixin.py:190} INFO - [2026-04-29T13:36:58.645+0000] {dag.py:4180} INFO - Setting next_dagrun for init_salesorderdetail_snapshot to None, run_after=None
[2026-04-29T13:36:58.683+0000] {processor.py:208} INFO - Processing /opt/airflow/dags/init_salesorderdetail_snapshot.py took 0.260 seconds
[2026-04-29T13:37:28.828+0000] {processor.py:186} INFO - Started process (PID=273) to work on /opt/airflow/dags/init_salesorderdetail_snapshot.py
[2026-04-29T13:37:28.829+0000] {processor.py:914} INFO - Processing file /opt/airflow/dags/init_salesorderdetail_snapshot.py for tasks to queue
[2026-04-29T13:37:28.833+0000] {logging_mixin.py:190} INFO - [2026-04-29T13:37:28.832+0000] {dagbag.py:588} INFO - Filling up the DagBag from /opt/airflow/dags/init_salesorderdetail_snapshot.py
[2026-04-29T13:37:28.858+0000] {processor.py:925} INFO - DAG(s) 'init_salesorderdetail_snapshot' retrieved from /opt/airflow/dags/init_salesorderdetail_snapshot.py
[2026-04-29T13:37:28.908+0000] {logging_mixin.py:190} INFO - [2026-04-29T13:37:28.908+0000] {dag.py:3239} INFO - Sync 1 DAGs
[2026-04-29T13:37:28.932+0000] {logging_mixin.py:190} INFO - [2026-04-29T13:37:28.931+0000] {dag.py:4180} INFO - Setting next_dagrun for init_salesorderdetail_snapshot to None, run_after=None
[2026-04-29T13:37:28.963+0000] {processor.py:208} INFO - Processing /opt/airflow/dags/init_salesorderdetail_snapshot.py took 0.147 seconds
[2026-04-29T13:37:59.391+0000] {processor.py:186} INFO - Started process (PID=319) to work on /opt/airflow/dags/init_salesorderdetail_snapshot.py
[2026-04-29T13:37:59.393+0000] {processor.py:914} INFO - Processing file /opt/airflow/dags/init_salesorderdetail_snapshot.py for tasks to queue
[2026-04-29T13:37:59.398+0000] {logging_mixin.py:190} INFO - [2026-04-29T13:37:59.398+0000] {dagbag.py:588} INFO - Filling up the DagBag from /opt/airflow/dags/init_salesorderdetail_snapshot.py
[2026-04-29T13:37:59.427+0000] {processor.py:925} INFO - DAG(s) 'init_salesorderdetail_snapshot' retrieved from /opt/airflow/dags/init_salesorderdetail_snapshot.py
[2026-04-29T13:37:59.491+0000] {logging_mixin.py:190} INFO - [2026-04-29T13:37:59.491+0000] {dag.py:3239} INFO - Sync 1 DAGs
[2026-04-29T13:37:59.519+0000] {logging_mixin.py:190} INFO - [2026-04-29T13:37:59.518+0000] {dag.py:4180} INFO - Setting next_dagrun for init_salesorderdetail_snapshot to None, run_after=None
[2026-04-29T13:37:59.549+0000] {processor.py:208} INFO - Processing /opt/airflow/dags/init_salesorderdetail_snapshot.py took 0.169 seconds
[2026-04-29T13:38:29.974+0000] {processor.py:186} INFO - Started process (PID=343) to work on /opt/airflow/dags/init_salesorderdetail_snapshot.py
[2026-04-29T13:38:29.976+0000] {processor.py:914} INFO - Processing file /opt/airflow/dags/init_salesorderdetail_snapshot.py for tasks to queue
[2026-04-29T13:38:29.983+0000] {logging_mixin.py:190} INFO - [2026-04-29T13:38:29.982+0000] {dagbag.py:588} INFO - Filling up the DagBag from /opt/airflow/dags/init_salesorderdetail_snapshot.py
[2026-04-29T13:38:30.020+0000] {processor.py:925} INFO - DAG(s) 'init_salesorderdetail_snapshot' retrieved from /opt/airflow/dags/init_salesorderdetail_snapshot.py
[2026-04-29T13:38:30.083+0000] {logging_mixin.py:190} INFO - [2026-04-29T13:38:30.083+0000] {dag.py:3239} INFO - Sync 1 DAGs
[2026-04-29T13:38:30.120+0000] {logging_mixin.py:190} INFO - [2026-04-29T13:38:30.120+0000] {dag.py:4180} INFO - Setting next_dagrun for init_salesorderdetail_snapshot to None, run_after=None
[2026-04-29T13:38:30.158+0000] {processor.py:208} INFO - Processing /opt/airflow/dags/init_salesorderdetail_snapshot.py took 0.196 seconds
[2026-04-29T13:39:00.678+0000] {processor.py:186} INFO - Started process (PID=366) to work on /opt/airflow/dags/init_salesorderdetail_snapshot.py
[2026-04-29T13:39:00.680+0000] {processor.py:914} INFO - Processing file /opt/airflow/dags/init_salesorderdetail_snapshot.py for tasks to queue
[2026-04-29T13:39:00.687+0000] {logging_mixin.py:190} INFO - [2026-04-29T13:39:00.686+0000] {dagbag.py:588} INFO - Filling up the DagBag from /opt/airflow/dags/init_salesorderdetail_snapshot.py
[2026-04-29T13:39:00.724+0000] {processor.py:925} INFO - DAG(s) 'init_salesorderdetail_snapshot' retrieved from /opt/airflow/dags/init_salesorderdetail_snapshot.py
[2026-04-29T13:39:00.789+0000] {logging_mixin.py:190} INFO - [2026-04-29T13:39:00.788+0000] {dag.py:3239} INFO - Sync 1 DAGs
[2026-04-29T13:39:00.829+0000] {logging_mixin.py:190} INFO - [2026-04-29T13:39:00.828+0000] {dag.py:4180} INFO - Setting next_dagrun for init_salesorderdetail_snapshot to None, run_after=None
[2026-04-29T13:39:00.889+0000] {processor.py:208} INFO - Processing /opt/airflow/dags/init_salesorderdetail_snapshot.py took 0.231 seconds
[2026-04-29T13:39:31.302+0000] {processor.py:186} INFO - Started process (PID=390) to work on /opt/airflow/dags/init_salesorderdetail_snapshot.py
[2026-04-29T13:39:31.304+0000] {processor.py:914} INFO - Processing file /opt/airflow/dags/init_salesorderdetail_snapshot.py for tasks to queue
[2026-04-29T13:39:31.308+0000] {logging_mixin.py:190} INFO - [2026-04-29T13:39:31.307+0000] {dagbag.py:588} INFO - Filling up the DagBag from /opt/airflow/dags/init_salesorderdetail_snapshot.py
[2026-04-29T13:39:31.330+0000] {processor.py:925} INFO - DAG(s) 'init_salesorderdetail_snapshot' retrieved from /opt/airflow/dags/init_salesorderdetail_snapshot.py
[2026-04-29T13:39:31.377+0000] {logging_mixin.py:190} INFO - [2026-04-29T13:39:31.377+0000] {dag.py:3239} INFO - Sync 1 DAGs
[2026-04-29T13:39:31.407+0000] {logging_mixin.py:190} INFO - [2026-04-29T13:39:31.407+0000] {dag.py:4180} INFO - Setting next_dagrun for init_salesorderdetail_snapshot to None, run_after=None
[2026-04-29T13:39:31.437+0000] {processor.py:208} INFO - Processing /opt/airflow/dags/init_salesorderdetail_snapshot.py took 0.144 seconds
[2026-04-29T13:40:01.683+0000] {processor.py:186} INFO - Started process (PID=415) to work on /opt/airflow/dags/init_salesorderdetail_snapshot.py
[2026-04-29T13:40:01.686+0000] {processor.py:914} INFO - Processing file /opt/airflow/dags/init_salesorderdetail_snapshot.py for tasks to queue
[2026-04-29T13:40:01.697+0000] {logging_mixin.py:190} INFO - [2026-04-29T13:40:01.695+0000] {dagbag.py:588} INFO - Filling up the DagBag from /opt/airflow/dags/init_salesorderdetail_snapshot.py
[2026-04-29T13:40:01.732+0000] {processor.py:925} INFO - DAG(s) 'init_salesorderdetail_snapshot' retrieved from /opt/airflow/dags/init_salesorderdetail_snapshot.py
[2026-04-29T13:40:01.788+0000] {logging_mixin.py:190} INFO - [2026-04-29T13:40:01.788+0000] {dag.py:3239} INFO - Sync 1 DAGs
[2026-04-29T13:40:01.821+0000] {logging_mixin.py:190} INFO - [2026-04-29T13:40:01.821+0000] {dag.py:4180} INFO - Setting next_dagrun for init_salesorderdetail_snapshot to None, run_after=None
[2026-04-29T13:40:01.853+0000] {processor.py:208} INFO - Processing /opt/airflow/dags/init_salesorderdetail_snapshot.py took 0.190 seconds
[2026-04-29T13:40:32.184+0000] {processor.py:186} INFO - Started process (PID=417) to work on /opt/airflow/dags/init_salesorderdetail_snapshot.py
[2026-04-29T13:40:32.185+0000] {processor.py:914} INFO - Processing file /opt/airflow/dags/init_salesorderdetail_snapshot.py for tasks to queue
[2026-04-29T13:40:32.189+0000] {logging_mixin.py:190} INFO - [2026-04-29T13:40:32.188+0000] {dagbag.py:588} INFO - Filling up the DagBag from /opt/airflow/dags/init_salesorderdetail_snapshot.py
[2026-04-29T13:40:32.210+0000] {processor.py:925} INFO - DAG(s) 'init_salesorderdetail_snapshot' retrieved from /opt/airflow/dags/init_salesorderdetail_snapshot.py
[2026-04-29T13:40:32.257+0000] {logging_mixin.py:190} INFO - [2026-04-29T13:40:32.256+0000] {dag.py:3239} INFO - Sync 1 DAGs
[2026-04-29T13:40:32.280+0000] {logging_mixin.py:190} INFO - [2026-04-29T13:40:32.280+0000] {dag.py:4180} INFO - Setting next_dagrun for init_salesorderdetail_snapshot to None, run_after=None
[2026-04-29T13:40:32.308+0000] {processor.py:208} INFO - Processing /opt/airflow/dags/init_salesorderdetail_snapshot.py took 0.137 seconds
[2026-04-29T13:41:02.500+0000] {processor.py:186} INFO - Started process (PID=419) to work on /opt/airflow/dags/init_salesorderdetail_snapshot.py
[2026-04-29T13:41:02.501+0000] {processor.py:914} INFO - Processing file /opt/airflow/dags/init_salesorderdetail_snapshot.py for tasks to queue
[2026-04-29T13:41:02.505+0000] {logging_mixin.py:190} INFO - [2026-04-29T13:41:02.505+0000] {dagbag.py:588} INFO - Filling up the DagBag from /opt/airflow/dags/init_salesorderdetail_snapshot.py
[2026-04-29T13:41:02.525+0000] {processor.py:925} INFO - DAG(s) 'init_salesorderdetail_snapshot' retrieved from /opt/airflow/dags/init_salesorderdetail_snapshot.py
[2026-04-29T13:41:02.563+0000] {logging_mixin.py:190} INFO - [2026-04-29T13:41:02.562+0000] {dag.py:3239} INFO - Sync 1 DAGs
[2026-04-29T13:41:02.581+0000] {logging_mixin.py:190} INFO - [2026-04-29T13:41:02.580+0000] {dag.py:4180} INFO - Setting next_dagrun for init_salesorderdetail_snapshot to None, run_after=None
[2026-04-29T13:41:02.612+0000] {processor.py:208} INFO - Processing /opt/airflow/dags/init_salesorderdetail_snapshot.py took 0.121 seconds
[2026-04-29T13:41:32.882+0000] {processor.py:186} INFO - Started process (PID=421) to work on /opt/airflow/dags/init_salesorderdetail_snapshot.py
[2026-04-29T13:41:32.884+0000] {processor.py:914} INFO - Processing file /opt/airflow/dags/init_salesorderdetail_snapshot.py for tasks to queue
[2026-04-29T13:41:32.886+0000] {logging_mixin.py:190} INFO - [2026-04-29T13:41:32.886+0000] {dagbag.py:588} INFO - Filling up the DagBag from /opt/airflow/dags/init_salesorderdetail_snapshot.py
[2026-04-29T13:41:32.905+0000] {processor.py:925} INFO - DAG(s) 'init_salesorderdetail_snapshot' retrieved from /opt/airflow/dags/init_salesorderdetail_snapshot.py
[2026-04-29T13:41:32.942+0000] {logging_mixin.py:190} INFO - [2026-04-29T13:41:32.942+0000] {dag.py:3239} INFO - Sync 1 DAGs
[2026-04-29T13:41:32.961+0000] {logging_mixin.py:190} INFO - [2026-04-29T13:41:32.961+0000] {dag.py:4180} INFO - Setting next_dagrun for init_salesorderdetail_snapshot to None, run_after=None
[2026-04-29T13:41:32.990+0000] {processor.py:208} INFO - Processing /opt/airflow/dags/init_salesorderdetail_snapshot.py took 0.115 seconds
[2026-04-29T13:42:03.391+0000] {processor.py:186} INFO - Started process (PID=423) to work on /opt/airflow/dags/init_salesorderdetail_snapshot.py
[2026-04-29T13:42:03.392+0000] {processor.py:914} INFO - Processing file /opt/airflow/dags/init_salesorderdetail_snapshot.py for tasks to queue
[2026-04-29T13:42:03.396+0000] {logging_mixin.py:190} INFO - [2026-04-29T13:42:03.395+0000] {dagbag.py:588} INFO - Filling up the DagBag from /opt/airflow/dags/init_salesorderdetail_snapshot.py
[2026-04-29T13:42:03.416+0000] {processor.py:925} INFO - DAG(s) 'init_salesorderdetail_snapshot' retrieved from /opt/airflow/dags/init_salesorderdetail_snapshot.py
[2026-04-29T13:42:03.462+0000] {logging_mixin.py:190} INFO - [2026-04-29T13:42:03.461+0000] {dag.py:3239} INFO - Sync 1 DAGs
[2026-04-29T13:42:03.486+0000] {logging_mixin.py:190} INFO - [2026-04-29T13:42:03.485+0000] {dag.py:4180} INFO - Setting next_dagrun for init_salesorderdetail_snapshot to None, run_after=None
[2026-04-29T13:42:03.515+0000] {processor.py:208} INFO - Processing /opt/airflow/dags/init_salesorderdetail_snapshot.py took 0.132 seconds
[2026-04-29T13:42:33.704+0000] {processor.py:186} INFO - Started process (PID=425) to work on /opt/airflow/dags/init_salesorderdetail_snapshot.py
[2026-04-29T13:42:33.706+0000] {processor.py:914} INFO - Processing file /opt/airflow/dags/init_salesorderdetail_snapshot.py for tasks to queue
[2026-04-29T13:42:33.711+0000] {logging_mixin.py:190} INFO - [2026-04-29T13:42:33.710+0000] {dagbag.py:588} INFO - Filling up the DagBag from /opt/airflow/dags/init_salesorderdetail_snapshot.py
[2026-04-29T13:42:33.738+0000] {processor.py:925} INFO - DAG(s) 'init_salesorderdetail_snapshot' retrieved from /opt/airflow/dags/init_salesorderdetail_snapshot.py
[2026-04-29T13:42:33.819+0000] {logging_mixin.py:190} INFO - [2026-04-29T13:42:33.819+0000] {dag.py:3239} INFO - Sync 1 DAGs
[2026-04-29T13:42:33.870+0000] {logging_mixin.py:190} INFO - [2026-04-29T13:42:33.869+0000] {dag.py:4180} INFO - Setting next_dagrun for init_salesorderdetail_snapshot to None, run_after=None
[2026-04-29T13:42:33.924+0000] {processor.py:208} INFO - Processing /opt/airflow/dags/init_salesorderdetail_snapshot.py took 0.229 seconds
[2026-04-29T13:43:04.138+0000] {processor.py:186} INFO - Started process (PID=427) to work on /opt/airflow/dags/init_salesorderdetail_snapshot.py
[2026-04-29T13:43:04.139+0000] {processor.py:914} INFO - Processing file /opt/airflow/dags/init_salesorderdetail_snapshot.py for tasks to queue
[2026-04-29T13:43:04.142+0000] {logging_mixin.py:190} INFO - [2026-04-29T13:43:04.141+0000] {dagbag.py:588} INFO - Filling up the DagBag from /opt/airflow/dags/init_salesorderdetail_snapshot.py
[2026-04-29T13:43:04.162+0000] {processor.py:925} INFO - DAG(s) 'init_salesorderdetail_snapshot' retrieved from /opt/airflow/dags/init_salesorderdetail_snapshot.py
[2026-04-29T13:43:04.206+0000] {logging_mixin.py:190} INFO - [2026-04-29T13:43:04.206+0000] {dag.py:3239} INFO - Sync 1 DAGs
[2026-04-29T13:43:04.229+0000] {logging_mixin.py:190} INFO - [2026-04-29T13:43:04.229+0000] {dag.py:4180} INFO - Setting next_dagrun for init_salesorderdetail_snapshot to None, run_after=None
[2026-04-29T13:43:04.260+0000] {processor.py:208} INFO - Processing /opt/airflow/dags/init_salesorderdetail_snapshot.py took 0.130 seconds
[2026-04-29T13:43:34.508+0000] {processor.py:186} INFO - Started process (PID=429) to work on /opt/airflow/dags/init_salesorderdetail_snapshot.py
[2026-04-29T13:43:34.509+0000] {processor.py:914} INFO - Processing file /opt/airflow/dags/init_salesorderdetail_snapshot.py for tasks to queue
[2026-04-29T13:43:34.512+0000] {logging_mixin.py:190} INFO - [2026-04-29T13:43:34.512+0000] {dagbag.py:588} INFO - Filling up the DagBag from /opt/airflow/dags/init_salesorderdetail_snapshot.py
[2026-04-29T13:43:34.532+0000] {processor.py:925} INFO - DAG(s) 'init_salesorderdetail_snapshot' retrieved from /opt/airflow/dags/init_salesorderdetail_snapshot.py
[2026-04-29T13:43:34.567+0000] {logging_mixin.py:190} INFO - [2026-04-29T13:43:34.567+0000] {dag.py:3239} INFO - Sync 1 DAGs
[2026-04-29T13:43:34.589+0000] {logging_mixin.py:190} INFO - [2026-04-29T13:43:34.589+0000] {dag.py:4180} INFO - Setting next_dagrun for init_salesorderdetail_snapshot to None, run_after=None
[2026-04-29T13:43:34.614+0000] {processor.py:208} INFO - Processing /opt/airflow/dags/init_salesorderdetail_snapshot.py took 0.114 seconds
[2026-04-29T13:44:04.841+0000] {processor.py:186} INFO - Started process (PID=431) to work on /opt/airflow/dags/init_salesorderdetail_snapshot.py
[2026-04-29T13:44:04.842+0000] {processor.py:914} INFO - Processing file /opt/airflow/dags/init_salesorderdetail_snapshot.py for tasks to queue
[2026-04-29T13:44:04.845+0000] {logging_mixin.py:190} INFO - [2026-04-29T13:44:04.844+0000] {dagbag.py:588} INFO - Filling up the DagBag from /opt/airflow/dags/init_salesorderdetail_snapshot.py
[2026-04-29T13:44:04.871+0000] {processor.py:925} INFO - DAG(s) 'init_salesorderdetail_snapshot' retrieved from /opt/airflow/dags/init_salesorderdetail_snapshot.py
[2026-04-29T13:44:04.914+0000] {logging_mixin.py:190} INFO - [2026-04-29T13:44:04.914+0000] {dag.py:3239} INFO - Sync 1 DAGs
[2026-04-29T13:44:04.939+0000] {logging_mixin.py:190} INFO - [2026-04-29T13:44:04.939+0000] {dag.py:4180} INFO - Setting next_dagrun for init_salesorderdetail_snapshot to None, run_after=None
[2026-04-29T13:44:04.973+0000] {processor.py:208} INFO - Processing /opt/airflow/dags/init_salesorderdetail_snapshot.py took 0.141 seconds
[2026-04-29T13:44:35.187+0000] {processor.py:186} INFO - Started process (PID=433) to work on /opt/airflow/dags/init_salesorderdetail_snapshot.py
[2026-04-29T13:44:35.189+0000] {processor.py:914} INFO - Processing file /opt/airflow/dags/init_salesorderdetail_snapshot.py for tasks to queue
[2026-04-29T13:44:35.199+0000] {logging_mixin.py:190} INFO - [2026-04-29T13:44:35.198+0000] {dagbag.py:588} INFO - Filling up the DagBag from /opt/airflow/dags/init_salesorderdetail_snapshot.py
[2026-04-29T13:44:35.226+0000] {processor.py:925} INFO - DAG(s) 'init_salesorderdetail_snapshot' retrieved from /opt/airflow/dags/init_salesorderdetail_snapshot.py
[2026-04-29T13:44:35.284+0000] {logging_mixin.py:190} INFO - [2026-04-29T13:44:35.283+0000] {dag.py:3239} INFO - Sync 1 DAGs
[2026-04-29T13:44:35.313+0000] {logging_mixin.py:190} INFO - [2026-04-29T13:44:35.312+0000] {dag.py:4180} INFO - Setting next_dagrun for init_salesorderdetail_snapshot to None, run_after=None
[2026-04-29T13:44:35.367+0000] {processor.py:208} INFO - Processing /opt/airflow/dags/init_salesorderdetail_snapshot.py took 0.199 seconds
[2026-04-29T13:45:05.717+0000] {processor.py:186} INFO - Started process (PID=435) to work on /opt/airflow/dags/init_salesorderdetail_snapshot.py
[2026-04-29T13:45:05.718+0000] {processor.py:914} INFO - Processing file /opt/airflow/dags/init_salesorderdetail_snapshot.py for tasks to queue
[2026-04-29T13:45:05.721+0000] {logging_mixin.py:190} INFO - [2026-04-29T13:45:05.721+0000] {dagbag.py:588} INFO - Filling up the DagBag from /opt/airflow/dags/init_salesorderdetail_snapshot.py
[2026-04-29T13:45:05.742+0000] {processor.py:925} INFO - DAG(s) 'init_salesorderdetail_snapshot' retrieved from /opt/airflow/dags/init_salesorderdetail_snapshot.py
[2026-04-29T13:45:05.783+0000] {logging_mixin.py:190} INFO - [2026-04-29T13:45:05.783+0000] {dag.py:3239} INFO - Sync 1 DAGs
[2026-04-29T13:45:05.804+0000] {logging_mixin.py:190} INFO - [2026-04-29T13:45:05.804+0000] {dag.py:4180} INFO - Setting next_dagrun for init_salesorderdetail_snapshot to None, run_after=None
[2026-04-29T13:45:05.835+0000] {processor.py:208} INFO - Processing /opt/airflow/dags/init_salesorderdetail_snapshot.py took 0.126 seconds
[2026-04-29T13:45:36.031+0000] {processor.py:186} INFO - Started process (PID=437) to work on /opt/airflow/dags/init_salesorderdetail_snapshot.py
[2026-04-29T13:45:36.032+0000] {processor.py:914} INFO - Processing file /opt/airflow/dags/init_salesorderdetail_snapshot.py for tasks to queue
[2026-04-29T13:45:36.037+0000] {logging_mixin.py:190} INFO - [2026-04-29T13:45:36.036+0000] {dagbag.py:588} INFO - Filling up the DagBag from /opt/airflow/dags/init_salesorderdetail_snapshot.py
[2026-04-29T13:45:36.062+0000] {processor.py:925} INFO - DAG(s) 'init_salesorderdetail_snapshot' retrieved from /opt/airflow/dags/init_salesorderdetail_snapshot.py
[2026-04-29T13:45:36.112+0000] {logging_mixin.py:190} INFO - [2026-04-29T13:45:36.112+0000] {dag.py:3239} INFO - Sync 1 DAGs
[2026-04-29T13:45:36.136+0000] {logging_mixin.py:190} INFO - [2026-04-29T13:45:36.136+0000] {dag.py:4180} INFO - Setting next_dagrun for init_salesorderdetail_snapshot to None, run_after=None
[2026-04-29T13:45:36.164+0000] {processor.py:208} INFO - Processing /opt/airflow/dags/init_salesorderdetail_snapshot.py took 0.142 seconds
[2026-04-29T13:46:06.625+0000] {processor.py:186} INFO - Started process (PID=439) to work on /opt/airflow/dags/init_salesorderdetail_snapshot.py
[2026-04-29T13:46:06.627+0000] {processor.py:914} INFO - Processing file /opt/airflow/dags/init_salesorderdetail_snapshot.py for tasks to queue
[2026-04-29T13:46:06.630+0000] {logging_mixin.py:190} INFO - [2026-04-29T13:46:06.630+0000] {dagbag.py:588} INFO - Filling up the DagBag from /opt/airflow/dags/init_salesorderdetail_snapshot.py
[2026-04-29T13:46:06.650+0000] {processor.py:925} INFO - DAG(s) 'init_salesorderdetail_snapshot' retrieved from /opt/airflow/dags/init_salesorderdetail_snapshot.py
[2026-04-29T13:46:06.688+0000] {logging_mixin.py:190} INFO - [2026-04-29T13:46:06.687+0000] {dag.py:3239} INFO - Sync 1 DAGs
[2026-04-29T13:46:06.707+0000] {logging_mixin.py:190} INFO - [2026-04-29T13:46:06.707+0000] {dag.py:4180} INFO - Setting next_dagrun for init_salesorderdetail_snapshot to None, run_after=None
[2026-04-29T13:46:06.734+0000] {processor.py:208} INFO - Processing /opt/airflow/dags/init_salesorderdetail_snapshot.py took 0.117 seconds
[2026-04-29T13:46:37.074+0000] {processor.py:186} INFO - Started process (PID=441) to work on /opt/airflow/dags/init_salesorderdetail_snapshot.py
[2026-04-29T13:46:37.075+0000] {processor.py:914} INFO - Processing file /opt/airflow/dags/init_salesorderdetail_snapshot.py for tasks to queue
[2026-04-29T13:46:37.078+0000] {logging_mixin.py:190} INFO - [2026-04-29T13:46:37.078+0000] {dagbag.py:588} INFO - Filling up the DagBag from /opt/airflow/dags/init_salesorderdetail_snapshot.py
[2026-04-29T13:46:37.098+0000] {processor.py:925} INFO - DAG(s) 'init_salesorderdetail_snapshot' retrieved from /opt/airflow/dags/init_salesorderdetail_snapshot.py
[2026-04-29T13:46:37.138+0000] {logging_mixin.py:190} INFO - [2026-04-29T13:46:37.138+0000] {dag.py:3239} INFO - Sync 1 DAGs
[2026-04-29T13:46:37.157+0000] {logging_mixin.py:190} INFO - [2026-04-29T13:46:37.157+0000] {dag.py:4180} INFO - Setting next_dagrun for init_salesorderdetail_snapshot to None, run_after=None
[2026-04-29T13:46:37.187+0000] {processor.py:208} INFO - Processing /opt/airflow/dags/init_salesorderdetail_snapshot.py took 0.121 seconds
[2026-04-29T13:47:07.458+0000] {processor.py:186} INFO - Started process (PID=443) to work on /opt/airflow/dags/init_salesorderdetail_snapshot.py
[2026-04-29T13:47:07.459+0000] {processor.py:914} INFO - Processing file /opt/airflow/dags/init_salesorderdetail_snapshot.py for tasks to queue
[2026-04-29T13:47:07.462+0000] {logging_mixin.py:190} INFO - [2026-04-29T13:47:07.462+0000] {dagbag.py:588} INFO - Filling up the DagBag from /opt/airflow/dags/init_salesorderdetail_snapshot.py
[2026-04-29T13:47:07.490+0000] {processor.py:925} INFO - DAG(s) 'init_salesorderdetail_snapshot' retrieved from /opt/airflow/dags/init_salesorderdetail_snapshot.py
[2026-04-29T13:47:07.527+0000] {logging_mixin.py:190} INFO - [2026-04-29T13:47:07.527+0000] {dag.py:3239} INFO - Sync 1 DAGs
[2026-04-29T13:47:07.546+0000] {logging_mixin.py:190} INFO - [2026-04-29T13:47:07.546+0000] {dag.py:4180} INFO - Setting next_dagrun for init_salesorderdetail_snapshot to None, run_after=None
[2026-04-29T13:47:07.573+0000] {processor.py:208} INFO - Processing /opt/airflow/dags/init_salesorderdetail_snapshot.py took 0.123 seconds
[2026-04-29T13:47:37.854+0000] {processor.py:186} INFO - Started process (PID=445) to work on /opt/airflow/dags/init_salesorderdetail_snapshot.py
[2026-04-29T13:47:37.856+0000] {processor.py:914} INFO - Processing file /opt/airflow/dags/init_salesorderdetail_snapshot.py for tasks to queue
[2026-04-29T13:47:37.859+0000] {logging_mixin.py:190} INFO - [2026-04-29T13:47:37.858+0000] {dagbag.py:588} INFO - Filling up the DagBag from /opt/airflow/dags/init_salesorderdetail_snapshot.py
[2026-04-29T13:47:37.880+0000] {processor.py:925} INFO - DAG(s) 'init_salesorderdetail_snapshot' retrieved from /opt/airflow/dags/init_salesorderdetail_snapshot.py
[2026-04-29T13:47:37.924+0000] {logging_mixin.py:190} INFO - [2026-04-29T13:47:37.924+0000] {dag.py:3239} INFO - Sync 1 DAGs
[2026-04-29T13:47:37.943+0000] {logging_mixin.py:190} INFO - [2026-04-29T13:47:37.943+0000] {dag.py:4180} INFO - Setting next_dagrun for init_salesorderdetail_snapshot to None, run_after=None
[2026-04-29T13:47:37.970+0000] {processor.py:208} INFO - Processing /opt/airflow/dags/init_salesorderdetail_snapshot.py took 0.124 seconds
[2026-04-29T13:48:08.357+0000] {processor.py:186} INFO - Started process (PID=447) to work on /opt/airflow/dags/init_salesorderdetail_snapshot.py
[2026-04-29T13:48:08.358+0000] {processor.py:914} INFO - Processing file /opt/airflow/dags/init_salesorderdetail_snapshot.py for tasks to queue
[2026-04-29T13:48:08.362+0000] {logging_mixin.py:190} INFO - [2026-04-29T13:48:08.362+0000] {dagbag.py:588} INFO - Filling up the DagBag from /opt/airflow/dags/init_salesorderdetail_snapshot.py
[2026-04-29T13:48:08.384+0000] {processor.py:925} INFO - DAG(s) 'init_salesorderdetail_snapshot' retrieved from /opt/airflow/dags/init_salesorderdetail_snapshot.py
[2026-04-29T13:48:08.423+0000] {logging_mixin.py:190} INFO - [2026-04-29T13:48:08.423+0000] {dag.py:3239} INFO - Sync 1 DAGs
[2026-04-29T13:48:08.443+0000] {logging_mixin.py:190} INFO - [2026-04-29T13:48:08.442+0000] {dag.py:4180} INFO - Setting next_dagrun for init_salesorderdetail_snapshot to None, run_after=None
[2026-04-29T13:48:08.469+0000] {processor.py:208} INFO - Processing /opt/airflow/dags/init_salesorderdetail_snapshot.py took 0.120 seconds
[2026-04-29T13:48:38.801+0000] {processor.py:186} INFO - Started process (PID=449) to work on /opt/airflow/dags/init_salesorderdetail_snapshot.py
[2026-04-29T13:48:38.803+0000] {processor.py:914} INFO - Processing file /opt/airflow/dags/init_salesorderdetail_snapshot.py for tasks to queue
[2026-04-29T13:48:38.807+0000] {logging_mixin.py:190} INFO - [2026-04-29T13:48:38.806+0000] {dagbag.py:588} INFO - Filling up the DagBag from /opt/airflow/dags/init_salesorderdetail_snapshot.py
[2026-04-29T13:48:38.826+0000] {processor.py:925} INFO - DAG(s) 'init_salesorderdetail_snapshot' retrieved from /opt/airflow/dags/init_salesorderdetail_snapshot.py
[2026-04-29T13:48:38.869+0000] {logging_mixin.py:190} INFO - [2026-04-29T13:48:38.869+0000] {dag.py:3239} INFO - Sync 1 DAGs
[2026-04-29T13:48:38.894+0000] {logging_mixin.py:190} INFO - [2026-04-29T13:48:38.894+0000] {dag.py:4180} INFO - Setting next_dagrun for init_salesorderdetail_snapshot to None, run_after=None
[2026-04-29T13:48:38.921+0000] {processor.py:208} INFO - Processing /opt/airflow/dags/init_salesorderdetail_snapshot.py took 0.127 seconds
[2026-04-29T13:49:09.114+0000] {processor.py:186} INFO - Started process (PID=451) to work on /opt/airflow/dags/init_salesorderdetail_snapshot.py
[2026-04-29T13:49:09.116+0000] {processor.py:914} INFO - Processing file /opt/airflow/dags/init_salesorderdetail_snapshot.py for tasks to queue
[2026-04-29T13:49:09.119+0000] {logging_mixin.py:190} INFO - [2026-04-29T13:49:09.119+0000] {dagbag.py:588} INFO - Filling up the DagBag from /opt/airflow/dags/init_salesorderdetail_snapshot.py
[2026-04-29T13:49:09.146+0000] {processor.py:925} INFO - DAG(s) 'init_salesorderdetail_snapshot' retrieved from /opt/airflow/dags/init_salesorderdetail_snapshot.py
[2026-04-29T13:49:09.188+0000] {logging_mixin.py:190} INFO - [2026-04-29T13:49:09.188+0000] {dag.py:3239} INFO - Sync 1 DAGs
[2026-04-29T13:49:09.212+0000] {logging_mixin.py:190} INFO - [2026-04-29T13:49:09.211+0000] {dag.py:4180} INFO - Setting next_dagrun for init_salesorderdetail_snapshot to None, run_after=None
[2026-04-29T13:49:09.239+0000] {processor.py:208} INFO - Processing /opt/airflow/dags/init_salesorderdetail_snapshot.py took 0.133 seconds
[2026-04-29T13:49:39.500+0000] {processor.py:186} INFO - Started process (PID=453) to work on /opt/airflow/dags/init_salesorderdetail_snapshot.py
[2026-04-29T13:49:39.501+0000] {processor.py:914} INFO - Processing file /opt/airflow/dags/init_salesorderdetail_snapshot.py for tasks to queue
[2026-04-29T13:49:39.504+0000] {logging_mixin.py:190} INFO - [2026-04-29T13:49:39.504+0000] {dagbag.py:588} INFO - Filling up the DagBag from /opt/airflow/dags/init_salesorderdetail_snapshot.py
[2026-04-29T13:49:39.525+0000] {processor.py:925} INFO - DAG(s) 'init_salesorderdetail_snapshot' retrieved from /opt/airflow/dags/init_salesorderdetail_snapshot.py
[2026-04-29T13:49:39.564+0000] {logging_mixin.py:190} INFO - [2026-04-29T13:49:39.564+0000] {dag.py:3239} INFO - Sync 1 DAGs
[2026-04-29T13:49:39.583+0000] {logging_mixin.py:190} INFO - [2026-04-29T13:49:39.583+0000] {dag.py:4180} INFO - Setting next_dagrun for init_salesorderdetail_snapshot to None, run_after=None
[2026-04-29T13:49:39.607+0000] {processor.py:208} INFO - Processing /opt/airflow/dags/init_salesorderdetail_snapshot.py took 0.117 seconds
[2026-04-29T13:50:09.803+0000] {processor.py:186} INFO - Started process (PID=455) to work on /opt/airflow/dags/init_salesorderdetail_snapshot.py
[2026-04-29T13:50:09.804+0000] {processor.py:914} INFO - Processing file /opt/airflow/dags/init_salesorderdetail_snapshot.py for tasks to queue
[2026-04-29T13:50:09.808+0000] {logging_mixin.py:190} INFO - [2026-04-29T13:50:09.807+0000] {dagbag.py:588} INFO - Filling up the DagBag from /opt/airflow/dags/init_salesorderdetail_snapshot.py
[2026-04-29T13:50:09.830+0000] {processor.py:925} INFO - DAG(s) 'init_salesorderdetail_snapshot' retrieved from /opt/airflow/dags/init_salesorderdetail_snapshot.py
[2026-04-29T13:50:09.885+0000] {logging_mixin.py:190} INFO - [2026-04-29T13:50:09.885+0000] {dag.py:3239} INFO - Sync 1 DAGs
[2026-04-29T13:50:09.916+0000] {logging_mixin.py:190} INFO - [2026-04-29T13:50:09.915+0000] {dag.py:4180} INFO - Setting next_dagrun for init_salesorderdetail_snapshot to None, run_after=None
[2026-04-29T13:50:09.948+0000] {processor.py:208} INFO - Processing /opt/airflow/dags/init_salesorderdetail_snapshot.py took 0.155 seconds
