[2026-04-29T13:12:03.346+0000] {processor.py:186} INFO - Started process (PID=28) to work on /opt/airflow/dags/medallion_retail_pipeline.py
[2026-04-29T13:12:03.348+0000] {processor.py:914} INFO - Processing file /opt/airflow/dags/medallion_retail_pipeline.py for tasks to queue
[2026-04-29T13:12:03.350+0000] {logging_mixin.py:190} INFO - [2026-04-29T13:12:03.350+0000] {dagbag.py:588} INFO - Filling up the DagBag from /opt/airflow/dags/medallion_retail_pipeline.py
[2026-04-29T13:12:03.386+0000] {processor.py:925} INFO - DAG(s) 'medallion_retail_pipeline' retrieved from /opt/airflow/dags/medallion_retail_pipeline.py
[2026-04-29T13:12:03.724+0000] {logging_mixin.py:190} INFO - [2026-04-29T13:12:03.724+0000] {override.py:1912} INFO - Created Permission View: can delete on DAG:medallion_retail_pipeline
[2026-04-29T13:12:03.735+0000] {logging_mixin.py:190} INFO - [2026-04-29T13:12:03.735+0000] {override.py:1912} INFO - Created Permission View: can edit on DAG:medallion_retail_pipeline
[2026-04-29T13:12:03.744+0000] {logging_mixin.py:190} INFO - [2026-04-29T13:12:03.744+0000] {override.py:1912} INFO - Created Permission View: can read on DAG:medallion_retail_pipeline
[2026-04-29T13:12:03.754+0000] {logging_mixin.py:190} INFO - [2026-04-29T13:12:03.753+0000] {override.py:1912} INFO - Created Permission View: can create on DAG Run:medallion_retail_pipeline
[2026-04-29T13:12:03.763+0000] {logging_mixin.py:190} INFO - [2026-04-29T13:12:03.763+0000] {override.py:1912} INFO - Created Permission View: can delete on DAG Run:medallion_retail_pipeline
[2026-04-29T13:12:03.773+0000] {logging_mixin.py:190} INFO - [2026-04-29T13:12:03.773+0000] {override.py:1912} INFO - Created Permission View: can read on DAG Run:medallion_retail_pipeline
[2026-04-29T13:12:03.781+0000] {logging_mixin.py:190} INFO - [2026-04-29T13:12:03.781+0000] {override.py:1912} INFO - Created Permission View: menu access on DAG Run:medallion_retail_pipeline
[2026-04-29T13:12:03.782+0000] {logging_mixin.py:190} INFO - [2026-04-29T13:12:03.782+0000] {dag.py:3239} INFO - Sync 1 DAGs
[2026-04-29T13:12:03.797+0000] {logging_mixin.py:190} INFO - [2026-04-29T13:12:03.797+0000] {dag.py:3262} INFO - Creating ORM DAG for medallion_retail_pipeline
[2026-04-29T13:12:03.798+0000] {logging_mixin.py:190} INFO - [2026-04-29T13:12:03.798+0000] {dag.py:4180} INFO - Setting next_dagrun for medallion_retail_pipeline to None, run_after=None
[2026-04-29T13:12:03.827+0000] {processor.py:208} INFO - Processing /opt/airflow/dags/medallion_retail_pipeline.py took 0.489 seconds
[2026-04-29T13:12:37.198+0000] {processor.py:186} INFO - Started process (PID=28) to work on /opt/airflow/dags/medallion_retail_pipeline.py
[2026-04-29T13:12:37.199+0000] {processor.py:914} INFO - Processing file /opt/airflow/dags/medallion_retail_pipeline.py for tasks to queue
[2026-04-29T13:12:37.201+0000] {logging_mixin.py:190} INFO - [2026-04-29T13:12:37.201+0000] {dagbag.py:588} INFO - Filling up the DagBag from /opt/airflow/dags/medallion_retail_pipeline.py
[2026-04-29T13:12:37.222+0000] {processor.py:925} INFO - DAG(s) 'medallion_retail_pipeline' retrieved from /opt/airflow/dags/medallion_retail_pipeline.py
[2026-04-29T13:12:37.278+0000] {logging_mixin.py:190} INFO - [2026-04-29T13:12:37.277+0000] {dag.py:3239} INFO - Sync 1 DAGs
[2026-04-29T13:12:37.322+0000] {logging_mixin.py:190} INFO - [2026-04-29T13:12:37.321+0000] {dag.py:4180} INFO - Setting next_dagrun for medallion_retail_pipeline to None, run_after=None
[2026-04-29T13:12:37.364+0000] {processor.py:208} INFO - Processing /opt/airflow/dags/medallion_retail_pipeline.py took 0.175 seconds
[2026-04-29T13:13:07.499+0000] {processor.py:186} INFO - Started process (PID=29) to work on /opt/airflow/dags/medallion_retail_pipeline.py
[2026-04-29T13:13:07.500+0000] {processor.py:914} INFO - Processing file /opt/airflow/dags/medallion_retail_pipeline.py for tasks to queue
[2026-04-29T13:13:07.504+0000] {logging_mixin.py:190} INFO - [2026-04-29T13:13:07.503+0000] {dagbag.py:588} INFO - Filling up the DagBag from /opt/airflow/dags/medallion_retail_pipeline.py
[2026-04-29T13:13:07.530+0000] {processor.py:925} INFO - DAG(s) 'medallion_retail_pipeline' retrieved from /opt/airflow/dags/medallion_retail_pipeline.py
[2026-04-29T13:13:07.575+0000] {logging_mixin.py:190} INFO - [2026-04-29T13:13:07.574+0000] {dag.py:3239} INFO - Sync 1 DAGs
[2026-04-29T13:13:07.595+0000] {logging_mixin.py:190} INFO - [2026-04-29T13:13:07.594+0000] {dag.py:4180} INFO - Setting next_dagrun for medallion_retail_pipeline to None, run_after=None
[2026-04-29T13:13:07.620+0000] {processor.py:208} INFO - Processing /opt/airflow/dags/medallion_retail_pipeline.py took 0.129 seconds
[2026-04-29T13:13:37.854+0000] {processor.py:186} INFO - Started process (PID=30) to work on /opt/airflow/dags/medallion_retail_pipeline.py
[2026-04-29T13:13:37.855+0000] {processor.py:914} INFO - Processing file /opt/airflow/dags/medallion_retail_pipeline.py for tasks to queue
[2026-04-29T13:13:37.858+0000] {logging_mixin.py:190} INFO - [2026-04-29T13:13:37.858+0000] {dagbag.py:588} INFO - Filling up the DagBag from /opt/airflow/dags/medallion_retail_pipeline.py
[2026-04-29T13:13:37.881+0000] {processor.py:925} INFO - DAG(s) 'medallion_retail_pipeline' retrieved from /opt/airflow/dags/medallion_retail_pipeline.py
[2026-04-29T13:13:37.924+0000] {logging_mixin.py:190} INFO - [2026-04-29T13:13:37.924+0000] {dag.py:3239} INFO - Sync 1 DAGs
[2026-04-29T13:13:37.947+0000] {logging_mixin.py:190} INFO - [2026-04-29T13:13:37.946+0000] {dag.py:4180} INFO - Setting next_dagrun for medallion_retail_pipeline to None, run_after=None
[2026-04-29T13:13:37.974+0000] {processor.py:208} INFO - Processing /opt/airflow/dags/medallion_retail_pipeline.py took 0.126 seconds
[2026-04-29T13:14:08.109+0000] {processor.py:186} INFO - Started process (PID=31) to work on /opt/airflow/dags/medallion_retail_pipeline.py
[2026-04-29T13:14:08.110+0000] {processor.py:914} INFO - Processing file /opt/airflow/dags/medallion_retail_pipeline.py for tasks to queue
[2026-04-29T13:14:08.113+0000] {logging_mixin.py:190} INFO - [2026-04-29T13:14:08.113+0000] {dagbag.py:588} INFO - Filling up the DagBag from /opt/airflow/dags/medallion_retail_pipeline.py
[2026-04-29T13:14:08.136+0000] {processor.py:925} INFO - DAG(s) 'medallion_retail_pipeline' retrieved from /opt/airflow/dags/medallion_retail_pipeline.py
[2026-04-29T13:14:08.178+0000] {logging_mixin.py:190} INFO - [2026-04-29T13:14:08.178+0000] {dag.py:3239} INFO - Sync 1 DAGs
[2026-04-29T13:14:08.197+0000] {logging_mixin.py:190} INFO - [2026-04-29T13:14:08.197+0000] {dag.py:4180} INFO - Setting next_dagrun for medallion_retail_pipeline to None, run_after=None
[2026-04-29T13:14:08.220+0000] {processor.py:208} INFO - Processing /opt/airflow/dags/medallion_retail_pipeline.py took 0.120 seconds
[2026-04-29T13:14:38.604+0000] {processor.py:186} INFO - Started process (PID=32) to work on /opt/airflow/dags/medallion_retail_pipeline.py
[2026-04-29T13:14:38.605+0000] {processor.py:914} INFO - Processing file /opt/airflow/dags/medallion_retail_pipeline.py for tasks to queue
[2026-04-29T13:14:38.608+0000] {logging_mixin.py:190} INFO - [2026-04-29T13:14:38.608+0000] {dagbag.py:588} INFO - Filling up the DagBag from /opt/airflow/dags/medallion_retail_pipeline.py
[2026-04-29T13:14:38.639+0000] {processor.py:925} INFO - DAG(s) 'medallion_retail_pipeline' retrieved from /opt/airflow/dags/medallion_retail_pipeline.py
[2026-04-29T13:14:38.681+0000] {logging_mixin.py:190} INFO - [2026-04-29T13:14:38.681+0000] {dag.py:3239} INFO - Sync 1 DAGs
[2026-04-29T13:14:38.699+0000] {logging_mixin.py:190} INFO - [2026-04-29T13:14:38.699+0000] {dag.py:4180} INFO - Setting next_dagrun for medallion_retail_pipeline to None, run_after=None
[2026-04-29T13:14:38.726+0000] {processor.py:208} INFO - Processing /opt/airflow/dags/medallion_retail_pipeline.py took 0.130 seconds
[2026-04-29T13:15:08.856+0000] {processor.py:186} INFO - Started process (PID=33) to work on /opt/airflow/dags/medallion_retail_pipeline.py
[2026-04-29T13:15:08.857+0000] {processor.py:914} INFO - Processing file /opt/airflow/dags/medallion_retail_pipeline.py for tasks to queue
[2026-04-29T13:15:08.860+0000] {logging_mixin.py:190} INFO - [2026-04-29T13:15:08.859+0000] {dagbag.py:588} INFO - Filling up the DagBag from /opt/airflow/dags/medallion_retail_pipeline.py
[2026-04-29T13:15:08.885+0000] {processor.py:925} INFO - DAG(s) 'medallion_retail_pipeline' retrieved from /opt/airflow/dags/medallion_retail_pipeline.py
[2026-04-29T13:15:08.927+0000] {logging_mixin.py:190} INFO - [2026-04-29T13:15:08.927+0000] {dag.py:3239} INFO - Sync 1 DAGs
[2026-04-29T13:15:08.947+0000] {logging_mixin.py:190} INFO - [2026-04-29T13:15:08.947+0000] {dag.py:4180} INFO - Setting next_dagrun for medallion_retail_pipeline to None, run_after=None
[2026-04-29T13:15:08.972+0000] {processor.py:208} INFO - Processing /opt/airflow/dags/medallion_retail_pipeline.py took 0.124 seconds
[2026-04-29T13:15:39.215+0000] {processor.py:186} INFO - Started process (PID=34) to work on /opt/airflow/dags/medallion_retail_pipeline.py
[2026-04-29T13:15:39.217+0000] {processor.py:914} INFO - Processing file /opt/airflow/dags/medallion_retail_pipeline.py for tasks to queue
[2026-04-29T13:15:39.222+0000] {logging_mixin.py:190} INFO - [2026-04-29T13:15:39.221+0000] {dagbag.py:588} INFO - Filling up the DagBag from /opt/airflow/dags/medallion_retail_pipeline.py
[2026-04-29T13:15:39.247+0000] {processor.py:925} INFO - DAG(s) 'medallion_retail_pipeline' retrieved from /opt/airflow/dags/medallion_retail_pipeline.py
[2026-04-29T13:15:39.295+0000] {logging_mixin.py:190} INFO - [2026-04-29T13:15:39.294+0000] {dag.py:3239} INFO - Sync 1 DAGs
[2026-04-29T13:15:39.314+0000] {logging_mixin.py:190} INFO - [2026-04-29T13:15:39.314+0000] {dag.py:4180} INFO - Setting next_dagrun for medallion_retail_pipeline to None, run_after=None
[2026-04-29T13:15:39.339+0000] {processor.py:208} INFO - Processing /opt/airflow/dags/medallion_retail_pipeline.py took 0.131 seconds
[2026-04-29T13:16:09.470+0000] {processor.py:186} INFO - Started process (PID=35) to work on /opt/airflow/dags/medallion_retail_pipeline.py
[2026-04-29T13:16:09.471+0000] {processor.py:914} INFO - Processing file /opt/airflow/dags/medallion_retail_pipeline.py for tasks to queue
[2026-04-29T13:16:09.474+0000] {logging_mixin.py:190} INFO - [2026-04-29T13:16:09.473+0000] {dagbag.py:588} INFO - Filling up the DagBag from /opt/airflow/dags/medallion_retail_pipeline.py
[2026-04-29T13:16:09.496+0000] {processor.py:925} INFO - DAG(s) 'medallion_retail_pipeline' retrieved from /opt/airflow/dags/medallion_retail_pipeline.py
[2026-04-29T13:16:09.543+0000] {logging_mixin.py:190} INFO - [2026-04-29T13:16:09.543+0000] {dag.py:3239} INFO - Sync 1 DAGs
[2026-04-29T13:16:09.573+0000] {logging_mixin.py:190} INFO - [2026-04-29T13:16:09.573+0000] {dag.py:4180} INFO - Setting next_dagrun for medallion_retail_pipeline to None, run_after=None
[2026-04-29T13:16:09.602+0000] {processor.py:208} INFO - Processing /opt/airflow/dags/medallion_retail_pipeline.py took 0.140 seconds
[2026-04-29T13:16:39.825+0000] {processor.py:186} INFO - Started process (PID=36) to work on /opt/airflow/dags/medallion_retail_pipeline.py
[2026-04-29T13:16:39.826+0000] {processor.py:914} INFO - Processing file /opt/airflow/dags/medallion_retail_pipeline.py for tasks to queue
[2026-04-29T13:16:39.830+0000] {logging_mixin.py:190} INFO - [2026-04-29T13:16:39.829+0000] {dagbag.py:588} INFO - Filling up the DagBag from /opt/airflow/dags/medallion_retail_pipeline.py
[2026-04-29T13:16:39.853+0000] {processor.py:925} INFO - DAG(s) 'medallion_retail_pipeline' retrieved from /opt/airflow/dags/medallion_retail_pipeline.py
[2026-04-29T13:16:39.896+0000] {logging_mixin.py:190} INFO - [2026-04-29T13:16:39.896+0000] {dag.py:3239} INFO - Sync 1 DAGs
[2026-04-29T13:16:39.917+0000] {logging_mixin.py:190} INFO - [2026-04-29T13:16:39.917+0000] {dag.py:4180} INFO - Setting next_dagrun for medallion_retail_pipeline to None, run_after=None
[2026-04-29T13:16:39.941+0000] {processor.py:208} INFO - Processing /opt/airflow/dags/medallion_retail_pipeline.py took 0.123 seconds
[2026-04-29T13:17:10.189+0000] {processor.py:186} INFO - Started process (PID=37) to work on /opt/airflow/dags/medallion_retail_pipeline.py
[2026-04-29T13:17:10.190+0000] {processor.py:914} INFO - Processing file /opt/airflow/dags/medallion_retail_pipeline.py for tasks to queue
[2026-04-29T13:17:10.193+0000] {logging_mixin.py:190} INFO - [2026-04-29T13:17:10.193+0000] {dagbag.py:588} INFO - Filling up the DagBag from /opt/airflow/dags/medallion_retail_pipeline.py
[2026-04-29T13:17:10.215+0000] {processor.py:925} INFO - DAG(s) 'medallion_retail_pipeline' retrieved from /opt/airflow/dags/medallion_retail_pipeline.py
[2026-04-29T13:17:10.254+0000] {logging_mixin.py:190} INFO - [2026-04-29T13:17:10.254+0000] {dag.py:3239} INFO - Sync 1 DAGs
[2026-04-29T13:17:10.272+0000] {logging_mixin.py:190} INFO - [2026-04-29T13:17:10.272+0000] {dag.py:4180} INFO - Setting next_dagrun for medallion_retail_pipeline to None, run_after=None
[2026-04-29T13:17:10.296+0000] {processor.py:208} INFO - Processing /opt/airflow/dags/medallion_retail_pipeline.py took 0.114 seconds
[2026-04-29T13:17:40.475+0000] {processor.py:186} INFO - Started process (PID=38) to work on /opt/airflow/dags/medallion_retail_pipeline.py
[2026-04-29T13:17:40.476+0000] {processor.py:914} INFO - Processing file /opt/airflow/dags/medallion_retail_pipeline.py for tasks to queue
[2026-04-29T13:17:40.479+0000] {logging_mixin.py:190} INFO - [2026-04-29T13:17:40.478+0000] {dagbag.py:588} INFO - Filling up the DagBag from /opt/airflow/dags/medallion_retail_pipeline.py
[2026-04-29T13:17:40.502+0000] {processor.py:925} INFO - DAG(s) 'medallion_retail_pipeline' retrieved from /opt/airflow/dags/medallion_retail_pipeline.py
[2026-04-29T13:17:40.544+0000] {logging_mixin.py:190} INFO - [2026-04-29T13:17:40.543+0000] {dag.py:3239} INFO - Sync 1 DAGs
[2026-04-29T13:17:40.561+0000] {logging_mixin.py:190} INFO - [2026-04-29T13:17:40.561+0000] {dag.py:4180} INFO - Setting next_dagrun for medallion_retail_pipeline to None, run_after=None
[2026-04-29T13:17:40.585+0000] {processor.py:208} INFO - Processing /opt/airflow/dags/medallion_retail_pipeline.py took 0.117 seconds
[2026-04-29T13:18:10.831+0000] {processor.py:186} INFO - Started process (PID=39) to work on /opt/airflow/dags/medallion_retail_pipeline.py
[2026-04-29T13:18:10.833+0000] {processor.py:914} INFO - Processing file /opt/airflow/dags/medallion_retail_pipeline.py for tasks to queue
[2026-04-29T13:18:10.836+0000] {logging_mixin.py:190} INFO - [2026-04-29T13:18:10.835+0000] {dagbag.py:588} INFO - Filling up the DagBag from /opt/airflow/dags/medallion_retail_pipeline.py
[2026-04-29T13:18:10.871+0000] {processor.py:925} INFO - DAG(s) 'medallion_retail_pipeline' retrieved from /opt/airflow/dags/medallion_retail_pipeline.py
[2026-04-29T13:18:10.932+0000] {logging_mixin.py:190} INFO - [2026-04-29T13:18:10.932+0000] {dag.py:3239} INFO - Sync 1 DAGs
[2026-04-29T13:18:10.953+0000] {logging_mixin.py:190} INFO - [2026-04-29T13:18:10.953+0000] {dag.py:4180} INFO - Setting next_dagrun for medallion_retail_pipeline to None, run_after=None
[2026-04-29T13:18:10.981+0000] {processor.py:208} INFO - Processing /opt/airflow/dags/medallion_retail_pipeline.py took 0.157 seconds
[2026-04-29T13:18:41.072+0000] {processor.py:186} INFO - Started process (PID=40) to work on /opt/airflow/dags/medallion_retail_pipeline.py
[2026-04-29T13:18:41.073+0000] {processor.py:914} INFO - Processing file /opt/airflow/dags/medallion_retail_pipeline.py for tasks to queue
[2026-04-29T13:18:41.077+0000] {logging_mixin.py:190} INFO - [2026-04-29T13:18:41.076+0000] {dagbag.py:588} INFO - Filling up the DagBag from /opt/airflow/dags/medallion_retail_pipeline.py
[2026-04-29T13:18:41.098+0000] {processor.py:925} INFO - DAG(s) 'medallion_retail_pipeline' retrieved from /opt/airflow/dags/medallion_retail_pipeline.py
[2026-04-29T13:18:41.143+0000] {logging_mixin.py:190} INFO - [2026-04-29T13:18:41.142+0000] {dag.py:3239} INFO - Sync 1 DAGs
[2026-04-29T13:18:41.164+0000] {logging_mixin.py:190} INFO - [2026-04-29T13:18:41.163+0000] {dag.py:4180} INFO - Setting next_dagrun for medallion_retail_pipeline to None, run_after=None
[2026-04-29T13:18:41.190+0000] {processor.py:208} INFO - Processing /opt/airflow/dags/medallion_retail_pipeline.py took 0.125 seconds
[2026-04-29T13:19:11.304+0000] {processor.py:186} INFO - Started process (PID=41) to work on /opt/airflow/dags/medallion_retail_pipeline.py
[2026-04-29T13:19:11.305+0000] {processor.py:914} INFO - Processing file /opt/airflow/dags/medallion_retail_pipeline.py for tasks to queue
[2026-04-29T13:19:11.307+0000] {logging_mixin.py:190} INFO - [2026-04-29T13:19:11.307+0000] {dagbag.py:588} INFO - Filling up the DagBag from /opt/airflow/dags/medallion_retail_pipeline.py
[2026-04-29T13:19:11.333+0000] {processor.py:925} INFO - DAG(s) 'medallion_retail_pipeline' retrieved from /opt/airflow/dags/medallion_retail_pipeline.py
[2026-04-29T13:19:11.375+0000] {logging_mixin.py:190} INFO - [2026-04-29T13:19:11.375+0000] {dag.py:3239} INFO - Sync 1 DAGs
[2026-04-29T13:19:11.399+0000] {logging_mixin.py:190} INFO - [2026-04-29T13:19:11.398+0000] {dag.py:4180} INFO - Setting next_dagrun for medallion_retail_pipeline to None, run_after=None
[2026-04-29T13:19:11.426+0000] {processor.py:208} INFO - Processing /opt/airflow/dags/medallion_retail_pipeline.py took 0.130 seconds
[2026-04-29T13:19:41.544+0000] {processor.py:186} INFO - Started process (PID=42) to work on /opt/airflow/dags/medallion_retail_pipeline.py
[2026-04-29T13:19:41.546+0000] {processor.py:914} INFO - Processing file /opt/airflow/dags/medallion_retail_pipeline.py for tasks to queue
[2026-04-29T13:19:41.549+0000] {logging_mixin.py:190} INFO - [2026-04-29T13:19:41.548+0000] {dagbag.py:588} INFO - Filling up the DagBag from /opt/airflow/dags/medallion_retail_pipeline.py
[2026-04-29T13:19:41.573+0000] {processor.py:925} INFO - DAG(s) 'medallion_retail_pipeline' retrieved from /opt/airflow/dags/medallion_retail_pipeline.py
[2026-04-29T13:19:41.621+0000] {logging_mixin.py:190} INFO - [2026-04-29T13:19:41.620+0000] {dag.py:3239} INFO - Sync 1 DAGs
[2026-04-29T13:19:41.641+0000] {logging_mixin.py:190} INFO - [2026-04-29T13:19:41.641+0000] {dag.py:4180} INFO - Setting next_dagrun for medallion_retail_pipeline to None, run_after=None
[2026-04-29T13:19:41.667+0000] {processor.py:208} INFO - Processing /opt/airflow/dags/medallion_retail_pipeline.py took 0.130 seconds
[2026-04-29T13:20:11.892+0000] {processor.py:186} INFO - Started process (PID=43) to work on /opt/airflow/dags/medallion_retail_pipeline.py
[2026-04-29T13:20:11.895+0000] {processor.py:914} INFO - Processing file /opt/airflow/dags/medallion_retail_pipeline.py for tasks to queue
[2026-04-29T13:20:11.898+0000] {logging_mixin.py:190} INFO - [2026-04-29T13:20:11.898+0000] {dagbag.py:588} INFO - Filling up the DagBag from /opt/airflow/dags/medallion_retail_pipeline.py
[2026-04-29T13:20:11.921+0000] {processor.py:925} INFO - DAG(s) 'medallion_retail_pipeline' retrieved from /opt/airflow/dags/medallion_retail_pipeline.py
[2026-04-29T13:20:11.965+0000] {logging_mixin.py:190} INFO - [2026-04-29T13:20:11.964+0000] {dag.py:3239} INFO - Sync 1 DAGs
[2026-04-29T13:20:11.988+0000] {logging_mixin.py:190} INFO - [2026-04-29T13:20:11.987+0000] {dag.py:4180} INFO - Setting next_dagrun for medallion_retail_pipeline to None, run_after=None
[2026-04-29T13:20:12.017+0000] {processor.py:208} INFO - Processing /opt/airflow/dags/medallion_retail_pipeline.py took 0.132 seconds
[2026-04-29T13:20:42.143+0000] {processor.py:186} INFO - Started process (PID=44) to work on /opt/airflow/dags/medallion_retail_pipeline.py
[2026-04-29T13:20:42.144+0000] {processor.py:914} INFO - Processing file /opt/airflow/dags/medallion_retail_pipeline.py for tasks to queue
[2026-04-29T13:20:42.147+0000] {logging_mixin.py:190} INFO - [2026-04-29T13:20:42.146+0000] {dagbag.py:588} INFO - Filling up the DagBag from /opt/airflow/dags/medallion_retail_pipeline.py
[2026-04-29T13:20:42.173+0000] {processor.py:925} INFO - DAG(s) 'medallion_retail_pipeline' retrieved from /opt/airflow/dags/medallion_retail_pipeline.py
[2026-04-29T13:20:42.221+0000] {logging_mixin.py:190} INFO - [2026-04-29T13:20:42.220+0000] {dag.py:3239} INFO - Sync 1 DAGs
[2026-04-29T13:20:42.243+0000] {logging_mixin.py:190} INFO - [2026-04-29T13:20:42.243+0000] {dag.py:4180} INFO - Setting next_dagrun for medallion_retail_pipeline to None, run_after=None
[2026-04-29T13:20:42.271+0000] {processor.py:208} INFO - Processing /opt/airflow/dags/medallion_retail_pipeline.py took 0.136 seconds
[2026-04-29T13:21:12.502+0000] {processor.py:186} INFO - Started process (PID=45) to work on /opt/airflow/dags/medallion_retail_pipeline.py
[2026-04-29T13:21:12.503+0000] {processor.py:914} INFO - Processing file /opt/airflow/dags/medallion_retail_pipeline.py for tasks to queue
[2026-04-29T13:21:12.506+0000] {logging_mixin.py:190} INFO - [2026-04-29T13:21:12.506+0000] {dagbag.py:588} INFO - Filling up the DagBag from /opt/airflow/dags/medallion_retail_pipeline.py
[2026-04-29T13:21:12.531+0000] {processor.py:925} INFO - DAG(s) 'medallion_retail_pipeline' retrieved from /opt/airflow/dags/medallion_retail_pipeline.py
[2026-04-29T13:21:12.573+0000] {logging_mixin.py:190} INFO - [2026-04-29T13:21:12.573+0000] {dag.py:3239} INFO - Sync 1 DAGs
[2026-04-29T13:21:12.593+0000] {logging_mixin.py:190} INFO - [2026-04-29T13:21:12.593+0000] {dag.py:4180} INFO - Setting next_dagrun for medallion_retail_pipeline to None, run_after=None
[2026-04-29T13:21:12.620+0000] {processor.py:208} INFO - Processing /opt/airflow/dags/medallion_retail_pipeline.py took 0.125 seconds
[2026-04-29T13:21:42.749+0000] {processor.py:186} INFO - Started process (PID=46) to work on /opt/airflow/dags/medallion_retail_pipeline.py
[2026-04-29T13:21:42.751+0000] {processor.py:914} INFO - Processing file /opt/airflow/dags/medallion_retail_pipeline.py for tasks to queue
[2026-04-29T13:21:42.753+0000] {logging_mixin.py:190} INFO - [2026-04-29T13:21:42.753+0000] {dagbag.py:588} INFO - Filling up the DagBag from /opt/airflow/dags/medallion_retail_pipeline.py
[2026-04-29T13:21:42.780+0000] {processor.py:925} INFO - DAG(s) 'medallion_retail_pipeline' retrieved from /opt/airflow/dags/medallion_retail_pipeline.py
[2026-04-29T13:21:42.826+0000] {logging_mixin.py:190} INFO - [2026-04-29T13:21:42.825+0000] {dag.py:3239} INFO - Sync 1 DAGs
[2026-04-29T13:21:42.851+0000] {logging_mixin.py:190} INFO - [2026-04-29T13:21:42.851+0000] {dag.py:4180} INFO - Setting next_dagrun for medallion_retail_pipeline to None, run_after=None
[2026-04-29T13:21:42.878+0000] {processor.py:208} INFO - Processing /opt/airflow/dags/medallion_retail_pipeline.py took 0.135 seconds
[2026-04-29T13:22:13.116+0000] {processor.py:186} INFO - Started process (PID=47) to work on /opt/airflow/dags/medallion_retail_pipeline.py
[2026-04-29T13:22:13.118+0000] {processor.py:914} INFO - Processing file /opt/airflow/dags/medallion_retail_pipeline.py for tasks to queue
[2026-04-29T13:22:13.124+0000] {logging_mixin.py:190} INFO - [2026-04-29T13:22:13.123+0000] {dagbag.py:588} INFO - Filling up the DagBag from /opt/airflow/dags/medallion_retail_pipeline.py
[2026-04-29T13:22:13.170+0000] {processor.py:925} INFO - DAG(s) 'medallion_retail_pipeline' retrieved from /opt/airflow/dags/medallion_retail_pipeline.py
[2026-04-29T13:22:13.390+0000] {logging_mixin.py:190} INFO - [2026-04-29T13:22:13.389+0000] {dag.py:3239} INFO - Sync 1 DAGs
[2026-04-29T13:22:13.421+0000] {logging_mixin.py:190} INFO - [2026-04-29T13:22:13.421+0000] {dag.py:4180} INFO - Setting next_dagrun for medallion_retail_pipeline to None, run_after=None
[2026-04-29T13:22:13.446+0000] {processor.py:208} INFO - Processing /opt/airflow/dags/medallion_retail_pipeline.py took 0.346 seconds
[2026-04-29T13:22:43.799+0000] {processor.py:186} INFO - Started process (PID=49) to work on /opt/airflow/dags/medallion_retail_pipeline.py
[2026-04-29T13:22:43.800+0000] {processor.py:914} INFO - Processing file /opt/airflow/dags/medallion_retail_pipeline.py for tasks to queue
[2026-04-29T13:22:43.803+0000] {logging_mixin.py:190} INFO - [2026-04-29T13:22:43.803+0000] {dagbag.py:588} INFO - Filling up the DagBag from /opt/airflow/dags/medallion_retail_pipeline.py
[2026-04-29T13:22:43.828+0000] {processor.py:925} INFO - DAG(s) 'medallion_retail_pipeline' retrieved from /opt/airflow/dags/medallion_retail_pipeline.py
[2026-04-29T13:22:43.868+0000] {logging_mixin.py:190} INFO - [2026-04-29T13:22:43.867+0000] {dag.py:3239} INFO - Sync 1 DAGs
[2026-04-29T13:22:43.887+0000] {logging_mixin.py:190} INFO - [2026-04-29T13:22:43.887+0000] {dag.py:4180} INFO - Setting next_dagrun for medallion_retail_pipeline to None, run_after=None
[2026-04-29T13:22:43.913+0000] {processor.py:208} INFO - Processing /opt/airflow/dags/medallion_retail_pipeline.py took 0.122 seconds
[2026-04-29T13:23:14.235+0000] {processor.py:186} INFO - Started process (PID=51) to work on /opt/airflow/dags/medallion_retail_pipeline.py
[2026-04-29T13:23:14.236+0000] {processor.py:914} INFO - Processing file /opt/airflow/dags/medallion_retail_pipeline.py for tasks to queue
[2026-04-29T13:23:14.239+0000] {logging_mixin.py:190} INFO - [2026-04-29T13:23:14.239+0000] {dagbag.py:588} INFO - Filling up the DagBag from /opt/airflow/dags/medallion_retail_pipeline.py
[2026-04-29T13:23:14.261+0000] {processor.py:925} INFO - DAG(s) 'medallion_retail_pipeline' retrieved from /opt/airflow/dags/medallion_retail_pipeline.py
[2026-04-29T13:23:14.302+0000] {logging_mixin.py:190} INFO - [2026-04-29T13:23:14.302+0000] {dag.py:3239} INFO - Sync 1 DAGs
[2026-04-29T13:23:14.320+0000] {logging_mixin.py:190} INFO - [2026-04-29T13:23:14.320+0000] {dag.py:4180} INFO - Setting next_dagrun for medallion_retail_pipeline to None, run_after=None
[2026-04-29T13:23:14.347+0000] {processor.py:208} INFO - Processing /opt/airflow/dags/medallion_retail_pipeline.py took 0.121 seconds
[2026-04-29T13:23:29.527+0000] {processor.py:186} INFO - Started process (PID=52) to work on /opt/airflow/dags/medallion_retail_pipeline.py
[2026-04-29T13:23:29.529+0000] {processor.py:914} INFO - Processing file /opt/airflow/dags/medallion_retail_pipeline.py for tasks to queue
[2026-04-29T13:23:29.532+0000] {logging_mixin.py:190} INFO - [2026-04-29T13:23:29.531+0000] {dagbag.py:588} INFO - Filling up the DagBag from /opt/airflow/dags/medallion_retail_pipeline.py
[2026-04-29T13:23:29.564+0000] {processor.py:925} INFO - DAG(s) 'medallion_retail_pipeline' retrieved from /opt/airflow/dags/medallion_retail_pipeline.py
[2026-04-29T13:23:29.732+0000] {logging_mixin.py:190} INFO - [2026-04-29T13:23:29.732+0000] {dag.py:3239} INFO - Sync 1 DAGs
[2026-04-29T13:23:29.751+0000] {logging_mixin.py:190} INFO - [2026-04-29T13:23:29.750+0000] {dag.py:4180} INFO - Setting next_dagrun for medallion_retail_pipeline to None, run_after=None
[2026-04-29T13:23:29.789+0000] {processor.py:208} INFO - Processing /opt/airflow/dags/medallion_retail_pipeline.py took 0.269 seconds
[2026-04-29T13:24:00.480+0000] {processor.py:186} INFO - Started process (PID=28) to work on /opt/airflow/dags/medallion_retail_pipeline.py
[2026-04-29T13:24:00.482+0000] {processor.py:914} INFO - Processing file /opt/airflow/dags/medallion_retail_pipeline.py for tasks to queue
[2026-04-29T13:24:00.485+0000] {logging_mixin.py:190} INFO - [2026-04-29T13:24:00.485+0000] {dagbag.py:588} INFO - Filling up the DagBag from /opt/airflow/dags/medallion_retail_pipeline.py
[2026-04-29T13:24:00.510+0000] {processor.py:925} INFO - DAG(s) 'medallion_retail_pipeline' retrieved from /opt/airflow/dags/medallion_retail_pipeline.py
[2026-04-29T13:24:00.555+0000] {logging_mixin.py:190} INFO - [2026-04-29T13:24:00.555+0000] {dag.py:3239} INFO - Sync 1 DAGs
[2026-04-29T13:24:00.574+0000] {logging_mixin.py:190} INFO - [2026-04-29T13:24:00.574+0000] {dag.py:4180} INFO - Setting next_dagrun for medallion_retail_pipeline to None, run_after=None
[2026-04-29T13:24:00.602+0000] {processor.py:208} INFO - Processing /opt/airflow/dags/medallion_retail_pipeline.py took 0.133 seconds
[2026-04-29T13:24:30.897+0000] {processor.py:186} INFO - Started process (PID=30) to work on /opt/airflow/dags/medallion_retail_pipeline.py
[2026-04-29T13:24:30.899+0000] {processor.py:914} INFO - Processing file /opt/airflow/dags/medallion_retail_pipeline.py for tasks to queue
[2026-04-29T13:24:30.903+0000] {logging_mixin.py:190} INFO - [2026-04-29T13:24:30.902+0000] {dagbag.py:588} INFO - Filling up the DagBag from /opt/airflow/dags/medallion_retail_pipeline.py
[2026-04-29T13:24:30.945+0000] {processor.py:925} INFO - DAG(s) 'medallion_retail_pipeline' retrieved from /opt/airflow/dags/medallion_retail_pipeline.py
[2026-04-29T13:24:31.014+0000] {logging_mixin.py:190} INFO - [2026-04-29T13:24:31.014+0000] {dag.py:3239} INFO - Sync 1 DAGs
[2026-04-29T13:24:31.045+0000] {logging_mixin.py:190} INFO - [2026-04-29T13:24:31.045+0000] {dag.py:4180} INFO - Setting next_dagrun for medallion_retail_pipeline to None, run_after=None
[2026-04-29T13:24:31.088+0000] {processor.py:208} INFO - Processing /opt/airflow/dags/medallion_retail_pipeline.py took 0.208 seconds
[2026-04-29T13:25:01.552+0000] {processor.py:186} INFO - Started process (PID=54) to work on /opt/airflow/dags/medallion_retail_pipeline.py
[2026-04-29T13:25:01.558+0000] {processor.py:914} INFO - Processing file /opt/airflow/dags/medallion_retail_pipeline.py for tasks to queue
[2026-04-29T13:25:01.586+0000] {logging_mixin.py:190} INFO - [2026-04-29T13:25:01.583+0000] {dagbag.py:588} INFO - Filling up the DagBag from /opt/airflow/dags/medallion_retail_pipeline.py
[2026-04-29T13:25:01.667+0000] {processor.py:925} INFO - DAG(s) 'medallion_retail_pipeline' retrieved from /opt/airflow/dags/medallion_retail_pipeline.py
[2026-04-29T13:25:01.892+0000] {logging_mixin.py:190} INFO - [2026-04-29T13:25:01.891+0000] {dag.py:3239} INFO - Sync 1 DAGs
[2026-04-29T13:25:02.050+0000] {logging_mixin.py:190} INFO - [2026-04-29T13:25:02.050+0000] {dag.py:4180} INFO - Setting next_dagrun for medallion_retail_pipeline to None, run_after=None
[2026-04-29T13:25:02.143+0000] {processor.py:208} INFO - Processing /opt/airflow/dags/medallion_retail_pipeline.py took 0.648 seconds
[2026-04-29T13:25:32.484+0000] {processor.py:186} INFO - Started process (PID=78) to work on /opt/airflow/dags/medallion_retail_pipeline.py
[2026-04-29T13:25:32.486+0000] {processor.py:914} INFO - Processing file /opt/airflow/dags/medallion_retail_pipeline.py for tasks to queue
[2026-04-29T13:25:32.490+0000] {logging_mixin.py:190} INFO - [2026-04-29T13:25:32.490+0000] {dagbag.py:588} INFO - Filling up the DagBag from /opt/airflow/dags/medallion_retail_pipeline.py
[2026-04-29T13:25:32.519+0000] {processor.py:925} INFO - DAG(s) 'medallion_retail_pipeline' retrieved from /opt/airflow/dags/medallion_retail_pipeline.py
[2026-04-29T13:25:32.592+0000] {logging_mixin.py:190} INFO - [2026-04-29T13:25:32.592+0000] {dag.py:3239} INFO - Sync 1 DAGs
[2026-04-29T13:25:32.628+0000] {logging_mixin.py:190} INFO - [2026-04-29T13:25:32.628+0000] {dag.py:4180} INFO - Setting next_dagrun for medallion_retail_pipeline to None, run_after=None
[2026-04-29T13:25:32.670+0000] {processor.py:208} INFO - Processing /opt/airflow/dags/medallion_retail_pipeline.py took 0.200 seconds
[2026-04-29T13:26:02.841+0000] {processor.py:186} INFO - Started process (PID=125) to work on /opt/airflow/dags/medallion_retail_pipeline.py
[2026-04-29T13:26:02.843+0000] {processor.py:914} INFO - Processing file /opt/airflow/dags/medallion_retail_pipeline.py for tasks to queue
[2026-04-29T13:26:02.850+0000] {logging_mixin.py:190} INFO - [2026-04-29T13:26:02.849+0000] {dagbag.py:588} INFO - Filling up the DagBag from /opt/airflow/dags/medallion_retail_pipeline.py
[2026-04-29T13:26:02.892+0000] {processor.py:925} INFO - DAG(s) 'medallion_retail_pipeline' retrieved from /opt/airflow/dags/medallion_retail_pipeline.py
[2026-04-29T13:26:02.966+0000] {logging_mixin.py:190} INFO - [2026-04-29T13:26:02.965+0000] {dag.py:3239} INFO - Sync 1 DAGs
[2026-04-29T13:26:03.010+0000] {logging_mixin.py:190} INFO - [2026-04-29T13:26:03.010+0000] {dag.py:4180} INFO - Setting next_dagrun for medallion_retail_pipeline to None, run_after=None
[2026-04-29T13:26:03.054+0000] {processor.py:208} INFO - Processing /opt/airflow/dags/medallion_retail_pipeline.py took 0.228 seconds
[2026-04-29T13:26:33.340+0000] {processor.py:186} INFO - Started process (PID=149) to work on /opt/airflow/dags/medallion_retail_pipeline.py
[2026-04-29T13:26:33.345+0000] {processor.py:914} INFO - Processing file /opt/airflow/dags/medallion_retail_pipeline.py for tasks to queue
[2026-04-29T13:26:33.352+0000] {logging_mixin.py:190} INFO - [2026-04-29T13:26:33.351+0000] {dagbag.py:588} INFO - Filling up the DagBag from /opt/airflow/dags/medallion_retail_pipeline.py
[2026-04-29T13:26:33.409+0000] {processor.py:925} INFO - DAG(s) 'medallion_retail_pipeline' retrieved from /opt/airflow/dags/medallion_retail_pipeline.py
[2026-04-29T13:26:33.512+0000] {logging_mixin.py:190} INFO - [2026-04-29T13:26:33.511+0000] {dag.py:3239} INFO - Sync 1 DAGs
[2026-04-29T13:26:33.545+0000] {logging_mixin.py:190} INFO - [2026-04-29T13:26:33.545+0000] {dag.py:4180} INFO - Setting next_dagrun for medallion_retail_pipeline to None, run_after=None
[2026-04-29T13:26:33.582+0000] {processor.py:208} INFO - Processing /opt/airflow/dags/medallion_retail_pipeline.py took 0.262 seconds
[2026-04-29T13:27:03.943+0000] {processor.py:186} INFO - Started process (PID=194) to work on /opt/airflow/dags/medallion_retail_pipeline.py
[2026-04-29T13:27:03.946+0000] {processor.py:914} INFO - Processing file /opt/airflow/dags/medallion_retail_pipeline.py for tasks to queue
[2026-04-29T13:27:03.952+0000] {logging_mixin.py:190} INFO - [2026-04-29T13:27:03.951+0000] {dagbag.py:588} INFO - Filling up the DagBag from /opt/airflow/dags/medallion_retail_pipeline.py
[2026-04-29T13:27:03.990+0000] {processor.py:925} INFO - DAG(s) 'medallion_retail_pipeline' retrieved from /opt/airflow/dags/medallion_retail_pipeline.py
[2026-04-29T13:27:04.060+0000] {logging_mixin.py:190} INFO - [2026-04-29T13:27:04.060+0000] {dag.py:3239} INFO - Sync 1 DAGs
[2026-04-29T13:27:04.117+0000] {logging_mixin.py:190} INFO - [2026-04-29T13:27:04.117+0000] {dag.py:4180} INFO - Setting next_dagrun for medallion_retail_pipeline to None, run_after=None
[2026-04-29T13:27:04.160+0000] {processor.py:208} INFO - Processing /opt/airflow/dags/medallion_retail_pipeline.py took 0.232 seconds
[2026-04-29T13:27:34.298+0000] {processor.py:186} INFO - Started process (PID=219) to work on /opt/airflow/dags/medallion_retail_pipeline.py
[2026-04-29T13:27:34.300+0000] {processor.py:914} INFO - Processing file /opt/airflow/dags/medallion_retail_pipeline.py for tasks to queue
[2026-04-29T13:27:34.308+0000] {logging_mixin.py:190} INFO - [2026-04-29T13:27:34.307+0000] {dagbag.py:588} INFO - Filling up the DagBag from /opt/airflow/dags/medallion_retail_pipeline.py
[2026-04-29T13:27:34.362+0000] {processor.py:925} INFO - DAG(s) 'medallion_retail_pipeline' retrieved from /opt/airflow/dags/medallion_retail_pipeline.py
[2026-04-29T13:27:34.439+0000] {logging_mixin.py:190} INFO - [2026-04-29T13:27:34.439+0000] {dag.py:3239} INFO - Sync 1 DAGs
[2026-04-29T13:27:34.678+0000] {logging_mixin.py:190} INFO - [2026-04-29T13:27:34.677+0000] {dag.py:4180} INFO - Setting next_dagrun for medallion_retail_pipeline to None, run_after=None
[2026-04-29T13:27:34.730+0000] {processor.py:208} INFO - Processing /opt/airflow/dags/medallion_retail_pipeline.py took 0.450 seconds
[2026-04-29T13:28:04.870+0000] {processor.py:186} INFO - Started process (PID=244) to work on /opt/airflow/dags/medallion_retail_pipeline.py
[2026-04-29T13:28:04.886+0000] {processor.py:914} INFO - Processing file /opt/airflow/dags/medallion_retail_pipeline.py for tasks to queue
[2026-04-29T13:28:04.899+0000] {logging_mixin.py:190} INFO - [2026-04-29T13:28:04.898+0000] {dagbag.py:588} INFO - Filling up the DagBag from /opt/airflow/dags/medallion_retail_pipeline.py
[2026-04-29T13:28:04.968+0000] {processor.py:925} INFO - DAG(s) 'medallion_retail_pipeline' retrieved from /opt/airflow/dags/medallion_retail_pipeline.py
[2026-04-29T13:28:05.056+0000] {logging_mixin.py:190} INFO - [2026-04-29T13:28:05.056+0000] {dag.py:3239} INFO - Sync 1 DAGs
[2026-04-29T13:28:05.096+0000] {logging_mixin.py:190} INFO - [2026-04-29T13:28:05.095+0000] {dag.py:4180} INFO - Setting next_dagrun for medallion_retail_pipeline to None, run_after=None
[2026-04-29T13:28:05.143+0000] {processor.py:208} INFO - Processing /opt/airflow/dags/medallion_retail_pipeline.py took 0.291 seconds
[2026-04-29T13:28:35.375+0000] {processor.py:186} INFO - Started process (PID=269) to work on /opt/airflow/dags/medallion_retail_pipeline.py
[2026-04-29T13:28:35.376+0000] {processor.py:914} INFO - Processing file /opt/airflow/dags/medallion_retail_pipeline.py for tasks to queue
[2026-04-29T13:28:35.379+0000] {logging_mixin.py:190} INFO - [2026-04-29T13:28:35.379+0000] {dagbag.py:588} INFO - Filling up the DagBag from /opt/airflow/dags/medallion_retail_pipeline.py
[2026-04-29T13:28:35.409+0000] {processor.py:925} INFO - DAG(s) 'medallion_retail_pipeline' retrieved from /opt/airflow/dags/medallion_retail_pipeline.py
[2026-04-29T13:28:35.455+0000] {logging_mixin.py:190} INFO - [2026-04-29T13:28:35.455+0000] {dag.py:3239} INFO - Sync 1 DAGs
[2026-04-29T13:28:35.475+0000] {logging_mixin.py:190} INFO - [2026-04-29T13:28:35.475+0000] {dag.py:4180} INFO - Setting next_dagrun for medallion_retail_pipeline to None, run_after=None
[2026-04-29T13:28:35.500+0000] {processor.py:208} INFO - Processing /opt/airflow/dags/medallion_retail_pipeline.py took 0.136 seconds
[2026-04-29T13:29:05.772+0000] {processor.py:186} INFO - Started process (PID=271) to work on /opt/airflow/dags/medallion_retail_pipeline.py
[2026-04-29T13:29:05.773+0000] {processor.py:914} INFO - Processing file /opt/airflow/dags/medallion_retail_pipeline.py for tasks to queue
[2026-04-29T13:29:05.776+0000] {logging_mixin.py:190} INFO - [2026-04-29T13:29:05.776+0000] {dagbag.py:588} INFO - Filling up the DagBag from /opt/airflow/dags/medallion_retail_pipeline.py
[2026-04-29T13:29:05.805+0000] {processor.py:925} INFO - DAG(s) 'medallion_retail_pipeline' retrieved from /opt/airflow/dags/medallion_retail_pipeline.py
[2026-04-29T13:29:05.849+0000] {logging_mixin.py:190} INFO - [2026-04-29T13:29:05.848+0000] {dag.py:3239} INFO - Sync 1 DAGs
[2026-04-29T13:29:05.868+0000] {logging_mixin.py:190} INFO - [2026-04-29T13:29:05.867+0000] {dag.py:4180} INFO - Setting next_dagrun for medallion_retail_pipeline to None, run_after=None
[2026-04-29T13:29:05.895+0000] {processor.py:208} INFO - Processing /opt/airflow/dags/medallion_retail_pipeline.py took 0.131 seconds
[2026-04-29T13:29:36.145+0000] {processor.py:186} INFO - Started process (PID=273) to work on /opt/airflow/dags/medallion_retail_pipeline.py
[2026-04-29T13:29:36.147+0000] {processor.py:914} INFO - Processing file /opt/airflow/dags/medallion_retail_pipeline.py for tasks to queue
[2026-04-29T13:29:36.150+0000] {logging_mixin.py:190} INFO - [2026-04-29T13:29:36.150+0000] {dagbag.py:588} INFO - Filling up the DagBag from /opt/airflow/dags/medallion_retail_pipeline.py
[2026-04-29T13:29:36.177+0000] {processor.py:925} INFO - DAG(s) 'medallion_retail_pipeline' retrieved from /opt/airflow/dags/medallion_retail_pipeline.py
[2026-04-29T13:29:36.217+0000] {logging_mixin.py:190} INFO - [2026-04-29T13:29:36.217+0000] {dag.py:3239} INFO - Sync 1 DAGs
[2026-04-29T13:29:36.237+0000] {logging_mixin.py:190} INFO - [2026-04-29T13:29:36.236+0000] {dag.py:4180} INFO - Setting next_dagrun for medallion_retail_pipeline to None, run_after=None
[2026-04-29T13:29:36.262+0000] {processor.py:208} INFO - Processing /opt/airflow/dags/medallion_retail_pipeline.py took 0.125 seconds
[2026-04-29T13:30:01.445+0000] {processor.py:186} INFO - Started process (PID=275) to work on /opt/airflow/dags/medallion_retail_pipeline.py
[2026-04-29T13:30:01.447+0000] {processor.py:914} INFO - Processing file /opt/airflow/dags/medallion_retail_pipeline.py for tasks to queue
[2026-04-29T13:30:01.450+0000] {logging_mixin.py:190} INFO - [2026-04-29T13:30:01.449+0000] {dagbag.py:588} INFO - Filling up the DagBag from /opt/airflow/dags/medallion_retail_pipeline.py
[2026-04-29T13:30:01.494+0000] {processor.py:925} INFO - DAG(s) 'medallion_retail_pipeline' retrieved from /opt/airflow/dags/medallion_retail_pipeline.py
[2026-04-29T13:30:01.688+0000] {logging_mixin.py:190} INFO - [2026-04-29T13:30:01.688+0000] {dag.py:3239} INFO - Sync 1 DAGs
[2026-04-29T13:30:01.705+0000] {logging_mixin.py:190} INFO - [2026-04-29T13:30:01.704+0000] {dag.py:4180} INFO - Setting next_dagrun for medallion_retail_pipeline to None, run_after=None
[2026-04-29T13:30:01.736+0000] {processor.py:208} INFO - Processing /opt/airflow/dags/medallion_retail_pipeline.py took 0.300 seconds
[2026-04-29T13:30:31.816+0000] {processor.py:186} INFO - Started process (PID=277) to work on /opt/airflow/dags/medallion_retail_pipeline.py
[2026-04-29T13:30:31.818+0000] {processor.py:914} INFO - Processing file /opt/airflow/dags/medallion_retail_pipeline.py for tasks to queue
[2026-04-29T13:30:31.821+0000] {logging_mixin.py:190} INFO - [2026-04-29T13:30:31.821+0000] {dagbag.py:588} INFO - Filling up the DagBag from /opt/airflow/dags/medallion_retail_pipeline.py
[2026-04-29T13:30:31.846+0000] {processor.py:925} INFO - DAG(s) 'medallion_retail_pipeline' retrieved from /opt/airflow/dags/medallion_retail_pipeline.py
[2026-04-29T13:30:31.886+0000] {logging_mixin.py:190} INFO - [2026-04-29T13:30:31.886+0000] {dag.py:3239} INFO - Sync 1 DAGs
[2026-04-29T13:30:31.906+0000] {logging_mixin.py:190} INFO - [2026-04-29T13:30:31.905+0000] {dag.py:4180} INFO - Setting next_dagrun for medallion_retail_pipeline to None, run_after=None
[2026-04-29T13:30:31.934+0000] {processor.py:208} INFO - Processing /opt/airflow/dags/medallion_retail_pipeline.py took 0.125 seconds
[2026-04-29T13:30:54.196+0000] {processor.py:186} INFO - Started process (PID=279) to work on /opt/airflow/dags/medallion_retail_pipeline.py
[2026-04-29T13:30:54.197+0000] {processor.py:914} INFO - Processing file /opt/airflow/dags/medallion_retail_pipeline.py for tasks to queue
[2026-04-29T13:30:54.200+0000] {logging_mixin.py:190} INFO - [2026-04-29T13:30:54.200+0000] {dagbag.py:588} INFO - Filling up the DagBag from /opt/airflow/dags/medallion_retail_pipeline.py
[2026-04-29T13:30:54.237+0000] {processor.py:925} INFO - DAG(s) 'medallion_retail_pipeline' retrieved from /opt/airflow/dags/medallion_retail_pipeline.py
[2026-04-29T13:30:54.441+0000] {logging_mixin.py:190} INFO - [2026-04-29T13:30:54.440+0000] {dag.py:3239} INFO - Sync 1 DAGs
[2026-04-29T13:30:54.466+0000] {logging_mixin.py:190} INFO - [2026-04-29T13:30:54.465+0000] {dag.py:4180} INFO - Setting next_dagrun for medallion_retail_pipeline to None, run_after=None
[2026-04-29T13:30:54.515+0000] {processor.py:208} INFO - Processing /opt/airflow/dags/medallion_retail_pipeline.py took 0.327 seconds
[2026-04-29T13:31:24.594+0000] {processor.py:186} INFO - Started process (PID=281) to work on /opt/airflow/dags/medallion_retail_pipeline.py
[2026-04-29T13:31:24.595+0000] {processor.py:914} INFO - Processing file /opt/airflow/dags/medallion_retail_pipeline.py for tasks to queue
[2026-04-29T13:31:24.599+0000] {logging_mixin.py:190} INFO - [2026-04-29T13:31:24.598+0000] {dagbag.py:588} INFO - Filling up the DagBag from /opt/airflow/dags/medallion_retail_pipeline.py
[2026-04-29T13:31:24.622+0000] {processor.py:925} INFO - DAG(s) 'medallion_retail_pipeline' retrieved from /opt/airflow/dags/medallion_retail_pipeline.py
[2026-04-29T13:31:24.665+0000] {logging_mixin.py:190} INFO - [2026-04-29T13:31:24.665+0000] {dag.py:3239} INFO - Sync 1 DAGs
[2026-04-29T13:31:24.684+0000] {logging_mixin.py:190} INFO - [2026-04-29T13:31:24.684+0000] {dag.py:4180} INFO - Setting next_dagrun for medallion_retail_pipeline to None, run_after=None
[2026-04-29T13:31:24.711+0000] {processor.py:208} INFO - Processing /opt/airflow/dags/medallion_retail_pipeline.py took 0.126 seconds
[2026-04-29T13:31:55.141+0000] {processor.py:186} INFO - Started process (PID=283) to work on /opt/airflow/dags/medallion_retail_pipeline.py
[2026-04-29T13:31:55.143+0000] {processor.py:914} INFO - Processing file /opt/airflow/dags/medallion_retail_pipeline.py for tasks to queue
[2026-04-29T13:31:55.150+0000] {logging_mixin.py:190} INFO - [2026-04-29T13:31:55.149+0000] {dagbag.py:588} INFO - Filling up the DagBag from /opt/airflow/dags/medallion_retail_pipeline.py
[2026-04-29T13:31:55.179+0000] {processor.py:925} INFO - DAG(s) 'medallion_retail_pipeline' retrieved from /opt/airflow/dags/medallion_retail_pipeline.py
[2026-04-29T13:31:55.220+0000] {logging_mixin.py:190} INFO - [2026-04-29T13:31:55.220+0000] {dag.py:3239} INFO - Sync 1 DAGs
[2026-04-29T13:31:55.252+0000] {logging_mixin.py:190} INFO - [2026-04-29T13:31:55.251+0000] {dag.py:4180} INFO - Setting next_dagrun for medallion_retail_pipeline to None, run_after=None
[2026-04-29T13:31:55.287+0000] {processor.py:208} INFO - Processing /opt/airflow/dags/medallion_retail_pipeline.py took 0.156 seconds
[2026-04-29T13:32:25.625+0000] {processor.py:186} INFO - Started process (PID=285) to work on /opt/airflow/dags/medallion_retail_pipeline.py
[2026-04-29T13:32:25.626+0000] {processor.py:914} INFO - Processing file /opt/airflow/dags/medallion_retail_pipeline.py for tasks to queue
[2026-04-29T13:32:25.630+0000] {logging_mixin.py:190} INFO - [2026-04-29T13:32:25.629+0000] {dagbag.py:588} INFO - Filling up the DagBag from /opt/airflow/dags/medallion_retail_pipeline.py
[2026-04-29T13:32:25.654+0000] {processor.py:925} INFO - DAG(s) 'medallion_retail_pipeline' retrieved from /opt/airflow/dags/medallion_retail_pipeline.py
[2026-04-29T13:32:25.712+0000] {logging_mixin.py:190} INFO - [2026-04-29T13:32:25.711+0000] {dag.py:3239} INFO - Sync 1 DAGs
[2026-04-29T13:32:25.731+0000] {logging_mixin.py:190} INFO - [2026-04-29T13:32:25.731+0000] {dag.py:4180} INFO - Setting next_dagrun for medallion_retail_pipeline to None, run_after=None
[2026-04-29T13:32:25.756+0000] {processor.py:208} INFO - Processing /opt/airflow/dags/medallion_retail_pipeline.py took 0.142 seconds
[2026-04-29T13:32:36.755+0000] {processor.py:186} INFO - Started process (PID=286) to work on /opt/airflow/dags/medallion_retail_pipeline.py
[2026-04-29T13:32:36.757+0000] {processor.py:914} INFO - Processing file /opt/airflow/dags/medallion_retail_pipeline.py for tasks to queue
[2026-04-29T13:32:36.760+0000] {logging_mixin.py:190} INFO - [2026-04-29T13:32:36.760+0000] {dagbag.py:588} INFO - Filling up the DagBag from /opt/airflow/dags/medallion_retail_pipeline.py
[2026-04-29T13:32:36.791+0000] {processor.py:925} INFO - DAG(s) 'medallion_retail_pipeline' retrieved from /opt/airflow/dags/medallion_retail_pipeline.py
[2026-04-29T13:32:36.950+0000] {logging_mixin.py:190} INFO - [2026-04-29T13:32:36.950+0000] {dag.py:3239} INFO - Sync 1 DAGs
[2026-04-29T13:32:36.966+0000] {logging_mixin.py:190} INFO - [2026-04-29T13:32:36.966+0000] {dag.py:4180} INFO - Setting next_dagrun for medallion_retail_pipeline to None, run_after=None
[2026-04-29T13:32:36.998+0000] {processor.py:208} INFO - Processing /opt/airflow/dags/medallion_retail_pipeline.py took 0.254 seconds
[2026-04-29T13:32:53.896+0000] {processor.py:186} INFO - Started process (PID=28) to work on /opt/airflow/dags/medallion_retail_pipeline.py
[2026-04-29T13:32:53.898+0000] {processor.py:914} INFO - Processing file /opt/airflow/dags/medallion_retail_pipeline.py for tasks to queue
[2026-04-29T13:32:53.902+0000] {logging_mixin.py:190} INFO - [2026-04-29T13:32:53.902+0000] {dagbag.py:588} INFO - Filling up the DagBag from /opt/airflow/dags/medallion_retail_pipeline.py
[2026-04-29T13:32:53.946+0000] {processor.py:925} INFO - DAG(s) 'medallion_retail_pipeline' retrieved from /opt/airflow/dags/medallion_retail_pipeline.py
[2026-04-29T13:32:53.968+0000] {logging_mixin.py:190} INFO - [2026-04-29T13:32:53.968+0000] {dag.py:3239} INFO - Sync 1 DAGs
[2026-04-29T13:32:54.000+0000] {logging_mixin.py:190} INFO - [2026-04-29T13:32:54.000+0000] {dag.py:4180} INFO - Setting next_dagrun for medallion_retail_pipeline to None, run_after=None
[2026-04-29T13:32:54.033+0000] {processor.py:208} INFO - Processing /opt/airflow/dags/medallion_retail_pipeline.py took 0.146 seconds
[2026-04-29T13:33:24.357+0000] {processor.py:186} INFO - Started process (PID=31) to work on /opt/airflow/dags/medallion_retail_pipeline.py
[2026-04-29T13:33:24.358+0000] {processor.py:914} INFO - Processing file /opt/airflow/dags/medallion_retail_pipeline.py for tasks to queue
[2026-04-29T13:33:24.367+0000] {logging_mixin.py:190} INFO - [2026-04-29T13:33:24.362+0000] {dagbag.py:588} INFO - Filling up the DagBag from /opt/airflow/dags/medallion_retail_pipeline.py
[2026-04-29T13:33:24.397+0000] {processor.py:925} INFO - DAG(s) 'medallion_retail_pipeline' retrieved from /opt/airflow/dags/medallion_retail_pipeline.py
[2026-04-29T13:33:24.469+0000] {logging_mixin.py:190} INFO - [2026-04-29T13:33:24.469+0000] {dag.py:3239} INFO - Sync 1 DAGs
[2026-04-29T13:33:24.491+0000] {logging_mixin.py:190} INFO - [2026-04-29T13:33:24.491+0000] {dag.py:4180} INFO - Setting next_dagrun for medallion_retail_pipeline to None, run_after=None
[2026-04-29T13:33:24.517+0000] {processor.py:208} INFO - Processing /opt/airflow/dags/medallion_retail_pipeline.py took 0.170 seconds
[2026-04-29T13:33:54.878+0000] {processor.py:186} INFO - Started process (PID=78) to work on /opt/airflow/dags/medallion_retail_pipeline.py
[2026-04-29T13:33:54.882+0000] {processor.py:914} INFO - Processing file /opt/airflow/dags/medallion_retail_pipeline.py for tasks to queue
[2026-04-29T13:33:54.898+0000] {logging_mixin.py:190} INFO - [2026-04-29T13:33:54.897+0000] {dagbag.py:588} INFO - Filling up the DagBag from /opt/airflow/dags/medallion_retail_pipeline.py
[2026-04-29T13:33:54.982+0000] {processor.py:925} INFO - DAG(s) 'medallion_retail_pipeline' retrieved from /opt/airflow/dags/medallion_retail_pipeline.py
[2026-04-29T13:33:55.152+0000] {logging_mixin.py:190} INFO - [2026-04-29T13:33:55.151+0000] {dag.py:3239} INFO - Sync 1 DAGs
[2026-04-29T13:33:55.206+0000] {logging_mixin.py:190} INFO - [2026-04-29T13:33:55.206+0000] {dag.py:4180} INFO - Setting next_dagrun for medallion_retail_pipeline to None, run_after=None
[2026-04-29T13:33:55.271+0000] {processor.py:208} INFO - Processing /opt/airflow/dags/medallion_retail_pipeline.py took 0.416 seconds
[2026-04-29T13:34:25.734+0000] {processor.py:186} INFO - Started process (PID=103) to work on /opt/airflow/dags/medallion_retail_pipeline.py
[2026-04-29T13:34:25.737+0000] {processor.py:914} INFO - Processing file /opt/airflow/dags/medallion_retail_pipeline.py for tasks to queue
[2026-04-29T13:34:25.751+0000] {logging_mixin.py:190} INFO - [2026-04-29T13:34:25.750+0000] {dagbag.py:588} INFO - Filling up the DagBag from /opt/airflow/dags/medallion_retail_pipeline.py
[2026-04-29T13:34:25.793+0000] {processor.py:925} INFO - DAG(s) 'medallion_retail_pipeline' retrieved from /opt/airflow/dags/medallion_retail_pipeline.py
[2026-04-29T13:34:25.874+0000] {logging_mixin.py:190} INFO - [2026-04-29T13:34:25.874+0000] {dag.py:3239} INFO - Sync 1 DAGs
[2026-04-29T13:34:25.911+0000] {logging_mixin.py:190} INFO - [2026-04-29T13:34:25.910+0000] {dag.py:4180} INFO - Setting next_dagrun for medallion_retail_pipeline to None, run_after=None
[2026-04-29T13:34:25.952+0000] {processor.py:208} INFO - Processing /opt/airflow/dags/medallion_retail_pipeline.py took 0.235 seconds
[2026-04-29T13:34:56.109+0000] {processor.py:186} INFO - Started process (PID=127) to work on /opt/airflow/dags/medallion_retail_pipeline.py
[2026-04-29T13:34:56.112+0000] {processor.py:914} INFO - Processing file /opt/airflow/dags/medallion_retail_pipeline.py for tasks to queue
[2026-04-29T13:34:56.117+0000] {logging_mixin.py:190} INFO - [2026-04-29T13:34:56.116+0000] {dagbag.py:588} INFO - Filling up the DagBag from /opt/airflow/dags/medallion_retail_pipeline.py
[2026-04-29T13:34:56.164+0000] {processor.py:925} INFO - DAG(s) 'medallion_retail_pipeline' retrieved from /opt/airflow/dags/medallion_retail_pipeline.py
[2026-04-29T13:34:56.240+0000] {logging_mixin.py:190} INFO - [2026-04-29T13:34:56.240+0000] {dag.py:3239} INFO - Sync 1 DAGs
[2026-04-29T13:34:56.283+0000] {logging_mixin.py:190} INFO - [2026-04-29T13:34:56.282+0000] {dag.py:4180} INFO - Setting next_dagrun for medallion_retail_pipeline to None, run_after=None
[2026-04-29T13:34:56.330+0000] {processor.py:208} INFO - Processing /opt/airflow/dags/medallion_retail_pipeline.py took 0.236 seconds
[2026-04-29T13:35:26.471+0000] {processor.py:186} INFO - Started process (PID=151) to work on /opt/airflow/dags/medallion_retail_pipeline.py
[2026-04-29T13:35:26.473+0000] {processor.py:914} INFO - Processing file /opt/airflow/dags/medallion_retail_pipeline.py for tasks to queue
[2026-04-29T13:35:26.479+0000] {logging_mixin.py:190} INFO - [2026-04-29T13:35:26.478+0000] {dagbag.py:588} INFO - Filling up the DagBag from /opt/airflow/dags/medallion_retail_pipeline.py
[2026-04-29T13:35:26.531+0000] {processor.py:925} INFO - DAG(s) 'medallion_retail_pipeline' retrieved from /opt/airflow/dags/medallion_retail_pipeline.py
[2026-04-29T13:35:26.622+0000] {logging_mixin.py:190} INFO - [2026-04-29T13:35:26.622+0000] {dag.py:3239} INFO - Sync 1 DAGs
[2026-04-29T13:35:26.658+0000] {logging_mixin.py:190} INFO - [2026-04-29T13:35:26.657+0000] {dag.py:4180} INFO - Setting next_dagrun for medallion_retail_pipeline to None, run_after=None
[2026-04-29T13:35:26.695+0000] {processor.py:208} INFO - Processing /opt/airflow/dags/medallion_retail_pipeline.py took 0.241 seconds
[2026-04-29T13:35:57.100+0000] {processor.py:186} INFO - Started process (PID=187) to work on /opt/airflow/dags/medallion_retail_pipeline.py
[2026-04-29T13:35:57.102+0000] {processor.py:914} INFO - Processing file /opt/airflow/dags/medallion_retail_pipeline.py for tasks to queue
[2026-04-29T13:35:57.107+0000] {logging_mixin.py:190} INFO - [2026-04-29T13:35:57.106+0000] {dagbag.py:588} INFO - Filling up the DagBag from /opt/airflow/dags/medallion_retail_pipeline.py
[2026-04-29T13:35:57.147+0000] {processor.py:925} INFO - DAG(s) 'medallion_retail_pipeline' retrieved from /opt/airflow/dags/medallion_retail_pipeline.py
[2026-04-29T13:35:57.210+0000] {logging_mixin.py:190} INFO - [2026-04-29T13:35:57.210+0000] {dag.py:3239} INFO - Sync 1 DAGs
[2026-04-29T13:35:57.237+0000] {logging_mixin.py:190} INFO - [2026-04-29T13:35:57.237+0000] {dag.py:4180} INFO - Setting next_dagrun for medallion_retail_pipeline to None, run_after=None
[2026-04-29T13:35:57.267+0000] {processor.py:208} INFO - Processing /opt/airflow/dags/medallion_retail_pipeline.py took 0.180 seconds
[2026-04-29T13:36:27.787+0000] {processor.py:186} INFO - Started process (PID=224) to work on /opt/airflow/dags/medallion_retail_pipeline.py
[2026-04-29T13:36:27.790+0000] {processor.py:914} INFO - Processing file /opt/airflow/dags/medallion_retail_pipeline.py for tasks to queue
[2026-04-29T13:36:27.802+0000] {logging_mixin.py:190} INFO - [2026-04-29T13:36:27.801+0000] {dagbag.py:588} INFO - Filling up the DagBag from /opt/airflow/dags/medallion_retail_pipeline.py
[2026-04-29T13:36:27.847+0000] {processor.py:925} INFO - DAG(s) 'medallion_retail_pipeline' retrieved from /opt/airflow/dags/medallion_retail_pipeline.py
[2026-04-29T13:36:27.943+0000] {logging_mixin.py:190} INFO - [2026-04-29T13:36:27.942+0000] {dag.py:3239} INFO - Sync 1 DAGs
[2026-04-29T13:36:27.983+0000] {logging_mixin.py:190} INFO - [2026-04-29T13:36:27.983+0000] {dag.py:4180} INFO - Setting next_dagrun for medallion_retail_pipeline to None, run_after=None
[2026-04-29T13:36:28.030+0000] {processor.py:208} INFO - Processing /opt/airflow/dags/medallion_retail_pipeline.py took 0.269 seconds
[2026-04-29T13:36:58.421+0000] {processor.py:186} INFO - Started process (PID=248) to work on /opt/airflow/dags/medallion_retail_pipeline.py
[2026-04-29T13:36:58.424+0000] {processor.py:914} INFO - Processing file /opt/airflow/dags/medallion_retail_pipeline.py for tasks to queue
[2026-04-29T13:36:58.431+0000] {logging_mixin.py:190} INFO - [2026-04-29T13:36:58.430+0000] {dagbag.py:588} INFO - Filling up the DagBag from /opt/airflow/dags/medallion_retail_pipeline.py
[2026-04-29T13:36:58.506+0000] {processor.py:925} INFO - DAG(s) 'medallion_retail_pipeline' retrieved from /opt/airflow/dags/medallion_retail_pipeline.py
[2026-04-29T13:36:58.614+0000] {logging_mixin.py:190} INFO - [2026-04-29T13:36:58.614+0000] {dag.py:3239} INFO - Sync 1 DAGs
[2026-04-29T13:36:58.648+0000] {logging_mixin.py:190} INFO - [2026-04-29T13:36:58.648+0000] {dag.py:4180} INFO - Setting next_dagrun for medallion_retail_pipeline to None, run_after=None
[2026-04-29T13:36:58.683+0000] {processor.py:208} INFO - Processing /opt/airflow/dags/medallion_retail_pipeline.py took 0.279 seconds
[2026-04-29T13:37:28.817+0000] {processor.py:186} INFO - Started process (PID=272) to work on /opt/airflow/dags/medallion_retail_pipeline.py
[2026-04-29T13:37:28.819+0000] {processor.py:914} INFO - Processing file /opt/airflow/dags/medallion_retail_pipeline.py for tasks to queue
[2026-04-29T13:37:28.824+0000] {logging_mixin.py:190} INFO - [2026-04-29T13:37:28.823+0000] {dagbag.py:588} INFO - Filling up the DagBag from /opt/airflow/dags/medallion_retail_pipeline.py
[2026-04-29T13:37:28.852+0000] {processor.py:925} INFO - DAG(s) 'medallion_retail_pipeline' retrieved from /opt/airflow/dags/medallion_retail_pipeline.py
[2026-04-29T13:37:28.917+0000] {logging_mixin.py:190} INFO - [2026-04-29T13:37:28.917+0000] {dag.py:3239} INFO - Sync 1 DAGs
[2026-04-29T13:37:28.942+0000] {logging_mixin.py:190} INFO - [2026-04-29T13:37:28.941+0000] {dag.py:4180} INFO - Setting next_dagrun for medallion_retail_pipeline to None, run_after=None
[2026-04-29T13:37:28.974+0000] {processor.py:208} INFO - Processing /opt/airflow/dags/medallion_retail_pipeline.py took 0.169 seconds
[2026-04-29T13:37:59.386+0000] {processor.py:186} INFO - Started process (PID=318) to work on /opt/airflow/dags/medallion_retail_pipeline.py
[2026-04-29T13:37:59.388+0000] {processor.py:914} INFO - Processing file /opt/airflow/dags/medallion_retail_pipeline.py for tasks to queue
[2026-04-29T13:37:59.393+0000] {logging_mixin.py:190} INFO - [2026-04-29T13:37:59.392+0000] {dagbag.py:588} INFO - Filling up the DagBag from /opt/airflow/dags/medallion_retail_pipeline.py
[2026-04-29T13:37:59.428+0000] {processor.py:925} INFO - DAG(s) 'medallion_retail_pipeline' retrieved from /opt/airflow/dags/medallion_retail_pipeline.py
[2026-04-29T13:37:59.498+0000] {logging_mixin.py:190} INFO - [2026-04-29T13:37:59.498+0000] {dag.py:3239} INFO - Sync 1 DAGs
[2026-04-29T13:37:59.529+0000] {logging_mixin.py:190} INFO - [2026-04-29T13:37:59.529+0000] {dag.py:4180} INFO - Setting next_dagrun for medallion_retail_pipeline to None, run_after=None
[2026-04-29T13:37:59.559+0000] {processor.py:208} INFO - Processing /opt/airflow/dags/medallion_retail_pipeline.py took 0.189 seconds
[2026-04-29T13:38:29.954+0000] {processor.py:186} INFO - Started process (PID=342) to work on /opt/airflow/dags/medallion_retail_pipeline.py
[2026-04-29T13:38:29.957+0000] {processor.py:914} INFO - Processing file /opt/airflow/dags/medallion_retail_pipeline.py for tasks to queue
[2026-04-29T13:38:29.961+0000] {logging_mixin.py:190} INFO - [2026-04-29T13:38:29.960+0000] {dagbag.py:588} INFO - Filling up the DagBag from /opt/airflow/dags/medallion_retail_pipeline.py
[2026-04-29T13:38:30.003+0000] {processor.py:925} INFO - DAG(s) 'medallion_retail_pipeline' retrieved from /opt/airflow/dags/medallion_retail_pipeline.py
[2026-04-29T13:38:30.088+0000] {logging_mixin.py:190} INFO - [2026-04-29T13:38:30.088+0000] {dag.py:3239} INFO - Sync 1 DAGs
[2026-04-29T13:38:30.131+0000] {logging_mixin.py:190} INFO - [2026-04-29T13:38:30.131+0000] {dag.py:4180} INFO - Setting next_dagrun for medallion_retail_pipeline to None, run_after=None
[2026-04-29T13:38:30.167+0000] {processor.py:208} INFO - Processing /opt/airflow/dags/medallion_retail_pipeline.py took 0.228 seconds
[2026-04-29T13:39:00.649+0000] {processor.py:186} INFO - Started process (PID=365) to work on /opt/airflow/dags/medallion_retail_pipeline.py
[2026-04-29T13:39:00.652+0000] {processor.py:914} INFO - Processing file /opt/airflow/dags/medallion_retail_pipeline.py for tasks to queue
[2026-04-29T13:39:00.660+0000] {logging_mixin.py:190} INFO - [2026-04-29T13:39:00.659+0000] {dagbag.py:588} INFO - Filling up the DagBag from /opt/airflow/dags/medallion_retail_pipeline.py
[2026-04-29T13:39:00.707+0000] {processor.py:925} INFO - DAG(s) 'medallion_retail_pipeline' retrieved from /opt/airflow/dags/medallion_retail_pipeline.py
[2026-04-29T13:39:00.793+0000] {logging_mixin.py:190} INFO - [2026-04-29T13:39:00.792+0000] {dag.py:3239} INFO - Sync 1 DAGs
[2026-04-29T13:39:00.836+0000] {logging_mixin.py:190} INFO - [2026-04-29T13:39:00.836+0000] {dag.py:4180} INFO - Setting next_dagrun for medallion_retail_pipeline to None, run_after=None
[2026-04-29T13:39:00.903+0000] {processor.py:208} INFO - Processing /opt/airflow/dags/medallion_retail_pipeline.py took 0.274 seconds
[2026-04-29T13:39:31.293+0000] {processor.py:186} INFO - Started process (PID=389) to work on /opt/airflow/dags/medallion_retail_pipeline.py
[2026-04-29T13:39:31.295+0000] {processor.py:914} INFO - Processing file /opt/airflow/dags/medallion_retail_pipeline.py for tasks to queue
[2026-04-29T13:39:31.300+0000] {logging_mixin.py:190} INFO - [2026-04-29T13:39:31.299+0000] {dagbag.py:588} INFO - Filling up the DagBag from /opt/airflow/dags/medallion_retail_pipeline.py
[2026-04-29T13:39:31.329+0000] {processor.py:925} INFO - DAG(s) 'medallion_retail_pipeline' retrieved from /opt/airflow/dags/medallion_retail_pipeline.py
[2026-04-29T13:39:31.382+0000] {logging_mixin.py:190} INFO - [2026-04-29T13:39:31.382+0000] {dag.py:3239} INFO - Sync 1 DAGs
[2026-04-29T13:39:31.408+0000] {logging_mixin.py:190} INFO - [2026-04-29T13:39:31.407+0000] {dag.py:4180} INFO - Setting next_dagrun for medallion_retail_pipeline to None, run_after=None
[2026-04-29T13:39:31.440+0000] {processor.py:208} INFO - Processing /opt/airflow/dags/medallion_retail_pipeline.py took 0.159 seconds
[2026-04-29T13:40:01.660+0000] {processor.py:186} INFO - Started process (PID=414) to work on /opt/airflow/dags/medallion_retail_pipeline.py
[2026-04-29T13:40:01.664+0000] {processor.py:914} INFO - Processing file /opt/airflow/dags/medallion_retail_pipeline.py for tasks to queue
[2026-04-29T13:40:01.671+0000] {logging_mixin.py:190} INFO - [2026-04-29T13:40:01.670+0000] {dagbag.py:588} INFO - Filling up the DagBag from /opt/airflow/dags/medallion_retail_pipeline.py
[2026-04-29T13:40:01.720+0000] {processor.py:925} INFO - DAG(s) 'medallion_retail_pipeline' retrieved from /opt/airflow/dags/medallion_retail_pipeline.py
[2026-04-29T13:40:01.786+0000] {logging_mixin.py:190} INFO - [2026-04-29T13:40:01.786+0000] {dag.py:3239} INFO - Sync 1 DAGs
[2026-04-29T13:40:01.821+0000] {logging_mixin.py:190} INFO - [2026-04-29T13:40:01.821+0000] {dag.py:4180} INFO - Setting next_dagrun for medallion_retail_pipeline to None, run_after=None
[2026-04-29T13:40:01.853+0000] {processor.py:208} INFO - Processing /opt/airflow/dags/medallion_retail_pipeline.py took 0.213 seconds
[2026-04-29T13:40:32.165+0000] {processor.py:186} INFO - Started process (PID=416) to work on /opt/airflow/dags/medallion_retail_pipeline.py
[2026-04-29T13:40:32.167+0000] {processor.py:914} INFO - Processing file /opt/airflow/dags/medallion_retail_pipeline.py for tasks to queue
[2026-04-29T13:40:32.171+0000] {logging_mixin.py:190} INFO - [2026-04-29T13:40:32.171+0000] {dagbag.py:588} INFO - Filling up the DagBag from /opt/airflow/dags/medallion_retail_pipeline.py
[2026-04-29T13:40:32.203+0000] {processor.py:925} INFO - DAG(s) 'medallion_retail_pipeline' retrieved from /opt/airflow/dags/medallion_retail_pipeline.py
[2026-04-29T13:40:32.260+0000] {logging_mixin.py:190} INFO - [2026-04-29T13:40:32.259+0000] {dag.py:3239} INFO - Sync 1 DAGs
[2026-04-29T13:40:32.285+0000] {logging_mixin.py:190} INFO - [2026-04-29T13:40:32.284+0000] {dag.py:4180} INFO - Setting next_dagrun for medallion_retail_pipeline to None, run_after=None
[2026-04-29T13:40:32.312+0000] {processor.py:208} INFO - Processing /opt/airflow/dags/medallion_retail_pipeline.py took 0.158 seconds
[2026-04-29T13:41:02.487+0000] {processor.py:186} INFO - Started process (PID=418) to work on /opt/airflow/dags/medallion_retail_pipeline.py
[2026-04-29T13:41:02.488+0000] {processor.py:914} INFO - Processing file /opt/airflow/dags/medallion_retail_pipeline.py for tasks to queue
[2026-04-29T13:41:02.491+0000] {logging_mixin.py:190} INFO - [2026-04-29T13:41:02.491+0000] {dagbag.py:588} INFO - Filling up the DagBag from /opt/airflow/dags/medallion_retail_pipeline.py
[2026-04-29T13:41:02.516+0000] {processor.py:925} INFO - DAG(s) 'medallion_retail_pipeline' retrieved from /opt/airflow/dags/medallion_retail_pipeline.py
[2026-04-29T13:41:02.560+0000] {logging_mixin.py:190} INFO - [2026-04-29T13:41:02.560+0000] {dag.py:3239} INFO - Sync 1 DAGs
[2026-04-29T13:41:02.578+0000] {logging_mixin.py:190} INFO - [2026-04-29T13:41:02.578+0000] {dag.py:4180} INFO - Setting next_dagrun for medallion_retail_pipeline to None, run_after=None
[2026-04-29T13:41:02.607+0000] {processor.py:208} INFO - Processing /opt/airflow/dags/medallion_retail_pipeline.py took 0.128 seconds
[2026-04-29T13:41:32.872+0000] {processor.py:186} INFO - Started process (PID=420) to work on /opt/airflow/dags/medallion_retail_pipeline.py
[2026-04-29T13:41:32.873+0000] {processor.py:914} INFO - Processing file /opt/airflow/dags/medallion_retail_pipeline.py for tasks to queue
[2026-04-29T13:41:32.876+0000] {logging_mixin.py:190} INFO - [2026-04-29T13:41:32.876+0000] {dagbag.py:588} INFO - Filling up the DagBag from /opt/airflow/dags/medallion_retail_pipeline.py
[2026-04-29T13:41:32.901+0000] {processor.py:925} INFO - DAG(s) 'medallion_retail_pipeline' retrieved from /opt/airflow/dags/medallion_retail_pipeline.py
[2026-04-29T13:41:32.945+0000] {logging_mixin.py:190} INFO - [2026-04-29T13:41:32.944+0000] {dag.py:3239} INFO - Sync 1 DAGs
[2026-04-29T13:41:32.963+0000] {logging_mixin.py:190} INFO - [2026-04-29T13:41:32.963+0000] {dag.py:4180} INFO - Setting next_dagrun for medallion_retail_pipeline to None, run_after=None
[2026-04-29T13:41:32.990+0000] {processor.py:208} INFO - Processing /opt/airflow/dags/medallion_retail_pipeline.py took 0.128 seconds
[2026-04-29T13:42:03.376+0000] {processor.py:186} INFO - Started process (PID=422) to work on /opt/airflow/dags/medallion_retail_pipeline.py
[2026-04-29T13:42:03.378+0000] {processor.py:914} INFO - Processing file /opt/airflow/dags/medallion_retail_pipeline.py for tasks to queue
[2026-04-29T13:42:03.381+0000] {logging_mixin.py:190} INFO - [2026-04-29T13:42:03.380+0000] {dagbag.py:588} INFO - Filling up the DagBag from /opt/airflow/dags/medallion_retail_pipeline.py
[2026-04-29T13:42:03.409+0000] {processor.py:925} INFO - DAG(s) 'medallion_retail_pipeline' retrieved from /opt/airflow/dags/medallion_retail_pipeline.py
[2026-04-29T13:42:03.457+0000] {logging_mixin.py:190} INFO - [2026-04-29T13:42:03.456+0000] {dag.py:3239} INFO - Sync 1 DAGs
[2026-04-29T13:42:03.486+0000] {logging_mixin.py:190} INFO - [2026-04-29T13:42:03.485+0000] {dag.py:4180} INFO - Setting next_dagrun for medallion_retail_pipeline to None, run_after=None
[2026-04-29T13:42:03.515+0000] {processor.py:208} INFO - Processing /opt/airflow/dags/medallion_retail_pipeline.py took 0.148 seconds
[2026-04-29T13:42:33.690+0000] {processor.py:186} INFO - Started process (PID=424) to work on /opt/airflow/dags/medallion_retail_pipeline.py
[2026-04-29T13:42:33.691+0000] {processor.py:914} INFO - Processing file /opt/airflow/dags/medallion_retail_pipeline.py for tasks to queue
[2026-04-29T13:42:33.695+0000] {logging_mixin.py:190} INFO - [2026-04-29T13:42:33.695+0000] {dagbag.py:588} INFO - Filling up the DagBag from /opt/airflow/dags/medallion_retail_pipeline.py
[2026-04-29T13:42:33.732+0000] {processor.py:925} INFO - DAG(s) 'medallion_retail_pipeline' retrieved from /opt/airflow/dags/medallion_retail_pipeline.py
[2026-04-29T13:42:33.837+0000] {logging_mixin.py:190} INFO - [2026-04-29T13:42:33.836+0000] {dag.py:3239} INFO - Sync 1 DAGs
[2026-04-29T13:42:33.878+0000] {logging_mixin.py:190} INFO - [2026-04-29T13:42:33.877+0000] {dag.py:4180} INFO - Setting next_dagrun for medallion_retail_pipeline to None, run_after=None
[2026-04-29T13:42:33.931+0000] {processor.py:208} INFO - Processing /opt/airflow/dags/medallion_retail_pipeline.py took 0.253 seconds
[2026-04-29T13:43:04.127+0000] {processor.py:186} INFO - Started process (PID=426) to work on /opt/airflow/dags/medallion_retail_pipeline.py
[2026-04-29T13:43:04.129+0000] {processor.py:914} INFO - Processing file /opt/airflow/dags/medallion_retail_pipeline.py for tasks to queue
[2026-04-29T13:43:04.132+0000] {logging_mixin.py:190} INFO - [2026-04-29T13:43:04.132+0000] {dagbag.py:588} INFO - Filling up the DagBag from /opt/airflow/dags/medallion_retail_pipeline.py
[2026-04-29T13:43:04.158+0000] {processor.py:925} INFO - DAG(s) 'medallion_retail_pipeline' retrieved from /opt/airflow/dags/medallion_retail_pipeline.py
[2026-04-29T13:43:04.214+0000] {logging_mixin.py:190} INFO - [2026-04-29T13:43:04.213+0000] {dag.py:3239} INFO - Sync 1 DAGs
[2026-04-29T13:43:04.237+0000] {logging_mixin.py:190} INFO - [2026-04-29T13:43:04.236+0000] {dag.py:4180} INFO - Setting next_dagrun for medallion_retail_pipeline to None, run_after=None
[2026-04-29T13:43:04.265+0000] {processor.py:208} INFO - Processing /opt/airflow/dags/medallion_retail_pipeline.py took 0.145 seconds
[2026-04-29T13:43:34.497+0000] {processor.py:186} INFO - Started process (PID=428) to work on /opt/airflow/dags/medallion_retail_pipeline.py
[2026-04-29T13:43:34.499+0000] {processor.py:914} INFO - Processing file /opt/airflow/dags/medallion_retail_pipeline.py for tasks to queue
[2026-04-29T13:43:34.502+0000] {logging_mixin.py:190} INFO - [2026-04-29T13:43:34.501+0000] {dagbag.py:588} INFO - Filling up the DagBag from /opt/airflow/dags/medallion_retail_pipeline.py
[2026-04-29T13:43:34.525+0000] {processor.py:925} INFO - DAG(s) 'medallion_retail_pipeline' retrieved from /opt/airflow/dags/medallion_retail_pipeline.py
[2026-04-29T13:43:34.567+0000] {logging_mixin.py:190} INFO - [2026-04-29T13:43:34.567+0000] {dag.py:3239} INFO - Sync 1 DAGs
[2026-04-29T13:43:34.586+0000] {logging_mixin.py:190} INFO - [2026-04-29T13:43:34.586+0000] {dag.py:4180} INFO - Setting next_dagrun for medallion_retail_pipeline to None, run_after=None
[2026-04-29T13:43:34.613+0000] {processor.py:208} INFO - Processing /opt/airflow/dags/medallion_retail_pipeline.py took 0.123 seconds
[2026-04-29T13:44:04.831+0000] {processor.py:186} INFO - Started process (PID=430) to work on /opt/airflow/dags/medallion_retail_pipeline.py
[2026-04-29T13:44:04.833+0000] {processor.py:914} INFO - Processing file /opt/airflow/dags/medallion_retail_pipeline.py for tasks to queue
[2026-04-29T13:44:04.836+0000] {logging_mixin.py:190} INFO - [2026-04-29T13:44:04.836+0000] {dagbag.py:588} INFO - Filling up the DagBag from /opt/airflow/dags/medallion_retail_pipeline.py
[2026-04-29T13:44:04.863+0000] {processor.py:925} INFO - DAG(s) 'medallion_retail_pipeline' retrieved from /opt/airflow/dags/medallion_retail_pipeline.py
[2026-04-29T13:44:04.912+0000] {logging_mixin.py:190} INFO - [2026-04-29T13:44:04.911+0000] {dag.py:3239} INFO - Sync 1 DAGs
[2026-04-29T13:44:04.939+0000] {logging_mixin.py:190} INFO - [2026-04-29T13:44:04.939+0000] {dag.py:4180} INFO - Setting next_dagrun for medallion_retail_pipeline to None, run_after=None
[2026-04-29T13:44:04.975+0000] {processor.py:208} INFO - Processing /opt/airflow/dags/medallion_retail_pipeline.py took 0.155 seconds
[2026-04-29T13:44:35.146+0000] {processor.py:186} INFO - Started process (PID=432) to work on /opt/airflow/dags/medallion_retail_pipeline.py
[2026-04-29T13:44:35.149+0000] {processor.py:914} INFO - Processing file /opt/airflow/dags/medallion_retail_pipeline.py for tasks to queue
[2026-04-29T13:44:35.166+0000] {logging_mixin.py:190} INFO - [2026-04-29T13:44:35.165+0000] {dagbag.py:588} INFO - Filling up the DagBag from /opt/airflow/dags/medallion_retail_pipeline.py
[2026-04-29T13:44:35.213+0000] {processor.py:925} INFO - DAG(s) 'medallion_retail_pipeline' retrieved from /opt/airflow/dags/medallion_retail_pipeline.py
[2026-04-29T13:44:35.281+0000] {logging_mixin.py:190} INFO - [2026-04-29T13:44:35.280+0000] {dag.py:3239} INFO - Sync 1 DAGs
[2026-04-29T13:44:35.307+0000] {logging_mixin.py:190} INFO - [2026-04-29T13:44:35.307+0000] {dag.py:4180} INFO - Setting next_dagrun for medallion_retail_pipeline to None, run_after=None
[2026-04-29T13:44:35.353+0000] {processor.py:208} INFO - Processing /opt/airflow/dags/medallion_retail_pipeline.py took 0.219 seconds
[2026-04-29T13:45:05.702+0000] {processor.py:186} INFO - Started process (PID=434) to work on /opt/airflow/dags/medallion_retail_pipeline.py
[2026-04-29T13:45:05.703+0000] {processor.py:914} INFO - Processing file /opt/airflow/dags/medallion_retail_pipeline.py for tasks to queue
[2026-04-29T13:45:05.708+0000] {logging_mixin.py:190} INFO - [2026-04-29T13:45:05.707+0000] {dagbag.py:588} INFO - Filling up the DagBag from /opt/airflow/dags/medallion_retail_pipeline.py
[2026-04-29T13:45:05.734+0000] {processor.py:925} INFO - DAG(s) 'medallion_retail_pipeline' retrieved from /opt/airflow/dags/medallion_retail_pipeline.py
[2026-04-29T13:45:05.783+0000] {logging_mixin.py:190} INFO - [2026-04-29T13:45:05.783+0000] {dag.py:3239} INFO - Sync 1 DAGs
[2026-04-29T13:45:05.804+0000] {logging_mixin.py:190} INFO - [2026-04-29T13:45:05.804+0000] {dag.py:4180} INFO - Setting next_dagrun for medallion_retail_pipeline to None, run_after=None
[2026-04-29T13:45:05.834+0000] {processor.py:208} INFO - Processing /opt/airflow/dags/medallion_retail_pipeline.py took 0.141 seconds
[2026-04-29T13:45:36.017+0000] {processor.py:186} INFO - Started process (PID=436) to work on /opt/airflow/dags/medallion_retail_pipeline.py
[2026-04-29T13:45:36.019+0000] {processor.py:914} INFO - Processing file /opt/airflow/dags/medallion_retail_pipeline.py for tasks to queue
[2026-04-29T13:45:36.022+0000] {logging_mixin.py:190} INFO - [2026-04-29T13:45:36.021+0000] {dagbag.py:588} INFO - Filling up the DagBag from /opt/airflow/dags/medallion_retail_pipeline.py
[2026-04-29T13:45:36.053+0000] {processor.py:925} INFO - DAG(s) 'medallion_retail_pipeline' retrieved from /opt/airflow/dags/medallion_retail_pipeline.py
[2026-04-29T13:45:36.115+0000] {logging_mixin.py:190} INFO - [2026-04-29T13:45:36.115+0000] {dag.py:3239} INFO - Sync 1 DAGs
[2026-04-29T13:45:36.139+0000] {logging_mixin.py:190} INFO - [2026-04-29T13:45:36.139+0000] {dag.py:4180} INFO - Setting next_dagrun for medallion_retail_pipeline to None, run_after=None
[2026-04-29T13:45:36.166+0000] {processor.py:208} INFO - Processing /opt/airflow/dags/medallion_retail_pipeline.py took 0.157 seconds
[2026-04-29T13:46:06.617+0000] {processor.py:186} INFO - Started process (PID=438) to work on /opt/airflow/dags/medallion_retail_pipeline.py
[2026-04-29T13:46:06.621+0000] {processor.py:914} INFO - Processing file /opt/airflow/dags/medallion_retail_pipeline.py for tasks to queue
[2026-04-29T13:46:06.625+0000] {logging_mixin.py:190} INFO - [2026-04-29T13:46:06.624+0000] {dagbag.py:588} INFO - Filling up the DagBag from /opt/airflow/dags/medallion_retail_pipeline.py
[2026-04-29T13:46:06.651+0000] {processor.py:925} INFO - DAG(s) 'medallion_retail_pipeline' retrieved from /opt/airflow/dags/medallion_retail_pipeline.py
[2026-04-29T13:46:06.694+0000] {logging_mixin.py:190} INFO - [2026-04-29T13:46:06.694+0000] {dag.py:3239} INFO - Sync 1 DAGs
[2026-04-29T13:46:06.712+0000] {logging_mixin.py:190} INFO - [2026-04-29T13:46:06.712+0000] {dag.py:4180} INFO - Setting next_dagrun for medallion_retail_pipeline to None, run_after=None
[2026-04-29T13:46:06.737+0000] {processor.py:208} INFO - Processing /opt/airflow/dags/medallion_retail_pipeline.py took 0.130 seconds
[2026-04-29T13:46:37.060+0000] {processor.py:186} INFO - Started process (PID=440) to work on /opt/airflow/dags/medallion_retail_pipeline.py
[2026-04-29T13:46:37.061+0000] {processor.py:914} INFO - Processing file /opt/airflow/dags/medallion_retail_pipeline.py for tasks to queue
[2026-04-29T13:46:37.065+0000] {logging_mixin.py:190} INFO - [2026-04-29T13:46:37.064+0000] {dagbag.py:588} INFO - Filling up the DagBag from /opt/airflow/dags/medallion_retail_pipeline.py
[2026-04-29T13:46:37.087+0000] {processor.py:925} INFO - DAG(s) 'medallion_retail_pipeline' retrieved from /opt/airflow/dags/medallion_retail_pipeline.py
[2026-04-29T13:46:37.134+0000] {logging_mixin.py:190} INFO - [2026-04-29T13:46:37.134+0000] {dag.py:3239} INFO - Sync 1 DAGs
[2026-04-29T13:46:37.154+0000] {logging_mixin.py:190} INFO - [2026-04-29T13:46:37.154+0000] {dag.py:4180} INFO - Setting next_dagrun for medallion_retail_pipeline to None, run_after=None
[2026-04-29T13:46:37.181+0000] {processor.py:208} INFO - Processing /opt/airflow/dags/medallion_retail_pipeline.py took 0.130 seconds
[2026-04-29T13:47:07.445+0000] {processor.py:186} INFO - Started process (PID=442) to work on /opt/airflow/dags/medallion_retail_pipeline.py
[2026-04-29T13:47:07.447+0000] {processor.py:914} INFO - Processing file /opt/airflow/dags/medallion_retail_pipeline.py for tasks to queue
[2026-04-29T13:47:07.450+0000] {logging_mixin.py:190} INFO - [2026-04-29T13:47:07.450+0000] {dagbag.py:588} INFO - Filling up the DagBag from /opt/airflow/dags/medallion_retail_pipeline.py
[2026-04-29T13:47:07.481+0000] {processor.py:925} INFO - DAG(s) 'medallion_retail_pipeline' retrieved from /opt/airflow/dags/medallion_retail_pipeline.py
[2026-04-29T13:47:07.527+0000] {logging_mixin.py:190} INFO - [2026-04-29T13:47:07.527+0000] {dag.py:3239} INFO - Sync 1 DAGs
[2026-04-29T13:47:07.546+0000] {logging_mixin.py:190} INFO - [2026-04-29T13:47:07.546+0000] {dag.py:4180} INFO - Setting next_dagrun for medallion_retail_pipeline to None, run_after=None
[2026-04-29T13:47:07.572+0000] {processor.py:208} INFO - Processing /opt/airflow/dags/medallion_retail_pipeline.py took 0.135 seconds
[2026-04-29T13:47:37.848+0000] {processor.py:186} INFO - Started process (PID=444) to work on /opt/airflow/dags/medallion_retail_pipeline.py
[2026-04-29T13:47:37.850+0000] {processor.py:914} INFO - Processing file /opt/airflow/dags/medallion_retail_pipeline.py for tasks to queue
[2026-04-29T13:47:37.853+0000] {logging_mixin.py:190} INFO - [2026-04-29T13:47:37.852+0000] {dagbag.py:588} INFO - Filling up the DagBag from /opt/airflow/dags/medallion_retail_pipeline.py
[2026-04-29T13:47:37.880+0000] {processor.py:925} INFO - DAG(s) 'medallion_retail_pipeline' retrieved from /opt/airflow/dags/medallion_retail_pipeline.py
[2026-04-29T13:47:37.932+0000] {logging_mixin.py:190} INFO - [2026-04-29T13:47:37.932+0000] {dag.py:3239} INFO - Sync 1 DAGs
[2026-04-29T13:47:37.950+0000] {logging_mixin.py:190} INFO - [2026-04-29T13:47:37.950+0000] {dag.py:4180} INFO - Setting next_dagrun for medallion_retail_pipeline to None, run_after=None
[2026-04-29T13:47:37.976+0000] {processor.py:208} INFO - Processing /opt/airflow/dags/medallion_retail_pipeline.py took 0.136 seconds
[2026-04-29T13:48:08.346+0000] {processor.py:186} INFO - Started process (PID=446) to work on /opt/airflow/dags/medallion_retail_pipeline.py
[2026-04-29T13:48:08.348+0000] {processor.py:914} INFO - Processing file /opt/airflow/dags/medallion_retail_pipeline.py for tasks to queue
[2026-04-29T13:48:08.351+0000] {logging_mixin.py:190} INFO - [2026-04-29T13:48:08.350+0000] {dagbag.py:588} INFO - Filling up the DagBag from /opt/airflow/dags/medallion_retail_pipeline.py
[2026-04-29T13:48:08.378+0000] {processor.py:925} INFO - DAG(s) 'medallion_retail_pipeline' retrieved from /opt/airflow/dags/medallion_retail_pipeline.py
[2026-04-29T13:48:08.441+0000] {logging_mixin.py:190} INFO - [2026-04-29T13:48:08.440+0000] {dag.py:3239} INFO - Sync 1 DAGs
[2026-04-29T13:48:08.465+0000] {logging_mixin.py:190} INFO - [2026-04-29T13:48:08.465+0000] {dag.py:4180} INFO - Setting next_dagrun for medallion_retail_pipeline to None, run_after=None
[2026-04-29T13:48:08.490+0000] {processor.py:208} INFO - Processing /opt/airflow/dags/medallion_retail_pipeline.py took 0.152 seconds
[2026-04-29T13:48:38.792+0000] {processor.py:186} INFO - Started process (PID=448) to work on /opt/airflow/dags/medallion_retail_pipeline.py
[2026-04-29T13:48:38.793+0000] {processor.py:914} INFO - Processing file /opt/airflow/dags/medallion_retail_pipeline.py for tasks to queue
[2026-04-29T13:48:38.797+0000] {logging_mixin.py:190} INFO - [2026-04-29T13:48:38.796+0000] {dagbag.py:588} INFO - Filling up the DagBag from /opt/airflow/dags/medallion_retail_pipeline.py
[2026-04-29T13:48:38.825+0000] {processor.py:925} INFO - DAG(s) 'medallion_retail_pipeline' retrieved from /opt/airflow/dags/medallion_retail_pipeline.py
[2026-04-29T13:48:38.873+0000] {logging_mixin.py:190} INFO - [2026-04-29T13:48:38.873+0000] {dag.py:3239} INFO - Sync 1 DAGs
[2026-04-29T13:48:38.891+0000] {logging_mixin.py:190} INFO - [2026-04-29T13:48:38.891+0000] {dag.py:4180} INFO - Setting next_dagrun for medallion_retail_pipeline to None, run_after=None
[2026-04-29T13:48:38.917+0000] {processor.py:208} INFO - Processing /opt/airflow/dags/medallion_retail_pipeline.py took 0.135 seconds
[2026-04-29T13:49:09.103+0000] {processor.py:186} INFO - Started process (PID=450) to work on /opt/airflow/dags/medallion_retail_pipeline.py
[2026-04-29T13:49:09.104+0000] {processor.py:914} INFO - Processing file /opt/airflow/dags/medallion_retail_pipeline.py for tasks to queue
[2026-04-29T13:49:09.107+0000] {logging_mixin.py:190} INFO - [2026-04-29T13:49:09.107+0000] {dagbag.py:588} INFO - Filling up the DagBag from /opt/airflow/dags/medallion_retail_pipeline.py
[2026-04-29T13:49:09.140+0000] {processor.py:925} INFO - DAG(s) 'medallion_retail_pipeline' retrieved from /opt/airflow/dags/medallion_retail_pipeline.py
[2026-04-29T13:49:09.187+0000] {logging_mixin.py:190} INFO - [2026-04-29T13:49:09.187+0000] {dag.py:3239} INFO - Sync 1 DAGs
[2026-04-29T13:49:09.212+0000] {logging_mixin.py:190} INFO - [2026-04-29T13:49:09.211+0000] {dag.py:4180} INFO - Setting next_dagrun for medallion_retail_pipeline to None, run_after=None
[2026-04-29T13:49:09.239+0000] {processor.py:208} INFO - Processing /opt/airflow/dags/medallion_retail_pipeline.py took 0.144 seconds
[2026-04-29T13:49:39.486+0000] {processor.py:186} INFO - Started process (PID=452) to work on /opt/airflow/dags/medallion_retail_pipeline.py
[2026-04-29T13:49:39.487+0000] {processor.py:914} INFO - Processing file /opt/airflow/dags/medallion_retail_pipeline.py for tasks to queue
[2026-04-29T13:49:39.490+0000] {logging_mixin.py:190} INFO - [2026-04-29T13:49:39.490+0000] {dagbag.py:588} INFO - Filling up the DagBag from /opt/airflow/dags/medallion_retail_pipeline.py
[2026-04-29T13:49:39.518+0000] {processor.py:925} INFO - DAG(s) 'medallion_retail_pipeline' retrieved from /opt/airflow/dags/medallion_retail_pipeline.py
[2026-04-29T13:49:39.566+0000] {logging_mixin.py:190} INFO - [2026-04-29T13:49:39.566+0000] {dag.py:3239} INFO - Sync 1 DAGs
[2026-04-29T13:49:39.584+0000] {logging_mixin.py:190} INFO - [2026-04-29T13:49:39.584+0000] {dag.py:4180} INFO - Setting next_dagrun for medallion_retail_pipeline to None, run_after=None
[2026-04-29T13:49:39.608+0000] {processor.py:208} INFO - Processing /opt/airflow/dags/medallion_retail_pipeline.py took 0.130 seconds
[2026-04-29T13:50:09.790+0000] {processor.py:186} INFO - Started process (PID=454) to work on /opt/airflow/dags/medallion_retail_pipeline.py
[2026-04-29T13:50:09.792+0000] {processor.py:914} INFO - Processing file /opt/airflow/dags/medallion_retail_pipeline.py for tasks to queue
[2026-04-29T13:50:09.795+0000] {logging_mixin.py:190} INFO - [2026-04-29T13:50:09.794+0000] {dagbag.py:588} INFO - Filling up the DagBag from /opt/airflow/dags/medallion_retail_pipeline.py
[2026-04-29T13:50:09.817+0000] {processor.py:925} INFO - DAG(s) 'medallion_retail_pipeline' retrieved from /opt/airflow/dags/medallion_retail_pipeline.py
[2026-04-29T13:50:09.876+0000] {logging_mixin.py:190} INFO - [2026-04-29T13:50:09.876+0000] {dag.py:3239} INFO - Sync 1 DAGs
[2026-04-29T13:50:09.904+0000] {logging_mixin.py:190} INFO - [2026-04-29T13:50:09.904+0000] {dag.py:4180} INFO - Setting next_dagrun for medallion_retail_pipeline to None, run_after=None
[2026-04-29T13:50:09.940+0000] {processor.py:208} INFO - Processing /opt/airflow/dags/medallion_retail_pipeline.py took 0.157 seconds
