[2026-04-29T13:26:00.103+0000] {local_task_job_runner.py:123} INFO - ::group::Pre task execution logs
[2026-04-29T13:26:00.132+0000] {taskinstance.py:2614} INFO - Dependencies all met for dep_context=non-requeueable deps ti=<TaskInstance: medallion_retail_pipeline.bronze_layer.bronze_salesorderheader manual__2026-04-29T13:24:41.570421+00:00 [queued]>
[2026-04-29T13:26:00.146+0000] {taskinstance.py:2614} INFO - Dependencies all met for dep_context=requeueable deps ti=<TaskInstance: medallion_retail_pipeline.bronze_layer.bronze_salesorderheader manual__2026-04-29T13:24:41.570421+00:00 [queued]>
[2026-04-29T13:26:00.147+0000] {taskinstance.py:2867} INFO - Starting attempt 1 of 1
[2026-04-29T13:26:00.162+0000] {taskinstance.py:2890} INFO - Executing <Task(BashOperator): bronze_layer.bronze_salesorderheader> on 2026-04-29 13:24:41.570421+00:00
[2026-04-29T13:26:00.171+0000] {standard_task_runner.py:72} INFO - Started process 111 to run task
[2026-04-29T13:26:00.174+0000] {standard_task_runner.py:104} INFO - Running: ['***', 'tasks', 'run', 'medallion_retail_pipeline', 'bronze_layer.bronze_salesorderheader', 'manual__2026-04-29T13:24:41.570421+00:00', '--job-id', '8', '--raw', '--subdir', 'DAGS_FOLDER/medallion_retail_pipeline.py', '--cfg-path', '/tmp/tmp85tbhczg']
[2026-04-29T13:26:00.177+0000] {standard_task_runner.py:105} INFO - Job 8: Subtask bronze_layer.bronze_salesorderheader
[2026-04-29T13:26:00.258+0000] {task_command.py:467} INFO - Running <TaskInstance: medallion_retail_pipeline.bronze_layer.bronze_salesorderheader manual__2026-04-29T13:24:41.570421+00:00 [running]> on host 20b20d764db8
[2026-04-29T13:26:00.374+0000] {taskinstance.py:3134} INFO - Exporting env vars: AIRFLOW_CTX_DAG_OWNER='***' AIRFLOW_CTX_DAG_ID='medallion_retail_pipeline' AIRFLOW_CTX_TASK_ID='bronze_layer.bronze_salesorderheader' AIRFLOW_CTX_EXECUTION_DATE='2026-04-29T13:24:41.570421+00:00' AIRFLOW_CTX_TRY_NUMBER='1' AIRFLOW_CTX_DAG_RUN_ID='manual__2026-04-29T13:24:41.570421+00:00'
[2026-04-29T13:26:00.377+0000] {taskinstance.py:732} INFO - ::endgroup::
[2026-04-29T13:26:00.401+0000] {subprocess.py:78} INFO - Tmp dir root location: /tmp
[2026-04-29T13:26:00.403+0000] {subprocess.py:88} INFO - Running command: ['/usr/bin/bash', '-c', "\n    docker exec spark-iceberg bash -c '\n      cd /home/iceberg/project &&\n      spark-submit         --packages com.microsoft.sqlserver:mssql-jdbc:12.6.3.jre11         src/jobs/run_bronze.py saleslt_salesorderheader\n    '\n    "]
[2026-04-29T13:26:00.418+0000] {subprocess.py:99} INFO - Output:
[2026-04-29T13:26:02.603+0000] {subprocess.py:106} INFO - :: loading settings :: url = jar:file:/opt/spark/jars/ivy-2.5.1.jar!/org/apache/ivy/core/settings/ivysettings.xml
[2026-04-29T13:26:02.708+0000] {subprocess.py:106} INFO - Ivy Default Cache set to: /root/.ivy2/cache
[2026-04-29T13:26:02.710+0000] {subprocess.py:106} INFO - The jars for the packages stored in: /root/.ivy2/jars
[2026-04-29T13:26:02.716+0000] {subprocess.py:106} INFO - com.microsoft.sqlserver#mssql-jdbc added as a dependency
[2026-04-29T13:26:02.717+0000] {subprocess.py:106} INFO - :: resolving dependencies :: org.apache.spark#spark-submit-parent-ed8af827-7bb7-41e9-8f06-1853ee40dcaa;1.0
[2026-04-29T13:26:02.718+0000] {subprocess.py:106} INFO - 	confs: [default]
[2026-04-29T13:26:02.876+0000] {subprocess.py:106} INFO - 	found com.microsoft.sqlserver#mssql-jdbc;12.6.3.jre11 in central
[2026-04-29T13:26:02.907+0000] {subprocess.py:106} INFO - :: resolution report :: resolve 179ms :: artifacts dl 8ms
[2026-04-29T13:26:02.908+0000] {subprocess.py:106} INFO - 	:: modules in use:
[2026-04-29T13:26:02.909+0000] {subprocess.py:106} INFO - 	com.microsoft.sqlserver#mssql-jdbc;12.6.3.jre11 from central in [default]
[2026-04-29T13:26:02.914+0000] {subprocess.py:106} INFO - 	---------------------------------------------------------------------
[2026-04-29T13:26:02.915+0000] {subprocess.py:106} INFO - 	|                  |            modules            ||   artifacts   |
[2026-04-29T13:26:02.916+0000] {subprocess.py:106} INFO - 	|       conf       | number| search|dwnlded|evicted|| number|dwnlded|
[2026-04-29T13:26:02.922+0000] {subprocess.py:106} INFO - 	---------------------------------------------------------------------
[2026-04-29T13:26:02.923+0000] {subprocess.py:106} INFO - 	|      default     |   1   |   0   |   0   |   0   ||   1   |   0   |
[2026-04-29T13:26:02.924+0000] {subprocess.py:106} INFO - 	---------------------------------------------------------------------
[2026-04-29T13:26:02.925+0000] {subprocess.py:106} INFO - :: retrieving :: org.apache.spark#spark-submit-parent-ed8af827-7bb7-41e9-8f06-1853ee40dcaa
[2026-04-29T13:26:02.926+0000] {subprocess.py:106} INFO - 	confs: [default]
[2026-04-29T13:26:02.927+0000] {subprocess.py:106} INFO - 	0 artifacts copied, 1 already retrieved (0kB/8ms)
[2026-04-29T13:26:03.287+0000] {subprocess.py:106} INFO - 26/04/29 13:26:03 WARN NativeCodeLoader: Unable to load native-hadoop library for your platform... using builtin-java classes where applicable
[2026-04-29T13:26:04.898+0000] {subprocess.py:106} INFO - 26/04/29 13:26:04 INFO SparkContext: Running Spark version 3.5.5
[2026-04-29T13:26:04.899+0000] {subprocess.py:106} INFO - 26/04/29 13:26:04 INFO SparkContext: OS info Linux, 6.6.87.2-microsoft-standard-WSL2, amd64
[2026-04-29T13:26:04.900+0000] {subprocess.py:106} INFO - 26/04/29 13:26:04 INFO SparkContext: Java version 17.0.14
[2026-04-29T13:26:04.927+0000] {subprocess.py:106} INFO - 26/04/29 13:26:04 INFO ResourceUtils: ==============================================================
[2026-04-29T13:26:04.928+0000] {subprocess.py:106} INFO - 26/04/29 13:26:04 INFO ResourceUtils: No custom resources configured for spark.driver.
[2026-04-29T13:26:04.929+0000] {subprocess.py:106} INFO - 26/04/29 13:26:04 INFO ResourceUtils: ==============================================================
[2026-04-29T13:26:04.930+0000] {subprocess.py:106} INFO - 26/04/29 13:26:04 INFO SparkContext: Submitted application: bronze-saleslt_salesorderheader
[2026-04-29T13:26:04.962+0000] {subprocess.py:106} INFO - 26/04/29 13:26:04 INFO ResourceProfile: Default ResourceProfile created, executor resources: Map(cores -> name: cores, amount: 1, script: , vendor: , memory -> name: memory, amount: 1024, script: , vendor: , offHeap -> name: offHeap, amount: 0, script: , vendor: ), task resources: Map(cpus -> name: cpus, amount: 1.0)
[2026-04-29T13:26:04.977+0000] {subprocess.py:106} INFO - 26/04/29 13:26:04 INFO ResourceProfile: Limiting resource is cpu
[2026-04-29T13:26:04.978+0000] {subprocess.py:106} INFO - 26/04/29 13:26:04 INFO ResourceProfileManager: Added ResourceProfile id: 0
[2026-04-29T13:26:05.048+0000] {subprocess.py:106} INFO - 26/04/29 13:26:05 INFO SecurityManager: Changing view acls to: root
[2026-04-29T13:26:05.049+0000] {subprocess.py:106} INFO - 26/04/29 13:26:05 INFO SecurityManager: Changing modify acls to: root
[2026-04-29T13:26:05.050+0000] {subprocess.py:106} INFO - 26/04/29 13:26:05 INFO SecurityManager: Changing view acls groups to:
[2026-04-29T13:26:05.051+0000] {subprocess.py:106} INFO - 26/04/29 13:26:05 INFO SecurityManager: Changing modify acls groups to:
[2026-04-29T13:26:05.053+0000] {subprocess.py:106} INFO - 26/04/29 13:26:05 INFO SecurityManager: SecurityManager: authentication disabled; ui acls disabled; users with view permissions: root; groups with view permissions: EMPTY; users with modify permissions: root; groups with modify permissions: EMPTY
[2026-04-29T13:26:05.383+0000] {subprocess.py:106} INFO - 26/04/29 13:26:05 INFO Utils: Successfully started service 'sparkDriver' on port 46229.
[2026-04-29T13:26:05.429+0000] {subprocess.py:106} INFO - 26/04/29 13:26:05 INFO SparkEnv: Registering MapOutputTracker
[2026-04-29T13:26:05.480+0000] {subprocess.py:106} INFO - 26/04/29 13:26:05 INFO SparkEnv: Registering BlockManagerMaster
[2026-04-29T13:26:05.514+0000] {subprocess.py:106} INFO - 26/04/29 13:26:05 INFO BlockManagerMasterEndpoint: Using org.apache.spark.storage.DefaultTopologyMapper for getting topology information
[2026-04-29T13:26:05.516+0000] {subprocess.py:106} INFO - 26/04/29 13:26:05 INFO BlockManagerMasterEndpoint: BlockManagerMasterEndpoint up
[2026-04-29T13:26:05.528+0000] {subprocess.py:106} INFO - 26/04/29 13:26:05 INFO SparkEnv: Registering BlockManagerMasterHeartbeat
[2026-04-29T13:26:05.563+0000] {subprocess.py:106} INFO - 26/04/29 13:26:05 INFO DiskBlockManager: Created local directory at /tmp/blockmgr-eab7f8fb-e3a4-4c31-b78d-48c6e7d9d10e
[2026-04-29T13:26:05.592+0000] {subprocess.py:106} INFO - 26/04/29 13:26:05 INFO MemoryStore: MemoryStore started with capacity 434.4 MiB
[2026-04-29T13:26:05.616+0000] {subprocess.py:106} INFO - 26/04/29 13:26:05 INFO SparkEnv: Registering OutputCommitCoordinator
[2026-04-29T13:26:05.785+0000] {subprocess.py:106} INFO - 26/04/29 13:26:05 INFO JettyUtils: Start Jetty 0.0.0.0:4040 for SparkUI
[2026-04-29T13:26:05.850+0000] {subprocess.py:106} INFO - 26/04/29 13:26:05 WARN Utils: Service 'SparkUI' could not bind on port 4040. Attempting port 4041.
[2026-04-29T13:26:05.860+0000] {subprocess.py:106} INFO - 26/04/29 13:26:05 INFO Utils: Successfully started service 'SparkUI' on port 4041.
[2026-04-29T13:26:05.907+0000] {subprocess.py:106} INFO - 26/04/29 13:26:05 INFO SparkContext: Added JAR file:///root/.ivy2/jars/com.microsoft.sqlserver_mssql-jdbc-12.6.3.jre11.jar at spark://e4e26910a088:46229/jars/com.microsoft.sqlserver_mssql-jdbc-12.6.3.jre11.jar with timestamp 1777469164888
[2026-04-29T13:26:05.912+0000] {subprocess.py:106} INFO - 26/04/29 13:26:05 INFO SparkContext: Added file file:///root/.ivy2/jars/com.microsoft.sqlserver_mssql-jdbc-12.6.3.jre11.jar at file:///root/.ivy2/jars/com.microsoft.sqlserver_mssql-jdbc-12.6.3.jre11.jar with timestamp 1777469164888
[2026-04-29T13:26:05.914+0000] {subprocess.py:106} INFO - 26/04/29 13:26:05 INFO Utils: Copying /root/.ivy2/jars/com.microsoft.sqlserver_mssql-jdbc-12.6.3.jre11.jar to /tmp/spark-b1e8dfc2-5086-404f-ae51-3abde3d4a93e/userFiles-eef6d34c-4f4e-4e05-98c6-9498812dea1e/com.microsoft.sqlserver_mssql-jdbc-12.6.3.jre11.jar
[2026-04-29T13:26:06.002+0000] {subprocess.py:106} INFO - 26/04/29 13:26:06 INFO Executor: Starting executor ID driver on host e4e26910a088
[2026-04-29T13:26:06.003+0000] {subprocess.py:106} INFO - 26/04/29 13:26:06 INFO Executor: OS info Linux, 6.6.87.2-microsoft-standard-WSL2, amd64
[2026-04-29T13:26:06.004+0000] {subprocess.py:106} INFO - 26/04/29 13:26:06 INFO Executor: Java version 17.0.14
[2026-04-29T13:26:06.014+0000] {subprocess.py:106} INFO - 26/04/29 13:26:06 INFO Executor: Starting executor with user classpath (userClassPathFirst = false): ''
[2026-04-29T13:26:06.015+0000] {subprocess.py:106} INFO - 26/04/29 13:26:06 INFO Executor: Created or updated repl class loader org.apache.spark.util.MutableURLClassLoader@25d1cd9 for default.
[2026-04-29T13:26:06.029+0000] {subprocess.py:106} INFO - 26/04/29 13:26:06 INFO Executor: Fetching file:///root/.ivy2/jars/com.microsoft.sqlserver_mssql-jdbc-12.6.3.jre11.jar with timestamp 1777469164888
[2026-04-29T13:26:06.053+0000] {subprocess.py:106} INFO - 26/04/29 13:26:06 INFO Utils: /root/.ivy2/jars/com.microsoft.sqlserver_mssql-jdbc-12.6.3.jre11.jar has been previously copied to /tmp/spark-b1e8dfc2-5086-404f-ae51-3abde3d4a93e/userFiles-eef6d34c-4f4e-4e05-98c6-9498812dea1e/com.microsoft.sqlserver_mssql-jdbc-12.6.3.jre11.jar
[2026-04-29T13:26:06.061+0000] {subprocess.py:106} INFO - 26/04/29 13:26:06 INFO Executor: Fetching spark://e4e26910a088:46229/jars/com.microsoft.sqlserver_mssql-jdbc-12.6.3.jre11.jar with timestamp 1777469164888
[2026-04-29T13:26:06.095+0000] {subprocess.py:106} INFO - 26/04/29 13:26:06 INFO TransportClientFactory: Successfully created connection to e4e26910a088/172.18.0.5:46229 after 22 ms (0 ms spent in bootstraps)
[2026-04-29T13:26:06.101+0000] {subprocess.py:106} INFO - 26/04/29 13:26:06 INFO Utils: Fetching spark://e4e26910a088:46229/jars/com.microsoft.sqlserver_mssql-jdbc-12.6.3.jre11.jar to /tmp/spark-b1e8dfc2-5086-404f-ae51-3abde3d4a93e/userFiles-eef6d34c-4f4e-4e05-98c6-9498812dea1e/fetchFileTemp2791565202311161761.tmp
[2026-04-29T13:26:06.133+0000] {subprocess.py:106} INFO - 26/04/29 13:26:06 INFO Utils: /tmp/spark-b1e8dfc2-5086-404f-ae51-3abde3d4a93e/userFiles-eef6d34c-4f4e-4e05-98c6-9498812dea1e/fetchFileTemp2791565202311161761.tmp has been previously copied to /tmp/spark-b1e8dfc2-5086-404f-ae51-3abde3d4a93e/userFiles-eef6d34c-4f4e-4e05-98c6-9498812dea1e/com.microsoft.sqlserver_mssql-jdbc-12.6.3.jre11.jar
[2026-04-29T13:26:06.142+0000] {subprocess.py:106} INFO - 26/04/29 13:26:06 INFO Executor: Adding file:/tmp/spark-b1e8dfc2-5086-404f-ae51-3abde3d4a93e/userFiles-eef6d34c-4f4e-4e05-98c6-9498812dea1e/com.microsoft.sqlserver_mssql-jdbc-12.6.3.jre11.jar to class loader default
[2026-04-29T13:26:06.154+0000] {subprocess.py:106} INFO - 26/04/29 13:26:06 INFO Utils: Successfully started service 'org.apache.spark.network.netty.NettyBlockTransferService' on port 44471.
[2026-04-29T13:26:06.155+0000] {subprocess.py:106} INFO - 26/04/29 13:26:06 INFO NettyBlockTransferService: Server created on e4e26910a088:44471
[2026-04-29T13:26:06.157+0000] {subprocess.py:106} INFO - 26/04/29 13:26:06 INFO BlockManager: Using org.apache.spark.storage.RandomBlockReplicationPolicy for block replication policy
[2026-04-29T13:26:06.168+0000] {subprocess.py:106} INFO - 26/04/29 13:26:06 INFO BlockManagerMaster: Registering BlockManager BlockManagerId(driver, e4e26910a088, 44471, None)
[2026-04-29T13:26:06.174+0000] {subprocess.py:106} INFO - 26/04/29 13:26:06 INFO BlockManagerMasterEndpoint: Registering block manager e4e26910a088:44471 with 434.4 MiB RAM, BlockManagerId(driver, e4e26910a088, 44471, None)
[2026-04-29T13:26:06.177+0000] {subprocess.py:106} INFO - 26/04/29 13:26:06 INFO BlockManagerMaster: Registered BlockManager BlockManagerId(driver, e4e26910a088, 44471, None)
[2026-04-29T13:26:06.179+0000] {subprocess.py:106} INFO - 26/04/29 13:26:06 INFO BlockManager: Initialized BlockManager: BlockManagerId(driver, e4e26910a088, 44471, None)
[2026-04-29T13:26:06.324+0000] {subprocess.py:106} INFO - 26/04/29 13:26:06 INFO SingleEventLogFileWriter: Logging events to file:/home/iceberg/spark-events/local-1777469165959.inprogress
[2026-04-29T13:26:09.318+0000] {subprocess.py:106} INFO - Running bronze pipeline for table_id=saleslt_salesorderheader
[2026-04-29T13:26:09.320+0000] {subprocess.py:106} INFO - Strategy: incremental_upsert
[2026-04-29T13:26:09.321+0000] {subprocess.py:106} INFO - Target bronze table: demo.bronze.saleslt_salesorderheader
[2026-04-29T13:26:09.322+0000] {subprocess.py:106} INFO - Using watermark: 2008-06-08 00:00:00
[2026-04-29T13:26:10.100+0000] {subprocess.py:106} INFO - Testing source read...
[2026-04-29T13:26:11.813+0000] {subprocess.py:106} INFO - +------------+--------------+---------+-------+--------+------+---------------+----------------+-------------------+-------------+----------+---------------+---------------+----------+----------------------+--------+------+-------+--------+-------+-------+------------+
[2026-04-29T13:26:11.814+0000] {subprocess.py:106} INFO - |SalesOrderID|RevisionNumber|OrderDate|DueDate|ShipDate|Status|OnlineOrderFlag|SalesOrderNumber|PurchaseOrderNumber|AccountNumber|CustomerID|ShipToAddressID|BillToAddressID|ShipMethod|CreditCardApprovalCode|SubTotal|TaxAmt|Freight|TotalDue|Comment|rowguid|ModifiedDate|
[2026-04-29T13:26:11.818+0000] {subprocess.py:106} INFO - +------------+--------------+---------+-------+--------+------+---------------+----------------+-------------------+-------------+----------+---------------+---------------+----------+----------------------+--------+------+-------+--------+-------+-------+------------+
[2026-04-29T13:26:11.818+0000] {subprocess.py:106} INFO - +------------+--------------+---------+-------+--------+------+---------------+----------------+-------------------+-------------+----------+---------------+---------------+----------+----------------------+--------+------+-------+--------+-------+-------+------------+
[2026-04-29T13:26:11.819+0000] {subprocess.py:106} INFO - 
[2026-04-29T13:26:12.458+0000] {subprocess.py:106} INFO - No records returned from source.
[2026-04-29T13:26:12.734+0000] {subprocess.py:110} INFO - Command exited with return code 0
[2026-04-29T13:26:12.782+0000] {taskinstance.py:341} INFO - ::group::Post task execution logs
[2026-04-29T13:26:12.784+0000] {taskinstance.py:353} INFO - Marking task as SUCCESS. dag_id=medallion_retail_pipeline, task_id=bronze_layer.bronze_salesorderheader, run_id=manual__2026-04-29T13:24:41.570421+00:00, execution_date=20260429T132441, start_date=20260429T132600, end_date=20260429T132612
[2026-04-29T13:26:12.846+0000] {local_task_job_runner.py:266} INFO - Task exited with return code 0
[2026-04-29T13:26:12.893+0000] {taskinstance.py:3901} INFO - 0 downstream tasks scheduled from follow-on schedule check
[2026-04-29T13:26:12.896+0000] {local_task_job_runner.py:245} INFO - ::endgroup::
