[2026-04-29T13:37:10.813+0000] {local_task_job_runner.py:123} INFO - ::group::Pre task execution logs
[2026-04-29T13:37:10.856+0000] {taskinstance.py:2614} INFO - Dependencies all met for dep_context=non-requeueable deps ti=<TaskInstance: medallion_retail_pipeline.silver_layer.silver_address manual__2026-04-29T13:33:23.017238+00:00 [queued]>
[2026-04-29T13:37:10.876+0000] {taskinstance.py:2614} INFO - Dependencies all met for dep_context=requeueable deps ti=<TaskInstance: medallion_retail_pipeline.silver_layer.silver_address manual__2026-04-29T13:33:23.017238+00:00 [queued]>
[2026-04-29T13:37:10.877+0000] {taskinstance.py:2867} INFO - Starting attempt 1 of 1
[2026-04-29T13:37:10.893+0000] {taskinstance.py:2890} INFO - Executing <Task(BashOperator): silver_layer.silver_address> on 2026-04-29 13:33:23.017238+00:00
[2026-04-29T13:37:10.899+0000] {standard_task_runner.py:72} INFO - Started process 259 to run task
[2026-04-29T13:37:10.903+0000] {standard_task_runner.py:104} INFO - Running: ['***', 'tasks', 'run', 'medallion_retail_pipeline', 'silver_layer.silver_address', 'manual__2026-04-29T13:33:23.017238+00:00', '--job-id', '25', '--raw', '--subdir', 'DAGS_FOLDER/medallion_retail_pipeline.py', '--cfg-path', '/tmp/tmp55rzzrl0']
[2026-04-29T13:37:10.907+0000] {standard_task_runner.py:105} INFO - Job 25: Subtask silver_layer.silver_address
[2026-04-29T13:37:11.001+0000] {task_command.py:467} INFO - Running <TaskInstance: medallion_retail_pipeline.silver_layer.silver_address manual__2026-04-29T13:33:23.017238+00:00 [running]> on host 20b20d764db8
[2026-04-29T13:37:11.117+0000] {taskinstance.py:3134} INFO - Exporting env vars: AIRFLOW_CTX_DAG_OWNER='***' AIRFLOW_CTX_DAG_ID='medallion_retail_pipeline' AIRFLOW_CTX_TASK_ID='silver_layer.silver_address' AIRFLOW_CTX_EXECUTION_DATE='2026-04-29T13:33:23.017238+00:00' AIRFLOW_CTX_TRY_NUMBER='1' AIRFLOW_CTX_DAG_RUN_ID='manual__2026-04-29T13:33:23.017238+00:00'
[2026-04-29T13:37:11.119+0000] {taskinstance.py:732} INFO - ::endgroup::
[2026-04-29T13:37:11.137+0000] {subprocess.py:78} INFO - Tmp dir root location: /tmp
[2026-04-29T13:37:11.139+0000] {subprocess.py:88} INFO - Running command: ['/usr/bin/bash', '-c', "\n    docker exec spark-iceberg bash -c '\n      cd /home/iceberg/project &&\n      spark-submit         --packages com.microsoft.sqlserver:mssql-jdbc:12.6.3.jre11         src/jobs/run_silver.py saleslt_address\n    '\n    "]
[2026-04-29T13:37:11.149+0000] {subprocess.py:99} INFO - Output:
[2026-04-29T13:37:13.622+0000] {subprocess.py:106} INFO - :: loading settings :: url = jar:file:/opt/spark/jars/ivy-2.5.1.jar!/org/apache/ivy/core/settings/ivysettings.xml
[2026-04-29T13:37:13.849+0000] {subprocess.py:106} INFO - Ivy Default Cache set to: /root/.ivy2/cache
[2026-04-29T13:37:13.851+0000] {subprocess.py:106} INFO - The jars for the packages stored in: /root/.ivy2/jars
[2026-04-29T13:37:13.866+0000] {subprocess.py:106} INFO - com.microsoft.sqlserver#mssql-jdbc added as a dependency
[2026-04-29T13:37:13.870+0000] {subprocess.py:106} INFO - :: resolving dependencies :: org.apache.spark#spark-submit-parent-be2141ba-011d-44fa-b4e2-5513a1f59453;1.0
[2026-04-29T13:37:13.871+0000] {subprocess.py:106} INFO - 	confs: [default]
[2026-04-29T13:37:14.047+0000] {subprocess.py:106} INFO - 	found com.microsoft.sqlserver#mssql-jdbc;12.6.3.jre11 in central
[2026-04-29T13:37:14.066+0000] {subprocess.py:106} INFO - :: resolution report :: resolve 195ms :: artifacts dl 4ms
[2026-04-29T13:37:14.068+0000] {subprocess.py:106} INFO - 	:: modules in use:
[2026-04-29T13:37:14.070+0000] {subprocess.py:106} INFO - 	com.microsoft.sqlserver#mssql-jdbc;12.6.3.jre11 from central in [default]
[2026-04-29T13:37:14.071+0000] {subprocess.py:106} INFO - 	---------------------------------------------------------------------
[2026-04-29T13:37:14.072+0000] {subprocess.py:106} INFO - 	|                  |            modules            ||   artifacts   |
[2026-04-29T13:37:14.073+0000] {subprocess.py:106} INFO - 	|       conf       | number| search|dwnlded|evicted|| number|dwnlded|
[2026-04-29T13:37:14.075+0000] {subprocess.py:106} INFO - 	---------------------------------------------------------------------
[2026-04-29T13:37:14.076+0000] {subprocess.py:106} INFO - 	|      default     |   1   |   0   |   0   |   0   ||   1   |   0   |
[2026-04-29T13:37:14.077+0000] {subprocess.py:106} INFO - 	---------------------------------------------------------------------
[2026-04-29T13:37:14.078+0000] {subprocess.py:106} INFO - :: retrieving :: org.apache.spark#spark-submit-parent-be2141ba-011d-44fa-b4e2-5513a1f59453
[2026-04-29T13:37:14.079+0000] {subprocess.py:106} INFO - 	confs: [default]
[2026-04-29T13:37:14.084+0000] {subprocess.py:106} INFO - 	0 artifacts copied, 1 already retrieved (0kB/7ms)
[2026-04-29T13:37:14.383+0000] {subprocess.py:106} INFO - 26/04/29 13:37:14 WARN NativeCodeLoader: Unable to load native-hadoop library for your platform... using builtin-java classes where applicable
[2026-04-29T13:37:16.011+0000] {subprocess.py:106} INFO - 26/04/29 13:37:16 INFO SparkContext: Running Spark version 3.5.5
[2026-04-29T13:37:16.013+0000] {subprocess.py:106} INFO - 26/04/29 13:37:16 INFO SparkContext: OS info Linux, 6.6.87.2-microsoft-standard-WSL2, amd64
[2026-04-29T13:37:16.014+0000] {subprocess.py:106} INFO - 26/04/29 13:37:16 INFO SparkContext: Java version 17.0.14
[2026-04-29T13:37:16.048+0000] {subprocess.py:106} INFO - 26/04/29 13:37:16 INFO ResourceUtils: ==============================================================
[2026-04-29T13:37:16.050+0000] {subprocess.py:106} INFO - 26/04/29 13:37:16 INFO ResourceUtils: No custom resources configured for spark.driver.
[2026-04-29T13:37:16.051+0000] {subprocess.py:106} INFO - 26/04/29 13:37:16 INFO ResourceUtils: ==============================================================
[2026-04-29T13:37:16.058+0000] {subprocess.py:106} INFO - 26/04/29 13:37:16 INFO SparkContext: Submitted application: silver-saleslt_address
[2026-04-29T13:37:16.095+0000] {subprocess.py:106} INFO - 26/04/29 13:37:16 INFO ResourceProfile: Default ResourceProfile created, executor resources: Map(cores -> name: cores, amount: 1, script: , vendor: , memory -> name: memory, amount: 1024, script: , vendor: , offHeap -> name: offHeap, amount: 0, script: , vendor: ), task resources: Map(cpus -> name: cpus, amount: 1.0)
[2026-04-29T13:37:16.108+0000] {subprocess.py:106} INFO - 26/04/29 13:37:16 INFO ResourceProfile: Limiting resource is cpu
[2026-04-29T13:37:16.109+0000] {subprocess.py:106} INFO - 26/04/29 13:37:16 INFO ResourceProfileManager: Added ResourceProfile id: 0
[2026-04-29T13:37:16.194+0000] {subprocess.py:106} INFO - 26/04/29 13:37:16 INFO SecurityManager: Changing view acls to: root
[2026-04-29T13:37:16.195+0000] {subprocess.py:106} INFO - 26/04/29 13:37:16 INFO SecurityManager: Changing modify acls to: root
[2026-04-29T13:37:16.196+0000] {subprocess.py:106} INFO - 26/04/29 13:37:16 INFO SecurityManager: Changing view acls groups to:
[2026-04-29T13:37:16.198+0000] {subprocess.py:106} INFO - 26/04/29 13:37:16 INFO SecurityManager: Changing modify acls groups to:
[2026-04-29T13:37:16.199+0000] {subprocess.py:106} INFO - 26/04/29 13:37:16 INFO SecurityManager: SecurityManager: authentication disabled; ui acls disabled; users with view permissions: root; groups with view permissions: EMPTY; users with modify permissions: root; groups with modify permissions: EMPTY
[2026-04-29T13:37:16.465+0000] {subprocess.py:106} INFO - 26/04/29 13:37:16 INFO Utils: Successfully started service 'sparkDriver' on port 44721.
[2026-04-29T13:37:16.516+0000] {subprocess.py:106} INFO - 26/04/29 13:37:16 INFO SparkEnv: Registering MapOutputTracker
[2026-04-29T13:37:16.566+0000] {subprocess.py:106} INFO - 26/04/29 13:37:16 INFO SparkEnv: Registering BlockManagerMaster
[2026-04-29T13:37:16.594+0000] {subprocess.py:106} INFO - 26/04/29 13:37:16 INFO BlockManagerMasterEndpoint: Using org.apache.spark.storage.DefaultTopologyMapper for getting topology information
[2026-04-29T13:37:16.595+0000] {subprocess.py:106} INFO - 26/04/29 13:37:16 INFO BlockManagerMasterEndpoint: BlockManagerMasterEndpoint up
[2026-04-29T13:37:16.607+0000] {subprocess.py:106} INFO - 26/04/29 13:37:16 INFO SparkEnv: Registering BlockManagerMasterHeartbeat
[2026-04-29T13:37:16.640+0000] {subprocess.py:106} INFO - 26/04/29 13:37:16 INFO DiskBlockManager: Created local directory at /tmp/blockmgr-43092bd7-8e93-489f-b314-3c0b85a3a72e
[2026-04-29T13:37:16.659+0000] {subprocess.py:106} INFO - 26/04/29 13:37:16 INFO MemoryStore: MemoryStore started with capacity 434.4 MiB
[2026-04-29T13:37:16.678+0000] {subprocess.py:106} INFO - 26/04/29 13:37:16 INFO SparkEnv: Registering OutputCommitCoordinator
[2026-04-29T13:37:16.843+0000] {subprocess.py:106} INFO - 26/04/29 13:37:16 INFO JettyUtils: Start Jetty 0.0.0.0:4040 for SparkUI
[2026-04-29T13:37:16.930+0000] {subprocess.py:106} INFO - 26/04/29 13:37:16 WARN Utils: Service 'SparkUI' could not bind on port 4040. Attempting port 4041.
[2026-04-29T13:37:16.946+0000] {subprocess.py:106} INFO - 26/04/29 13:37:16 INFO Utils: Successfully started service 'SparkUI' on port 4041.
[2026-04-29T13:37:17.016+0000] {subprocess.py:106} INFO - 26/04/29 13:37:17 INFO SparkContext: Added JAR file:///root/.ivy2/jars/com.microsoft.sqlserver_mssql-jdbc-12.6.3.jre11.jar at spark://e4e26910a088:44721/jars/com.microsoft.sqlserver_mssql-jdbc-12.6.3.jre11.jar with timestamp 1777469836000
[2026-04-29T13:37:17.023+0000] {subprocess.py:106} INFO - 26/04/29 13:37:17 INFO SparkContext: Added file file:///root/.ivy2/jars/com.microsoft.sqlserver_mssql-jdbc-12.6.3.jre11.jar at file:///root/.ivy2/jars/com.microsoft.sqlserver_mssql-jdbc-12.6.3.jre11.jar with timestamp 1777469836000
[2026-04-29T13:37:17.026+0000] {subprocess.py:106} INFO - 26/04/29 13:37:17 INFO Utils: Copying /root/.ivy2/jars/com.microsoft.sqlserver_mssql-jdbc-12.6.3.jre11.jar to /tmp/spark-ccad60b1-4600-4930-a7ab-607d50fd41be/userFiles-9eaec3a6-d168-4615-829f-58f315f4fd04/com.microsoft.sqlserver_mssql-jdbc-12.6.3.jre11.jar
[2026-04-29T13:37:17.115+0000] {subprocess.py:106} INFO - 26/04/29 13:37:17 INFO Executor: Starting executor ID driver on host e4e26910a088
[2026-04-29T13:37:17.116+0000] {subprocess.py:106} INFO - 26/04/29 13:37:17 INFO Executor: OS info Linux, 6.6.87.2-microsoft-standard-WSL2, amd64
[2026-04-29T13:37:17.117+0000] {subprocess.py:106} INFO - 26/04/29 13:37:17 INFO Executor: Java version 17.0.14
[2026-04-29T13:37:17.124+0000] {subprocess.py:106} INFO - 26/04/29 13:37:17 INFO Executor: Starting executor with user classpath (userClassPathFirst = false): ''
[2026-04-29T13:37:17.125+0000] {subprocess.py:106} INFO - 26/04/29 13:37:17 INFO Executor: Created or updated repl class loader org.apache.spark.util.MutableURLClassLoader@3b3d1581 for default.
[2026-04-29T13:37:17.139+0000] {subprocess.py:106} INFO - 26/04/29 13:37:17 INFO Executor: Fetching file:///root/.ivy2/jars/com.microsoft.sqlserver_mssql-jdbc-12.6.3.jre11.jar with timestamp 1777469836000
[2026-04-29T13:37:17.167+0000] {subprocess.py:106} INFO - 26/04/29 13:37:17 INFO Utils: /root/.ivy2/jars/com.microsoft.sqlserver_mssql-jdbc-12.6.3.jre11.jar has been previously copied to /tmp/spark-ccad60b1-4600-4930-a7ab-607d50fd41be/userFiles-9eaec3a6-d168-4615-829f-58f315f4fd04/com.microsoft.sqlserver_mssql-jdbc-12.6.3.jre11.jar
[2026-04-29T13:37:17.177+0000] {subprocess.py:106} INFO - 26/04/29 13:37:17 INFO Executor: Fetching spark://e4e26910a088:44721/jars/com.microsoft.sqlserver_mssql-jdbc-12.6.3.jre11.jar with timestamp 1777469836000
[2026-04-29T13:37:17.215+0000] {subprocess.py:106} INFO - 26/04/29 13:37:17 INFO TransportClientFactory: Successfully created connection to e4e26910a088/172.18.0.5:44721 after 23 ms (0 ms spent in bootstraps)
[2026-04-29T13:37:17.222+0000] {subprocess.py:106} INFO - 26/04/29 13:37:17 INFO Utils: Fetching spark://e4e26910a088:44721/jars/com.microsoft.sqlserver_mssql-jdbc-12.6.3.jre11.jar to /tmp/spark-ccad60b1-4600-4930-a7ab-607d50fd41be/userFiles-9eaec3a6-d168-4615-829f-58f315f4fd04/fetchFileTemp2599581892752376048.tmp
[2026-04-29T13:37:17.265+0000] {subprocess.py:106} INFO - 26/04/29 13:37:17 INFO Utils: /tmp/spark-ccad60b1-4600-4930-a7ab-607d50fd41be/userFiles-9eaec3a6-d168-4615-829f-58f315f4fd04/fetchFileTemp2599581892752376048.tmp has been previously copied to /tmp/spark-ccad60b1-4600-4930-a7ab-607d50fd41be/userFiles-9eaec3a6-d168-4615-829f-58f315f4fd04/com.microsoft.sqlserver_mssql-jdbc-12.6.3.jre11.jar
[2026-04-29T13:37:17.275+0000] {subprocess.py:106} INFO - 26/04/29 13:37:17 INFO Executor: Adding file:/tmp/spark-ccad60b1-4600-4930-a7ab-607d50fd41be/userFiles-9eaec3a6-d168-4615-829f-58f315f4fd04/com.microsoft.sqlserver_mssql-jdbc-12.6.3.jre11.jar to class loader default
[2026-04-29T13:37:17.290+0000] {subprocess.py:106} INFO - 26/04/29 13:37:17 INFO Utils: Successfully started service 'org.apache.spark.network.netty.NettyBlockTransferService' on port 40563.
[2026-04-29T13:37:17.291+0000] {subprocess.py:106} INFO - 26/04/29 13:37:17 INFO NettyBlockTransferService: Server created on e4e26910a088:40563
[2026-04-29T13:37:17.293+0000] {subprocess.py:106} INFO - 26/04/29 13:37:17 INFO BlockManager: Using org.apache.spark.storage.RandomBlockReplicationPolicy for block replication policy
[2026-04-29T13:37:17.301+0000] {subprocess.py:106} INFO - 26/04/29 13:37:17 INFO BlockManagerMaster: Registering BlockManager BlockManagerId(driver, e4e26910a088, 40563, None)
[2026-04-29T13:37:17.306+0000] {subprocess.py:106} INFO - 26/04/29 13:37:17 INFO BlockManagerMasterEndpoint: Registering block manager e4e26910a088:40563 with 434.4 MiB RAM, BlockManagerId(driver, e4e26910a088, 40563, None)
[2026-04-29T13:37:17.309+0000] {subprocess.py:106} INFO - 26/04/29 13:37:17 INFO BlockManagerMaster: Registered BlockManager BlockManagerId(driver, e4e26910a088, 40563, None)
[2026-04-29T13:37:17.311+0000] {subprocess.py:106} INFO - 26/04/29 13:37:17 INFO BlockManager: Initialized BlockManager: BlockManagerId(driver, e4e26910a088, 40563, None)
[2026-04-29T13:37:17.455+0000] {subprocess.py:106} INFO - 26/04/29 13:37:17 INFO SingleEventLogFileWriter: Logging events to file:/home/iceberg/spark-events/local-1777469837075.inprogress
[2026-04-29T13:37:20.433+0000] {subprocess.py:106} INFO - Running silver full snapshot for saleslt_address
[2026-04-29T13:37:27.846+0000] {subprocess.py:106} INFO - Silver full snapshot completed successfully.
[2026-04-29T13:37:28.362+0000] {subprocess.py:110} INFO - Command exited with return code 0
[2026-04-29T13:37:28.400+0000] {taskinstance.py:341} INFO - ::group::Post task execution logs
[2026-04-29T13:37:28.401+0000] {taskinstance.py:353} INFO - Marking task as SUCCESS. dag_id=medallion_retail_pipeline, task_id=silver_layer.silver_address, run_id=manual__2026-04-29T13:33:23.017238+00:00, execution_date=20260429T133323, start_date=20260429T133710, end_date=20260429T133728
[2026-04-29T13:37:28.478+0000] {local_task_job_runner.py:266} INFO - Task exited with return code 0
[2026-04-29T13:37:28.527+0000] {taskinstance.py:3901} INFO - 0 downstream tasks scheduled from follow-on schedule check
[2026-04-29T13:37:28.529+0000] {local_task_job_runner.py:245} INFO - ::endgroup::
