[2026-04-29T13:27:51.864+0000] {local_task_job_runner.py:123} INFO - ::group::Pre task execution logs
[2026-04-29T13:27:51.897+0000] {taskinstance.py:2614} INFO - Dependencies all met for dep_context=non-requeueable deps ti=<TaskInstance: medallion_retail_pipeline.silver_layer.silver_salesorderdetail manual__2026-04-29T13:24:41.570421+00:00 [queued]>
[2026-04-29T13:27:51.913+0000] {taskinstance.py:2614} INFO - Dependencies all met for dep_context=requeueable deps ti=<TaskInstance: medallion_retail_pipeline.silver_layer.silver_salesorderdetail manual__2026-04-29T13:24:41.570421+00:00 [queued]>
[2026-04-29T13:27:51.914+0000] {taskinstance.py:2867} INFO - Starting attempt 1 of 1
[2026-04-29T13:27:51.930+0000] {taskinstance.py:2890} INFO - Executing <Task(BashOperator): silver_layer.silver_salesorderdetail> on 2026-04-29 13:24:41.570421+00:00
[2026-04-29T13:27:51.936+0000] {standard_task_runner.py:72} INFO - Started process 230 to run task
[2026-04-29T13:27:51.940+0000] {standard_task_runner.py:104} INFO - Running: ['***', 'tasks', 'run', 'medallion_retail_pipeline', 'silver_layer.silver_salesorderdetail', 'manual__2026-04-29T13:24:41.570421+00:00', '--job-id', '13', '--raw', '--subdir', 'DAGS_FOLDER/medallion_retail_pipeline.py', '--cfg-path', '/tmp/tmpvlfkfd6p']
[2026-04-29T13:27:51.943+0000] {standard_task_runner.py:105} INFO - Job 13: Subtask silver_layer.silver_salesorderdetail
[2026-04-29T13:27:52.025+0000] {task_command.py:467} INFO - Running <TaskInstance: medallion_retail_pipeline.silver_layer.silver_salesorderdetail manual__2026-04-29T13:24:41.570421+00:00 [running]> on host 20b20d764db8
[2026-04-29T13:27:52.129+0000] {taskinstance.py:3134} INFO - Exporting env vars: AIRFLOW_CTX_DAG_OWNER='***' AIRFLOW_CTX_DAG_ID='medallion_retail_pipeline' AIRFLOW_CTX_TASK_ID='silver_layer.silver_salesorderdetail' AIRFLOW_CTX_EXECUTION_DATE='2026-04-29T13:24:41.570421+00:00' AIRFLOW_CTX_TRY_NUMBER='1' AIRFLOW_CTX_DAG_RUN_ID='manual__2026-04-29T13:24:41.570421+00:00'
[2026-04-29T13:27:52.130+0000] {taskinstance.py:732} INFO - ::endgroup::
[2026-04-29T13:27:52.149+0000] {subprocess.py:78} INFO - Tmp dir root location: /tmp
[2026-04-29T13:27:52.150+0000] {subprocess.py:88} INFO - Running command: ['/usr/bin/bash', '-c', "\n    docker exec spark-iceberg bash -c '\n      cd /home/iceberg/project &&\n      spark-submit         --packages com.microsoft.sqlserver:mssql-jdbc:12.6.3.jre11         src/jobs/run_silver.py saleslt_salesorderdetail_cdc\n    '\n    "]
[2026-04-29T13:27:52.162+0000] {subprocess.py:99} INFO - Output:
[2026-04-29T13:27:54.369+0000] {subprocess.py:106} INFO - :: loading settings :: url = jar:file:/opt/spark/jars/ivy-2.5.1.jar!/org/apache/ivy/core/settings/ivysettings.xml
[2026-04-29T13:27:54.454+0000] {subprocess.py:106} INFO - Ivy Default Cache set to: /root/.ivy2/cache
[2026-04-29T13:27:54.455+0000] {subprocess.py:106} INFO - The jars for the packages stored in: /root/.ivy2/jars
[2026-04-29T13:27:54.462+0000] {subprocess.py:106} INFO - com.microsoft.sqlserver#mssql-jdbc added as a dependency
[2026-04-29T13:27:54.464+0000] {subprocess.py:106} INFO - :: resolving dependencies :: org.apache.spark#spark-submit-parent-2a060a67-cc20-4307-88e9-c8678184b141;1.0
[2026-04-29T13:27:54.465+0000] {subprocess.py:106} INFO - 	confs: [default]
[2026-04-29T13:27:54.592+0000] {subprocess.py:106} INFO - 	found com.microsoft.sqlserver#mssql-jdbc;12.6.3.jre11 in central
[2026-04-29T13:27:54.609+0000] {subprocess.py:106} INFO - :: resolution report :: resolve 141ms :: artifacts dl 4ms
[2026-04-29T13:27:54.611+0000] {subprocess.py:106} INFO - 	:: modules in use:
[2026-04-29T13:27:54.612+0000] {subprocess.py:106} INFO - 	com.microsoft.sqlserver#mssql-jdbc;12.6.3.jre11 from central in [default]
[2026-04-29T13:27:54.613+0000] {subprocess.py:106} INFO - 	---------------------------------------------------------------------
[2026-04-29T13:27:54.614+0000] {subprocess.py:106} INFO - 	|                  |            modules            ||   artifacts   |
[2026-04-29T13:27:54.615+0000] {subprocess.py:106} INFO - 	|       conf       | number| search|dwnlded|evicted|| number|dwnlded|
[2026-04-29T13:27:54.616+0000] {subprocess.py:106} INFO - 	---------------------------------------------------------------------
[2026-04-29T13:27:54.617+0000] {subprocess.py:106} INFO - 	|      default     |   1   |   0   |   0   |   0   ||   1   |   0   |
[2026-04-29T13:27:54.618+0000] {subprocess.py:106} INFO - 	---------------------------------------------------------------------
[2026-04-29T13:27:54.618+0000] {subprocess.py:106} INFO - :: retrieving :: org.apache.spark#spark-submit-parent-2a060a67-cc20-4307-88e9-c8678184b141
[2026-04-29T13:27:54.619+0000] {subprocess.py:106} INFO - 	confs: [default]
[2026-04-29T13:27:54.622+0000] {subprocess.py:106} INFO - 	0 artifacts copied, 1 already retrieved (0kB/7ms)
[2026-04-29T13:27:54.888+0000] {subprocess.py:106} INFO - 26/04/29 13:27:54 WARN NativeCodeLoader: Unable to load native-hadoop library for your platform... using builtin-java classes where applicable
[2026-04-29T13:27:56.459+0000] {subprocess.py:106} INFO - 26/04/29 13:27:56 INFO SparkContext: Running Spark version 3.5.5
[2026-04-29T13:27:56.460+0000] {subprocess.py:106} INFO - 26/04/29 13:27:56 INFO SparkContext: OS info Linux, 6.6.87.2-microsoft-standard-WSL2, amd64
[2026-04-29T13:27:56.461+0000] {subprocess.py:106} INFO - 26/04/29 13:27:56 INFO SparkContext: Java version 17.0.14
[2026-04-29T13:27:56.489+0000] {subprocess.py:106} INFO - 26/04/29 13:27:56 INFO ResourceUtils: ==============================================================
[2026-04-29T13:27:56.490+0000] {subprocess.py:106} INFO - 26/04/29 13:27:56 INFO ResourceUtils: No custom resources configured for spark.driver.
[2026-04-29T13:27:56.491+0000] {subprocess.py:106} INFO - 26/04/29 13:27:56 INFO ResourceUtils: ==============================================================
[2026-04-29T13:27:56.491+0000] {subprocess.py:106} INFO - 26/04/29 13:27:56 INFO SparkContext: Submitted application: silver-saleslt_salesorderdetail_cdc
[2026-04-29T13:27:56.519+0000] {subprocess.py:106} INFO - 26/04/29 13:27:56 INFO ResourceProfile: Default ResourceProfile created, executor resources: Map(cores -> name: cores, amount: 1, script: , vendor: , memory -> name: memory, amount: 1024, script: , vendor: , offHeap -> name: offHeap, amount: 0, script: , vendor: ), task resources: Map(cpus -> name: cpus, amount: 1.0)
[2026-04-29T13:27:56.534+0000] {subprocess.py:106} INFO - 26/04/29 13:27:56 INFO ResourceProfile: Limiting resource is cpu
[2026-04-29T13:27:56.535+0000] {subprocess.py:106} INFO - 26/04/29 13:27:56 INFO ResourceProfileManager: Added ResourceProfile id: 0
[2026-04-29T13:27:56.606+0000] {subprocess.py:106} INFO - 26/04/29 13:27:56 INFO SecurityManager: Changing view acls to: root
[2026-04-29T13:27:56.607+0000] {subprocess.py:106} INFO - 26/04/29 13:27:56 INFO SecurityManager: Changing modify acls to: root
[2026-04-29T13:27:56.608+0000] {subprocess.py:106} INFO - 26/04/29 13:27:56 INFO SecurityManager: Changing view acls groups to:
[2026-04-29T13:27:56.610+0000] {subprocess.py:106} INFO - 26/04/29 13:27:56 INFO SecurityManager: Changing modify acls groups to:
[2026-04-29T13:27:56.612+0000] {subprocess.py:106} INFO - 26/04/29 13:27:56 INFO SecurityManager: SecurityManager: authentication disabled; ui acls disabled; users with view permissions: root; groups with view permissions: EMPTY; users with modify permissions: root; groups with modify permissions: EMPTY
[2026-04-29T13:27:56.892+0000] {subprocess.py:106} INFO - 26/04/29 13:27:56 INFO Utils: Successfully started service 'sparkDriver' on port 42533.
[2026-04-29T13:27:56.935+0000] {subprocess.py:106} INFO - 26/04/29 13:27:56 INFO SparkEnv: Registering MapOutputTracker
[2026-04-29T13:27:56.990+0000] {subprocess.py:106} INFO - 26/04/29 13:27:56 INFO SparkEnv: Registering BlockManagerMaster
[2026-04-29T13:27:57.019+0000] {subprocess.py:106} INFO - 26/04/29 13:27:57 INFO BlockManagerMasterEndpoint: Using org.apache.spark.storage.DefaultTopologyMapper for getting topology information
[2026-04-29T13:27:57.021+0000] {subprocess.py:106} INFO - 26/04/29 13:27:57 INFO BlockManagerMasterEndpoint: BlockManagerMasterEndpoint up
[2026-04-29T13:27:57.035+0000] {subprocess.py:106} INFO - 26/04/29 13:27:57 INFO SparkEnv: Registering BlockManagerMasterHeartbeat
[2026-04-29T13:27:57.063+0000] {subprocess.py:106} INFO - 26/04/29 13:27:57 INFO DiskBlockManager: Created local directory at /tmp/blockmgr-864bd98b-be57-4402-9896-ae0cd5086998
[2026-04-29T13:27:57.079+0000] {subprocess.py:106} INFO - 26/04/29 13:27:57 INFO MemoryStore: MemoryStore started with capacity 434.4 MiB
[2026-04-29T13:27:57.099+0000] {subprocess.py:106} INFO - 26/04/29 13:27:57 INFO SparkEnv: Registering OutputCommitCoordinator
[2026-04-29T13:27:57.258+0000] {subprocess.py:106} INFO - 26/04/29 13:27:57 INFO JettyUtils: Start Jetty 0.0.0.0:4040 for SparkUI
[2026-04-29T13:27:57.332+0000] {subprocess.py:106} INFO - 26/04/29 13:27:57 WARN Utils: Service 'SparkUI' could not bind on port 4040. Attempting port 4041.
[2026-04-29T13:27:57.344+0000] {subprocess.py:106} INFO - 26/04/29 13:27:57 INFO Utils: Successfully started service 'SparkUI' on port 4041.
[2026-04-29T13:27:57.395+0000] {subprocess.py:106} INFO - 26/04/29 13:27:57 INFO SparkContext: Added JAR file:///root/.ivy2/jars/com.microsoft.sqlserver_mssql-jdbc-12.6.3.jre11.jar at spark://e4e26910a088:42533/jars/com.microsoft.sqlserver_mssql-jdbc-12.6.3.jre11.jar with timestamp 1777469276451
[2026-04-29T13:27:57.400+0000] {subprocess.py:106} INFO - 26/04/29 13:27:57 INFO SparkContext: Added file file:///root/.ivy2/jars/com.microsoft.sqlserver_mssql-jdbc-12.6.3.jre11.jar at file:///root/.ivy2/jars/com.microsoft.sqlserver_mssql-jdbc-12.6.3.jre11.jar with timestamp 1777469276451
[2026-04-29T13:27:57.401+0000] {subprocess.py:106} INFO - 26/04/29 13:27:57 INFO Utils: Copying /root/.ivy2/jars/com.microsoft.sqlserver_mssql-jdbc-12.6.3.jre11.jar to /tmp/spark-83cf86b3-ce78-4537-bf9b-f6917d1e6ba5/userFiles-233e6a45-6adc-46a8-b264-075ffb2f6360/com.microsoft.sqlserver_mssql-jdbc-12.6.3.jre11.jar
[2026-04-29T13:27:57.480+0000] {subprocess.py:106} INFO - 26/04/29 13:27:57 INFO Executor: Starting executor ID driver on host e4e26910a088
[2026-04-29T13:27:57.480+0000] {subprocess.py:106} INFO - 26/04/29 13:27:57 INFO Executor: OS info Linux, 6.6.87.2-microsoft-standard-WSL2, amd64
[2026-04-29T13:27:57.481+0000] {subprocess.py:106} INFO - 26/04/29 13:27:57 INFO Executor: Java version 17.0.14
[2026-04-29T13:27:57.488+0000] {subprocess.py:106} INFO - 26/04/29 13:27:57 INFO Executor: Starting executor with user classpath (userClassPathFirst = false): ''
[2026-04-29T13:27:57.489+0000] {subprocess.py:106} INFO - 26/04/29 13:27:57 INFO Executor: Created or updated repl class loader org.apache.spark.util.MutableURLClassLoader@2361e3d2 for default.
[2026-04-29T13:27:57.503+0000] {subprocess.py:106} INFO - 26/04/29 13:27:57 INFO Executor: Fetching file:///root/.ivy2/jars/com.microsoft.sqlserver_mssql-jdbc-12.6.3.jre11.jar with timestamp 1777469276451
[2026-04-29T13:27:57.526+0000] {subprocess.py:106} INFO - 26/04/29 13:27:57 INFO Utils: /root/.ivy2/jars/com.microsoft.sqlserver_mssql-jdbc-12.6.3.jre11.jar has been previously copied to /tmp/spark-83cf86b3-ce78-4537-bf9b-f6917d1e6ba5/userFiles-233e6a45-6adc-46a8-b264-075ffb2f6360/com.microsoft.sqlserver_mssql-jdbc-12.6.3.jre11.jar
[2026-04-29T13:27:57.533+0000] {subprocess.py:106} INFO - 26/04/29 13:27:57 INFO Executor: Fetching spark://e4e26910a088:42533/jars/com.microsoft.sqlserver_mssql-jdbc-12.6.3.jre11.jar with timestamp 1777469276451
[2026-04-29T13:27:57.567+0000] {subprocess.py:106} INFO - 26/04/29 13:27:57 INFO TransportClientFactory: Successfully created connection to e4e26910a088/172.18.0.5:42533 after 23 ms (0 ms spent in bootstraps)
[2026-04-29T13:27:57.573+0000] {subprocess.py:106} INFO - 26/04/29 13:27:57 INFO Utils: Fetching spark://e4e26910a088:42533/jars/com.microsoft.sqlserver_mssql-jdbc-12.6.3.jre11.jar to /tmp/spark-83cf86b3-ce78-4537-bf9b-f6917d1e6ba5/userFiles-233e6a45-6adc-46a8-b264-075ffb2f6360/fetchFileTemp13865641495151395160.tmp
[2026-04-29T13:27:57.606+0000] {subprocess.py:106} INFO - 26/04/29 13:27:57 INFO Utils: /tmp/spark-83cf86b3-ce78-4537-bf9b-f6917d1e6ba5/userFiles-233e6a45-6adc-46a8-b264-075ffb2f6360/fetchFileTemp13865641495151395160.tmp has been previously copied to /tmp/spark-83cf86b3-ce78-4537-bf9b-f6917d1e6ba5/userFiles-233e6a45-6adc-46a8-b264-075ffb2f6360/com.microsoft.sqlserver_mssql-jdbc-12.6.3.jre11.jar
[2026-04-29T13:27:57.613+0000] {subprocess.py:106} INFO - 26/04/29 13:27:57 INFO Executor: Adding file:/tmp/spark-83cf86b3-ce78-4537-bf9b-f6917d1e6ba5/userFiles-233e6a45-6adc-46a8-b264-075ffb2f6360/com.microsoft.sqlserver_mssql-jdbc-12.6.3.jre11.jar to class loader default
[2026-04-29T13:27:57.624+0000] {subprocess.py:106} INFO - 26/04/29 13:27:57 INFO Utils: Successfully started service 'org.apache.spark.network.netty.NettyBlockTransferService' on port 41699.
[2026-04-29T13:27:57.625+0000] {subprocess.py:106} INFO - 26/04/29 13:27:57 INFO NettyBlockTransferService: Server created on e4e26910a088:41699
[2026-04-29T13:27:57.626+0000] {subprocess.py:106} INFO - 26/04/29 13:27:57 INFO BlockManager: Using org.apache.spark.storage.RandomBlockReplicationPolicy for block replication policy
[2026-04-29T13:27:57.632+0000] {subprocess.py:106} INFO - 26/04/29 13:27:57 INFO BlockManagerMaster: Registering BlockManager BlockManagerId(driver, e4e26910a088, 41699, None)
[2026-04-29T13:27:57.636+0000] {subprocess.py:106} INFO - 26/04/29 13:27:57 INFO BlockManagerMasterEndpoint: Registering block manager e4e26910a088:41699 with 434.4 MiB RAM, BlockManagerId(driver, e4e26910a088, 41699, None)
[2026-04-29T13:27:57.639+0000] {subprocess.py:106} INFO - 26/04/29 13:27:57 INFO BlockManagerMaster: Registered BlockManager BlockManagerId(driver, e4e26910a088, 41699, None)
[2026-04-29T13:27:57.640+0000] {subprocess.py:106} INFO - 26/04/29 13:27:57 INFO BlockManager: Initialized BlockManager: BlockManagerId(driver, e4e26910a088, 41699, None)
[2026-04-29T13:27:57.801+0000] {subprocess.py:106} INFO - 26/04/29 13:27:57 INFO SingleEventLogFileWriter: Logging events to file:/home/iceberg/spark-events/local-1777469277441.inprogress
[2026-04-29T13:28:06.819+0000] {subprocess.py:106} INFO - Running silver CDC merge for: saleslt_salesorderdetail_cdc
[2026-04-29T13:28:07.509+0000] {subprocess.py:106} INFO - 26/04/29 13:28:07 WARN SparkStringUtils: Truncated the string representation of a plan since it was too large. This behavior can be adjusted by setting 'spark.sql.debug.maxToStringFields'.
[2026-04-29T13:28:11.927+0000] {subprocess.py:106} INFO - Silver CDC merge completed successfully.
[2026-04-29T13:28:12.298+0000] {subprocess.py:110} INFO - Command exited with return code 0
[2026-04-29T13:28:12.343+0000] {taskinstance.py:341} INFO - ::group::Post task execution logs
[2026-04-29T13:28:12.344+0000] {taskinstance.py:353} INFO - Marking task as SUCCESS. dag_id=medallion_retail_pipeline, task_id=silver_layer.silver_salesorderdetail, run_id=manual__2026-04-29T13:24:41.570421+00:00, execution_date=20260429T132441, start_date=20260429T132751, end_date=20260429T132812
[2026-04-29T13:28:12.431+0000] {local_task_job_runner.py:266} INFO - Task exited with return code 0
[2026-04-29T13:28:12.473+0000] {taskinstance.py:3901} INFO - 1 downstream tasks scheduled from follow-on schedule check
[2026-04-29T13:28:12.476+0000] {local_task_job_runner.py:245} INFO - ::endgroup::
