[2026-04-29T13:33:46.289+0000] {local_task_job_runner.py:123} INFO - ::group::Pre task execution logs
[2026-04-29T13:33:46.326+0000] {taskinstance.py:2614} INFO - Dependencies all met for dep_context=non-requeueable deps ti=<TaskInstance: medallion_retail_pipeline.bronze_layer.bronze_customer manual__2026-04-29T13:33:23.017238+00:00 [queued]>
[2026-04-29T13:33:46.342+0000] {taskinstance.py:2614} INFO - Dependencies all met for dep_context=requeueable deps ti=<TaskInstance: medallion_retail_pipeline.bronze_layer.bronze_customer manual__2026-04-29T13:33:23.017238+00:00 [queued]>
[2026-04-29T13:33:46.343+0000] {taskinstance.py:2867} INFO - Starting attempt 1 of 1
[2026-04-29T13:33:46.358+0000] {taskinstance.py:2890} INFO - Executing <Task(BashOperator): bronze_layer.bronze_customer> on 2026-04-29 13:33:23.017238+00:00
[2026-04-29T13:33:46.366+0000] {standard_task_runner.py:72} INFO - Started process 64 to run task
[2026-04-29T13:33:46.370+0000] {standard_task_runner.py:104} INFO - Running: ['***', 'tasks', 'run', 'medallion_retail_pipeline', 'bronze_layer.bronze_customer', 'manual__2026-04-29T13:33:23.017238+00:00', '--job-id', '17', '--raw', '--subdir', 'DAGS_FOLDER/medallion_retail_pipeline.py', '--cfg-path', '/tmp/tmpm984y2up']
[2026-04-29T13:33:46.377+0000] {standard_task_runner.py:105} INFO - Job 17: Subtask bronze_layer.bronze_customer
[2026-04-29T13:33:46.465+0000] {task_command.py:467} INFO - Running <TaskInstance: medallion_retail_pipeline.bronze_layer.bronze_customer manual__2026-04-29T13:33:23.017238+00:00 [running]> on host 20b20d764db8
[2026-04-29T13:33:46.651+0000] {taskinstance.py:3134} INFO - Exporting env vars: AIRFLOW_CTX_DAG_OWNER='***' AIRFLOW_CTX_DAG_ID='medallion_retail_pipeline' AIRFLOW_CTX_TASK_ID='bronze_layer.bronze_customer' AIRFLOW_CTX_EXECUTION_DATE='2026-04-29T13:33:23.017238+00:00' AIRFLOW_CTX_TRY_NUMBER='1' AIRFLOW_CTX_DAG_RUN_ID='manual__2026-04-29T13:33:23.017238+00:00'
[2026-04-29T13:33:46.655+0000] {taskinstance.py:732} INFO - ::endgroup::
[2026-04-29T13:33:46.691+0000] {subprocess.py:78} INFO - Tmp dir root location: /tmp
[2026-04-29T13:33:46.694+0000] {subprocess.py:88} INFO - Running command: ['/usr/bin/bash', '-c', "\n    docker exec spark-iceberg bash -c '\n      cd /home/iceberg/project &&\n      spark-submit         --packages com.microsoft.sqlserver:mssql-jdbc:12.6.3.jre11         src/jobs/run_bronze.py saleslt_customer\n    '\n    "]
[2026-04-29T13:33:46.707+0000] {subprocess.py:99} INFO - Output:
[2026-04-29T13:33:50.262+0000] {subprocess.py:106} INFO - :: loading settings :: url = jar:file:/opt/spark/jars/ivy-2.5.1.jar!/org/apache/ivy/core/settings/ivysettings.xml
[2026-04-29T13:33:50.425+0000] {subprocess.py:106} INFO - Ivy Default Cache set to: /root/.ivy2/cache
[2026-04-29T13:33:50.430+0000] {subprocess.py:106} INFO - The jars for the packages stored in: /root/.ivy2/jars
[2026-04-29T13:33:50.440+0000] {subprocess.py:106} INFO - com.microsoft.sqlserver#mssql-jdbc added as a dependency
[2026-04-29T13:33:50.445+0000] {subprocess.py:106} INFO - :: resolving dependencies :: org.apache.spark#spark-submit-parent-34cf0ab9-a8e7-4d9d-83e6-6a41740e540a;1.0
[2026-04-29T13:33:50.447+0000] {subprocess.py:106} INFO - 	confs: [default]
[2026-04-29T13:33:50.848+0000] {subprocess.py:106} INFO - 	found com.microsoft.sqlserver#mssql-jdbc;12.6.3.jre11 in central
[2026-04-29T13:33:50.888+0000] {subprocess.py:106} INFO - :: resolution report :: resolve 435ms :: artifacts dl 11ms
[2026-04-29T13:33:50.890+0000] {subprocess.py:106} INFO - 	:: modules in use:
[2026-04-29T13:33:50.891+0000] {subprocess.py:106} INFO - 	com.microsoft.sqlserver#mssql-jdbc;12.6.3.jre11 from central in [default]
[2026-04-29T13:33:50.891+0000] {subprocess.py:106} INFO - 	---------------------------------------------------------------------
[2026-04-29T13:33:50.892+0000] {subprocess.py:106} INFO - 	|                  |            modules            ||   artifacts   |
[2026-04-29T13:33:50.896+0000] {subprocess.py:106} INFO - 	|       conf       | number| search|dwnlded|evicted|| number|dwnlded|
[2026-04-29T13:33:50.898+0000] {subprocess.py:106} INFO - 	---------------------------------------------------------------------
[2026-04-29T13:33:50.900+0000] {subprocess.py:106} INFO - 	|      default     |   1   |   0   |   0   |   0   ||   1   |   0   |
[2026-04-29T13:33:50.901+0000] {subprocess.py:106} INFO - 	---------------------------------------------------------------------
[2026-04-29T13:33:50.902+0000] {subprocess.py:106} INFO - :: retrieving :: org.apache.spark#spark-submit-parent-34cf0ab9-a8e7-4d9d-83e6-6a41740e540a
[2026-04-29T13:33:50.903+0000] {subprocess.py:106} INFO - 	confs: [default]
[2026-04-29T13:33:50.909+0000] {subprocess.py:106} INFO - 	0 artifacts copied, 1 already retrieved (0kB/12ms)
[2026-04-29T13:33:51.320+0000] {subprocess.py:106} INFO - 26/04/29 13:33:51 WARN NativeCodeLoader: Unable to load native-hadoop library for your platform... using builtin-java classes where applicable
[2026-04-29T13:33:54.051+0000] {subprocess.py:106} INFO - 26/04/29 13:33:54 INFO SparkContext: Running Spark version 3.5.5
[2026-04-29T13:33:54.052+0000] {subprocess.py:106} INFO - 26/04/29 13:33:54 INFO SparkContext: OS info Linux, 6.6.87.2-microsoft-standard-WSL2, amd64
[2026-04-29T13:33:54.053+0000] {subprocess.py:106} INFO - 26/04/29 13:33:54 INFO SparkContext: Java version 17.0.14
[2026-04-29T13:33:54.119+0000] {subprocess.py:106} INFO - 26/04/29 13:33:54 INFO ResourceUtils: ==============================================================
[2026-04-29T13:33:54.120+0000] {subprocess.py:106} INFO - 26/04/29 13:33:54 INFO ResourceUtils: No custom resources configured for spark.driver.
[2026-04-29T13:33:54.123+0000] {subprocess.py:106} INFO - 26/04/29 13:33:54 INFO ResourceUtils: ==============================================================
[2026-04-29T13:33:54.124+0000] {subprocess.py:106} INFO - 26/04/29 13:33:54 INFO SparkContext: Submitted application: bronze-saleslt_customer
[2026-04-29T13:33:54.170+0000] {subprocess.py:106} INFO - 26/04/29 13:33:54 INFO ResourceProfile: Default ResourceProfile created, executor resources: Map(cores -> name: cores, amount: 1, script: , vendor: , memory -> name: memory, amount: 1024, script: , vendor: , offHeap -> name: offHeap, amount: 0, script: , vendor: ), task resources: Map(cpus -> name: cpus, amount: 1.0)
[2026-04-29T13:33:54.198+0000] {subprocess.py:106} INFO - 26/04/29 13:33:54 INFO ResourceProfile: Limiting resource is cpu
[2026-04-29T13:33:54.205+0000] {subprocess.py:106} INFO - 26/04/29 13:33:54 INFO ResourceProfileManager: Added ResourceProfile id: 0
[2026-04-29T13:33:54.369+0000] {subprocess.py:106} INFO - 26/04/29 13:33:54 INFO SecurityManager: Changing view acls to: root
[2026-04-29T13:33:54.371+0000] {subprocess.py:106} INFO - 26/04/29 13:33:54 INFO SecurityManager: Changing modify acls to: root
[2026-04-29T13:33:54.372+0000] {subprocess.py:106} INFO - 26/04/29 13:33:54 INFO SecurityManager: Changing view acls groups to:
[2026-04-29T13:33:54.374+0000] {subprocess.py:106} INFO - 26/04/29 13:33:54 INFO SecurityManager: Changing modify acls groups to:
[2026-04-29T13:33:54.377+0000] {subprocess.py:106} INFO - 26/04/29 13:33:54 INFO SecurityManager: SecurityManager: authentication disabled; ui acls disabled; users with view permissions: root; groups with view permissions: EMPTY; users with modify permissions: root; groups with modify permissions: EMPTY
[2026-04-29T13:33:54.898+0000] {subprocess.py:106} INFO - 26/04/29 13:33:54 INFO Utils: Successfully started service 'sparkDriver' on port 37211.
[2026-04-29T13:33:54.984+0000] {subprocess.py:106} INFO - 26/04/29 13:33:54 INFO SparkEnv: Registering MapOutputTracker
[2026-04-29T13:33:55.074+0000] {subprocess.py:106} INFO - 26/04/29 13:33:55 INFO SparkEnv: Registering BlockManagerMaster
[2026-04-29T13:33:55.139+0000] {subprocess.py:106} INFO - 26/04/29 13:33:55 INFO BlockManagerMasterEndpoint: Using org.apache.spark.storage.DefaultTopologyMapper for getting topology information
[2026-04-29T13:33:55.140+0000] {subprocess.py:106} INFO - 26/04/29 13:33:55 INFO BlockManagerMasterEndpoint: BlockManagerMasterEndpoint up
[2026-04-29T13:33:55.151+0000] {subprocess.py:106} INFO - 26/04/29 13:33:55 INFO SparkEnv: Registering BlockManagerMasterHeartbeat
[2026-04-29T13:33:55.200+0000] {subprocess.py:106} INFO - 26/04/29 13:33:55 INFO DiskBlockManager: Created local directory at /tmp/blockmgr-6f1d1f07-7143-48fd-a5dc-1d97fe666e2f
[2026-04-29T13:33:55.234+0000] {subprocess.py:106} INFO - 26/04/29 13:33:55 INFO MemoryStore: MemoryStore started with capacity 434.4 MiB
[2026-04-29T13:33:55.273+0000] {subprocess.py:106} INFO - 26/04/29 13:33:55 INFO SparkEnv: Registering OutputCommitCoordinator
[2026-04-29T13:33:55.649+0000] {subprocess.py:106} INFO - 26/04/29 13:33:55 INFO JettyUtils: Start Jetty 0.0.0.0:4040 for SparkUI
[2026-04-29T13:33:55.785+0000] {subprocess.py:106} INFO - 26/04/29 13:33:55 WARN Utils: Service 'SparkUI' could not bind on port 4040. Attempting port 4041.
[2026-04-29T13:33:55.802+0000] {subprocess.py:106} INFO - 26/04/29 13:33:55 INFO Utils: Successfully started service 'SparkUI' on port 4041.
[2026-04-29T13:33:55.882+0000] {subprocess.py:106} INFO - 26/04/29 13:33:55 INFO SparkContext: Added JAR file:///root/.ivy2/jars/com.microsoft.sqlserver_mssql-jdbc-12.6.3.jre11.jar at spark://e4e26910a088:37211/jars/com.microsoft.sqlserver_mssql-jdbc-12.6.3.jre11.jar with timestamp 1777469634033
[2026-04-29T13:33:55.889+0000] {subprocess.py:106} INFO - 26/04/29 13:33:55 INFO SparkContext: Added file file:///root/.ivy2/jars/com.microsoft.sqlserver_mssql-jdbc-12.6.3.jre11.jar at file:///root/.ivy2/jars/com.microsoft.sqlserver_mssql-jdbc-12.6.3.jre11.jar with timestamp 1777469634033
[2026-04-29T13:33:55.892+0000] {subprocess.py:106} INFO - 26/04/29 13:33:55 INFO Utils: Copying /root/.ivy2/jars/com.microsoft.sqlserver_mssql-jdbc-12.6.3.jre11.jar to /tmp/spark-c81d2aca-2234-4fd5-9e76-0d374ac3456b/userFiles-e5b42ff8-6d32-4bfc-ad79-ab5c5d1de200/com.microsoft.sqlserver_mssql-jdbc-12.6.3.jre11.jar
[2026-04-29T13:33:56.054+0000] {subprocess.py:106} INFO - 26/04/29 13:33:56 INFO Executor: Starting executor ID driver on host e4e26910a088
[2026-04-29T13:33:56.055+0000] {subprocess.py:106} INFO - 26/04/29 13:33:56 INFO Executor: OS info Linux, 6.6.87.2-microsoft-standard-WSL2, amd64
[2026-04-29T13:33:56.056+0000] {subprocess.py:106} INFO - 26/04/29 13:33:56 INFO Executor: Java version 17.0.14
[2026-04-29T13:33:56.078+0000] {subprocess.py:106} INFO - 26/04/29 13:33:56 INFO Executor: Starting executor with user classpath (userClassPathFirst = false): ''
[2026-04-29T13:33:56.082+0000] {subprocess.py:106} INFO - 26/04/29 13:33:56 INFO Executor: Created or updated repl class loader org.apache.spark.util.MutableURLClassLoader@55fbef82 for default.
[2026-04-29T13:33:56.103+0000] {subprocess.py:106} INFO - 26/04/29 13:33:56 INFO Executor: Fetching file:///root/.ivy2/jars/com.microsoft.sqlserver_mssql-jdbc-12.6.3.jre11.jar with timestamp 1777469634033
[2026-04-29T13:33:56.167+0000] {subprocess.py:106} INFO - 26/04/29 13:33:56 INFO Utils: /root/.ivy2/jars/com.microsoft.sqlserver_mssql-jdbc-12.6.3.jre11.jar has been previously copied to /tmp/spark-c81d2aca-2234-4fd5-9e76-0d374ac3456b/userFiles-e5b42ff8-6d32-4bfc-ad79-ab5c5d1de200/com.microsoft.sqlserver_mssql-jdbc-12.6.3.jre11.jar
[2026-04-29T13:33:56.177+0000] {subprocess.py:106} INFO - 26/04/29 13:33:56 INFO Executor: Fetching spark://e4e26910a088:37211/jars/com.microsoft.sqlserver_mssql-jdbc-12.6.3.jre11.jar with timestamp 1777469634033
[2026-04-29T13:33:56.230+0000] {subprocess.py:106} INFO - 26/04/29 13:33:56 INFO TransportClientFactory: Successfully created connection to e4e26910a088/172.18.0.5:37211 after 35 ms (0 ms spent in bootstraps)
[2026-04-29T13:33:56.249+0000] {subprocess.py:106} INFO - 26/04/29 13:33:56 INFO Utils: Fetching spark://e4e26910a088:37211/jars/com.microsoft.sqlserver_mssql-jdbc-12.6.3.jre11.jar to /tmp/spark-c81d2aca-2234-4fd5-9e76-0d374ac3456b/userFiles-e5b42ff8-6d32-4bfc-ad79-ab5c5d1de200/fetchFileTemp1578798414304335434.tmp
[2026-04-29T13:33:56.300+0000] {subprocess.py:106} INFO - 26/04/29 13:33:56 INFO Utils: /tmp/spark-c81d2aca-2234-4fd5-9e76-0d374ac3456b/userFiles-e5b42ff8-6d32-4bfc-ad79-ab5c5d1de200/fetchFileTemp1578798414304335434.tmp has been previously copied to /tmp/spark-c81d2aca-2234-4fd5-9e76-0d374ac3456b/userFiles-e5b42ff8-6d32-4bfc-ad79-ab5c5d1de200/com.microsoft.sqlserver_mssql-jdbc-12.6.3.jre11.jar
[2026-04-29T13:33:56.308+0000] {subprocess.py:106} INFO - 26/04/29 13:33:56 INFO Executor: Adding file:/tmp/spark-c81d2aca-2234-4fd5-9e76-0d374ac3456b/userFiles-e5b42ff8-6d32-4bfc-ad79-ab5c5d1de200/com.microsoft.sqlserver_mssql-jdbc-12.6.3.jre11.jar to class loader default
[2026-04-29T13:33:56.325+0000] {subprocess.py:106} INFO - 26/04/29 13:33:56 INFO Utils: Successfully started service 'org.apache.spark.network.netty.NettyBlockTransferService' on port 43643.
[2026-04-29T13:33:56.326+0000] {subprocess.py:106} INFO - 26/04/29 13:33:56 INFO NettyBlockTransferService: Server created on e4e26910a088:43643
[2026-04-29T13:33:56.329+0000] {subprocess.py:106} INFO - 26/04/29 13:33:56 INFO BlockManager: Using org.apache.spark.storage.RandomBlockReplicationPolicy for block replication policy
[2026-04-29T13:33:56.341+0000] {subprocess.py:106} INFO - 26/04/29 13:33:56 INFO BlockManagerMaster: Registering BlockManager BlockManagerId(driver, e4e26910a088, 43643, None)
[2026-04-29T13:33:56.348+0000] {subprocess.py:106} INFO - 26/04/29 13:33:56 INFO BlockManagerMasterEndpoint: Registering block manager e4e26910a088:43643 with 434.4 MiB RAM, BlockManagerId(driver, e4e26910a088, 43643, None)
[2026-04-29T13:33:56.351+0000] {subprocess.py:106} INFO - 26/04/29 13:33:56 INFO BlockManagerMaster: Registered BlockManager BlockManagerId(driver, e4e26910a088, 43643, None)
[2026-04-29T13:33:56.354+0000] {subprocess.py:106} INFO - 26/04/29 13:33:56 INFO BlockManager: Initialized BlockManager: BlockManagerId(driver, e4e26910a088, 43643, None)
[2026-04-29T13:33:56.572+0000] {subprocess.py:106} INFO - 26/04/29 13:33:56 INFO SingleEventLogFileWriter: Logging events to file:/home/iceberg/spark-events/local-1777469635969.inprogress
[2026-04-29T13:34:00.193+0000] {subprocess.py:106} INFO - Running bronze pipeline for table_id=saleslt_customer
[2026-04-29T13:34:00.194+0000] {subprocess.py:106} INFO - Strategy: incremental_upsert
[2026-04-29T13:34:00.195+0000] {subprocess.py:106} INFO - Target bronze table: demo.bronze.saleslt_customer
[2026-04-29T13:34:00.196+0000] {subprocess.py:106} INFO - Using watermark: 2026-04-23 17:50:05
[2026-04-29T13:34:01.414+0000] {subprocess.py:106} INFO - Testing source read...
[2026-04-29T13:34:05.303+0000] {subprocess.py:106} INFO - +----------+---------+-----+---------+----------+--------+------+------------------------+----------------------+--------------------------+------------+--------------------------------------------+------------+------------------------------------+-----------------------+
[2026-04-29T13:34:05.304+0000] {subprocess.py:106} INFO - |CustomerID|NameStyle|Title|FirstName|MiddleName|LastName|Suffix|CompanyName             |SalesPerson           |EmailAddress              |Phone       |PasswordHash                                |PasswordSalt|rowguid                             |ModifiedDate           |
[2026-04-29T13:34:05.305+0000] {subprocess.py:106} INFO - +----------+---------+-----+---------+----------+--------+------+------------------------+----------------------+--------------------------+------------+--------------------------------------------+------------+------------------------------------+-----------------------+
[2026-04-29T13:34:05.306+0000] {subprocess.py:106} INFO - |2         |false    |Mr.  |Keith    |NULL      |Harris  |NULL  | A bike store modified 2|adventure-works\david8|keith0@adventure-works.com|170-555-0127|YPdtRdvqeAhj6wyxEsFdshBDNXxkCXn+CRgbvJItknw=|fs1ZGhY=    |E552F657-A9AF-4A7D-A645-C429D6E02491|2026-04-23 17:50:05.877|
[2026-04-29T13:34:05.307+0000] {subprocess.py:106} INFO - +----------+---------+-----+---------+----------+--------+------+------------------------+----------------------+--------------------------+------------+--------------------------------------------+------------+------------------------------------+-----------------------+
[2026-04-29T13:34:05.308+0000] {subprocess.py:106} INFO - 
[2026-04-29T13:34:07.443+0000] {subprocess.py:106} INFO - Appending data to bronze table: demo.bronze.saleslt_customer
[2026-04-29T13:34:07.768+0000] {subprocess.py:106} INFO - 26/04/29 13:34:07 WARN SparkStringUtils: Truncated the string representation of a plan since it was too large. This behavior can be adjusted by setting 'spark.sql.debug.maxToStringFields'.
[2026-04-29T13:34:11.394+0000] {subprocess.py:106} INFO - Updated watermark saved: 2026-04-23 17:50:05
[2026-04-29T13:34:11.779+0000] {subprocess.py:106} INFO - Bronze load completed successfully. Rows processed: 1
[2026-04-29T13:34:12.154+0000] {subprocess.py:110} INFO - Command exited with return code 0
[2026-04-29T13:34:12.209+0000] {taskinstance.py:341} INFO - ::group::Post task execution logs
[2026-04-29T13:34:12.210+0000] {taskinstance.py:353} INFO - Marking task as SUCCESS. dag_id=medallion_retail_pipeline, task_id=bronze_layer.bronze_customer, run_id=manual__2026-04-29T13:33:23.017238+00:00, execution_date=20260429T133323, start_date=20260429T133346, end_date=20260429T133412
[2026-04-29T13:34:12.305+0000] {local_task_job_runner.py:266} INFO - Task exited with return code 0
[2026-04-29T13:34:12.350+0000] {taskinstance.py:3901} INFO - 0 downstream tasks scheduled from follow-on schedule check
[2026-04-29T13:34:12.354+0000] {local_task_job_runner.py:245} INFO - ::endgroup::
