[2026-04-29T13:39:35.782+0000] {local_task_job_runner.py:123} INFO - ::group::Pre task execution logs
[2026-04-29T13:39:35.856+0000] {taskinstance.py:2614} INFO - Dependencies all met for dep_context=non-requeueable deps ti=<TaskInstance: medallion_retail_pipeline.gold_layer.gold_fact_sales manual__2026-04-29T13:33:23.017238+00:00 [queued]>
[2026-04-29T13:39:35.884+0000] {taskinstance.py:2614} INFO - Dependencies all met for dep_context=requeueable deps ti=<TaskInstance: medallion_retail_pipeline.gold_layer.gold_fact_sales manual__2026-04-29T13:33:23.017238+00:00 [queued]>
[2026-04-29T13:39:35.885+0000] {taskinstance.py:2867} INFO - Starting attempt 1 of 1
[2026-04-29T13:39:35.905+0000] {taskinstance.py:2890} INFO - Executing <Task(BashOperator): gold_layer.gold_fact_sales> on 2026-04-29 13:33:23.017238+00:00
[2026-04-29T13:39:35.912+0000] {standard_task_runner.py:72} INFO - Started process 400 to run task
[2026-04-29T13:39:35.918+0000] {standard_task_runner.py:104} INFO - Running: ['***', 'tasks', 'run', 'medallion_retail_pipeline', 'gold_layer.gold_fact_sales', 'manual__2026-04-29T13:33:23.017238+00:00', '--job-id', '31', '--raw', '--subdir', 'DAGS_FOLDER/medallion_retail_pipeline.py', '--cfg-path', '/tmp/tmp3qmfawjy']
[2026-04-29T13:39:35.922+0000] {standard_task_runner.py:105} INFO - Job 31: Subtask gold_layer.gold_fact_sales
[2026-04-29T13:39:36.018+0000] {task_command.py:467} INFO - Running <TaskInstance: medallion_retail_pipeline.gold_layer.gold_fact_sales manual__2026-04-29T13:33:23.017238+00:00 [running]> on host 20b20d764db8
[2026-04-29T13:39:36.143+0000] {taskinstance.py:3134} INFO - Exporting env vars: AIRFLOW_CTX_DAG_OWNER='***' AIRFLOW_CTX_DAG_ID='medallion_retail_pipeline' AIRFLOW_CTX_TASK_ID='gold_layer.gold_fact_sales' AIRFLOW_CTX_EXECUTION_DATE='2026-04-29T13:33:23.017238+00:00' AIRFLOW_CTX_TRY_NUMBER='1' AIRFLOW_CTX_DAG_RUN_ID='manual__2026-04-29T13:33:23.017238+00:00'
[2026-04-29T13:39:36.146+0000] {taskinstance.py:732} INFO - ::endgroup::
[2026-04-29T13:39:36.166+0000] {subprocess.py:78} INFO - Tmp dir root location: /tmp
[2026-04-29T13:39:36.168+0000] {subprocess.py:88} INFO - Running command: ['/usr/bin/bash', '-c', "\n    docker exec spark-iceberg bash -c '\n      cd /home/iceberg/project &&\n      spark-submit         --packages com.microsoft.sqlserver:mssql-jdbc:12.6.3.jre11         src/jobs/run_gold.py fact_sales.sql\n    '\n    "]
[2026-04-29T13:39:36.181+0000] {subprocess.py:99} INFO - Output:
[2026-04-29T13:39:38.339+0000] {subprocess.py:106} INFO - :: loading settings :: url = jar:file:/opt/spark/jars/ivy-2.5.1.jar!/org/apache/ivy/core/settings/ivysettings.xml
[2026-04-29T13:39:38.449+0000] {subprocess.py:106} INFO - Ivy Default Cache set to: /root/.ivy2/cache
[2026-04-29T13:39:38.450+0000] {subprocess.py:106} INFO - The jars for the packages stored in: /root/.ivy2/jars
[2026-04-29T13:39:38.458+0000] {subprocess.py:106} INFO - com.microsoft.sqlserver#mssql-jdbc added as a dependency
[2026-04-29T13:39:38.459+0000] {subprocess.py:106} INFO - :: resolving dependencies :: org.apache.spark#spark-submit-parent-6196d878-8a9b-4cdd-a600-da0db7578112;1.0
[2026-04-29T13:39:38.460+0000] {subprocess.py:106} INFO - 	confs: [default]
[2026-04-29T13:39:38.629+0000] {subprocess.py:106} INFO - 	found com.microsoft.sqlserver#mssql-jdbc;12.6.3.jre11 in central
[2026-04-29T13:39:38.653+0000] {subprocess.py:106} INFO - :: resolution report :: resolve 187ms :: artifacts dl 7ms
[2026-04-29T13:39:38.656+0000] {subprocess.py:106} INFO - 	:: modules in use:
[2026-04-29T13:39:38.661+0000] {subprocess.py:106} INFO - 	com.microsoft.sqlserver#mssql-jdbc;12.6.3.jre11 from central in [default]
[2026-04-29T13:39:38.662+0000] {subprocess.py:106} INFO - 	---------------------------------------------------------------------
[2026-04-29T13:39:38.663+0000] {subprocess.py:106} INFO - 	|                  |            modules            ||   artifacts   |
[2026-04-29T13:39:38.663+0000] {subprocess.py:106} INFO - 	|       conf       | number| search|dwnlded|evicted|| number|dwnlded|
[2026-04-29T13:39:38.664+0000] {subprocess.py:106} INFO - 	---------------------------------------------------------------------
[2026-04-29T13:39:38.665+0000] {subprocess.py:106} INFO - 	|      default     |   1   |   0   |   0   |   0   ||   1   |   0   |
[2026-04-29T13:39:38.666+0000] {subprocess.py:106} INFO - 	---------------------------------------------------------------------
[2026-04-29T13:39:38.667+0000] {subprocess.py:106} INFO - :: retrieving :: org.apache.spark#spark-submit-parent-6196d878-8a9b-4cdd-a600-da0db7578112
[2026-04-29T13:39:38.668+0000] {subprocess.py:106} INFO - 	confs: [default]
[2026-04-29T13:39:38.669+0000] {subprocess.py:106} INFO - 	0 artifacts copied, 1 already retrieved (0kB/6ms)
[2026-04-29T13:39:38.923+0000] {subprocess.py:106} INFO - 26/04/29 13:39:38 WARN NativeCodeLoader: Unable to load native-hadoop library for your platform... using builtin-java classes where applicable
[2026-04-29T13:39:40.431+0000] {subprocess.py:106} INFO - 26/04/29 13:39:40 INFO SparkContext: Running Spark version 3.5.5
[2026-04-29T13:39:40.432+0000] {subprocess.py:106} INFO - 26/04/29 13:39:40 INFO SparkContext: OS info Linux, 6.6.87.2-microsoft-standard-WSL2, amd64
[2026-04-29T13:39:40.433+0000] {subprocess.py:106} INFO - 26/04/29 13:39:40 INFO SparkContext: Java version 17.0.14
[2026-04-29T13:39:40.458+0000] {subprocess.py:106} INFO - 26/04/29 13:39:40 INFO ResourceUtils: ==============================================================
[2026-04-29T13:39:40.459+0000] {subprocess.py:106} INFO - 26/04/29 13:39:40 INFO ResourceUtils: No custom resources configured for spark.driver.
[2026-04-29T13:39:40.460+0000] {subprocess.py:106} INFO - 26/04/29 13:39:40 INFO ResourceUtils: ==============================================================
[2026-04-29T13:39:40.461+0000] {subprocess.py:106} INFO - 26/04/29 13:39:40 INFO SparkContext: Submitted application: gold-fact_sales.sql
[2026-04-29T13:39:40.489+0000] {subprocess.py:106} INFO - 26/04/29 13:39:40 INFO ResourceProfile: Default ResourceProfile created, executor resources: Map(cores -> name: cores, amount: 1, script: , vendor: , memory -> name: memory, amount: 1024, script: , vendor: , offHeap -> name: offHeap, amount: 0, script: , vendor: ), task resources: Map(cpus -> name: cpus, amount: 1.0)
[2026-04-29T13:39:40.501+0000] {subprocess.py:106} INFO - 26/04/29 13:39:40 INFO ResourceProfile: Limiting resource is cpu
[2026-04-29T13:39:40.502+0000] {subprocess.py:106} INFO - 26/04/29 13:39:40 INFO ResourceProfileManager: Added ResourceProfile id: 0
[2026-04-29T13:39:40.590+0000] {subprocess.py:106} INFO - 26/04/29 13:39:40 INFO SecurityManager: Changing view acls to: root
[2026-04-29T13:39:40.592+0000] {subprocess.py:106} INFO - 26/04/29 13:39:40 INFO SecurityManager: Changing modify acls to: root
[2026-04-29T13:39:40.593+0000] {subprocess.py:106} INFO - 26/04/29 13:39:40 INFO SecurityManager: Changing view acls groups to:
[2026-04-29T13:39:40.596+0000] {subprocess.py:106} INFO - 26/04/29 13:39:40 INFO SecurityManager: Changing modify acls groups to:
[2026-04-29T13:39:40.597+0000] {subprocess.py:106} INFO - 26/04/29 13:39:40 INFO SecurityManager: SecurityManager: authentication disabled; ui acls disabled; users with view permissions: root; groups with view permissions: EMPTY; users with modify permissions: root; groups with modify permissions: EMPTY
[2026-04-29T13:39:40.927+0000] {subprocess.py:106} INFO - 26/04/29 13:39:40 INFO Utils: Successfully started service 'sparkDriver' on port 38357.
[2026-04-29T13:39:40.966+0000] {subprocess.py:106} INFO - 26/04/29 13:39:40 INFO SparkEnv: Registering MapOutputTracker
[2026-04-29T13:39:41.022+0000] {subprocess.py:106} INFO - 26/04/29 13:39:41 INFO SparkEnv: Registering BlockManagerMaster
[2026-04-29T13:39:41.043+0000] {subprocess.py:106} INFO - 26/04/29 13:39:41 INFO BlockManagerMasterEndpoint: Using org.apache.spark.storage.DefaultTopologyMapper for getting topology information
[2026-04-29T13:39:41.044+0000] {subprocess.py:106} INFO - 26/04/29 13:39:41 INFO BlockManagerMasterEndpoint: BlockManagerMasterEndpoint up
[2026-04-29T13:39:41.054+0000] {subprocess.py:106} INFO - 26/04/29 13:39:41 INFO SparkEnv: Registering BlockManagerMasterHeartbeat
[2026-04-29T13:39:41.084+0000] {subprocess.py:106} INFO - 26/04/29 13:39:41 INFO DiskBlockManager: Created local directory at /tmp/blockmgr-b3c4a904-586a-499b-af04-49100a177fe5
[2026-04-29T13:39:41.099+0000] {subprocess.py:106} INFO - 26/04/29 13:39:41 INFO MemoryStore: MemoryStore started with capacity 434.4 MiB
[2026-04-29T13:39:41.116+0000] {subprocess.py:106} INFO - 26/04/29 13:39:41 INFO SparkEnv: Registering OutputCommitCoordinator
[2026-04-29T13:39:41.271+0000] {subprocess.py:106} INFO - 26/04/29 13:39:41 INFO JettyUtils: Start Jetty 0.0.0.0:4040 for SparkUI
[2026-04-29T13:39:41.352+0000] {subprocess.py:106} INFO - 26/04/29 13:39:41 WARN Utils: Service 'SparkUI' could not bind on port 4040. Attempting port 4041.
[2026-04-29T13:39:41.364+0000] {subprocess.py:106} INFO - 26/04/29 13:39:41 INFO Utils: Successfully started service 'SparkUI' on port 4041.
[2026-04-29T13:39:41.412+0000] {subprocess.py:106} INFO - 26/04/29 13:39:41 INFO SparkContext: Added JAR file:///root/.ivy2/jars/com.microsoft.sqlserver_mssql-jdbc-12.6.3.jre11.jar at spark://e4e26910a088:38357/jars/com.microsoft.sqlserver_mssql-jdbc-12.6.3.jre11.jar with timestamp 1777469980420
[2026-04-29T13:39:41.418+0000] {subprocess.py:106} INFO - 26/04/29 13:39:41 INFO SparkContext: Added file file:///root/.ivy2/jars/com.microsoft.sqlserver_mssql-jdbc-12.6.3.jre11.jar at file:///root/.ivy2/jars/com.microsoft.sqlserver_mssql-jdbc-12.6.3.jre11.jar with timestamp 1777469980420
[2026-04-29T13:39:41.420+0000] {subprocess.py:106} INFO - 26/04/29 13:39:41 INFO Utils: Copying /root/.ivy2/jars/com.microsoft.sqlserver_mssql-jdbc-12.6.3.jre11.jar to /tmp/spark-b8fc9e97-e63a-4f92-9ec0-edf53d90317e/userFiles-155deed0-c78e-4867-8551-899dea501a45/com.microsoft.sqlserver_mssql-jdbc-12.6.3.jre11.jar
[2026-04-29T13:39:41.516+0000] {subprocess.py:106} INFO - 26/04/29 13:39:41 INFO Executor: Starting executor ID driver on host e4e26910a088
[2026-04-29T13:39:41.517+0000] {subprocess.py:106} INFO - 26/04/29 13:39:41 INFO Executor: OS info Linux, 6.6.87.2-microsoft-standard-WSL2, amd64
[2026-04-29T13:39:41.518+0000] {subprocess.py:106} INFO - 26/04/29 13:39:41 INFO Executor: Java version 17.0.14
[2026-04-29T13:39:41.529+0000] {subprocess.py:106} INFO - 26/04/29 13:39:41 INFO Executor: Starting executor with user classpath (userClassPathFirst = false): ''
[2026-04-29T13:39:41.530+0000] {subprocess.py:106} INFO - 26/04/29 13:39:41 INFO Executor: Created or updated repl class loader org.apache.spark.util.MutableURLClassLoader@5e9e6d1e for default.
[2026-04-29T13:39:41.554+0000] {subprocess.py:106} INFO - 26/04/29 13:39:41 INFO Executor: Fetching file:///root/.ivy2/jars/com.microsoft.sqlserver_mssql-jdbc-12.6.3.jre11.jar with timestamp 1777469980420
[2026-04-29T13:39:41.586+0000] {subprocess.py:106} INFO - 26/04/29 13:39:41 INFO Utils: /root/.ivy2/jars/com.microsoft.sqlserver_mssql-jdbc-12.6.3.jre11.jar has been previously copied to /tmp/spark-b8fc9e97-e63a-4f92-9ec0-edf53d90317e/userFiles-155deed0-c78e-4867-8551-899dea501a45/com.microsoft.sqlserver_mssql-jdbc-12.6.3.jre11.jar
[2026-04-29T13:39:41.597+0000] {subprocess.py:106} INFO - 26/04/29 13:39:41 INFO Executor: Fetching spark://e4e26910a088:38357/jars/com.microsoft.sqlserver_mssql-jdbc-12.6.3.jre11.jar with timestamp 1777469980420
[2026-04-29T13:39:41.665+0000] {subprocess.py:106} INFO - 26/04/29 13:39:41 INFO TransportClientFactory: Successfully created connection to e4e26910a088/172.18.0.5:38357 after 46 ms (0 ms spent in bootstraps)
[2026-04-29T13:39:41.682+0000] {subprocess.py:106} INFO - 26/04/29 13:39:41 INFO Utils: Fetching spark://e4e26910a088:38357/jars/com.microsoft.sqlserver_mssql-jdbc-12.6.3.jre11.jar to /tmp/spark-b8fc9e97-e63a-4f92-9ec0-edf53d90317e/userFiles-155deed0-c78e-4867-8551-899dea501a45/fetchFileTemp2347449532583221098.tmp
[2026-04-29T13:39:41.737+0000] {subprocess.py:106} INFO - 26/04/29 13:39:41 INFO Utils: /tmp/spark-b8fc9e97-e63a-4f92-9ec0-edf53d90317e/userFiles-155deed0-c78e-4867-8551-899dea501a45/fetchFileTemp2347449532583221098.tmp has been previously copied to /tmp/spark-b8fc9e97-e63a-4f92-9ec0-edf53d90317e/userFiles-155deed0-c78e-4867-8551-899dea501a45/com.microsoft.sqlserver_mssql-jdbc-12.6.3.jre11.jar
[2026-04-29T13:39:41.744+0000] {subprocess.py:106} INFO - 26/04/29 13:39:41 INFO Executor: Adding file:/tmp/spark-b8fc9e97-e63a-4f92-9ec0-edf53d90317e/userFiles-155deed0-c78e-4867-8551-899dea501a45/com.microsoft.sqlserver_mssql-jdbc-12.6.3.jre11.jar to class loader default
[2026-04-29T13:39:41.758+0000] {subprocess.py:106} INFO - 26/04/29 13:39:41 INFO Utils: Successfully started service 'org.apache.spark.network.netty.NettyBlockTransferService' on port 44851.
[2026-04-29T13:39:41.759+0000] {subprocess.py:106} INFO - 26/04/29 13:39:41 INFO NettyBlockTransferService: Server created on e4e26910a088:44851
[2026-04-29T13:39:41.761+0000] {subprocess.py:106} INFO - 26/04/29 13:39:41 INFO BlockManager: Using org.apache.spark.storage.RandomBlockReplicationPolicy for block replication policy
[2026-04-29T13:39:41.770+0000] {subprocess.py:106} INFO - 26/04/29 13:39:41 INFO BlockManagerMaster: Registering BlockManager BlockManagerId(driver, e4e26910a088, 44851, None)
[2026-04-29T13:39:41.776+0000] {subprocess.py:106} INFO - 26/04/29 13:39:41 INFO BlockManagerMasterEndpoint: Registering block manager e4e26910a088:44851 with 434.4 MiB RAM, BlockManagerId(driver, e4e26910a088, 44851, None)
[2026-04-29T13:39:41.778+0000] {subprocess.py:106} INFO - 26/04/29 13:39:41 INFO BlockManagerMaster: Registered BlockManager BlockManagerId(driver, e4e26910a088, 44851, None)
[2026-04-29T13:39:41.780+0000] {subprocess.py:106} INFO - 26/04/29 13:39:41 INFO BlockManager: Initialized BlockManager: BlockManagerId(driver, e4e26910a088, 44851, None)
[2026-04-29T13:39:41.961+0000] {subprocess.py:106} INFO - 26/04/29 13:39:41 INFO SingleEventLogFileWriter: Logging events to file:/home/iceberg/spark-events/local-1777469981470.inprogress
[2026-04-29T13:39:45.872+0000] {subprocess.py:106} INFO - 26/04/29 13:39:45 WARN SparkStringUtils: Truncated the string representation of a plan since it was too large. This behavior can be adjusted by setting 'spark.sql.debug.maxToStringFields'.
[2026-04-29T13:39:53.413+0000] {subprocess.py:106} INFO - Gold script executed successfully: fact_sales.sql
[2026-04-29T13:39:53.969+0000] {subprocess.py:110} INFO - Command exited with return code 0
[2026-04-29T13:39:54.010+0000] {taskinstance.py:341} INFO - ::group::Post task execution logs
[2026-04-29T13:39:54.012+0000] {taskinstance.py:353} INFO - Marking task as SUCCESS. dag_id=medallion_retail_pipeline, task_id=gold_layer.gold_fact_sales, run_id=manual__2026-04-29T13:33:23.017238+00:00, execution_date=20260429T133323, start_date=20260429T133935, end_date=20260429T133954
[2026-04-29T13:39:54.066+0000] {local_task_job_runner.py:266} INFO - Task exited with return code 0
[2026-04-29T13:39:54.088+0000] {taskinstance.py:3901} INFO - 0 downstream tasks scheduled from follow-on schedule check
[2026-04-29T13:39:54.091+0000] {local_task_job_runner.py:245} INFO - ::endgroup::
