[2026-04-29T13:27:01.925+0000] {local_task_job_runner.py:123} INFO - ::group::Pre task execution logs
[2026-04-29T13:27:01.957+0000] {taskinstance.py:2614} INFO - Dependencies all met for dep_context=non-requeueable deps ti=<TaskInstance: medallion_retail_pipeline.silver_layer.silver_product manual__2026-04-29T13:24:41.570421+00:00 [queued]>
[2026-04-29T13:27:01.971+0000] {taskinstance.py:2614} INFO - Dependencies all met for dep_context=requeueable deps ti=<TaskInstance: medallion_retail_pipeline.silver_layer.silver_product manual__2026-04-29T13:24:41.570421+00:00 [queued]>
[2026-04-29T13:27:01.972+0000] {taskinstance.py:2867} INFO - Starting attempt 1 of 1
[2026-04-29T13:27:01.999+0000] {taskinstance.py:2890} INFO - Executing <Task(BashOperator): silver_layer.silver_product> on 2026-04-29 13:24:41.570421+00:00
[2026-04-29T13:27:02.006+0000] {standard_task_runner.py:72} INFO - Started process 181 to run task
[2026-04-29T13:27:02.011+0000] {standard_task_runner.py:104} INFO - Running: ['***', 'tasks', 'run', 'medallion_retail_pipeline', 'silver_layer.silver_product', 'manual__2026-04-29T13:24:41.570421+00:00', '--job-id', '11', '--raw', '--subdir', 'DAGS_FOLDER/medallion_retail_pipeline.py', '--cfg-path', '/tmp/tmpcw49ltwq']
[2026-04-29T13:27:02.014+0000] {standard_task_runner.py:105} INFO - Job 11: Subtask silver_layer.silver_product
[2026-04-29T13:27:02.105+0000] {task_command.py:467} INFO - Running <TaskInstance: medallion_retail_pipeline.silver_layer.silver_product manual__2026-04-29T13:24:41.570421+00:00 [running]> on host 20b20d764db8
[2026-04-29T13:27:02.240+0000] {taskinstance.py:3134} INFO - Exporting env vars: AIRFLOW_CTX_DAG_OWNER='***' AIRFLOW_CTX_DAG_ID='medallion_retail_pipeline' AIRFLOW_CTX_TASK_ID='silver_layer.silver_product' AIRFLOW_CTX_EXECUTION_DATE='2026-04-29T13:24:41.570421+00:00' AIRFLOW_CTX_TRY_NUMBER='1' AIRFLOW_CTX_DAG_RUN_ID='manual__2026-04-29T13:24:41.570421+00:00'
[2026-04-29T13:27:02.243+0000] {taskinstance.py:732} INFO - ::endgroup::
[2026-04-29T13:27:02.261+0000] {subprocess.py:78} INFO - Tmp dir root location: /tmp
[2026-04-29T13:27:02.262+0000] {subprocess.py:88} INFO - Running command: ['/usr/bin/bash', '-c', "\n    docker exec spark-iceberg bash -c '\n      cd /home/iceberg/project &&\n      spark-submit         --packages com.microsoft.sqlserver:mssql-jdbc:12.6.3.jre11         src/jobs/run_silver.py saleslt_product\n    '\n    "]
[2026-04-29T13:27:02.276+0000] {subprocess.py:99} INFO - Output:
[2026-04-29T13:27:04.648+0000] {subprocess.py:106} INFO - :: loading settings :: url = jar:file:/opt/spark/jars/ivy-2.5.1.jar!/org/apache/ivy/core/settings/ivysettings.xml
[2026-04-29T13:27:04.745+0000] {subprocess.py:106} INFO - Ivy Default Cache set to: /root/.ivy2/cache
[2026-04-29T13:27:04.746+0000] {subprocess.py:106} INFO - The jars for the packages stored in: /root/.ivy2/jars
[2026-04-29T13:27:04.752+0000] {subprocess.py:106} INFO - com.microsoft.sqlserver#mssql-jdbc added as a dependency
[2026-04-29T13:27:04.753+0000] {subprocess.py:106} INFO - :: resolving dependencies :: org.apache.spark#spark-submit-parent-bfe86112-13f1-4f93-b91e-5a80b82283c2;1.0
[2026-04-29T13:27:04.754+0000] {subprocess.py:106} INFO - 	confs: [default]
[2026-04-29T13:27:04.933+0000] {subprocess.py:106} INFO - 	found com.microsoft.sqlserver#mssql-jdbc;12.6.3.jre11 in central
[2026-04-29T13:27:04.957+0000] {subprocess.py:106} INFO - :: resolution report :: resolve 196ms :: artifacts dl 6ms
[2026-04-29T13:27:04.961+0000] {subprocess.py:106} INFO - 	:: modules in use:
[2026-04-29T13:27:04.963+0000] {subprocess.py:106} INFO - 	com.microsoft.sqlserver#mssql-jdbc;12.6.3.jre11 from central in [default]
[2026-04-29T13:27:04.964+0000] {subprocess.py:106} INFO - 	---------------------------------------------------------------------
[2026-04-29T13:27:04.965+0000] {subprocess.py:106} INFO - 	|                  |            modules            ||   artifacts   |
[2026-04-29T13:27:04.966+0000] {subprocess.py:106} INFO - 	|       conf       | number| search|dwnlded|evicted|| number|dwnlded|
[2026-04-29T13:27:04.968+0000] {subprocess.py:106} INFO - 	---------------------------------------------------------------------
[2026-04-29T13:27:04.969+0000] {subprocess.py:106} INFO - 	|      default     |   1   |   0   |   0   |   0   ||   1   |   0   |
[2026-04-29T13:27:04.970+0000] {subprocess.py:106} INFO - 	---------------------------------------------------------------------
[2026-04-29T13:27:04.972+0000] {subprocess.py:106} INFO - :: retrieving :: org.apache.spark#spark-submit-parent-bfe86112-13f1-4f93-b91e-5a80b82283c2
[2026-04-29T13:27:04.973+0000] {subprocess.py:106} INFO - 	confs: [default]
[2026-04-29T13:27:04.974+0000] {subprocess.py:106} INFO - 	0 artifacts copied, 1 already retrieved (0kB/7ms)
[2026-04-29T13:27:05.231+0000] {subprocess.py:106} INFO - 26/04/29 13:27:05 WARN NativeCodeLoader: Unable to load native-hadoop library for your platform... using builtin-java classes where applicable
[2026-04-29T13:27:06.719+0000] {subprocess.py:106} INFO - 26/04/29 13:27:06 INFO SparkContext: Running Spark version 3.5.5
[2026-04-29T13:27:06.720+0000] {subprocess.py:106} INFO - 26/04/29 13:27:06 INFO SparkContext: OS info Linux, 6.6.87.2-microsoft-standard-WSL2, amd64
[2026-04-29T13:27:06.721+0000] {subprocess.py:106} INFO - 26/04/29 13:27:06 INFO SparkContext: Java version 17.0.14
[2026-04-29T13:27:06.745+0000] {subprocess.py:106} INFO - 26/04/29 13:27:06 INFO ResourceUtils: ==============================================================
[2026-04-29T13:27:06.746+0000] {subprocess.py:106} INFO - 26/04/29 13:27:06 INFO ResourceUtils: No custom resources configured for spark.driver.
[2026-04-29T13:27:06.747+0000] {subprocess.py:106} INFO - 26/04/29 13:27:06 INFO ResourceUtils: ==============================================================
[2026-04-29T13:27:06.748+0000] {subprocess.py:106} INFO - 26/04/29 13:27:06 INFO SparkContext: Submitted application: silver-saleslt_product
[2026-04-29T13:27:06.776+0000] {subprocess.py:106} INFO - 26/04/29 13:27:06 INFO ResourceProfile: Default ResourceProfile created, executor resources: Map(cores -> name: cores, amount: 1, script: , vendor: , memory -> name: memory, amount: 1024, script: , vendor: , offHeap -> name: offHeap, amount: 0, script: , vendor: ), task resources: Map(cpus -> name: cpus, amount: 1.0)
[2026-04-29T13:27:06.789+0000] {subprocess.py:106} INFO - 26/04/29 13:27:06 INFO ResourceProfile: Limiting resource is cpu
[2026-04-29T13:27:06.790+0000] {subprocess.py:106} INFO - 26/04/29 13:27:06 INFO ResourceProfileManager: Added ResourceProfile id: 0
[2026-04-29T13:27:06.863+0000] {subprocess.py:106} INFO - 26/04/29 13:27:06 INFO SecurityManager: Changing view acls to: root
[2026-04-29T13:27:06.864+0000] {subprocess.py:106} INFO - 26/04/29 13:27:06 INFO SecurityManager: Changing modify acls to: root
[2026-04-29T13:27:06.869+0000] {subprocess.py:106} INFO - 26/04/29 13:27:06 INFO SecurityManager: Changing view acls groups to:
[2026-04-29T13:27:06.870+0000] {subprocess.py:106} INFO - 26/04/29 13:27:06 INFO SecurityManager: Changing modify acls groups to:
[2026-04-29T13:27:06.871+0000] {subprocess.py:106} INFO - 26/04/29 13:27:06 INFO SecurityManager: SecurityManager: authentication disabled; ui acls disabled; users with view permissions: root; groups with view permissions: EMPTY; users with modify permissions: root; groups with modify permissions: EMPTY
[2026-04-29T13:27:07.163+0000] {subprocess.py:106} INFO - 26/04/29 13:27:07 INFO Utils: Successfully started service 'sparkDriver' on port 37755.
[2026-04-29T13:27:07.198+0000] {subprocess.py:106} INFO - 26/04/29 13:27:07 INFO SparkEnv: Registering MapOutputTracker
[2026-04-29T13:27:07.243+0000] {subprocess.py:106} INFO - 26/04/29 13:27:07 INFO SparkEnv: Registering BlockManagerMaster
[2026-04-29T13:27:07.276+0000] {subprocess.py:106} INFO - 26/04/29 13:27:07 INFO BlockManagerMasterEndpoint: Using org.apache.spark.storage.DefaultTopologyMapper for getting topology information
[2026-04-29T13:27:07.278+0000] {subprocess.py:106} INFO - 26/04/29 13:27:07 INFO BlockManagerMasterEndpoint: BlockManagerMasterEndpoint up
[2026-04-29T13:27:07.285+0000] {subprocess.py:106} INFO - 26/04/29 13:27:07 INFO SparkEnv: Registering BlockManagerMasterHeartbeat
[2026-04-29T13:27:07.313+0000] {subprocess.py:106} INFO - 26/04/29 13:27:07 INFO DiskBlockManager: Created local directory at /tmp/blockmgr-b7009d15-6302-4771-8d85-bf81531b3a49
[2026-04-29T13:27:07.328+0000] {subprocess.py:106} INFO - 26/04/29 13:27:07 INFO MemoryStore: MemoryStore started with capacity 434.4 MiB
[2026-04-29T13:27:07.345+0000] {subprocess.py:106} INFO - 26/04/29 13:27:07 INFO SparkEnv: Registering OutputCommitCoordinator
[2026-04-29T13:27:07.490+0000] {subprocess.py:106} INFO - 26/04/29 13:27:07 INFO JettyUtils: Start Jetty 0.0.0.0:4040 for SparkUI
[2026-04-29T13:27:07.565+0000] {subprocess.py:106} INFO - 26/04/29 13:27:07 WARN Utils: Service 'SparkUI' could not bind on port 4040. Attempting port 4041.
[2026-04-29T13:27:07.577+0000] {subprocess.py:106} INFO - 26/04/29 13:27:07 INFO Utils: Successfully started service 'SparkUI' on port 4041.
[2026-04-29T13:27:07.627+0000] {subprocess.py:106} INFO - 26/04/29 13:27:07 INFO SparkContext: Added JAR file:///root/.ivy2/jars/com.microsoft.sqlserver_mssql-jdbc-12.6.3.jre11.jar at spark://e4e26910a088:37755/jars/com.microsoft.sqlserver_mssql-jdbc-12.6.3.jre11.jar with timestamp 1777469226710
[2026-04-29T13:27:07.634+0000] {subprocess.py:106} INFO - 26/04/29 13:27:07 INFO SparkContext: Added file file:///root/.ivy2/jars/com.microsoft.sqlserver_mssql-jdbc-12.6.3.jre11.jar at file:///root/.ivy2/jars/com.microsoft.sqlserver_mssql-jdbc-12.6.3.jre11.jar with timestamp 1777469226710
[2026-04-29T13:27:07.637+0000] {subprocess.py:106} INFO - 26/04/29 13:27:07 INFO Utils: Copying /root/.ivy2/jars/com.microsoft.sqlserver_mssql-jdbc-12.6.3.jre11.jar to /tmp/spark-48e74ee4-e1b8-4364-8f62-d174fde0887c/userFiles-48bbba93-af5b-49c3-a78a-70cf4445ac2a/com.microsoft.sqlserver_mssql-jdbc-12.6.3.jre11.jar
[2026-04-29T13:27:07.749+0000] {subprocess.py:106} INFO - 26/04/29 13:27:07 INFO Executor: Starting executor ID driver on host e4e26910a088
[2026-04-29T13:27:07.750+0000] {subprocess.py:106} INFO - 26/04/29 13:27:07 INFO Executor: OS info Linux, 6.6.87.2-microsoft-standard-WSL2, amd64
[2026-04-29T13:27:07.752+0000] {subprocess.py:106} INFO - 26/04/29 13:27:07 INFO Executor: Java version 17.0.14
[2026-04-29T13:27:07.763+0000] {subprocess.py:106} INFO - 26/04/29 13:27:07 INFO Executor: Starting executor with user classpath (userClassPathFirst = false): ''
[2026-04-29T13:27:07.764+0000] {subprocess.py:106} INFO - 26/04/29 13:27:07 INFO Executor: Created or updated repl class loader org.apache.spark.util.MutableURLClassLoader@3b3d1581 for default.
[2026-04-29T13:27:07.781+0000] {subprocess.py:106} INFO - 26/04/29 13:27:07 INFO Executor: Fetching file:///root/.ivy2/jars/com.microsoft.sqlserver_mssql-jdbc-12.6.3.jre11.jar with timestamp 1777469226710
[2026-04-29T13:27:07.814+0000] {subprocess.py:106} INFO - 26/04/29 13:27:07 INFO Utils: /root/.ivy2/jars/com.microsoft.sqlserver_mssql-jdbc-12.6.3.jre11.jar has been previously copied to /tmp/spark-48e74ee4-e1b8-4364-8f62-d174fde0887c/userFiles-48bbba93-af5b-49c3-a78a-70cf4445ac2a/com.microsoft.sqlserver_mssql-jdbc-12.6.3.jre11.jar
[2026-04-29T13:27:07.824+0000] {subprocess.py:106} INFO - 26/04/29 13:27:07 INFO Executor: Fetching spark://e4e26910a088:37755/jars/com.microsoft.sqlserver_mssql-jdbc-12.6.3.jre11.jar with timestamp 1777469226710
[2026-04-29T13:27:07.869+0000] {subprocess.py:106} INFO - 26/04/29 13:27:07 INFO TransportClientFactory: Successfully created connection to e4e26910a088/172.18.0.5:37755 after 27 ms (0 ms spent in bootstraps)
[2026-04-29T13:27:07.878+0000] {subprocess.py:106} INFO - 26/04/29 13:27:07 INFO Utils: Fetching spark://e4e26910a088:37755/jars/com.microsoft.sqlserver_mssql-jdbc-12.6.3.jre11.jar to /tmp/spark-48e74ee4-e1b8-4364-8f62-d174fde0887c/userFiles-48bbba93-af5b-49c3-a78a-70cf4445ac2a/fetchFileTemp100218239126459584.tmp
[2026-04-29T13:27:07.924+0000] {subprocess.py:106} INFO - 26/04/29 13:27:07 INFO Utils: /tmp/spark-48e74ee4-e1b8-4364-8f62-d174fde0887c/userFiles-48bbba93-af5b-49c3-a78a-70cf4445ac2a/fetchFileTemp100218239126459584.tmp has been previously copied to /tmp/spark-48e74ee4-e1b8-4364-8f62-d174fde0887c/userFiles-48bbba93-af5b-49c3-a78a-70cf4445ac2a/com.microsoft.sqlserver_mssql-jdbc-12.6.3.jre11.jar
[2026-04-29T13:27:07.933+0000] {subprocess.py:106} INFO - 26/04/29 13:27:07 INFO Executor: Adding file:/tmp/spark-48e74ee4-e1b8-4364-8f62-d174fde0887c/userFiles-48bbba93-af5b-49c3-a78a-70cf4445ac2a/com.microsoft.sqlserver_mssql-jdbc-12.6.3.jre11.jar to class loader default
[2026-04-29T13:27:07.946+0000] {subprocess.py:106} INFO - 26/04/29 13:27:07 INFO Utils: Successfully started service 'org.apache.spark.network.netty.NettyBlockTransferService' on port 45543.
[2026-04-29T13:27:07.947+0000] {subprocess.py:106} INFO - 26/04/29 13:27:07 INFO NettyBlockTransferService: Server created on e4e26910a088:45543
[2026-04-29T13:27:07.950+0000] {subprocess.py:106} INFO - 26/04/29 13:27:07 INFO BlockManager: Using org.apache.spark.storage.RandomBlockReplicationPolicy for block replication policy
[2026-04-29T13:27:07.957+0000] {subprocess.py:106} INFO - 26/04/29 13:27:07 INFO BlockManagerMaster: Registering BlockManager BlockManagerId(driver, e4e26910a088, 45543, None)
[2026-04-29T13:27:07.963+0000] {subprocess.py:106} INFO - 26/04/29 13:27:07 INFO BlockManagerMasterEndpoint: Registering block manager e4e26910a088:45543 with 434.4 MiB RAM, BlockManagerId(driver, e4e26910a088, 45543, None)
[2026-04-29T13:27:07.966+0000] {subprocess.py:106} INFO - 26/04/29 13:27:07 INFO BlockManagerMaster: Registered BlockManager BlockManagerId(driver, e4e26910a088, 45543, None)
[2026-04-29T13:27:07.968+0000] {subprocess.py:106} INFO - 26/04/29 13:27:07 INFO BlockManager: Initialized BlockManager: BlockManagerId(driver, e4e26910a088, 45543, None)
[2026-04-29T13:27:08.113+0000] {subprocess.py:106} INFO - 26/04/29 13:27:08 INFO SingleEventLogFileWriter: Logging events to file:/home/iceberg/spark-events/local-1777469227688.inprogress
[2026-04-29T13:27:16.460+0000] {subprocess.py:106} INFO - Running silver merge for soft delete strategy: saleslt_product
[2026-04-29T13:27:16.579+0000] {subprocess.py:106} INFO - 26/04/29 13:27:16 WARN SparkStringUtils: Truncated the string representation of a plan since it was too large. This behavior can be adjusted by setting 'spark.sql.debug.maxToStringFields'.
[2026-04-29T13:27:21.817+0000] {subprocess.py:106} INFO - Silver merge completed successfully.
[2026-04-29T13:27:22.533+0000] {subprocess.py:110} INFO - Command exited with return code 0
[2026-04-29T13:27:22.591+0000] {taskinstance.py:341} INFO - ::group::Post task execution logs
[2026-04-29T13:27:22.592+0000] {taskinstance.py:353} INFO - Marking task as SUCCESS. dag_id=medallion_retail_pipeline, task_id=silver_layer.silver_product, run_id=manual__2026-04-29T13:24:41.570421+00:00, execution_date=20260429T132441, start_date=20260429T132701, end_date=20260429T132722
[2026-04-29T13:27:22.668+0000] {local_task_job_runner.py:266} INFO - Task exited with return code 0
[2026-04-29T13:27:22.705+0000] {taskinstance.py:3901} INFO - 0 downstream tasks scheduled from follow-on schedule check
[2026-04-29T13:27:22.708+0000] {local_task_job_runner.py:245} INFO - ::endgroup::
