[2026-04-29T13:39:15.076+0000] {local_task_job_runner.py:123} INFO - ::group::Pre task execution logs
[2026-04-29T13:39:15.114+0000] {taskinstance.py:2614} INFO - Dependencies all met for dep_context=non-requeueable deps ti=<TaskInstance: medallion_retail_pipeline.gold_layer.gold_dim_product manual__2026-04-29T13:33:23.017238+00:00 [queued]>
[2026-04-29T13:39:15.133+0000] {taskinstance.py:2614} INFO - Dependencies all met for dep_context=requeueable deps ti=<TaskInstance: medallion_retail_pipeline.gold_layer.gold_dim_product manual__2026-04-29T13:33:23.017238+00:00 [queued]>
[2026-04-29T13:39:15.134+0000] {taskinstance.py:2867} INFO - Starting attempt 1 of 1
[2026-04-29T13:39:15.148+0000] {taskinstance.py:2890} INFO - Executing <Task(BashOperator): gold_layer.gold_dim_product> on 2026-04-29 13:33:23.017238+00:00
[2026-04-29T13:39:15.154+0000] {standard_task_runner.py:72} INFO - Started process 376 to run task
[2026-04-29T13:39:15.157+0000] {standard_task_runner.py:104} INFO - Running: ['***', 'tasks', 'run', 'medallion_retail_pipeline', 'gold_layer.gold_dim_product', 'manual__2026-04-29T13:33:23.017238+00:00', '--job-id', '30', '--raw', '--subdir', 'DAGS_FOLDER/medallion_retail_pipeline.py', '--cfg-path', '/tmp/tmp72wz6bno']
[2026-04-29T13:39:15.161+0000] {standard_task_runner.py:105} INFO - Job 30: Subtask gold_layer.gold_dim_product
[2026-04-29T13:39:15.240+0000] {task_command.py:467} INFO - Running <TaskInstance: medallion_retail_pipeline.gold_layer.gold_dim_product manual__2026-04-29T13:33:23.017238+00:00 [running]> on host 20b20d764db8
[2026-04-29T13:39:15.381+0000] {taskinstance.py:3134} INFO - Exporting env vars: AIRFLOW_CTX_DAG_OWNER='***' AIRFLOW_CTX_DAG_ID='medallion_retail_pipeline' AIRFLOW_CTX_TASK_ID='gold_layer.gold_dim_product' AIRFLOW_CTX_EXECUTION_DATE='2026-04-29T13:33:23.017238+00:00' AIRFLOW_CTX_TRY_NUMBER='1' AIRFLOW_CTX_DAG_RUN_ID='manual__2026-04-29T13:33:23.017238+00:00'
[2026-04-29T13:39:15.383+0000] {taskinstance.py:732} INFO - ::endgroup::
[2026-04-29T13:39:15.413+0000] {subprocess.py:78} INFO - Tmp dir root location: /tmp
[2026-04-29T13:39:15.415+0000] {subprocess.py:88} INFO - Running command: ['/usr/bin/bash', '-c', "\n    docker exec spark-iceberg bash -c '\n      cd /home/iceberg/project &&\n      spark-submit         --packages com.microsoft.sqlserver:mssql-jdbc:12.6.3.jre11         src/jobs/run_gold.py dim_product.sql\n    '\n    "]
[2026-04-29T13:39:15.427+0000] {subprocess.py:99} INFO - Output:
[2026-04-29T13:39:17.567+0000] {subprocess.py:106} INFO - :: loading settings :: url = jar:file:/opt/spark/jars/ivy-2.5.1.jar!/org/apache/ivy/core/settings/ivysettings.xml
[2026-04-29T13:39:17.663+0000] {subprocess.py:106} INFO - Ivy Default Cache set to: /root/.ivy2/cache
[2026-04-29T13:39:17.668+0000] {subprocess.py:106} INFO - The jars for the packages stored in: /root/.ivy2/jars
[2026-04-29T13:39:17.671+0000] {subprocess.py:106} INFO - com.microsoft.sqlserver#mssql-jdbc added as a dependency
[2026-04-29T13:39:17.674+0000] {subprocess.py:106} INFO - :: resolving dependencies :: org.apache.spark#spark-submit-parent-538148ea-67b7-4a2a-b56b-3c2573413ecb;1.0
[2026-04-29T13:39:17.675+0000] {subprocess.py:106} INFO - 	confs: [default]
[2026-04-29T13:39:17.804+0000] {subprocess.py:106} INFO - 	found com.microsoft.sqlserver#mssql-jdbc;12.6.3.jre11 in central
[2026-04-29T13:39:17.823+0000] {subprocess.py:106} INFO - :: resolution report :: resolve 145ms :: artifacts dl 4ms
[2026-04-29T13:39:17.825+0000] {subprocess.py:106} INFO - 	:: modules in use:
[2026-04-29T13:39:17.826+0000] {subprocess.py:106} INFO - 	com.microsoft.sqlserver#mssql-jdbc;12.6.3.jre11 from central in [default]
[2026-04-29T13:39:17.827+0000] {subprocess.py:106} INFO - 	---------------------------------------------------------------------
[2026-04-29T13:39:17.828+0000] {subprocess.py:106} INFO - 	|                  |            modules            ||   artifacts   |
[2026-04-29T13:39:17.829+0000] {subprocess.py:106} INFO - 	|       conf       | number| search|dwnlded|evicted|| number|dwnlded|
[2026-04-29T13:39:17.835+0000] {subprocess.py:106} INFO - 	---------------------------------------------------------------------
[2026-04-29T13:39:17.836+0000] {subprocess.py:106} INFO - 	|      default     |   1   |   0   |   0   |   0   ||   1   |   0   |
[2026-04-29T13:39:17.837+0000] {subprocess.py:106} INFO - 	---------------------------------------------------------------------
[2026-04-29T13:39:17.838+0000] {subprocess.py:106} INFO - :: retrieving :: org.apache.spark#spark-submit-parent-538148ea-67b7-4a2a-b56b-3c2573413ecb
[2026-04-29T13:39:17.839+0000] {subprocess.py:106} INFO - 	confs: [default]
[2026-04-29T13:39:17.840+0000] {subprocess.py:106} INFO - 	0 artifacts copied, 1 already retrieved (0kB/9ms)
[2026-04-29T13:39:18.136+0000] {subprocess.py:106} INFO - 26/04/29 13:39:18 WARN NativeCodeLoader: Unable to load native-hadoop library for your platform... using builtin-java classes where applicable
[2026-04-29T13:39:19.729+0000] {subprocess.py:106} INFO - 26/04/29 13:39:19 INFO SparkContext: Running Spark version 3.5.5
[2026-04-29T13:39:19.731+0000] {subprocess.py:106} INFO - 26/04/29 13:39:19 INFO SparkContext: OS info Linux, 6.6.87.2-microsoft-standard-WSL2, amd64
[2026-04-29T13:39:19.733+0000] {subprocess.py:106} INFO - 26/04/29 13:39:19 INFO SparkContext: Java version 17.0.14
[2026-04-29T13:39:19.780+0000] {subprocess.py:106} INFO - 26/04/29 13:39:19 INFO ResourceUtils: ==============================================================
[2026-04-29T13:39:19.783+0000] {subprocess.py:106} INFO - 26/04/29 13:39:19 INFO ResourceUtils: No custom resources configured for spark.driver.
[2026-04-29T13:39:19.784+0000] {subprocess.py:106} INFO - 26/04/29 13:39:19 INFO ResourceUtils: ==============================================================
[2026-04-29T13:39:19.785+0000] {subprocess.py:106} INFO - 26/04/29 13:39:19 INFO SparkContext: Submitted application: gold-dim_product.sql
[2026-04-29T13:39:19.826+0000] {subprocess.py:106} INFO - 26/04/29 13:39:19 INFO ResourceProfile: Default ResourceProfile created, executor resources: Map(cores -> name: cores, amount: 1, script: , vendor: , memory -> name: memory, amount: 1024, script: , vendor: , offHeap -> name: offHeap, amount: 0, script: , vendor: ), task resources: Map(cpus -> name: cpus, amount: 1.0)
[2026-04-29T13:39:19.845+0000] {subprocess.py:106} INFO - 26/04/29 13:39:19 INFO ResourceProfile: Limiting resource is cpu
[2026-04-29T13:39:19.847+0000] {subprocess.py:106} INFO - 26/04/29 13:39:19 INFO ResourceProfileManager: Added ResourceProfile id: 0
[2026-04-29T13:39:19.950+0000] {subprocess.py:106} INFO - 26/04/29 13:39:19 INFO SecurityManager: Changing view acls to: root
[2026-04-29T13:39:19.952+0000] {subprocess.py:106} INFO - 26/04/29 13:39:19 INFO SecurityManager: Changing modify acls to: root
[2026-04-29T13:39:19.954+0000] {subprocess.py:106} INFO - 26/04/29 13:39:19 INFO SecurityManager: Changing view acls groups to:
[2026-04-29T13:39:19.956+0000] {subprocess.py:106} INFO - 26/04/29 13:39:19 INFO SecurityManager: Changing modify acls groups to:
[2026-04-29T13:39:19.957+0000] {subprocess.py:106} INFO - 26/04/29 13:39:19 INFO SecurityManager: SecurityManager: authentication disabled; ui acls disabled; users with view permissions: root; groups with view permissions: EMPTY; users with modify permissions: root; groups with modify permissions: EMPTY
[2026-04-29T13:39:20.328+0000] {subprocess.py:106} INFO - 26/04/29 13:39:20 INFO Utils: Successfully started service 'sparkDriver' on port 34845.
[2026-04-29T13:39:20.371+0000] {subprocess.py:106} INFO - 26/04/29 13:39:20 INFO SparkEnv: Registering MapOutputTracker
[2026-04-29T13:39:20.427+0000] {subprocess.py:106} INFO - 26/04/29 13:39:20 INFO SparkEnv: Registering BlockManagerMaster
[2026-04-29T13:39:20.459+0000] {subprocess.py:106} INFO - 26/04/29 13:39:20 INFO BlockManagerMasterEndpoint: Using org.apache.spark.storage.DefaultTopologyMapper for getting topology information
[2026-04-29T13:39:20.460+0000] {subprocess.py:106} INFO - 26/04/29 13:39:20 INFO BlockManagerMasterEndpoint: BlockManagerMasterEndpoint up
[2026-04-29T13:39:20.471+0000] {subprocess.py:106} INFO - 26/04/29 13:39:20 INFO SparkEnv: Registering BlockManagerMasterHeartbeat
[2026-04-29T13:39:20.503+0000] {subprocess.py:106} INFO - 26/04/29 13:39:20 INFO DiskBlockManager: Created local directory at /tmp/blockmgr-e18884f3-5f91-4038-9341-72802a2a0783
[2026-04-29T13:39:20.526+0000] {subprocess.py:106} INFO - 26/04/29 13:39:20 INFO MemoryStore: MemoryStore started with capacity 434.4 MiB
[2026-04-29T13:39:20.552+0000] {subprocess.py:106} INFO - 26/04/29 13:39:20 INFO SparkEnv: Registering OutputCommitCoordinator
[2026-04-29T13:39:20.741+0000] {subprocess.py:106} INFO - 26/04/29 13:39:20 INFO JettyUtils: Start Jetty 0.0.0.0:4040 for SparkUI
[2026-04-29T13:39:20.828+0000] {subprocess.py:106} INFO - 26/04/29 13:39:20 WARN Utils: Service 'SparkUI' could not bind on port 4040. Attempting port 4041.
[2026-04-29T13:39:20.842+0000] {subprocess.py:106} INFO - 26/04/29 13:39:20 INFO Utils: Successfully started service 'SparkUI' on port 4041.
[2026-04-29T13:39:20.905+0000] {subprocess.py:106} INFO - 26/04/29 13:39:20 INFO SparkContext: Added JAR file:///root/.ivy2/jars/com.microsoft.sqlserver_mssql-jdbc-12.6.3.jre11.jar at spark://e4e26910a088:34845/jars/com.microsoft.sqlserver_mssql-jdbc-12.6.3.jre11.jar with timestamp 1777469959721
[2026-04-29T13:39:20.911+0000] {subprocess.py:106} INFO - 26/04/29 13:39:20 INFO SparkContext: Added file file:///root/.ivy2/jars/com.microsoft.sqlserver_mssql-jdbc-12.6.3.jre11.jar at file:///root/.ivy2/jars/com.microsoft.sqlserver_mssql-jdbc-12.6.3.jre11.jar with timestamp 1777469959721
[2026-04-29T13:39:20.914+0000] {subprocess.py:106} INFO - 26/04/29 13:39:20 INFO Utils: Copying /root/.ivy2/jars/com.microsoft.sqlserver_mssql-jdbc-12.6.3.jre11.jar to /tmp/spark-3a1f4174-e867-48fa-b634-54f89b049963/userFiles-5f487098-125b-4d05-ae14-653a5ab2a21f/com.microsoft.sqlserver_mssql-jdbc-12.6.3.jre11.jar
[2026-04-29T13:39:20.996+0000] {subprocess.py:106} INFO - 26/04/29 13:39:20 INFO Executor: Starting executor ID driver on host e4e26910a088
[2026-04-29T13:39:20.997+0000] {subprocess.py:106} INFO - 26/04/29 13:39:20 INFO Executor: OS info Linux, 6.6.87.2-microsoft-standard-WSL2, amd64
[2026-04-29T13:39:21.000+0000] {subprocess.py:106} INFO - 26/04/29 13:39:20 INFO Executor: Java version 17.0.14
[2026-04-29T13:39:21.006+0000] {subprocess.py:106} INFO - 26/04/29 13:39:21 INFO Executor: Starting executor with user classpath (userClassPathFirst = false): ''
[2026-04-29T13:39:21.006+0000] {subprocess.py:106} INFO - 26/04/29 13:39:21 INFO Executor: Created or updated repl class loader org.apache.spark.util.MutableURLClassLoader@3b3d1581 for default.
[2026-04-29T13:39:21.020+0000] {subprocess.py:106} INFO - 26/04/29 13:39:21 INFO Executor: Fetching file:///root/.ivy2/jars/com.microsoft.sqlserver_mssql-jdbc-12.6.3.jre11.jar with timestamp 1777469959721
[2026-04-29T13:39:21.044+0000] {subprocess.py:106} INFO - 26/04/29 13:39:21 INFO Utils: /root/.ivy2/jars/com.microsoft.sqlserver_mssql-jdbc-12.6.3.jre11.jar has been previously copied to /tmp/spark-3a1f4174-e867-48fa-b634-54f89b049963/userFiles-5f487098-125b-4d05-ae14-653a5ab2a21f/com.microsoft.sqlserver_mssql-jdbc-12.6.3.jre11.jar
[2026-04-29T13:39:21.052+0000] {subprocess.py:106} INFO - 26/04/29 13:39:21 INFO Executor: Fetching spark://e4e26910a088:34845/jars/com.microsoft.sqlserver_mssql-jdbc-12.6.3.jre11.jar with timestamp 1777469959721
[2026-04-29T13:39:21.090+0000] {subprocess.py:106} INFO - 26/04/29 13:39:21 INFO TransportClientFactory: Successfully created connection to e4e26910a088/172.18.0.5:34845 after 26 ms (0 ms spent in bootstraps)
[2026-04-29T13:39:21.097+0000] {subprocess.py:106} INFO - 26/04/29 13:39:21 INFO Utils: Fetching spark://e4e26910a088:34845/jars/com.microsoft.sqlserver_mssql-jdbc-12.6.3.jre11.jar to /tmp/spark-3a1f4174-e867-48fa-b634-54f89b049963/userFiles-5f487098-125b-4d05-ae14-653a5ab2a21f/fetchFileTemp9227275680484539819.tmp
[2026-04-29T13:39:21.132+0000] {subprocess.py:106} INFO - 26/04/29 13:39:21 INFO Utils: /tmp/spark-3a1f4174-e867-48fa-b634-54f89b049963/userFiles-5f487098-125b-4d05-ae14-653a5ab2a21f/fetchFileTemp9227275680484539819.tmp has been previously copied to /tmp/spark-3a1f4174-e867-48fa-b634-54f89b049963/userFiles-5f487098-125b-4d05-ae14-653a5ab2a21f/com.microsoft.sqlserver_mssql-jdbc-12.6.3.jre11.jar
[2026-04-29T13:39:21.140+0000] {subprocess.py:106} INFO - 26/04/29 13:39:21 INFO Executor: Adding file:/tmp/spark-3a1f4174-e867-48fa-b634-54f89b049963/userFiles-5f487098-125b-4d05-ae14-653a5ab2a21f/com.microsoft.sqlserver_mssql-jdbc-12.6.3.jre11.jar to class loader default
[2026-04-29T13:39:21.152+0000] {subprocess.py:106} INFO - 26/04/29 13:39:21 INFO Utils: Successfully started service 'org.apache.spark.network.netty.NettyBlockTransferService' on port 40797.
[2026-04-29T13:39:21.153+0000] {subprocess.py:106} INFO - 26/04/29 13:39:21 INFO NettyBlockTransferService: Server created on e4e26910a088:40797
[2026-04-29T13:39:21.155+0000] {subprocess.py:106} INFO - 26/04/29 13:39:21 INFO BlockManager: Using org.apache.spark.storage.RandomBlockReplicationPolicy for block replication policy
[2026-04-29T13:39:21.161+0000] {subprocess.py:106} INFO - 26/04/29 13:39:21 INFO BlockManagerMaster: Registering BlockManager BlockManagerId(driver, e4e26910a088, 40797, None)
[2026-04-29T13:39:21.166+0000] {subprocess.py:106} INFO - 26/04/29 13:39:21 INFO BlockManagerMasterEndpoint: Registering block manager e4e26910a088:40797 with 434.4 MiB RAM, BlockManagerId(driver, e4e26910a088, 40797, None)
[2026-04-29T13:39:21.169+0000] {subprocess.py:106} INFO - 26/04/29 13:39:21 INFO BlockManagerMaster: Registered BlockManager BlockManagerId(driver, e4e26910a088, 40797, None)
[2026-04-29T13:39:21.171+0000] {subprocess.py:106} INFO - 26/04/29 13:39:21 INFO BlockManager: Initialized BlockManager: BlockManagerId(driver, e4e26910a088, 40797, None)
[2026-04-29T13:39:21.325+0000] {subprocess.py:106} INFO - 26/04/29 13:39:21 INFO SingleEventLogFileWriter: Logging events to file:/home/iceberg/spark-events/local-1777469960956.inprogress
[2026-04-29T13:39:30.502+0000] {subprocess.py:106} INFO - Gold script executed successfully: dim_product.sql
[2026-04-29T13:39:30.792+0000] {subprocess.py:110} INFO - Command exited with return code 0
[2026-04-29T13:39:30.841+0000] {taskinstance.py:341} INFO - ::group::Post task execution logs
[2026-04-29T13:39:30.842+0000] {taskinstance.py:353} INFO - Marking task as SUCCESS. dag_id=medallion_retail_pipeline, task_id=gold_layer.gold_dim_product, run_id=manual__2026-04-29T13:33:23.017238+00:00, execution_date=20260429T133323, start_date=20260429T133915, end_date=20260429T133930
[2026-04-29T13:39:30.934+0000] {local_task_job_runner.py:266} INFO - Task exited with return code 0
[2026-04-29T13:39:30.961+0000] {taskinstance.py:3901} INFO - 0 downstream tasks scheduled from follow-on schedule check
[2026-04-29T13:39:30.963+0000] {local_task_job_runner.py:245} INFO - ::endgroup::
