[2026-04-29T13:36:16.601+0000] {local_task_job_runner.py:123} INFO - ::group::Pre task execution logs
[2026-04-29T13:36:16.656+0000] {taskinstance.py:2614} INFO - Dependencies all met for dep_context=non-requeueable deps ti=<TaskInstance: medallion_retail_pipeline.silver_layer.silver_customer manual__2026-04-29T13:33:23.017238+00:00 [queued]>
[2026-04-29T13:36:16.687+0000] {taskinstance.py:2614} INFO - Dependencies all met for dep_context=requeueable deps ti=<TaskInstance: medallion_retail_pipeline.silver_layer.silver_customer manual__2026-04-29T13:33:23.017238+00:00 [queued]>
[2026-04-29T13:36:16.688+0000] {taskinstance.py:2867} INFO - Starting attempt 1 of 1
[2026-04-29T13:36:16.708+0000] {taskinstance.py:2890} INFO - Executing <Task(BashOperator): silver_layer.silver_customer> on 2026-04-29 13:33:23.017238+00:00
[2026-04-29T13:36:16.717+0000] {standard_task_runner.py:72} INFO - Started process 210 to run task
[2026-04-29T13:36:16.724+0000] {standard_task_runner.py:104} INFO - Running: ['***', 'tasks', 'run', 'medallion_retail_pipeline', 'silver_layer.silver_customer', 'manual__2026-04-29T13:33:23.017238+00:00', '--job-id', '23', '--raw', '--subdir', 'DAGS_FOLDER/medallion_retail_pipeline.py', '--cfg-path', '/tmp/tmpl4yvpj4d']
[2026-04-29T13:36:16.727+0000] {standard_task_runner.py:105} INFO - Job 23: Subtask silver_layer.silver_customer
[2026-04-29T13:36:16.853+0000] {task_command.py:467} INFO - Running <TaskInstance: medallion_retail_pipeline.silver_layer.silver_customer manual__2026-04-29T13:33:23.017238+00:00 [running]> on host 20b20d764db8
[2026-04-29T13:36:17.020+0000] {taskinstance.py:3134} INFO - Exporting env vars: AIRFLOW_CTX_DAG_OWNER='***' AIRFLOW_CTX_DAG_ID='medallion_retail_pipeline' AIRFLOW_CTX_TASK_ID='silver_layer.silver_customer' AIRFLOW_CTX_EXECUTION_DATE='2026-04-29T13:33:23.017238+00:00' AIRFLOW_CTX_TRY_NUMBER='1' AIRFLOW_CTX_DAG_RUN_ID='manual__2026-04-29T13:33:23.017238+00:00'
[2026-04-29T13:36:17.021+0000] {taskinstance.py:732} INFO - ::endgroup::
[2026-04-29T13:36:17.047+0000] {subprocess.py:78} INFO - Tmp dir root location: /tmp
[2026-04-29T13:36:17.049+0000] {subprocess.py:88} INFO - Running command: ['/usr/bin/bash', '-c', "\n    docker exec spark-iceberg bash -c '\n      cd /home/iceberg/project &&\n      spark-submit         --packages com.microsoft.sqlserver:mssql-jdbc:12.6.3.jre11         src/jobs/run_silver.py saleslt_customer\n    '\n    "]
[2026-04-29T13:36:17.066+0000] {subprocess.py:99} INFO - Output:
[2026-04-29T13:36:19.819+0000] {subprocess.py:106} INFO - :: loading settings :: url = jar:file:/opt/spark/jars/ivy-2.5.1.jar!/org/apache/ivy/core/settings/ivysettings.xml
[2026-04-29T13:36:19.910+0000] {subprocess.py:106} INFO - Ivy Default Cache set to: /root/.ivy2/cache
[2026-04-29T13:36:19.911+0000] {subprocess.py:106} INFO - The jars for the packages stored in: /root/.ivy2/jars
[2026-04-29T13:36:19.918+0000] {subprocess.py:106} INFO - com.microsoft.sqlserver#mssql-jdbc added as a dependency
[2026-04-29T13:36:19.923+0000] {subprocess.py:106} INFO - :: resolving dependencies :: org.apache.spark#spark-submit-parent-4ea7e98a-2974-4ba9-be1c-d8697649b22c;1.0
[2026-04-29T13:36:19.923+0000] {subprocess.py:106} INFO - 	confs: [default]
[2026-04-29T13:36:20.074+0000] {subprocess.py:106} INFO - 	found com.microsoft.sqlserver#mssql-jdbc;12.6.3.jre11 in central
[2026-04-29T13:36:20.091+0000] {subprocess.py:106} INFO - :: resolution report :: resolve 167ms :: artifacts dl 4ms
[2026-04-29T13:36:20.093+0000] {subprocess.py:106} INFO - 	:: modules in use:
[2026-04-29T13:36:20.094+0000] {subprocess.py:106} INFO - 	com.microsoft.sqlserver#mssql-jdbc;12.6.3.jre11 from central in [default]
[2026-04-29T13:36:20.095+0000] {subprocess.py:106} INFO - 	---------------------------------------------------------------------
[2026-04-29T13:36:20.096+0000] {subprocess.py:106} INFO - 	|                  |            modules            ||   artifacts   |
[2026-04-29T13:36:20.097+0000] {subprocess.py:106} INFO - 	|       conf       | number| search|dwnlded|evicted|| number|dwnlded|
[2026-04-29T13:36:20.099+0000] {subprocess.py:106} INFO - 	---------------------------------------------------------------------
[2026-04-29T13:36:20.101+0000] {subprocess.py:106} INFO - 	|      default     |   1   |   0   |   0   |   0   ||   1   |   0   |
[2026-04-29T13:36:20.102+0000] {subprocess.py:106} INFO - 	---------------------------------------------------------------------
[2026-04-29T13:36:20.103+0000] {subprocess.py:106} INFO - :: retrieving :: org.apache.spark#spark-submit-parent-4ea7e98a-2974-4ba9-be1c-d8697649b22c
[2026-04-29T13:36:20.103+0000] {subprocess.py:106} INFO - 	confs: [default]
[2026-04-29T13:36:20.107+0000] {subprocess.py:106} INFO - 	0 artifacts copied, 1 already retrieved (0kB/7ms)
[2026-04-29T13:36:20.347+0000] {subprocess.py:106} INFO - 26/04/29 13:36:20 WARN NativeCodeLoader: Unable to load native-hadoop library for your platform... using builtin-java classes where applicable
[2026-04-29T13:36:22.313+0000] {subprocess.py:106} INFO - 26/04/29 13:36:22 INFO SparkContext: Running Spark version 3.5.5
[2026-04-29T13:36:22.316+0000] {subprocess.py:106} INFO - 26/04/29 13:36:22 INFO SparkContext: OS info Linux, 6.6.87.2-microsoft-standard-WSL2, amd64
[2026-04-29T13:36:22.317+0000] {subprocess.py:106} INFO - 26/04/29 13:36:22 INFO SparkContext: Java version 17.0.14
[2026-04-29T13:36:22.369+0000] {subprocess.py:106} INFO - 26/04/29 13:36:22 INFO ResourceUtils: ==============================================================
[2026-04-29T13:36:22.370+0000] {subprocess.py:106} INFO - 26/04/29 13:36:22 INFO ResourceUtils: No custom resources configured for spark.driver.
[2026-04-29T13:36:22.372+0000] {subprocess.py:106} INFO - 26/04/29 13:36:22 INFO ResourceUtils: ==============================================================
[2026-04-29T13:36:22.373+0000] {subprocess.py:106} INFO - 26/04/29 13:36:22 INFO SparkContext: Submitted application: silver-saleslt_customer
[2026-04-29T13:36:22.410+0000] {subprocess.py:106} INFO - 26/04/29 13:36:22 INFO ResourceProfile: Default ResourceProfile created, executor resources: Map(cores -> name: cores, amount: 1, script: , vendor: , memory -> name: memory, amount: 1024, script: , vendor: , offHeap -> name: offHeap, amount: 0, script: , vendor: ), task resources: Map(cpus -> name: cpus, amount: 1.0)
[2026-04-29T13:36:22.425+0000] {subprocess.py:106} INFO - 26/04/29 13:36:22 INFO ResourceProfile: Limiting resource is cpu
[2026-04-29T13:36:22.426+0000] {subprocess.py:106} INFO - 26/04/29 13:36:22 INFO ResourceProfileManager: Added ResourceProfile id: 0
[2026-04-29T13:36:22.523+0000] {subprocess.py:106} INFO - 26/04/29 13:36:22 INFO SecurityManager: Changing view acls to: root
[2026-04-29T13:36:22.526+0000] {subprocess.py:106} INFO - 26/04/29 13:36:22 INFO SecurityManager: Changing modify acls to: root
[2026-04-29T13:36:22.527+0000] {subprocess.py:106} INFO - 26/04/29 13:36:22 INFO SecurityManager: Changing view acls groups to:
[2026-04-29T13:36:22.528+0000] {subprocess.py:106} INFO - 26/04/29 13:36:22 INFO SecurityManager: Changing modify acls groups to:
[2026-04-29T13:36:22.529+0000] {subprocess.py:106} INFO - 26/04/29 13:36:22 INFO SecurityManager: SecurityManager: authentication disabled; ui acls disabled; users with view permissions: root; groups with view permissions: EMPTY; users with modify permissions: root; groups with modify permissions: EMPTY
[2026-04-29T13:36:22.936+0000] {subprocess.py:106} INFO - 26/04/29 13:36:22 INFO Utils: Successfully started service 'sparkDriver' on port 40863.
[2026-04-29T13:36:22.978+0000] {subprocess.py:106} INFO - 26/04/29 13:36:22 INFO SparkEnv: Registering MapOutputTracker
[2026-04-29T13:36:23.047+0000] {subprocess.py:106} INFO - 26/04/29 13:36:23 INFO SparkEnv: Registering BlockManagerMaster
[2026-04-29T13:36:23.112+0000] {subprocess.py:106} INFO - 26/04/29 13:36:23 INFO BlockManagerMasterEndpoint: Using org.apache.spark.storage.DefaultTopologyMapper for getting topology information
[2026-04-29T13:36:23.114+0000] {subprocess.py:106} INFO - 26/04/29 13:36:23 INFO BlockManagerMasterEndpoint: BlockManagerMasterEndpoint up
[2026-04-29T13:36:23.129+0000] {subprocess.py:106} INFO - 26/04/29 13:36:23 INFO SparkEnv: Registering BlockManagerMasterHeartbeat
[2026-04-29T13:36:23.161+0000] {subprocess.py:106} INFO - 26/04/29 13:36:23 INFO DiskBlockManager: Created local directory at /tmp/blockmgr-31395290-12e3-4f6a-a2ff-eb82536229fc
[2026-04-29T13:36:23.183+0000] {subprocess.py:106} INFO - 26/04/29 13:36:23 INFO MemoryStore: MemoryStore started with capacity 434.4 MiB
[2026-04-29T13:36:23.206+0000] {subprocess.py:106} INFO - 26/04/29 13:36:23 INFO SparkEnv: Registering OutputCommitCoordinator
[2026-04-29T13:36:23.418+0000] {subprocess.py:106} INFO - 26/04/29 13:36:23 INFO JettyUtils: Start Jetty 0.0.0.0:4040 for SparkUI
[2026-04-29T13:36:23.506+0000] {subprocess.py:106} INFO - 26/04/29 13:36:23 WARN Utils: Service 'SparkUI' could not bind on port 4040. Attempting port 4041.
[2026-04-29T13:36:23.516+0000] {subprocess.py:106} INFO - 26/04/29 13:36:23 INFO Utils: Successfully started service 'SparkUI' on port 4041.
[2026-04-29T13:36:23.587+0000] {subprocess.py:106} INFO - 26/04/29 13:36:23 INFO SparkContext: Added JAR file:///root/.ivy2/jars/com.microsoft.sqlserver_mssql-jdbc-12.6.3.jre11.jar at spark://e4e26910a088:40863/jars/com.microsoft.sqlserver_mssql-jdbc-12.6.3.jre11.jar with timestamp 1777469782296
[2026-04-29T13:36:23.593+0000] {subprocess.py:106} INFO - 26/04/29 13:36:23 INFO SparkContext: Added file file:///root/.ivy2/jars/com.microsoft.sqlserver_mssql-jdbc-12.6.3.jre11.jar at file:///root/.ivy2/jars/com.microsoft.sqlserver_mssql-jdbc-12.6.3.jre11.jar with timestamp 1777469782296
[2026-04-29T13:36:23.596+0000] {subprocess.py:106} INFO - 26/04/29 13:36:23 INFO Utils: Copying /root/.ivy2/jars/com.microsoft.sqlserver_mssql-jdbc-12.6.3.jre11.jar to /tmp/spark-6144c3a6-ffe3-41e5-937e-c6531428242d/userFiles-f1e3bcab-d545-42dd-b5dd-dbacbd1a36f3/com.microsoft.sqlserver_mssql-jdbc-12.6.3.jre11.jar
[2026-04-29T13:36:23.845+0000] {subprocess.py:106} INFO - 26/04/29 13:36:23 INFO Executor: Starting executor ID driver on host e4e26910a088
[2026-04-29T13:36:23.847+0000] {subprocess.py:106} INFO - 26/04/29 13:36:23 INFO Executor: OS info Linux, 6.6.87.2-microsoft-standard-WSL2, amd64
[2026-04-29T13:36:23.850+0000] {subprocess.py:106} INFO - 26/04/29 13:36:23 INFO Executor: Java version 17.0.14
[2026-04-29T13:36:23.864+0000] {subprocess.py:106} INFO - 26/04/29 13:36:23 INFO Executor: Starting executor with user classpath (userClassPathFirst = false): ''
[2026-04-29T13:36:23.867+0000] {subprocess.py:106} INFO - 26/04/29 13:36:23 INFO Executor: Created or updated repl class loader org.apache.spark.util.MutableURLClassLoader@2361e3d2 for default.
[2026-04-29T13:36:23.898+0000] {subprocess.py:106} INFO - 26/04/29 13:36:23 INFO Executor: Fetching file:///root/.ivy2/jars/com.microsoft.sqlserver_mssql-jdbc-12.6.3.jre11.jar with timestamp 1777469782296
[2026-04-29T13:36:23.949+0000] {subprocess.py:106} INFO - 26/04/29 13:36:23 INFO Utils: /root/.ivy2/jars/com.microsoft.sqlserver_mssql-jdbc-12.6.3.jre11.jar has been previously copied to /tmp/spark-6144c3a6-ffe3-41e5-937e-c6531428242d/userFiles-f1e3bcab-d545-42dd-b5dd-dbacbd1a36f3/com.microsoft.sqlserver_mssql-jdbc-12.6.3.jre11.jar
[2026-04-29T13:36:23.965+0000] {subprocess.py:106} INFO - 26/04/29 13:36:23 INFO Executor: Fetching spark://e4e26910a088:40863/jars/com.microsoft.sqlserver_mssql-jdbc-12.6.3.jre11.jar with timestamp 1777469782296
[2026-04-29T13:36:24.021+0000] {subprocess.py:106} INFO - 26/04/29 13:36:24 INFO TransportClientFactory: Successfully created connection to e4e26910a088/172.18.0.5:40863 after 37 ms (0 ms spent in bootstraps)
[2026-04-29T13:36:24.030+0000] {subprocess.py:106} INFO - 26/04/29 13:36:24 INFO Utils: Fetching spark://e4e26910a088:40863/jars/com.microsoft.sqlserver_mssql-jdbc-12.6.3.jre11.jar to /tmp/spark-6144c3a6-ffe3-41e5-937e-c6531428242d/userFiles-f1e3bcab-d545-42dd-b5dd-dbacbd1a36f3/fetchFileTemp4212200109372883466.tmp
[2026-04-29T13:36:24.077+0000] {subprocess.py:106} INFO - 26/04/29 13:36:24 INFO Utils: /tmp/spark-6144c3a6-ffe3-41e5-937e-c6531428242d/userFiles-f1e3bcab-d545-42dd-b5dd-dbacbd1a36f3/fetchFileTemp4212200109372883466.tmp has been previously copied to /tmp/spark-6144c3a6-ffe3-41e5-937e-c6531428242d/userFiles-f1e3bcab-d545-42dd-b5dd-dbacbd1a36f3/com.microsoft.sqlserver_mssql-jdbc-12.6.3.jre11.jar
[2026-04-29T13:36:24.084+0000] {subprocess.py:106} INFO - 26/04/29 13:36:24 INFO Executor: Adding file:/tmp/spark-6144c3a6-ffe3-41e5-937e-c6531428242d/userFiles-f1e3bcab-d545-42dd-b5dd-dbacbd1a36f3/com.microsoft.sqlserver_mssql-jdbc-12.6.3.jre11.jar to class loader default
[2026-04-29T13:36:24.094+0000] {subprocess.py:106} INFO - 26/04/29 13:36:24 INFO Utils: Successfully started service 'org.apache.spark.network.netty.NettyBlockTransferService' on port 46397.
[2026-04-29T13:36:24.095+0000] {subprocess.py:106} INFO - 26/04/29 13:36:24 INFO NettyBlockTransferService: Server created on e4e26910a088:46397
[2026-04-29T13:36:24.097+0000] {subprocess.py:106} INFO - 26/04/29 13:36:24 INFO BlockManager: Using org.apache.spark.storage.RandomBlockReplicationPolicy for block replication policy
[2026-04-29T13:36:24.106+0000] {subprocess.py:106} INFO - 26/04/29 13:36:24 INFO BlockManagerMaster: Registering BlockManager BlockManagerId(driver, e4e26910a088, 46397, None)
[2026-04-29T13:36:24.110+0000] {subprocess.py:106} INFO - 26/04/29 13:36:24 INFO BlockManagerMasterEndpoint: Registering block manager e4e26910a088:46397 with 434.4 MiB RAM, BlockManagerId(driver, e4e26910a088, 46397, None)
[2026-04-29T13:36:24.113+0000] {subprocess.py:106} INFO - 26/04/29 13:36:24 INFO BlockManagerMaster: Registered BlockManager BlockManagerId(driver, e4e26910a088, 46397, None)
[2026-04-29T13:36:24.114+0000] {subprocess.py:106} INFO - 26/04/29 13:36:24 INFO BlockManager: Initialized BlockManager: BlockManagerId(driver, e4e26910a088, 46397, None)
[2026-04-29T13:36:24.281+0000] {subprocess.py:106} INFO - 26/04/29 13:36:24 INFO SingleEventLogFileWriter: Logging events to file:/home/iceberg/spark-events/local-1777469783727.inprogress
[2026-04-29T13:36:34.195+0000] {subprocess.py:106} INFO - Running silver append versioned load for: saleslt_customer
[2026-04-29T13:36:35.151+0000] {subprocess.py:106} INFO - 26/04/29 13:36:35 WARN SparkStringUtils: Truncated the string representation of a plan since it was too large. This behavior can be adjusted by setting 'spark.sql.debug.maxToStringFields'.
[2026-04-29T13:36:38.908+0000] {subprocess.py:106} INFO - Silver incremental upsert completed successfully.
[2026-04-29T13:36:39.263+0000] {subprocess.py:110} INFO - Command exited with return code 0
[2026-04-29T13:36:39.312+0000] {taskinstance.py:341} INFO - ::group::Post task execution logs
[2026-04-29T13:36:39.313+0000] {taskinstance.py:353} INFO - Marking task as SUCCESS. dag_id=medallion_retail_pipeline, task_id=silver_layer.silver_customer, run_id=manual__2026-04-29T13:33:23.017238+00:00, execution_date=20260429T133323, start_date=20260429T133616, end_date=20260429T133639
[2026-04-29T13:36:39.388+0000] {local_task_job_runner.py:266} INFO - Task exited with return code 0
[2026-04-29T13:36:39.423+0000] {taskinstance.py:3901} INFO - 0 downstream tasks scheduled from follow-on schedule check
[2026-04-29T13:36:39.426+0000] {local_task_job_runner.py:245} INFO - ::endgroup::
