[2026-04-29T13:34:17.959+0000] {local_task_job_runner.py:123} INFO - ::group::Pre task execution logs
[2026-04-29T13:34:18.001+0000] {taskinstance.py:2614} INFO - Dependencies all met for dep_context=non-requeueable deps ti=<TaskInstance: medallion_retail_pipeline.bronze_layer.bronze_address manual__2026-04-29T13:33:23.017238+00:00 [queued]>
[2026-04-29T13:34:18.017+0000] {taskinstance.py:2614} INFO - Dependencies all met for dep_context=requeueable deps ti=<TaskInstance: medallion_retail_pipeline.bronze_layer.bronze_address manual__2026-04-29T13:33:23.017238+00:00 [queued]>
[2026-04-29T13:34:18.018+0000] {taskinstance.py:2867} INFO - Starting attempt 1 of 1
[2026-04-29T13:34:18.035+0000] {taskinstance.py:2890} INFO - Executing <Task(BashOperator): bronze_layer.bronze_address> on 2026-04-29 13:33:23.017238+00:00
[2026-04-29T13:34:18.042+0000] {standard_task_runner.py:72} INFO - Started process 89 to run task
[2026-04-29T13:34:18.048+0000] {standard_task_runner.py:104} INFO - Running: ['***', 'tasks', 'run', 'medallion_retail_pipeline', 'bronze_layer.bronze_address', 'manual__2026-04-29T13:33:23.017238+00:00', '--job-id', '18', '--raw', '--subdir', 'DAGS_FOLDER/medallion_retail_pipeline.py', '--cfg-path', '/tmp/tmp1c27mzaz']
[2026-04-29T13:34:18.052+0000] {standard_task_runner.py:105} INFO - Job 18: Subtask bronze_layer.bronze_address
[2026-04-29T13:34:18.167+0000] {task_command.py:467} INFO - Running <TaskInstance: medallion_retail_pipeline.bronze_layer.bronze_address manual__2026-04-29T13:33:23.017238+00:00 [running]> on host 20b20d764db8
[2026-04-29T13:34:18.322+0000] {taskinstance.py:3134} INFO - Exporting env vars: AIRFLOW_CTX_DAG_OWNER='***' AIRFLOW_CTX_DAG_ID='medallion_retail_pipeline' AIRFLOW_CTX_TASK_ID='bronze_layer.bronze_address' AIRFLOW_CTX_EXECUTION_DATE='2026-04-29T13:33:23.017238+00:00' AIRFLOW_CTX_TRY_NUMBER='1' AIRFLOW_CTX_DAG_RUN_ID='manual__2026-04-29T13:33:23.017238+00:00'
[2026-04-29T13:34:18.323+0000] {taskinstance.py:732} INFO - ::endgroup::
[2026-04-29T13:34:18.348+0000] {subprocess.py:78} INFO - Tmp dir root location: /tmp
[2026-04-29T13:34:18.350+0000] {subprocess.py:88} INFO - Running command: ['/usr/bin/bash', '-c', "\n    docker exec spark-iceberg bash -c '\n      cd /home/iceberg/project &&\n      spark-submit         --packages com.microsoft.sqlserver:mssql-jdbc:12.6.3.jre11         src/jobs/run_bronze.py saleslt_address\n    '\n    "]
[2026-04-29T13:34:18.362+0000] {subprocess.py:99} INFO - Output:
[2026-04-29T13:34:20.439+0000] {subprocess.py:106} INFO - :: loading settings :: url = jar:file:/opt/spark/jars/ivy-2.5.1.jar!/org/apache/ivy/core/settings/ivysettings.xml
[2026-04-29T13:34:20.546+0000] {subprocess.py:106} INFO - Ivy Default Cache set to: /root/.ivy2/cache
[2026-04-29T13:34:20.546+0000] {subprocess.py:106} INFO - The jars for the packages stored in: /root/.ivy2/jars
[2026-04-29T13:34:20.554+0000] {subprocess.py:106} INFO - com.microsoft.sqlserver#mssql-jdbc added as a dependency
[2026-04-29T13:34:20.556+0000] {subprocess.py:106} INFO - :: resolving dependencies :: org.apache.spark#spark-submit-parent-1ae7601d-7fb0-4245-a89e-65f6bb087477;1.0
[2026-04-29T13:34:20.556+0000] {subprocess.py:106} INFO - 	confs: [default]
[2026-04-29T13:34:20.713+0000] {subprocess.py:106} INFO - 	found com.microsoft.sqlserver#mssql-jdbc;12.6.3.jre11 in central
[2026-04-29T13:34:20.732+0000] {subprocess.py:106} INFO - :: resolution report :: resolve 172ms :: artifacts dl 4ms
[2026-04-29T13:34:20.733+0000] {subprocess.py:106} INFO - 	:: modules in use:
[2026-04-29T13:34:20.739+0000] {subprocess.py:106} INFO - 	com.microsoft.sqlserver#mssql-jdbc;12.6.3.jre11 from central in [default]
[2026-04-29T13:34:20.740+0000] {subprocess.py:106} INFO - 	---------------------------------------------------------------------
[2026-04-29T13:34:20.741+0000] {subprocess.py:106} INFO - 	|                  |            modules            ||   artifacts   |
[2026-04-29T13:34:20.742+0000] {subprocess.py:106} INFO - 	|       conf       | number| search|dwnlded|evicted|| number|dwnlded|
[2026-04-29T13:34:20.743+0000] {subprocess.py:106} INFO - 	---------------------------------------------------------------------
[2026-04-29T13:34:20.744+0000] {subprocess.py:106} INFO - 	|      default     |   1   |   0   |   0   |   0   ||   1   |   0   |
[2026-04-29T13:34:20.745+0000] {subprocess.py:106} INFO - 	---------------------------------------------------------------------
[2026-04-29T13:34:20.746+0000] {subprocess.py:106} INFO - :: retrieving :: org.apache.spark#spark-submit-parent-1ae7601d-7fb0-4245-a89e-65f6bb087477
[2026-04-29T13:34:20.748+0000] {subprocess.py:106} INFO - 	confs: [default]
[2026-04-29T13:34:20.749+0000] {subprocess.py:106} INFO - 	0 artifacts copied, 1 already retrieved (0kB/7ms)
[2026-04-29T13:34:21.021+0000] {subprocess.py:106} INFO - 26/04/29 13:34:21 WARN NativeCodeLoader: Unable to load native-hadoop library for your platform... using builtin-java classes where applicable
[2026-04-29T13:34:22.831+0000] {subprocess.py:106} INFO - 26/04/29 13:34:22 INFO SparkContext: Running Spark version 3.5.5
[2026-04-29T13:34:22.833+0000] {subprocess.py:106} INFO - 26/04/29 13:34:22 INFO SparkContext: OS info Linux, 6.6.87.2-microsoft-standard-WSL2, amd64
[2026-04-29T13:34:22.834+0000] {subprocess.py:106} INFO - 26/04/29 13:34:22 INFO SparkContext: Java version 17.0.14
[2026-04-29T13:34:22.863+0000] {subprocess.py:106} INFO - 26/04/29 13:34:22 INFO ResourceUtils: ==============================================================
[2026-04-29T13:34:22.864+0000] {subprocess.py:106} INFO - 26/04/29 13:34:22 INFO ResourceUtils: No custom resources configured for spark.driver.
[2026-04-29T13:34:22.869+0000] {subprocess.py:106} INFO - 26/04/29 13:34:22 INFO ResourceUtils: ==============================================================
[2026-04-29T13:34:22.870+0000] {subprocess.py:106} INFO - 26/04/29 13:34:22 INFO SparkContext: Submitted application: bronze-saleslt_address
[2026-04-29T13:34:22.896+0000] {subprocess.py:106} INFO - 26/04/29 13:34:22 INFO ResourceProfile: Default ResourceProfile created, executor resources: Map(cores -> name: cores, amount: 1, script: , vendor: , memory -> name: memory, amount: 1024, script: , vendor: , offHeap -> name: offHeap, amount: 0, script: , vendor: ), task resources: Map(cpus -> name: cpus, amount: 1.0)
[2026-04-29T13:34:22.910+0000] {subprocess.py:106} INFO - 26/04/29 13:34:22 INFO ResourceProfile: Limiting resource is cpu
[2026-04-29T13:34:22.911+0000] {subprocess.py:106} INFO - 26/04/29 13:34:22 INFO ResourceProfileManager: Added ResourceProfile id: 0
[2026-04-29T13:34:22.984+0000] {subprocess.py:106} INFO - 26/04/29 13:34:22 INFO SecurityManager: Changing view acls to: root
[2026-04-29T13:34:22.985+0000] {subprocess.py:106} INFO - 26/04/29 13:34:22 INFO SecurityManager: Changing modify acls to: root
[2026-04-29T13:34:22.987+0000] {subprocess.py:106} INFO - 26/04/29 13:34:22 INFO SecurityManager: Changing view acls groups to:
[2026-04-29T13:34:22.988+0000] {subprocess.py:106} INFO - 26/04/29 13:34:22 INFO SecurityManager: Changing modify acls groups to:
[2026-04-29T13:34:22.990+0000] {subprocess.py:106} INFO - 26/04/29 13:34:22 INFO SecurityManager: SecurityManager: authentication disabled; ui acls disabled; users with view permissions: root; groups with view permissions: EMPTY; users with modify permissions: root; groups with modify permissions: EMPTY
[2026-04-29T13:34:23.254+0000] {subprocess.py:106} INFO - 26/04/29 13:34:23 INFO Utils: Successfully started service 'sparkDriver' on port 34343.
[2026-04-29T13:34:23.293+0000] {subprocess.py:106} INFO - 26/04/29 13:34:23 INFO SparkEnv: Registering MapOutputTracker
[2026-04-29T13:34:23.344+0000] {subprocess.py:106} INFO - 26/04/29 13:34:23 INFO SparkEnv: Registering BlockManagerMaster
[2026-04-29T13:34:23.374+0000] {subprocess.py:106} INFO - 26/04/29 13:34:23 INFO BlockManagerMasterEndpoint: Using org.apache.spark.storage.DefaultTopologyMapper for getting topology information
[2026-04-29T13:34:23.376+0000] {subprocess.py:106} INFO - 26/04/29 13:34:23 INFO BlockManagerMasterEndpoint: BlockManagerMasterEndpoint up
[2026-04-29T13:34:23.382+0000] {subprocess.py:106} INFO - 26/04/29 13:34:23 INFO SparkEnv: Registering BlockManagerMasterHeartbeat
[2026-04-29T13:34:23.406+0000] {subprocess.py:106} INFO - 26/04/29 13:34:23 INFO DiskBlockManager: Created local directory at /tmp/blockmgr-01026ff0-0207-44ad-afa2-8a0b023434da
[2026-04-29T13:34:23.426+0000] {subprocess.py:106} INFO - 26/04/29 13:34:23 INFO MemoryStore: MemoryStore started with capacity 434.4 MiB
[2026-04-29T13:34:23.447+0000] {subprocess.py:106} INFO - 26/04/29 13:34:23 INFO SparkEnv: Registering OutputCommitCoordinator
[2026-04-29T13:34:23.775+0000] {subprocess.py:106} INFO - 26/04/29 13:34:23 INFO JettyUtils: Start Jetty 0.0.0.0:4040 for SparkUI
[2026-04-29T13:34:23.925+0000] {subprocess.py:106} INFO - 26/04/29 13:34:23 WARN Utils: Service 'SparkUI' could not bind on port 4040. Attempting port 4041.
[2026-04-29T13:34:23.940+0000] {subprocess.py:106} INFO - 26/04/29 13:34:23 INFO Utils: Successfully started service 'SparkUI' on port 4041.
[2026-04-29T13:34:24.002+0000] {subprocess.py:106} INFO - 26/04/29 13:34:24 INFO SparkContext: Added JAR file:///root/.ivy2/jars/com.microsoft.sqlserver_mssql-jdbc-12.6.3.jre11.jar at spark://e4e26910a088:34343/jars/com.microsoft.sqlserver_mssql-jdbc-12.6.3.jre11.jar with timestamp 1777469662821
[2026-04-29T13:34:24.010+0000] {subprocess.py:106} INFO - 26/04/29 13:34:24 INFO SparkContext: Added file file:///root/.ivy2/jars/com.microsoft.sqlserver_mssql-jdbc-12.6.3.jre11.jar at file:///root/.ivy2/jars/com.microsoft.sqlserver_mssql-jdbc-12.6.3.jre11.jar with timestamp 1777469662821
[2026-04-29T13:34:24.013+0000] {subprocess.py:106} INFO - 26/04/29 13:34:24 INFO Utils: Copying /root/.ivy2/jars/com.microsoft.sqlserver_mssql-jdbc-12.6.3.jre11.jar to /tmp/spark-ed64ba35-3243-44f2-b4c4-effccbdde800/userFiles-c59a3451-8a64-4f0f-9346-fd9fc46e10bf/com.microsoft.sqlserver_mssql-jdbc-12.6.3.jre11.jar
[2026-04-29T13:34:24.111+0000] {subprocess.py:106} INFO - 26/04/29 13:34:24 INFO Executor: Starting executor ID driver on host e4e26910a088
[2026-04-29T13:34:24.112+0000] {subprocess.py:106} INFO - 26/04/29 13:34:24 INFO Executor: OS info Linux, 6.6.87.2-microsoft-standard-WSL2, amd64
[2026-04-29T13:34:24.113+0000] {subprocess.py:106} INFO - 26/04/29 13:34:24 INFO Executor: Java version 17.0.14
[2026-04-29T13:34:24.123+0000] {subprocess.py:106} INFO - 26/04/29 13:34:24 INFO Executor: Starting executor with user classpath (userClassPathFirst = false): ''
[2026-04-29T13:34:24.125+0000] {subprocess.py:106} INFO - 26/04/29 13:34:24 INFO Executor: Created or updated repl class loader org.apache.spark.util.MutableURLClassLoader@3b3d1581 for default.
[2026-04-29T13:34:24.142+0000] {subprocess.py:106} INFO - 26/04/29 13:34:24 INFO Executor: Fetching file:///root/.ivy2/jars/com.microsoft.sqlserver_mssql-jdbc-12.6.3.jre11.jar with timestamp 1777469662821
[2026-04-29T13:34:24.175+0000] {subprocess.py:106} INFO - 26/04/29 13:34:24 INFO Utils: /root/.ivy2/jars/com.microsoft.sqlserver_mssql-jdbc-12.6.3.jre11.jar has been previously copied to /tmp/spark-ed64ba35-3243-44f2-b4c4-effccbdde800/userFiles-c59a3451-8a64-4f0f-9346-fd9fc46e10bf/com.microsoft.sqlserver_mssql-jdbc-12.6.3.jre11.jar
[2026-04-29T13:34:24.184+0000] {subprocess.py:106} INFO - 26/04/29 13:34:24 INFO Executor: Fetching spark://e4e26910a088:34343/jars/com.microsoft.sqlserver_mssql-jdbc-12.6.3.jre11.jar with timestamp 1777469662821
[2026-04-29T13:34:24.225+0000] {subprocess.py:106} INFO - 26/04/29 13:34:24 INFO TransportClientFactory: Successfully created connection to e4e26910a088/172.18.0.5:34343 after 27 ms (0 ms spent in bootstraps)
[2026-04-29T13:34:24.234+0000] {subprocess.py:106} INFO - 26/04/29 13:34:24 INFO Utils: Fetching spark://e4e26910a088:34343/jars/com.microsoft.sqlserver_mssql-jdbc-12.6.3.jre11.jar to /tmp/spark-ed64ba35-3243-44f2-b4c4-effccbdde800/userFiles-c59a3451-8a64-4f0f-9346-fd9fc46e10bf/fetchFileTemp5052421560000884389.tmp
[2026-04-29T13:34:24.273+0000] {subprocess.py:106} INFO - 26/04/29 13:34:24 INFO Utils: /tmp/spark-ed64ba35-3243-44f2-b4c4-effccbdde800/userFiles-c59a3451-8a64-4f0f-9346-fd9fc46e10bf/fetchFileTemp5052421560000884389.tmp has been previously copied to /tmp/spark-ed64ba35-3243-44f2-b4c4-effccbdde800/userFiles-c59a3451-8a64-4f0f-9346-fd9fc46e10bf/com.microsoft.sqlserver_mssql-jdbc-12.6.3.jre11.jar
[2026-04-29T13:34:24.280+0000] {subprocess.py:106} INFO - 26/04/29 13:34:24 INFO Executor: Adding file:/tmp/spark-ed64ba35-3243-44f2-b4c4-effccbdde800/userFiles-c59a3451-8a64-4f0f-9346-fd9fc46e10bf/com.microsoft.sqlserver_mssql-jdbc-12.6.3.jre11.jar to class loader default
[2026-04-29T13:34:24.292+0000] {subprocess.py:106} INFO - 26/04/29 13:34:24 INFO Utils: Successfully started service 'org.apache.spark.network.netty.NettyBlockTransferService' on port 39365.
[2026-04-29T13:34:24.293+0000] {subprocess.py:106} INFO - 26/04/29 13:34:24 INFO NettyBlockTransferService: Server created on e4e26910a088:39365
[2026-04-29T13:34:24.295+0000] {subprocess.py:106} INFO - 26/04/29 13:34:24 INFO BlockManager: Using org.apache.spark.storage.RandomBlockReplicationPolicy for block replication policy
[2026-04-29T13:34:24.303+0000] {subprocess.py:106} INFO - 26/04/29 13:34:24 INFO BlockManagerMaster: Registering BlockManager BlockManagerId(driver, e4e26910a088, 39365, None)
[2026-04-29T13:34:24.308+0000] {subprocess.py:106} INFO - 26/04/29 13:34:24 INFO BlockManagerMasterEndpoint: Registering block manager e4e26910a088:39365 with 434.4 MiB RAM, BlockManagerId(driver, e4e26910a088, 39365, None)
[2026-04-29T13:34:24.310+0000] {subprocess.py:106} INFO - 26/04/29 13:34:24 INFO BlockManagerMaster: Registered BlockManager BlockManagerId(driver, e4e26910a088, 39365, None)
[2026-04-29T13:34:24.312+0000] {subprocess.py:106} INFO - 26/04/29 13:34:24 INFO BlockManager: Initialized BlockManager: BlockManagerId(driver, e4e26910a088, 39365, None)
[2026-04-29T13:34:24.463+0000] {subprocess.py:106} INFO - 26/04/29 13:34:24 INFO SingleEventLogFileWriter: Logging events to file:/home/iceberg/spark-events/local-1777469664064.inprogress
[2026-04-29T13:34:27.535+0000] {subprocess.py:106} INFO - Running bronze pipeline for table_id=saleslt_address
[2026-04-29T13:34:27.536+0000] {subprocess.py:106} INFO - Strategy: full_snapshot
[2026-04-29T13:34:27.537+0000] {subprocess.py:106} INFO - Target bronze table: demo.bronze.saleslt_address
[2026-04-29T13:34:28.280+0000] {subprocess.py:106} INFO - Testing source read...
[2026-04-29T13:34:31.421+0000] {subprocess.py:106} INFO - +---------+-------------------------+------------+-------+----------------+-------------+----------+
[2026-04-29T13:34:31.423+0000] {subprocess.py:106} INFO - |AddressID|AddressLine1             |AddressLine2|City   |StateProvince   |CountryRegion|PostalCode|
[2026-04-29T13:34:31.424+0000] {subprocess.py:106} INFO - +---------+-------------------------+------------+-------+----------------+-------------+----------+
[2026-04-29T13:34:31.425+0000] {subprocess.py:106} INFO - |532      |#500-75 O'Connor Street  |NULL        |Ottawa |Ontario         |Canada       |K4B 1S2   |
[2026-04-29T13:34:31.425+0000] {subprocess.py:106} INFO - |497      |#9900 2700 Production Way|NULL        |Burnaby|British Columbia|Canada       |V5A 4X1   |
[2026-04-29T13:34:31.426+0000] {subprocess.py:106} INFO - |859      |1050 Oak Street          |NULL        |Seattle|Washington      |United States|98104     |
[2026-04-29T13:34:31.428+0000] {subprocess.py:106} INFO - |604      |1200 First Ave.          |NULL        |Joliet |Illinois        |United States|60433     |
[2026-04-29T13:34:31.429+0000] {subprocess.py:106} INFO - |1038     |123 Camelia Avenue       |NULL        |Oxnard |California      |United States|93030     |
[2026-04-29T13:34:31.430+0000] {subprocess.py:106} INFO - +---------+-------------------------+------------+-------+----------------+-------------+----------+
[2026-04-29T13:34:31.431+0000] {subprocess.py:106} INFO - 
[2026-04-29T13:34:32.783+0000] {subprocess.py:106} INFO - Replacing bronze table with full snapshot: demo.bronze.saleslt_address
[2026-04-29T13:34:39.195+0000] {subprocess.py:106} INFO - Bronze load completed successfully. Rows processed: 450
[2026-04-29T13:34:39.932+0000] {subprocess.py:110} INFO - Command exited with return code 0
[2026-04-29T13:34:39.999+0000] {taskinstance.py:341} INFO - ::group::Post task execution logs
[2026-04-29T13:34:40.000+0000] {taskinstance.py:353} INFO - Marking task as SUCCESS. dag_id=medallion_retail_pipeline, task_id=bronze_layer.bronze_address, run_id=manual__2026-04-29T13:33:23.017238+00:00, execution_date=20260429T133323, start_date=20260429T133418, end_date=20260429T133440
[2026-04-29T13:34:40.092+0000] {local_task_job_runner.py:266} INFO - Task exited with return code 0
[2026-04-29T13:34:40.157+0000] {taskinstance.py:3901} INFO - 0 downstream tasks scheduled from follow-on schedule check
[2026-04-29T13:34:40.160+0000] {local_task_job_runner.py:245} INFO - ::endgroup::
