[2026-04-29T13:37:33.092+0000] {local_task_job_runner.py:123} INFO - ::group::Pre task execution logs
[2026-04-29T13:37:33.129+0000] {taskinstance.py:2614} INFO - Dependencies all met for dep_context=non-requeueable deps ti=<TaskInstance: medallion_retail_pipeline.silver_layer.silver_customeraddress manual__2026-04-29T13:33:23.017238+00:00 [queued]>
[2026-04-29T13:37:33.154+0000] {taskinstance.py:2614} INFO - Dependencies all met for dep_context=requeueable deps ti=<TaskInstance: medallion_retail_pipeline.silver_layer.silver_customeraddress manual__2026-04-29T13:33:23.017238+00:00 [queued]>
[2026-04-29T13:37:33.155+0000] {taskinstance.py:2867} INFO - Starting attempt 1 of 1
[2026-04-29T13:37:33.172+0000] {taskinstance.py:2890} INFO - Executing <Task(BashOperator): silver_layer.silver_customeraddress> on 2026-04-29 13:33:23.017238+00:00
[2026-04-29T13:37:33.178+0000] {standard_task_runner.py:72} INFO - Started process 283 to run task
[2026-04-29T13:37:33.182+0000] {standard_task_runner.py:104} INFO - Running: ['***', 'tasks', 'run', 'medallion_retail_pipeline', 'silver_layer.silver_customeraddress', 'manual__2026-04-29T13:33:23.017238+00:00', '--job-id', '26', '--raw', '--subdir', 'DAGS_FOLDER/medallion_retail_pipeline.py', '--cfg-path', '/tmp/tmp_dv57xoq']
[2026-04-29T13:37:33.185+0000] {standard_task_runner.py:105} INFO - Job 26: Subtask silver_layer.silver_customeraddress
[2026-04-29T13:37:33.269+0000] {task_command.py:467} INFO - Running <TaskInstance: medallion_retail_pipeline.silver_layer.silver_customeraddress manual__2026-04-29T13:33:23.017238+00:00 [running]> on host 20b20d764db8
[2026-04-29T13:37:33.375+0000] {taskinstance.py:3134} INFO - Exporting env vars: AIRFLOW_CTX_DAG_OWNER='***' AIRFLOW_CTX_DAG_ID='medallion_retail_pipeline' AIRFLOW_CTX_TASK_ID='silver_layer.silver_customeraddress' AIRFLOW_CTX_EXECUTION_DATE='2026-04-29T13:33:23.017238+00:00' AIRFLOW_CTX_TRY_NUMBER='1' AIRFLOW_CTX_DAG_RUN_ID='manual__2026-04-29T13:33:23.017238+00:00'
[2026-04-29T13:37:33.376+0000] {taskinstance.py:732} INFO - ::endgroup::
[2026-04-29T13:37:33.394+0000] {subprocess.py:78} INFO - Tmp dir root location: /tmp
[2026-04-29T13:37:33.396+0000] {subprocess.py:88} INFO - Running command: ['/usr/bin/bash', '-c', "\n    docker exec spark-iceberg bash -c '\n      cd /home/iceberg/project &&\n      spark-submit         --packages com.microsoft.sqlserver:mssql-jdbc:12.6.3.jre11         src/jobs/run_silver.py saleslt_customeraddress\n    '\n    "]
[2026-04-29T13:37:33.408+0000] {subprocess.py:99} INFO - Output:
[2026-04-29T13:37:35.920+0000] {subprocess.py:106} INFO - :: loading settings :: url = jar:file:/opt/spark/jars/ivy-2.5.1.jar!/org/apache/ivy/core/settings/ivysettings.xml
[2026-04-29T13:37:36.036+0000] {subprocess.py:106} INFO - Ivy Default Cache set to: /root/.ivy2/cache
[2026-04-29T13:37:36.037+0000] {subprocess.py:106} INFO - The jars for the packages stored in: /root/.ivy2/jars
[2026-04-29T13:37:36.046+0000] {subprocess.py:106} INFO - com.microsoft.sqlserver#mssql-jdbc added as a dependency
[2026-04-29T13:37:36.048+0000] {subprocess.py:106} INFO - :: resolving dependencies :: org.apache.spark#spark-submit-parent-a30d231d-c813-440d-91e6-af5bc0c8a31b;1.0
[2026-04-29T13:37:36.050+0000] {subprocess.py:106} INFO - 	confs: [default]
[2026-04-29T13:37:36.205+0000] {subprocess.py:106} INFO - 	found com.microsoft.sqlserver#mssql-jdbc;12.6.3.jre11 in central
[2026-04-29T13:37:36.230+0000] {subprocess.py:106} INFO - :: resolution report :: resolve 173ms :: artifacts dl 8ms
[2026-04-29T13:37:36.231+0000] {subprocess.py:106} INFO - 	:: modules in use:
[2026-04-29T13:37:36.232+0000] {subprocess.py:106} INFO - 	com.microsoft.sqlserver#mssql-jdbc;12.6.3.jre11 from central in [default]
[2026-04-29T13:37:36.233+0000] {subprocess.py:106} INFO - 	---------------------------------------------------------------------
[2026-04-29T13:37:36.234+0000] {subprocess.py:106} INFO - 	|                  |            modules            ||   artifacts   |
[2026-04-29T13:37:36.235+0000] {subprocess.py:106} INFO - 	|       conf       | number| search|dwnlded|evicted|| number|dwnlded|
[2026-04-29T13:37:36.236+0000] {subprocess.py:106} INFO - 	---------------------------------------------------------------------
[2026-04-29T13:37:36.237+0000] {subprocess.py:106} INFO - 	|      default     |   1   |   0   |   0   |   0   ||   1   |   0   |
[2026-04-29T13:37:36.238+0000] {subprocess.py:106} INFO - 	---------------------------------------------------------------------
[2026-04-29T13:37:36.239+0000] {subprocess.py:106} INFO - :: retrieving :: org.apache.spark#spark-submit-parent-a30d231d-c813-440d-91e6-af5bc0c8a31b
[2026-04-29T13:37:36.240+0000] {subprocess.py:106} INFO - 	confs: [default]
[2026-04-29T13:37:36.242+0000] {subprocess.py:106} INFO - 	0 artifacts copied, 1 already retrieved (0kB/7ms)
[2026-04-29T13:37:36.718+0000] {subprocess.py:106} INFO - 26/04/29 13:37:36 WARN NativeCodeLoader: Unable to load native-hadoop library for your platform... using builtin-java classes where applicable
[2026-04-29T13:37:38.334+0000] {subprocess.py:106} INFO - 26/04/29 13:37:38 INFO SparkContext: Running Spark version 3.5.5
[2026-04-29T13:37:38.335+0000] {subprocess.py:106} INFO - 26/04/29 13:37:38 INFO SparkContext: OS info Linux, 6.6.87.2-microsoft-standard-WSL2, amd64
[2026-04-29T13:37:38.336+0000] {subprocess.py:106} INFO - 26/04/29 13:37:38 INFO SparkContext: Java version 17.0.14
[2026-04-29T13:37:38.374+0000] {subprocess.py:106} INFO - 26/04/29 13:37:38 INFO ResourceUtils: ==============================================================
[2026-04-29T13:37:38.375+0000] {subprocess.py:106} INFO - 26/04/29 13:37:38 INFO ResourceUtils: No custom resources configured for spark.driver.
[2026-04-29T13:37:38.378+0000] {subprocess.py:106} INFO - 26/04/29 13:37:38 INFO ResourceUtils: ==============================================================
[2026-04-29T13:37:38.379+0000] {subprocess.py:106} INFO - 26/04/29 13:37:38 INFO SparkContext: Submitted application: silver-saleslt_customeraddress
[2026-04-29T13:37:38.417+0000] {subprocess.py:106} INFO - 26/04/29 13:37:38 INFO ResourceProfile: Default ResourceProfile created, executor resources: Map(cores -> name: cores, amount: 1, script: , vendor: , memory -> name: memory, amount: 1024, script: , vendor: , offHeap -> name: offHeap, amount: 0, script: , vendor: ), task resources: Map(cpus -> name: cpus, amount: 1.0)
[2026-04-29T13:37:38.429+0000] {subprocess.py:106} INFO - 26/04/29 13:37:38 INFO ResourceProfile: Limiting resource is cpu
[2026-04-29T13:37:38.431+0000] {subprocess.py:106} INFO - 26/04/29 13:37:38 INFO ResourceProfileManager: Added ResourceProfile id: 0
[2026-04-29T13:37:38.500+0000] {subprocess.py:106} INFO - 26/04/29 13:37:38 INFO SecurityManager: Changing view acls to: root
[2026-04-29T13:37:38.501+0000] {subprocess.py:106} INFO - 26/04/29 13:37:38 INFO SecurityManager: Changing modify acls to: root
[2026-04-29T13:37:38.505+0000] {subprocess.py:106} INFO - 26/04/29 13:37:38 INFO SecurityManager: Changing view acls groups to:
[2026-04-29T13:37:38.506+0000] {subprocess.py:106} INFO - 26/04/29 13:37:38 INFO SecurityManager: Changing modify acls groups to:
[2026-04-29T13:37:38.507+0000] {subprocess.py:106} INFO - 26/04/29 13:37:38 INFO SecurityManager: SecurityManager: authentication disabled; ui acls disabled; users with view permissions: root; groups with view permissions: EMPTY; users with modify permissions: root; groups with modify permissions: EMPTY
[2026-04-29T13:37:38.795+0000] {subprocess.py:106} INFO - 26/04/29 13:37:38 INFO Utils: Successfully started service 'sparkDriver' on port 43757.
[2026-04-29T13:37:38.840+0000] {subprocess.py:106} INFO - 26/04/29 13:37:38 INFO SparkEnv: Registering MapOutputTracker
[2026-04-29T13:37:38.878+0000] {subprocess.py:106} INFO - 26/04/29 13:37:38 INFO SparkEnv: Registering BlockManagerMaster
[2026-04-29T13:37:38.904+0000] {subprocess.py:106} INFO - 26/04/29 13:37:38 INFO BlockManagerMasterEndpoint: Using org.apache.spark.storage.DefaultTopologyMapper for getting topology information
[2026-04-29T13:37:38.906+0000] {subprocess.py:106} INFO - 26/04/29 13:37:38 INFO BlockManagerMasterEndpoint: BlockManagerMasterEndpoint up
[2026-04-29T13:37:38.911+0000] {subprocess.py:106} INFO - 26/04/29 13:37:38 INFO SparkEnv: Registering BlockManagerMasterHeartbeat
[2026-04-29T13:37:38.931+0000] {subprocess.py:106} INFO - 26/04/29 13:37:38 INFO DiskBlockManager: Created local directory at /tmp/blockmgr-38cba21e-ec9c-44f6-ab6f-964cb56c298f
[2026-04-29T13:37:38.945+0000] {subprocess.py:106} INFO - 26/04/29 13:37:38 INFO MemoryStore: MemoryStore started with capacity 434.4 MiB
[2026-04-29T13:37:38.960+0000] {subprocess.py:106} INFO - 26/04/29 13:37:38 INFO SparkEnv: Registering OutputCommitCoordinator
[2026-04-29T13:37:39.094+0000] {subprocess.py:106} INFO - 26/04/29 13:37:39 INFO JettyUtils: Start Jetty 0.0.0.0:4040 for SparkUI
[2026-04-29T13:37:39.154+0000] {subprocess.py:106} INFO - 26/04/29 13:37:39 WARN Utils: Service 'SparkUI' could not bind on port 4040. Attempting port 4041.
[2026-04-29T13:37:39.165+0000] {subprocess.py:106} INFO - 26/04/29 13:37:39 INFO Utils: Successfully started service 'SparkUI' on port 4041.
[2026-04-29T13:37:39.209+0000] {subprocess.py:106} INFO - 26/04/29 13:37:39 INFO SparkContext: Added JAR file:///root/.ivy2/jars/com.microsoft.sqlserver_mssql-jdbc-12.6.3.jre11.jar at spark://e4e26910a088:43757/jars/com.microsoft.sqlserver_mssql-jdbc-12.6.3.jre11.jar with timestamp 1777469858321
[2026-04-29T13:37:39.214+0000] {subprocess.py:106} INFO - 26/04/29 13:37:39 INFO SparkContext: Added file file:///root/.ivy2/jars/com.microsoft.sqlserver_mssql-jdbc-12.6.3.jre11.jar at file:///root/.ivy2/jars/com.microsoft.sqlserver_mssql-jdbc-12.6.3.jre11.jar with timestamp 1777469858321
[2026-04-29T13:37:39.217+0000] {subprocess.py:106} INFO - 26/04/29 13:37:39 INFO Utils: Copying /root/.ivy2/jars/com.microsoft.sqlserver_mssql-jdbc-12.6.3.jre11.jar to /tmp/spark-c187a600-b28e-45e4-ab2c-ca019edc142b/userFiles-69641d47-8e9f-4678-9223-b542a4bfd339/com.microsoft.sqlserver_mssql-jdbc-12.6.3.jre11.jar
[2026-04-29T13:37:39.310+0000] {subprocess.py:106} INFO - 26/04/29 13:37:39 INFO Executor: Starting executor ID driver on host e4e26910a088
[2026-04-29T13:37:39.311+0000] {subprocess.py:106} INFO - 26/04/29 13:37:39 INFO Executor: OS info Linux, 6.6.87.2-microsoft-standard-WSL2, amd64
[2026-04-29T13:37:39.312+0000] {subprocess.py:106} INFO - 26/04/29 13:37:39 INFO Executor: Java version 17.0.14
[2026-04-29T13:37:39.319+0000] {subprocess.py:106} INFO - 26/04/29 13:37:39 INFO Executor: Starting executor with user classpath (userClassPathFirst = false): ''
[2026-04-29T13:37:39.320+0000] {subprocess.py:106} INFO - 26/04/29 13:37:39 INFO Executor: Created or updated repl class loader org.apache.spark.util.MutableURLClassLoader@3b3f35ff for default.
[2026-04-29T13:37:39.332+0000] {subprocess.py:106} INFO - 26/04/29 13:37:39 INFO Executor: Fetching file:///root/.ivy2/jars/com.microsoft.sqlserver_mssql-jdbc-12.6.3.jre11.jar with timestamp 1777469858321
[2026-04-29T13:37:39.355+0000] {subprocess.py:106} INFO - 26/04/29 13:37:39 INFO Utils: /root/.ivy2/jars/com.microsoft.sqlserver_mssql-jdbc-12.6.3.jre11.jar has been previously copied to /tmp/spark-c187a600-b28e-45e4-ab2c-ca019edc142b/userFiles-69641d47-8e9f-4678-9223-b542a4bfd339/com.microsoft.sqlserver_mssql-jdbc-12.6.3.jre11.jar
[2026-04-29T13:37:39.362+0000] {subprocess.py:106} INFO - 26/04/29 13:37:39 INFO Executor: Fetching spark://e4e26910a088:43757/jars/com.microsoft.sqlserver_mssql-jdbc-12.6.3.jre11.jar with timestamp 1777469858321
[2026-04-29T13:37:39.394+0000] {subprocess.py:106} INFO - 26/04/29 13:37:39 INFO TransportClientFactory: Successfully created connection to e4e26910a088/172.18.0.5:43757 after 21 ms (0 ms spent in bootstraps)
[2026-04-29T13:37:39.401+0000] {subprocess.py:106} INFO - 26/04/29 13:37:39 INFO Utils: Fetching spark://e4e26910a088:43757/jars/com.microsoft.sqlserver_mssql-jdbc-12.6.3.jre11.jar to /tmp/spark-c187a600-b28e-45e4-ab2c-ca019edc142b/userFiles-69641d47-8e9f-4678-9223-b542a4bfd339/fetchFileTemp6610536524154050069.tmp
[2026-04-29T13:37:39.431+0000] {subprocess.py:106} INFO - 26/04/29 13:37:39 INFO Utils: /tmp/spark-c187a600-b28e-45e4-ab2c-ca019edc142b/userFiles-69641d47-8e9f-4678-9223-b542a4bfd339/fetchFileTemp6610536524154050069.tmp has been previously copied to /tmp/spark-c187a600-b28e-45e4-ab2c-ca019edc142b/userFiles-69641d47-8e9f-4678-9223-b542a4bfd339/com.microsoft.sqlserver_mssql-jdbc-12.6.3.jre11.jar
[2026-04-29T13:37:39.439+0000] {subprocess.py:106} INFO - 26/04/29 13:37:39 INFO Executor: Adding file:/tmp/spark-c187a600-b28e-45e4-ab2c-ca019edc142b/userFiles-69641d47-8e9f-4678-9223-b542a4bfd339/com.microsoft.sqlserver_mssql-jdbc-12.6.3.jre11.jar to class loader default
[2026-04-29T13:37:39.448+0000] {subprocess.py:106} INFO - 26/04/29 13:37:39 INFO Utils: Successfully started service 'org.apache.spark.network.netty.NettyBlockTransferService' on port 40895.
[2026-04-29T13:37:39.449+0000] {subprocess.py:106} INFO - 26/04/29 13:37:39 INFO NettyBlockTransferService: Server created on e4e26910a088:40895
[2026-04-29T13:37:39.450+0000] {subprocess.py:106} INFO - 26/04/29 13:37:39 INFO BlockManager: Using org.apache.spark.storage.RandomBlockReplicationPolicy for block replication policy
[2026-04-29T13:37:39.456+0000] {subprocess.py:106} INFO - 26/04/29 13:37:39 INFO BlockManagerMaster: Registering BlockManager BlockManagerId(driver, e4e26910a088, 40895, None)
[2026-04-29T13:37:39.459+0000] {subprocess.py:106} INFO - 26/04/29 13:37:39 INFO BlockManagerMasterEndpoint: Registering block manager e4e26910a088:40895 with 434.4 MiB RAM, BlockManagerId(driver, e4e26910a088, 40895, None)
[2026-04-29T13:37:39.463+0000] {subprocess.py:106} INFO - 26/04/29 13:37:39 INFO BlockManagerMaster: Registered BlockManager BlockManagerId(driver, e4e26910a088, 40895, None)
[2026-04-29T13:37:39.464+0000] {subprocess.py:106} INFO - 26/04/29 13:37:39 INFO BlockManager: Initialized BlockManager: BlockManagerId(driver, e4e26910a088, 40895, None)
[2026-04-29T13:37:39.592+0000] {subprocess.py:106} INFO - 26/04/29 13:37:39 INFO SingleEventLogFileWriter: Logging events to file:/home/iceberg/spark-events/local-1777469859267.inprogress
[2026-04-29T13:37:42.356+0000] {subprocess.py:106} INFO - Running silver full snapshot for saleslt_customeraddress
[2026-04-29T13:37:49.655+0000] {subprocess.py:106} INFO - Silver full snapshot completed successfully.
[2026-04-29T13:37:50.034+0000] {subprocess.py:110} INFO - Command exited with return code 0
[2026-04-29T13:37:50.076+0000] {taskinstance.py:341} INFO - ::group::Post task execution logs
[2026-04-29T13:37:50.077+0000] {taskinstance.py:353} INFO - Marking task as SUCCESS. dag_id=medallion_retail_pipeline, task_id=silver_layer.silver_customeraddress, run_id=manual__2026-04-29T13:33:23.017238+00:00, execution_date=20260429T133323, start_date=20260429T133733, end_date=20260429T133750
[2026-04-29T13:37:50.140+0000] {local_task_job_runner.py:266} INFO - Task exited with return code 0
[2026-04-29T13:37:50.191+0000] {taskinstance.py:3901} INFO - 0 downstream tasks scheduled from follow-on schedule check
[2026-04-29T13:37:50.194+0000] {local_task_job_runner.py:245} INFO - ::endgroup::
